[ 2014-03-21T01:13:25+08:00 ] 210.17.38.217 /
INFO: [ app_begin ] --START--
INFO: Run ReadHtmlCache Behavior [ RunTime:0.000817s ]
INFO: [ app_begin ] --END-- [ RunTime:0.000916s ]
NOTIC: [8] Undefined index:  HTTP_HOST D:\Easy2PHP5 build 2\WebSite\Core\_Core\Lib\Core\Action.class.php 第 344 行.
NOTIC: [8] Undefined index:  1 D:\Easy2PHP5 build 2\WebSite\Core\_Core\Lib\Core\Action.class.php 第 57 行.
NOTIC: [8] Undefined index:  HTTP_HOST D:\Easy2PHP5 build 2\WebSite\Core\_Core\Common\common.php 第 261 行.
NOTIC: [8] Undefined index:  1 D:\Easy2PHP5 build 2\WebSite\Core\_Core\Lib\Core\View.class.php 第 70 行.
INFO: [ view_template ] --START--
INFO: Run LocationTemplate Behavior [ RunTime:-0.004793s ]
INFO: [ view_template ] --END-- [ RunTime:0.000893s ]
INFO: [ view_parse ] --START--
NOTIC: [8] Use of undefined constant uid - assumed 'uid' D:\Easy2PHP5 build 2\WebSite\data\logs\Cache\Home\034e4e8b41454090c23f5237b1c93615.php 第 31 行.
NOTIC: [8] Undefined index:  uid D:\Easy2PHP5 build 2\WebSite\data\logs\Cache\Home\034e4e8b41454090c23f5237b1c93615.php 第 31 行.
INFO: Run ParseTemplate Behavior [ RunTime:-0.005748s ]
INFO: [ view_parse ] --END-- [ RunTime:0.021612s ]
INFO: [ view_filter ] --START--
INFO: Run ContentReplace Behavior [ RunTime:-0.027416s ]
INFO: Run TokenBuild Behavior [ RunTime:-0.028147s ]
INFO: Run WriteHtmlCache Behavior [ RunTime:-0.028861s ]
INFO: Run ShowRuntime Behavior [ RunTime:-0.029374s ]
INFO: [ view_filter ] --END-- [ RunTime:0.002712s ]
INFO: [ view_end ] --START--
INFO: Run ShowPageTrace Behavior [ RunTime:-0.030213s ]
INFO: [ view_end ] --END-- [ RunTime:0.000856s ]

[ 2014-03-21T05:16:03+08:00 ] 200.68.121.101 /
INFO: [ app_begin ] --START--
INFO: Run ReadHtmlCache Behavior [ RunTime:0.000788s ]
INFO: [ app_begin ] --END-- [ RunTime:0.000898s ]
NOTIC: [8] Undefined index:  HTTP_HOST D:\Easy2PHP5 build 2\WebSite\Core\_Core\Lib\Core\Action.class.php 第 344 行.
NOTIC: [8] Undefined index:  1 D:\Easy2PHP5 build 2\WebSite\Core\_Core\Lib\Core\Action.class.php 第 57 行.
NOTIC: [8] Undefined index:  HTTP_HOST D:\Easy2PHP5 build 2\WebSite\Core\_Core\Common\common.php 第 261 行.
NOTIC: [8] Undefined index:  1 D:\Easy2PHP5 build 2\WebSite\Core\_Core\Lib\Core\View.class.php 第 70 行.
INFO: [ view_template ] --START--
INFO: Run LocationTemplate Behavior [ RunTime:-0.005033s ]
INFO: [ view_template ] --END-- [ RunTime:0.000905s ]
INFO: [ view_parse ] --START--
NOTIC: [8] Use of undefined constant uid - assumed 'uid' D:\Easy2PHP5 build 2\WebSite\data\logs\Cache\Home\034e4e8b41454090c23f5237b1c93615.php 第 31 行.
NOTIC: [8] Undefined index:  uid D:\Easy2PHP5 build 2\WebSite\data\logs\Cache\Home\034e4e8b41454090c23f5237b1c93615.php 第 31 行.
INFO: Run ParseTemplate Behavior [ RunTime:-0.006001s ]
INFO: [ view_parse ] --END-- [ RunTime:0.021732s ]
INFO: [ view_filter ] --START--
INFO: Run ContentReplace Behavior [ RunTime:-0.027800s ]
INFO: Run TokenBuild Behavior [ RunTime:-0.028509s ]
INFO: Run WriteHtmlCache Behavior [ RunTime:-0.029228s ]
INFO: Run ShowRuntime Behavior [ RunTime:-0.029750s ]
INFO: [ view_filter ] --END-- [ RunTime:0.002702s ]
INFO: [ view_end ] --START--
INFO: Run ShowPageTrace Behavior [ RunTime:-0.030590s ]
INFO: [ view_end ] --END-- [ RunTime:0.000872s ]

[ 2014-03-21T10:05:06+08:00 ] 119.145.8.98 /
INFO: [ app_begin ] --START--
INFO: Run ReadHtmlCache Behavior [ RunTime:0.000781s ]
INFO: [ app_begin ] --END-- [ RunTime:0.000876s ]
INFO: [ view_template ] --START--
INFO: Run LocationTemplate Behavior [ RunTime:-0.004486s ]
INFO: [ view_template ] --END-- [ RunTime:0.000880s ]
INFO: [ view_parse ] --START--
NOTIC: [8] Use of undefined constant uid - assumed 'uid' D:\Easy2PHP5 build 2\WebSite\data\logs\Cache\Home\034e4e8b41454090c23f5237b1c93615.php 第 31 行.
NOTIC: [8] Undefined index:  uid D:\Easy2PHP5 build 2\WebSite\data\logs\Cache\Home\034e4e8b41454090c23f5237b1c93615.php 第 31 行.
INFO: Run ParseTemplate Behavior [ RunTime:-0.005422s ]
INFO: [ view_parse ] --END-- [ RunTime:0.021176s ]
INFO: [ view_filter ] --START--
INFO: Run ContentReplace Behavior [ RunTime:-0.026655s ]
INFO: Run TokenBuild Behavior [ RunTime:-0.027343s ]
INFO: Run WriteHtmlCache Behavior [ RunTime:-0.028076s ]
INFO: Run ShowRuntime Behavior [ RunTime:-0.028586s ]
INFO: [ view_filter ] --END-- [ RunTime:0.002678s ]
INFO: [ view_end ] --START--
INFO: Run ShowPageTrace Behavior [ RunTime:-0.029414s ]
INFO: [ view_end ] --END-- [ RunTime:0.000855s ]

[ 2014-03-21T10:06:45+08:00 ] 14.17.34.185 /
INFO: [ app_begin ] --START--
INFO: Run ReadHtmlCache Behavior [ RunTime:0.000781s ]
INFO: [ app_begin ] --END-- [ RunTime:0.000880s ]
INFO: [ view_template ] --START--
INFO: Run LocationTemplate Behavior [ RunTime:-0.004690s ]
INFO: [ view_template ] --END-- [ RunTime:0.000887s ]
INFO: [ view_parse ] --START--
NOTIC: [8] Use of undefined constant uid - assumed 'uid' D:\Easy2PHP5 build 2\WebSite\data\logs\Cache\Home\034e4e8b41454090c23f5237b1c93615.php 第 31 行.
NOTIC: [8] Undefined index:  uid D:\Easy2PHP5 build 2\WebSite\data\logs\Cache\Home\034e4e8b41454090c23f5237b1c93615.php 第 31 行.
INFO: Run ParseTemplate Behavior [ RunTime:-0.005653s ]
INFO: [ view_parse ] --END-- [ RunTime:0.026621s ]
INFO: [ view_filter ] --START--
INFO: Run ContentReplace Behavior [ RunTime:-0.032311s ]
INFO: Run TokenBuild Behavior [ RunTime:-0.033117s ]
INFO: Run WriteHtmlCache Behavior [ RunTime:-0.034039s ]
INFO: Run ShowRuntime Behavior [ RunTime:-0.034555s ]
INFO: [ view_filter ] --END-- [ RunTime:0.002995s ]
INFO: [ view_end ] --START--
INFO: Run ShowPageTrace Behavior [ RunTime:-0.035390s ]
INFO: [ view_end ] --END-- [ RunTime:0.000857s ]

[ 2014-03-21T10:06:54+08:00 ] 183.22.208.249 /?
INFO: [ app_begin ] --START--
INFO: Run ReadHtmlCache Behavior [ RunTime:0.000574s ]
INFO: [ app_begin ] --END-- [ RunTime:0.000685s ]
INFO: [ view_template ] --START--
INFO: Run LocationTemplate Behavior [ RunTime:-0.009699s ]
INFO: [ view_template ] --END-- [ RunTime:0.000413s ]
INFO: [ view_parse ] --START--
NOTIC: [8] Use of undefined constant uid - assumed 'uid' D:\Easy2PHP5 build 2\WebSite\data\logs\Cache\Home\034e4e8b41454090c23f5237b1c93615.php 第 31 行.
NOTIC: [8] Undefined index:  uid D:\Easy2PHP5 build 2\WebSite\data\logs\Cache\Home\034e4e8b41454090c23f5237b1c93615.php 第 31 行.
INFO: Run ParseTemplate Behavior [ RunTime:-0.010166s ]
INFO: [ view_parse ] --END-- [ RunTime:0.019705s ]
INFO: [ view_filter ] --START--
INFO: Run ContentReplace Behavior [ RunTime:-0.029932s ]
INFO: Run TokenBuild Behavior [ RunTime:-0.030373s ]
INFO: Run WriteHtmlCache Behavior [ RunTime:-0.030836s ]
INFO: Run ShowRuntime Behavior [ RunTime:-0.031094s ]
INFO: [ view_filter ] --END-- [ RunTime:0.001674s ]
INFO: [ view_end ] --START--
INFO: Run ShowPageTrace Behavior [ RunTime:-0.031688s ]
INFO: [ view_end ] --END-- [ RunTime:0.000610s ]

[ 2014-03-21T10:07:35+08:00 ] 119.145.8.98 /index.php?g=Home&m=Index&a=about
INFO: [ app_begin ] --START--
INFO: Run ReadHtmlCache Behavior [ RunTime:0.000814s ]
INFO: [ app_begin ] --END-- [ RunTime:0.000913s ]
INFO: [ view_template ] --START--
INFO: Run LocationTemplate Behavior [ RunTime:-0.004870s ]
INFO: [ view_template ] --END-- [ RunTime:0.000668s ]
INFO: [ view_parse ] --START--
NOTIC: [8] Use of undefined constant uid - assumed 'uid' D:\Easy2PHP5 build 2\WebSite\data\logs\Cache\Home\877ad316fd8578ccbb072ad5b56793b0.php 第 31 行.
NOTIC: [8] Undefined index:  uid D:\Easy2PHP5 build 2\WebSite\data\logs\Cache\Home\877ad316fd8578ccbb072ad5b56793b0.php 第 31 行.
INFO: Run ParseTemplate Behavior [ RunTime:-0.005596s ]
INFO: [ view_parse ] --END-- [ RunTime:0.016406s ]
INFO: [ view_filter ] --START--
INFO: Run ContentReplace Behavior [ RunTime:-0.022056s ]
INFO: Run TokenBuild Behavior [ RunTime:-0.022694s ]
INFO: Run WriteHtmlCache Behavior [ RunTime:-0.023366s ]
INFO: Run ShowRuntime Behavior [ RunTime:-0.023870s ]
INFO: [ view_filter ] --END-- [ RunTime:0.002735s ]
INFO: [ view_end ] --START--
INFO: Run ShowPageTrace Behavior [ RunTime:-0.024869s ]
INFO: [ view_end ] --END-- [ RunTime:0.000869s ]

[ 2014-03-21T10:07:47+08:00 ] 119.145.8.98 /index.php?g=Home&m=Index&a=fc
INFO: [ app_begin ] --START--
INFO: Run ReadHtmlCache Behavior [ RunTime:0.000781s ]
INFO: [ app_begin ] --END-- [ RunTime:0.000878s ]
INFO: [ view_template ] --START--
INFO: Run LocationTemplate Behavior [ RunTime:-0.004641s ]
INFO: [ view_template ] --END-- [ RunTime:0.000679s ]
INFO: [ view_parse ] --START--
NOTIC: [8] Use of undefined constant uid - assumed 'uid' D:\Easy2PHP5 build 2\WebSite\data\logs\Cache\Home\73f54a568acaab92795e7999cc803a6c.php 第 31 行.
NOTIC: [8] Undefined index:  uid D:\Easy2PHP5 build 2\WebSite\data\logs\Cache\Home\73f54a568acaab92795e7999cc803a6c.php 第 31 行.
INFO: Run ParseTemplate Behavior [ RunTime:-0.005369s ]
INFO: [ view_parse ] --END-- [ RunTime:0.032058s ]
INFO: [ view_filter ] --START--
INFO: Run ContentReplace Behavior [ RunTime:-0.037489s ]
INFO: Run TokenBuild Behavior [ RunTime:-0.038247s ]
INFO: Run WriteHtmlCache Behavior [ RunTime:-0.039054s ]
INFO: Run ShowRuntime Behavior [ RunTime:-0.039576s ]
INFO: [ view_filter ] --END-- [ RunTime:0.002858s ]
INFO: [ view_end ] --START--
INFO: Run ShowPageTrace Behavior [ RunTime:-0.040467s ]
INFO: [ view_end ] --END-- [ RunTime:0.000893s ]

[ 2014-03-21T10:07:56+08:00 ] 119.145.8.98 /index.php?g=Home&m=Index&a=help
INFO: [ app_begin ] --START--
INFO: Run ReadHtmlCache Behavior [ RunTime:0.000536s ]
INFO: [ app_begin ] --END-- [ RunTime:0.000638s ]
INFO: [ view_template ] --START--
INFO: Run LocationTemplate Behavior [ RunTime:-0.003454s ]
INFO: [ view_template ] --END-- [ RunTime:0.000411s ]
INFO: [ view_parse ] --START--
NOTIC: [8] Use of undefined constant uid - assumed 'uid' D:\Easy2PHP5 build 2\WebSite\data\logs\Cache\Home\b560eb61644e74c15db239b1d6486a72.php 第 43 行.
NOTIC: [8] Undefined index:  uid D:\Easy2PHP5 build 2\WebSite\data\logs\Cache\Home\b560eb61644e74c15db239b1d6486a72.php 第 43 行.
INFO: Run ParseTemplate Behavior [ RunTime:-0.003922s ]
INFO: [ view_parse ] --END-- [ RunTime:0.013512s ]
INFO: [ view_filter ] --START--
INFO: Run ContentReplace Behavior [ RunTime:-0.017491s ]
INFO: Run TokenBuild Behavior [ RunTime:-0.017893s ]
INFO: Run WriteHtmlCache Behavior [ RunTime:-0.018308s ]
INFO: Run ShowRuntime Behavior [ RunTime:-0.018566s ]
INFO: [ view_filter ] --END-- [ RunTime:0.001560s ]
INFO: [ view_end ] --START--
INFO: Run ShowPageTrace Behavior [ RunTime:-0.019127s ]
INFO: [ view_end ] --END-- [ RunTime:0.000625s ]

[ 2014-03-21T10:07:57+08:00 ] 220.181.132.217 /
INFO: [ app_begin ] --START--
INFO: Run ReadHtmlCache Behavior [ RunTime:0.000776s ]
INFO: [ app_begin ] --END-- [ RunTime:0.000874s ]
INFO: [ view_template ] --START--
INFO: Run LocationTemplate Behavior [ RunTime:-0.004692s ]
INFO: [ view_template ] --END-- [ RunTime:0.000878s ]
INFO: [ view_parse ] --START--
NOTIC: [8] Use of undefined constant uid - assumed 'uid' D:\Easy2PHP5 build 2\WebSite\data\logs\Cache\Home\034e4e8b41454090c23f5237b1c93615.php 第 31 行.
NOTIC: [8] Undefined index:  uid D:\Easy2PHP5 build 2\WebSite\data\logs\Cache\Home\034e4e8b41454090c23f5237b1c93615.php 第 31 行.
INFO: Run ParseTemplate Behavior [ RunTime:-0.005627s ]
INFO: [ view_parse ] --END-- [ RunTime:0.032896s ]
INFO: [ view_filter ] --START--
INFO: Run ContentReplace Behavior [ RunTime:-0.038588s ]
INFO: Run TokenBuild Behavior [ RunTime:-0.039374s ]
INFO: Run WriteHtmlCache Behavior [ RunTime:-0.040250s ]
INFO: Run ShowRuntime Behavior [ RunTime:-0.040833s ]
INFO: [ view_filter ] --END-- [ RunTime:0.003099s ]
INFO: [ view_end ] --START--
INFO: Run ShowPageTrace Behavior [ RunTime:-0.041777s ]
INFO: [ view_end ] --END-- [ RunTime:0.000879s ]

[ 2014-03-21T10:08:14+08:00 ] 220.181.132.19 /
INFO: [ app_begin ] --START--
INFO: Run ReadHtmlCache Behavior [ RunTime:0.000537s ]
INFO: [ app_begin ] --END-- [ RunTime:0.000634s ]
INFO: [ view_template ] --START--
INFO: Run LocationTemplate Behavior [ RunTime:-0.003389s ]
INFO: [ view_template ] --END-- [ RunTime:0.000407s ]
INFO: [ view_parse ] --START--
NOTIC: [8] Use of undefined constant uid - assumed 'uid' D:\Easy2PHP5 build 2\WebSite\data\logs\Cache\Home\034e4e8b41454090c23f5237b1c93615.php 第 31 行.
NOTIC: [8] Undefined index:  uid D:\Easy2PHP5 build 2\WebSite\data\logs\Cache\Home\034e4e8b41454090c23f5237b1c93615.php 第 31 行.
INFO: Run ParseTemplate Behavior [ RunTime:-0.003850s ]
INFO: [ view_parse ] --END-- [ RunTime:0.019552s ]
INFO: [ view_filter ] --START--
INFO: Run ContentReplace Behavior [ RunTime:-0.023457s ]
INFO: Run TokenBuild Behavior [ RunTime:-0.023893s ]
INFO: Run WriteHtmlCache Behavior [ RunTime:-0.024350s ]
INFO: Run ShowRuntime Behavior [ RunTime:-0.024610s ]
INFO: [ view_filter ] --END-- [ RunTime:0.001650s ]
INFO: [ view_end ] --START--
INFO: Run ShowPageTrace Behavior [ RunTime:-0.025187s ]
INFO: [ view_end ] --END-- [ RunTime:0.000600s ]

[ 2014-03-21T10:08:38+08:00 ] 119.145.8.98 /index.php?g=Home&m=Index&a=index
INFO: [ app_begin ] --START--
INFO: Run ReadHtmlCache Behavior [ RunTime:0.000780s ]
INFO: [ app_begin ] --END-- [ RunTime:0.000877s ]
INFO: [ view_template ] --START--
INFO: Run LocationTemplate Behavior [ RunTime:-0.004668s ]
INFO: [ view_template ] --END-- [ RunTime:0.001009s ]
INFO: [ view_parse ] --START--
NOTIC: [8] Use of undefined constant uid - assumed 'uid' D:\Easy2PHP5 build 2\WebSite\data\logs\Cache\Home\034e4e8b41454090c23f5237b1c93615.php 第 31 行.
NOTIC: [8] Undefined index:  uid D:\Easy2PHP5 build 2\WebSite\data\logs\Cache\Home\034e4e8b41454090c23f5237b1c93615.php 第 31 行.
INFO: Run ParseTemplate Behavior [ RunTime:-0.005781s ]
INFO: [ view_parse ] --END-- [ RunTime:0.028797s ]
INFO: [ view_filter ] --START--
INFO: Run ContentReplace Behavior [ RunTime:-0.034636s ]
INFO: Run TokenBuild Behavior [ RunTime:-0.035367s ]
INFO: Run WriteHtmlCache Behavior [ RunTime:-0.036200s ]
INFO: Run ShowRuntime Behavior [ RunTime:-0.036714s ]
INFO: [ view_filter ] --END-- [ RunTime:0.002831s ]
INFO: [ view_end ] --START--
INFO: Run ShowPageTrace Behavior [ RunTime:-0.037555s ]
INFO: [ view_end ] --END-- [ RunTime:0.000873s ]

[ 2014-03-21T10:09:30+08:00 ] 119.145.8.98 /index.php?g=Home&m=Index&a=login
INFO: [ app_begin ] --START--
INFO: Run ReadHtmlCache Behavior [ RunTime:0.000537s ]
INFO: [ app_begin ] --END-- [ RunTime:0.000627s ]
INFO: [ view_template ] --START--
INFO: Run LocationTemplate Behavior [ RunTime:-0.003497s ]
INFO: [ view_template ] --END-- [ RunTime:0.000420s ]
INFO: [ view_parse ] --START--
NOTIC: [8] Use of undefined constant uid - assumed 'uid' D:\Easy2PHP5 build 2\WebSite\data\logs\Cache\Home\c1101c2ac10bcadece42e033e5ac7e50.php 第 31 行.
NOTIC: [8] Undefined index:  uid D:\Easy2PHP5 build 2\WebSite\data\logs\Cache\Home\c1101c2ac10bcadece42e033e5ac7e50.php 第 31 行.
INFO: Run ParseTemplate Behavior [ RunTime:-0.003973s ]
INFO: [ view_parse ] --END-- [ RunTime:0.015124s ]
INFO: [ view_filter ] --START--
INFO: Run ContentReplace Behavior [ RunTime:-0.019166s ]
INFO: Run TokenBuild Behavior [ RunTime:-0.019572s ]
INFO: Run WriteHtmlCache Behavior [ RunTime:-0.020053s ]
INFO: Run ShowRuntime Behavior [ RunTime:-0.020311s ]
INFO: [ view_filter ] --END-- [ RunTime:0.001653s ]
INFO: [ view_end ] --START--
INFO: Run ShowPageTrace Behavior [ RunTime:-0.020898s ]
INFO: [ view_end ] --END-- [ RunTime:0.000685s ]

[ 2014-03-21T10:09:32+08:00 ] 119.145.8.98 /index.php?g=Home&m=Index&a=price
INFO: [ app_begin ] --START--
INFO: Run ReadHtmlCache Behavior [ RunTime:0.000537s ]
INFO: [ app_begin ] --END-- [ RunTime:0.000633s ]
INFO: [ view_template ] --START--
INFO: Run LocationTemplate Behavior [ RunTime:-0.003509s ]
INFO: [ view_template ] --END-- [ RunTime:0.000442s ]
INFO: [ view_parse ] --START--
NOTIC: [8] Use of undefined constant uid - assumed 'uid' D:\Easy2PHP5 build 2\WebSite\data\logs\Cache\Home\f9d5c337f029cadff97e034e67a0ac4f.php 第 31 行.
NOTIC: [8] Undefined index:  uid D:\Easy2PHP5 build 2\WebSite\data\logs\Cache\Home\f9d5c337f029cadff97e034e67a0ac4f.php 第 31 行.
INFO: Run ParseTemplate Behavior [ RunTime:-0.004008s ]
INFO: [ view_parse ] --END-- [ RunTime:0.042851s ]
INFO: [ view_filter ] --START--
INFO: Run ContentReplace Behavior [ RunTime:-0.046927s ]
INFO: Run TokenBuild Behavior [ RunTime:-0.047475s ]
INFO: Run WriteHtmlCache Behavior [ RunTime:-0.048149s ]
INFO: Run ShowRuntime Behavior [ RunTime:-0.048407s ]
INFO: [ view_filter ] --END-- [ RunTime:0.002002s ]
INFO: [ view_end ] --START--
INFO: Run ShowPageTrace Behavior [ RunTime:-0.049025s ]
INFO: [ view_end ] --END-- [ RunTime:0.000612s ]

[ 2014-03-21T10:09:33+08:00 ] 119.145.8.98 /index.php?g=Home&m=Index&a=login
INFO: [ app_begin ] --START--
INFO: Run ReadHtmlCache Behavior [ RunTime:0.000526s ]
INFO: [ app_begin ] --END-- [ RunTime:0.000616s ]
INFO: [ view_template ] --START--
INFO: Run LocationTemplate Behavior [ RunTime:-0.003475s ]
INFO: [ view_template ] --END-- [ RunTime:0.000419s ]
INFO: [ view_parse ] --START--
NOTIC: [8] Use of undefined constant uid - assumed 'uid' D:\Easy2PHP5 build 2\WebSite\data\logs\Cache\Home\c1101c2ac10bcadece42e033e5ac7e50.php 第 31 行.
NOTIC: [8] Undefined index:  uid D:\Easy2PHP5 build 2\WebSite\data\logs\Cache\Home\c1101c2ac10bcadece42e033e5ac7e50.php 第 31 行.
INFO: Run ParseTemplate Behavior [ RunTime:-0.003989s ]
INFO: [ view_parse ] --END-- [ RunTime:0.015134s ]
INFO: [ view_filter ] --START--
INFO: Run ContentReplace Behavior [ RunTime:-0.019174s ]
INFO: Run TokenBuild Behavior [ RunTime:-0.019574s ]
INFO: Run WriteHtmlCache Behavior [ RunTime:-0.020026s ]
INFO: Run ShowRuntime Behavior [ RunTime:-0.020285s ]
INFO: [ view_filter ] --END-- [ RunTime:0.001595s ]
INFO: [ view_end ] --START--
INFO: Run ShowPageTrace Behavior [ RunTime:-0.020844s ]
INFO: [ view_end ] --END-- [ RunTime:0.000613s ]

[ 2014-03-21T10:09:37+08:00 ] 119.145.8.98 /index.php?m=Index&a=login
INFO: [ app_begin ] --START--
INFO: Run ReadHtmlCache Behavior [ RunTime:0.000531s ]
INFO: [ app_begin ] --END-- [ RunTime:0.000627s ]
INFO: [ view_template ] --START--
INFO: Run LocationTemplate Behavior [ RunTime:-0.003220s ]
INFO: [ view_template ] --END-- [ RunTime:0.000465s ]
INFO: [ view_parse ] --START--
NOTIC: [8] Use of undefined constant uid - assumed 'uid' D:\Easy2PHP5 build 2\WebSite\data\logs\Cache\Home\c1101c2ac10bcadece42e033e5ac7e50.php 第 31 行.
NOTIC: [8] Undefined index:  uid D:\Easy2PHP5 build 2\WebSite\data\logs\Cache\Home\c1101c2ac10bcadece42e033e5ac7e50.php 第 31 行.
INFO: Run ParseTemplate Behavior [ RunTime:-0.003739s ]
INFO: [ view_parse ] --END-- [ RunTime:0.014977s ]
INFO: [ view_filter ] --START--
INFO: Run ContentReplace Behavior [ RunTime:-0.018771s ]
INFO: Run TokenBuild Behavior [ RunTime:-0.019158s ]
INFO: Run WriteHtmlCache Behavior [ RunTime:-0.019627s ]
INFO: Run ShowRuntime Behavior [ RunTime:-0.019883s ]
INFO: [ view_filter ] --END-- [ RunTime:0.001595s ]
INFO: [ view_end ] --START--
INFO: Run ShowPageTrace Behavior [ RunTime:-0.020440s ]
INFO: [ view_end ] --END-- [ RunTime:0.000871s ]

[ 2014-03-21T10:09:39+08:00 ] 119.145.8.98 /index.php?m=Index&a=login
INFO: [ app_begin ] --START--
INFO: Run ReadHtmlCache Behavior [ RunTime:0.000531s ]
INFO: [ app_begin ] --END-- [ RunTime:0.000627s ]
INFO: [ view_template ] --START--
INFO: Run LocationTemplate Behavior [ RunTime:-0.068102s ]
INFO: [ view_template ] --END-- [ RunTime:0.000459s ]
INFO: [ view_parse ] --START--
NOTIC: [8] Use of undefined constant uid - assumed 'uid' D:\Easy2PHP5 build 2\WebSite\data\logs\Cache\Home\c1101c2ac10bcadece42e033e5ac7e50.php 第 31 行.
NOTIC: [8] Undefined index:  uid D:\Easy2PHP5 build 2\WebSite\data\logs\Cache\Home\c1101c2ac10bcadece42e033e5ac7e50.php 第 31 行.
INFO: Run ParseTemplate Behavior [ RunTime:-0.068609s ]
INFO: [ view_parse ] --END-- [ RunTime:0.014972s ]
INFO: [ view_filter ] --START--
INFO: Run ContentReplace Behavior [ RunTime:-0.083637s ]
INFO: Run TokenBuild Behavior [ RunTime:-0.084027s ]
INFO: Run WriteHtmlCache Behavior [ RunTime:-0.084494s ]
INFO: Run ShowRuntime Behavior [ RunTime:-0.084775s ]
INFO: [ view_filter ] --END-- [ RunTime:0.001622s ]
INFO: [ view_end ] --START--
INFO: Run ShowPageTrace Behavior [ RunTime:-0.085340s ]
INFO: [ view_end ] --END-- [ RunTime:0.000610s ]

[ 2014-03-21T10:09:39+08:00 ] 119.145.8.98 /index.php?m=Index&a=reg
INFO: [ app_begin ] --START--
INFO: Run ReadHtmlCache Behavior [ RunTime:0.000552s ]
INFO: [ app_begin ] --END-- [ RunTime:0.000657s ]
INFO: [ view_template ] --START--
INFO: Run LocationTemplate Behavior [ RunTime:-0.003618s ]
INFO: [ view_template ] --END-- [ RunTime:0.000819s ]
INFO: [ view_parse ] --START--
NOTIC: [8] Use of undefined constant uid - assumed 'uid' D:\Easy2PHP5 build 2\WebSite\data\logs\Cache\Home\858bc8e8a0029f797a8728092491d0db.php 第 31 行.
NOTIC: [8] Undefined index:  uid D:\Easy2PHP5 build 2\WebSite\data\logs\Cache\Home\858bc8e8a0029f797a8728092491d0db.php 第 31 行.
INFO: Run ParseTemplate Behavior [ RunTime:-0.004493s ]
INFO: [ view_parse ] --END-- [ RunTime:0.016733s ]
INFO: [ view_filter ] --START--
INFO: Run ContentReplace Behavior [ RunTime:-0.021289s ]
INFO: Run TokenBuild Behavior [ RunTime:-0.021691s ]
INFO: Run WriteHtmlCache Behavior [ RunTime:-0.022195s ]
INFO: Run ShowRuntime Behavior [ RunTime:-0.022454s ]
INFO: [ view_filter ] --END-- [ RunTime:0.001657s ]
INFO: [ view_end ] --START--
INFO: Run ShowPageTrace Behavior [ RunTime:-0.023026s ]
INFO: [ view_end ] --END-- [ RunTime:0.000617s ]

[ 2014-03-21T10:09:41+08:00 ] 119.145.8.98 /index.php?m=Index&a=login
INFO: [ app_begin ] --START--
INFO: Run ReadHtmlCache Behavior [ RunTime:0.000530s ]
INFO: [ app_begin ] --END-- [ RunTime:0.000626s ]
INFO: [ view_template ] --START--
INFO: Run LocationTemplate Behavior [ RunTime:-0.003234s ]
INFO: [ view_template ] --END-- [ RunTime:0.000412s ]
INFO: [ view_parse ] --START--
NOTIC: [8] Use of undefined constant uid - assumed 'uid' D:\Easy2PHP5 build 2\WebSite\data\logs\Cache\Home\c1101c2ac10bcadece42e033e5ac7e50.php 第 31 行.
NOTIC: [8] Undefined index:  uid D:\Easy2PHP5 build 2\WebSite\data\logs\Cache\Home\c1101c2ac10bcadece42e033e5ac7e50.php 第 31 行.
INFO: Run ParseTemplate Behavior [ RunTime:-0.003700s ]
INFO: [ view_parse ] --END-- [ RunTime:0.014957s ]
INFO: [ view_filter ] --START--
INFO: Run ContentReplace Behavior [ RunTime:-0.018710s ]
INFO: Run TokenBuild Behavior [ RunTime:-0.019095s ]
INFO: Run WriteHtmlCache Behavior [ RunTime:-0.019790s ]
INFO: Run ShowRuntime Behavior [ RunTime:-0.020048s ]
INFO: [ view_filter ] --END-- [ RunTime:0.001821s ]
INFO: [ view_end ] --START--
INFO: Run ShowPageTrace Behavior [ RunTime:-0.020606s ]
INFO: [ view_end ] --END-- [ RunTime:0.000609s ]

[ 2014-03-21T10:09:42+08:00 ] 119.145.8.98 /index.php?g=Home&m=Index&a=login
INFO: [ app_begin ] --START--
INFO: Run ReadHtmlCache Behavior [ RunTime:0.000529s ]
INFO: [ app_begin ] --END-- [ RunTime:0.000624s ]
INFO: [ view_template ] --START--
INFO: Run LocationTemplate Behavior [ RunTime:-0.003204s ]
INFO: [ view_template ] --END-- [ RunTime:0.000417s ]
INFO: [ view_parse ] --START--
NOTIC: [8] Use of undefined constant uid - assumed 'uid' D:\Easy2PHP5 build 2\WebSite\data\logs\Cache\Home\c1101c2ac10bcadece42e033e5ac7e50.php 第 31 行.
NOTIC: [8] Undefined index:  uid D:\Easy2PHP5 build 2\WebSite\data\logs\Cache\Home\c1101c2ac10bcadece42e033e5ac7e50.php 第 31 行.
INFO: Run ParseTemplate Behavior [ RunTime:-0.003676s ]
INFO: [ view_parse ] --END-- [ RunTime:0.015378s ]
INFO: [ view_filter ] --START--
INFO: Run ContentReplace Behavior [ RunTime:-0.019111s ]
INFO: Run TokenBuild Behavior [ RunTime:-0.019503s ]
INFO: Run WriteHtmlCache Behavior [ RunTime:-0.019957s ]
INFO: Run ShowRuntime Behavior [ RunTime:-0.020215s ]
INFO: [ view_filter ] --END-- [ RunTime:0.001588s ]
INFO: [ view_end ] --START--
INFO: Run ShowPageTrace Behavior [ RunTime:-0.020778s ]
INFO: [ view_end ] --END-- [ RunTime:0.000619s ]

[ 2014-03-21T10:10:02+08:00 ] 119.145.8.98 /index.php?g=Home&m=Index&a=index
INFO: [ app_begin ] --START--
INFO: Run ReadHtmlCache Behavior [ RunTime:0.000779s ]
INFO: [ app_begin ] --END-- [ RunTime:0.000875s ]
INFO: [ view_template ] --START--
INFO: Run LocationTemplate Behavior [ RunTime:-0.004500s ]
INFO: [ view_template ] --END-- [ RunTime:0.000965s ]
INFO: [ view_parse ] --START--
NOTIC: [8] Use of undefined constant uid - assumed 'uid' D:\Easy2PHP5 build 2\WebSite\data\logs\Cache\Home\034e4e8b41454090c23f5237b1c93615.php 第 31 行.
NOTIC: [8] Undefined index:  uid D:\Easy2PHP5 build 2\WebSite\data\logs\Cache\Home\034e4e8b41454090c23f5237b1c93615.php 第 31 行.
INFO: Run ParseTemplate Behavior [ RunTime:-0.005566s ]
INFO: [ view_parse ] --END-- [ RunTime:0.022057s ]
INFO: [ view_filter ] --START--
INFO: Run ContentReplace Behavior [ RunTime:-0.027668s ]
INFO: Run TokenBuild Behavior [ RunTime:-0.028361s ]
INFO: Run WriteHtmlCache Behavior [ RunTime:-0.029078s ]
INFO: Run ShowRuntime Behavior [ RunTime:-0.029588s ]
INFO: [ view_filter ] --END-- [ RunTime:0.002808s ]
INFO: [ view_end ] --START--
INFO: Run ShowPageTrace Behavior [ RunTime:-0.030630s ]
INFO: [ view_end ] --END-- [ RunTime:0.001372s ]

[ 2014-03-21T10:10:15+08:00 ] 119.145.8.98 /index.php?g=Home&m=Index&a=price
INFO: [ app_begin ] --START--
INFO: Run ReadHtmlCache Behavior [ RunTime:0.000530s ]
INFO: [ app_begin ] --END-- [ RunTime:0.000625s ]
INFO: [ view_template ] --START--
INFO: Run LocationTemplate Behavior [ RunTime:-0.003552s ]
INFO: [ view_template ] --END-- [ RunTime:0.000725s ]
INFO: [ view_parse ] --START--
NOTIC: [8] Use of undefined constant uid - assumed 'uid' D:\Easy2PHP5 build 2\WebSite\data\logs\Cache\Home\f9d5c337f029cadff97e034e67a0ac4f.php 第 31 行.
NOTIC: [8] Undefined index:  uid D:\Easy2PHP5 build 2\WebSite\data\logs\Cache\Home\f9d5c337f029cadff97e034e67a0ac4f.php 第 31 行.
INFO: Run ParseTemplate Behavior [ RunTime:-0.004333s ]
INFO: [ view_parse ] --END-- [ RunTime:0.047074s ]
INFO: [ view_filter ] --START--
INFO: Run ContentReplace Behavior [ RunTime:-0.051472s ]
INFO: Run TokenBuild Behavior [ RunTime:-0.052026s ]
INFO: Run WriteHtmlCache Behavior [ RunTime:-0.052708s ]
INFO: Run ShowRuntime Behavior [ RunTime:-0.052969s ]
INFO: [ view_filter ] --END-- [ RunTime:0.002021s ]
INFO: [ view_end ] --START--
INFO: Run ShowPageTrace Behavior [ RunTime:-0.053591s ]
INFO: [ view_end ] --END-- [ RunTime:0.000869s ]

[ 2014-03-21T10:10:21+08:00 ] 119.145.8.98 /index.php?g=Home&m=Index&a=index
INFO: [ app_begin ] --START--
INFO: Run ReadHtmlCache Behavior [ RunTime:0.000531s ]
INFO: [ app_begin ] --END-- [ RunTime:0.000626s ]
INFO: [ view_template ] --START--
INFO: Run LocationTemplate Behavior [ RunTime:-0.003165s ]
INFO: [ view_template ] --END-- [ RunTime:0.000408s ]
INFO: [ view_parse ] --START--
NOTIC: [8] Use of undefined constant uid - assumed 'uid' D:\Easy2PHP5 build 2\WebSite\data\logs\Cache\Home\034e4e8b41454090c23f5237b1c93615.php 第 31 行.
NOTIC: [8] Undefined index:  uid D:\Easy2PHP5 build 2\WebSite\data\logs\Cache\Home\034e4e8b41454090c23f5237b1c93615.php 第 31 行.
INFO: Run ParseTemplate Behavior [ RunTime:-0.003629s ]
INFO: [ view_parse ] --END-- [ RunTime:0.020199s ]
INFO: [ view_filter ] --START--
INFO: Run ContentReplace Behavior [ RunTime:-0.023894s ]
INFO: Run TokenBuild Behavior [ RunTime:-0.024349s ]
INFO: Run WriteHtmlCache Behavior [ RunTime:-0.024816s ]
INFO: Run ShowRuntime Behavior [ RunTime:-0.025077s ]
INFO: [ view_filter ] --END-- [ RunTime:0.001685s ]
INFO: [ view_end ] --START--
INFO: Run ShowPageTrace Behavior [ RunTime:-0.025665s ]
INFO: [ view_end ] --END-- [ RunTime:0.000616s ]

[ 2014-03-21T10:17:34+08:00 ] 119.145.8.98 /
INFO: [ app_begin ] --START--
INFO: Run ReadHtmlCache Behavior [ RunTime:0.000792s ]
INFO: [ app_begin ] --END-- [ RunTime:0.000890s ]
INFO: [ view_template ] --START--
INFO: Run LocationTemplate Behavior [ RunTime:-0.004572s ]
INFO: [ view_template ] --END-- [ RunTime:0.000885s ]
INFO: [ view_parse ] --START--
NOTIC: [8] Use of undefined constant uid - assumed 'uid' D:\Easy2PHP5 build 2\WebSite\data\logs\Cache\Home\034e4e8b41454090c23f5237b1c93615.php 第 31 行.
NOTIC: [8] Undefined index:  uid D:\Easy2PHP5 build 2\WebSite\data\logs\Cache\Home\034e4e8b41454090c23f5237b1c93615.php 第 31 行.
INFO: Run ParseTemplate Behavior [ RunTime:-0.005513s ]
INFO: [ view_parse ] --END-- [ RunTime:0.026666s ]
INFO: [ view_filter ] --START--
INFO: Run ContentReplace Behavior [ RunTime:-0.032234s ]
INFO: Run TokenBuild Behavior [ RunTime:-0.032934s ]
INFO: Run WriteHtmlCache Behavior [ RunTime:-0.033760s ]
INFO: Run ShowRuntime Behavior [ RunTime:-0.034272s ]
INFO: [ view_filter ] --END-- [ RunTime:0.002790s ]
INFO: [ view_end ] --START--
INFO: Run ShowPageTrace Behavior [ RunTime:-0.035107s ]
INFO: [ view_end ] --END-- [ RunTime:0.000860s ]

[ 2014-03-21T12:50:42+08:00 ] 118.82.60.41 /
INFO: [ app_begin ] --START--
INFO: Run ReadHtmlCache Behavior [ RunTime:0.000796s ]
INFO: [ app_begin ] --END-- [ RunTime:0.000901s ]
INFO: [ view_template ] --START--
INFO: Run LocationTemplate Behavior [ RunTime:-0.004609s ]
INFO: [ view_template ] --END-- [ RunTime:0.000905s ]
INFO: [ view_parse ] --START--
NOTIC: [8] Use of undefined constant uid - assumed 'uid' D:\Easy2PHP5 build 2\WebSite\data\logs\Cache\Home\034e4e8b41454090c23f5237b1c93615.php 第 31 行.
NOTIC: [8] Undefined index:  uid D:\Easy2PHP5 build 2\WebSite\data\logs\Cache\Home\034e4e8b41454090c23f5237b1c93615.php 第 31 行.
INFO: Run ParseTemplate Behavior [ RunTime:-0.005571s ]
INFO: [ view_parse ] --END-- [ RunTime:0.021927s ]
INFO: [ view_filter ] --START--
INFO: Run ContentReplace Behavior [ RunTime:-0.027558s ]
INFO: Run TokenBuild Behavior [ RunTime:-0.028276s ]
INFO: Run WriteHtmlCache Behavior [ RunTime:-0.028990s ]
INFO: Run ShowRuntime Behavior [ RunTime:-0.029580s ]
INFO: [ view_filter ] --END-- [ RunTime:0.002887s ]
INFO: [ view_end ] --START--
INFO: Run ShowPageTrace Behavior [ RunTime:-0.030537s ]
INFO: [ view_end ] --END-- [ RunTime:0.000876s ]

[ 2014-03-21T13:06:45+08:00 ] 202.108.100.231 /
INFO: [ app_begin ] --START--
INFO: Run ReadHtmlCache Behavior [ RunTime:0.000823s ]
INFO: [ app_begin ] --END-- [ RunTime:0.000928s ]
NOTIC: [8] Undefined index:  HTTP_HOST D:\Easy2PHP5 build 2\WebSite\Core\_Core\Lib\Core\Action.class.php 第 344 行.
NOTIC: [8] Undefined index:  1 D:\Easy2PHP5 build 2\WebSite\Core\_Core\Lib\Core\Action.class.php 第 57 行.
NOTIC: [8] Undefined index:  HTTP_HOST D:\Easy2PHP5 build 2\WebSite\Core\_Core\Common\common.php 第 261 行.
NOTIC: [8] Undefined index:  1 D:\Easy2PHP5 build 2\WebSite\Core\_Core\Lib\Core\View.class.php 第 70 行.
INFO: [ view_template ] --START--
INFO: Run LocationTemplate Behavior [ RunTime:-0.004673s ]
INFO: [ view_template ] --END-- [ RunTime:0.000907s ]
INFO: [ view_parse ] --START--
NOTIC: [8] Use of undefined constant uid - assumed 'uid' D:\Easy2PHP5 build 2\WebSite\data\logs\Cache\Home\034e4e8b41454090c23f5237b1c93615.php 第 31 行.
NOTIC: [8] Undefined index:  uid D:\Easy2PHP5 build 2\WebSite\data\logs\Cache\Home\034e4e8b41454090c23f5237b1c93615.php 第 31 行.
INFO: Run ParseTemplate Behavior [ RunTime:-0.005651s ]
INFO: [ view_parse ] --END-- [ RunTime:0.021985s ]
INFO: [ view_filter ] --START--
INFO: Run ContentReplace Behavior [ RunTime:-0.027693s ]
INFO: Run TokenBuild Behavior [ RunTime:-0.028416s ]
INFO: Run WriteHtmlCache Behavior [ RunTime:-0.029151s ]
INFO: Run ShowRuntime Behavior [ RunTime:-0.029693s ]
INFO: [ view_filter ] --END-- [ RunTime:0.002775s ]
INFO: [ view_end ] --START--
INFO: Run ShowPageTrace Behavior [ RunTime:-0.030548s ]
INFO: [ view_end ] --END-- [ RunTime:0.000903s ]

[ 2014-03-21T13:11:27+08:00 ] 202.108.100.231 /
INFO: [ app_begin ] --START--
INFO: Run ReadHtmlCache Behavior [ RunTime:0.000778s ]
INFO: [ app_begin ] --END-- [ RunTime:0.000875s ]
INFO: [ view_template ] --START--
INFO: Run LocationTemplate Behavior [ RunTime:-0.004464s ]
INFO: [ view_template ] --END-- [ RunTime:0.000897s ]
INFO: [ view_parse ] --START--
NOTIC: [8] Use of undefined constant uid - assumed 'uid' D:\Easy2PHP5 build 2\WebSite\data\logs\Cache\Home\034e4e8b41454090c23f5237b1c93615.php 第 31 行.
NOTIC: [8] Undefined index:  uid D:\Easy2PHP5 build 2\WebSite\data\logs\Cache\Home\034e4e8b41454090c23f5237b1c93615.php 第 31 行.
INFO: Run ParseTemplate Behavior [ RunTime:-0.005418s ]
INFO: [ view_parse ] --END-- [ RunTime:0.021237s ]
INFO: [ view_filter ] --START--
INFO: Run ContentReplace Behavior [ RunTime:-0.026713s ]
INFO: Run TokenBuild Behavior [ RunTime:-0.027410s ]
INFO: Run WriteHtmlCache Behavior [ RunTime:-0.028125s ]
INFO: Run ShowRuntime Behavior [ RunTime:-0.028640s ]
INFO: [ view_filter ] --END-- [ RunTime:0.002679s ]
INFO: [ view_end ] --START--
INFO: Run ShowPageTrace Behavior [ RunTime:-0.029477s ]
INFO: [ view_end ] --END-- [ RunTime:0.000865s ]

[ 2014-03-21T13:11:58+08:00 ] 202.108.100.231 /
INFO: [ app_begin ] --START--
INFO: Run ReadHtmlCache Behavior [ RunTime:0.000543s ]
INFO: [ app_begin ] --END-- [ RunTime:0.000641s ]
INFO: [ view_template ] --START--
INFO: Run LocationTemplate Behavior [ RunTime:-0.003531s ]
INFO: [ view_template ] --END-- [ RunTime:0.000414s ]
INFO: [ view_parse ] --START--
NOTIC: [8] Use of undefined constant uid - assumed 'uid' D:\Easy2PHP5 build 2\WebSite\data\logs\Cache\Home\034e4e8b41454090c23f5237b1c93615.php 第 31 行.
NOTIC: [8] Undefined index:  uid D:\Easy2PHP5 build 2\WebSite\data\logs\Cache\Home\034e4e8b41454090c23f5237b1c93615.php 第 31 行.
INFO: Run ParseTemplate Behavior [ RunTime:-0.004001s ]
INFO: [ view_parse ] --END-- [ RunTime:0.020008s ]
INFO: [ view_filter ] --START--
INFO: Run ContentReplace Behavior [ RunTime:-0.024063s ]
INFO: Run TokenBuild Behavior [ RunTime:-0.024504s ]
INFO: Run WriteHtmlCache Behavior [ RunTime:-0.024966s ]
INFO: Run ShowRuntime Behavior [ RunTime:-0.025234s ]
INFO: [ view_filter ] --END-- [ RunTime:0.001675s ]
INFO: [ view_end ] --START--
INFO: Run ShowPageTrace Behavior [ RunTime:-0.025819s ]
INFO: [ view_end ] --END-- [ RunTime:0.000608s ]

[ 2014-03-21T13:12:16+08:00 ] 202.108.100.231 /
INFO: [ app_begin ] --START--
INFO: Run ReadHtmlCache Behavior [ RunTime:0.000541s ]
INFO: [ app_begin ] --END-- [ RunTime:0.000640s ]
INFO: [ view_template ] --START--
INFO: Run LocationTemplate Behavior [ RunTime:-0.003487s ]
INFO: [ view_template ] --END-- [ RunTime:0.000413s ]
INFO: [ view_parse ] --START--
NOTIC: [8] Use of undefined constant uid - assumed 'uid' D:\Easy2PHP5 build 2\WebSite\data\logs\Cache\Home\034e4e8b41454090c23f5237b1c93615.php 第 31 行.
NOTIC: [8] Undefined index:  uid D:\Easy2PHP5 build 2\WebSite\data\logs\Cache\Home\034e4e8b41454090c23f5237b1c93615.php 第 31 行.
INFO: Run ParseTemplate Behavior [ RunTime:-0.003955s ]
INFO: [ view_parse ] --END-- [ RunTime:0.019697s ]
INFO: [ view_filter ] --START--
INFO: Run ContentReplace Behavior [ RunTime:-0.023708s ]
INFO: Run TokenBuild Behavior [ RunTime:-0.024150s ]
INFO: Run WriteHtmlCache Behavior [ RunTime:-0.024617s ]
INFO: Run ShowRuntime Behavior [ RunTime:-0.024878s ]
INFO: [ view_filter ] --END-- [ RunTime:0.001668s ]
INFO: [ view_end ] --START--
INFO: Run ShowPageTrace Behavior [ RunTime:-0.025459s ]
INFO: [ view_end ] --END-- [ RunTime:0.000604s ]

[ 2014-03-21T13:12:17+08:00 ] 202.108.100.231 /
INFO: [ app_begin ] --START--
INFO: Run ReadHtmlCache Behavior [ RunTime:0.000558s ]
INFO: [ app_begin ] --END-- [ RunTime:0.000681s ]
INFO: [ view_template ] --START--
INFO: Run LocationTemplate Behavior [ RunTime:-0.003632s ]
INFO: [ view_template ] --END-- [ RunTime:0.000418s ]
INFO: [ view_parse ] --START--
NOTIC: [8] Use of undefined constant uid - assumed 'uid' D:\Easy2PHP5 build 2\WebSite\data\logs\Cache\Home\034e4e8b41454090c23f5237b1c93615.php 第 31 行.
NOTIC: [8] Undefined index:  uid D:\Easy2PHP5 build 2\WebSite\data\logs\Cache\Home\034e4e8b41454090c23f5237b1c93615.php 第 31 行.
INFO: Run ParseTemplate Behavior [ RunTime:-0.004104s ]
INFO: [ view_parse ] --END-- [ RunTime:0.020062s ]
INFO: [ view_filter ] --START--
INFO: Run ContentReplace Behavior [ RunTime:-0.024224s ]
INFO: Run TokenBuild Behavior [ RunTime:-0.024670s ]
INFO: Run WriteHtmlCache Behavior [ RunTime:-0.025135s ]
INFO: Run ShowRuntime Behavior [ RunTime:-0.025398s ]
INFO: [ view_filter ] --END-- [ RunTime:0.001675s ]
INFO: [ view_end ] --START--
INFO: Run ShowPageTrace Behavior [ RunTime:-0.025983s ]
INFO: [ view_end ] --END-- [ RunTime:0.000608s ]

[ 2014-03-21T13:12:17+08:00 ] 202.108.100.231 /
INFO: [ app_begin ] --START--
INFO: Run ReadHtmlCache Behavior [ RunTime:0.000537s ]
INFO: [ app_begin ] --END-- [ RunTime:0.000633s ]
INFO: [ view_template ] --START--
INFO: Run LocationTemplate Behavior [ RunTime:-0.003491s ]
INFO: [ view_template ] --END-- [ RunTime:0.000411s ]
INFO: [ view_parse ] --START--
NOTIC: [8] Use of undefined constant uid - assumed 'uid' D:\Easy2PHP5 build 2\WebSite\data\logs\Cache\Home\034e4e8b41454090c23f5237b1c93615.php 第 31 行.
NOTIC: [8] Undefined index:  uid D:\Easy2PHP5 build 2\WebSite\data\logs\Cache\Home\034e4e8b41454090c23f5237b1c93615.php 第 31 行.
INFO: Run ParseTemplate Behavior [ RunTime:-0.003956s ]
INFO: [ view_parse ] --END-- [ RunTime:0.019637s ]
INFO: [ view_filter ] --START--
INFO: Run ContentReplace Behavior [ RunTime:-0.023650s ]
INFO: Run TokenBuild Behavior [ RunTime:-0.024112s ]
INFO: Run WriteHtmlCache Behavior [ RunTime:-0.024578s ]
INFO: Run ShowRuntime Behavior [ RunTime:-0.024842s ]
INFO: [ view_filter ] --END-- [ RunTime:0.001691s ]
INFO: [ view_end ] --START--
INFO: Run ShowPageTrace Behavior [ RunTime:-0.025423s ]
INFO: [ view_end ] --END-- [ RunTime:0.000604s ]

[ 2014-03-21T13:12:18+08:00 ] 202.108.100.231 /
INFO: [ app_begin ] --START--
INFO: Run ReadHtmlCache Behavior [ RunTime:0.000540s ]
INFO: [ app_begin ] --END-- [ RunTime:0.000635s ]
INFO: [ view_template ] --START--
INFO: Run LocationTemplate Behavior [ RunTime:-0.003501s ]
INFO: [ view_template ] --END-- [ RunTime:0.000426s ]
INFO: [ view_parse ] --START--
NOTIC: [8] Use of undefined constant uid - assumed 'uid' D:\Easy2PHP5 build 2\WebSite\data\logs\Cache\Home\034e4e8b41454090c23f5237b1c93615.php 第 31 行.
NOTIC: [8] Undefined index:  uid D:\Easy2PHP5 build 2\WebSite\data\logs\Cache\Home\034e4e8b41454090c23f5237b1c93615.php 第 31 行.
INFO: Run ParseTemplate Behavior [ RunTime:-0.003983s ]
INFO: [ view_parse ] --END-- [ RunTime:0.019735s ]
INFO: [ view_filter ] --START--
INFO: Run ContentReplace Behavior [ RunTime:-0.023776s ]
INFO: Run TokenBuild Behavior [ RunTime:-0.024220s ]
INFO: Run WriteHtmlCache Behavior [ RunTime:-0.024683s ]
INFO: Run ShowRuntime Behavior [ RunTime:-0.024945s ]
INFO: [ view_filter ] --END-- [ RunTime:0.001933s ]
INFO: [ view_end ] --START--
INFO: Run ShowPageTrace Behavior [ RunTime:-0.025795s ]
INFO: [ view_end ] --END-- [ RunTime:0.000615s ]

[ 2014-03-21T13:12:18+08:00 ] 202.108.100.231 /
INFO: [ app_begin ] --START--
INFO: Run ReadHtmlCache Behavior [ RunTime:0.000548s ]
INFO: [ app_begin ] --END-- [ RunTime:0.000645s ]
INFO: [ view_template ] --START--
INFO: Run LocationTemplate Behavior [ RunTime:-0.003537s ]
INFO: [ view_template ] --END-- [ RunTime:0.000452s ]
INFO: [ view_parse ] --START--
NOTIC: [8] Use of undefined constant uid - assumed 'uid' D:\Easy2PHP5 build 2\WebSite\data\logs\Cache\Home\034e4e8b41454090c23f5237b1c93615.php 第 31 行.
NOTIC: [8] Undefined index:  uid D:\Easy2PHP5 build 2\WebSite\data\logs\Cache\Home\034e4e8b41454090c23f5237b1c93615.php 第 31 行.
INFO: Run ParseTemplate Behavior [ RunTime:-0.004037s ]
INFO: [ view_parse ] --END-- [ RunTime:0.020171s ]
INFO: [ view_filter ] --START--
INFO: Run ContentReplace Behavior [ RunTime:-0.024268s ]
INFO: Run TokenBuild Behavior [ RunTime:-0.024709s ]
INFO: Run WriteHtmlCache Behavior [ RunTime:-0.025172s ]
INFO: Run ShowRuntime Behavior [ RunTime:-0.025446s ]
INFO: [ view_filter ] --END-- [ RunTime:0.001682s ]
INFO: [ view_end ] --START--
INFO: Run ShowPageTrace Behavior [ RunTime:-0.026036s ]
INFO: [ view_end ] --END-- [ RunTime:0.000614s ]

[ 2014-03-21T13:12:19+08:00 ] 202.108.100.231 /
INFO: [ app_begin ] --START--
INFO: Run ReadHtmlCache Behavior [ RunTime:0.000559s ]
INFO: [ app_begin ] --END-- [ RunTime:0.000659s ]
INFO: [ view_template ] --START--
INFO: Run LocationTemplate Behavior [ RunTime:-0.007689s ]
INFO: [ view_template ] --END-- [ RunTime:0.000411s ]
INFO: [ view_parse ] --START--
NOTIC: [8] Use of undefined constant uid - assumed 'uid' D:\Easy2PHP5 build 2\WebSite\data\logs\Cache\Home\034e4e8b41454090c23f5237b1c93615.php 第 31 行.
NOTIC: [8] Undefined index:  uid D:\Easy2PHP5 build 2\WebSite\data\logs\Cache\Home\034e4e8b41454090c23f5237b1c93615.php 第 31 行.
INFO: Run ParseTemplate Behavior [ RunTime:-0.008155s ]
INFO: [ view_parse ] --END-- [ RunTime:0.020160s ]
INFO: [ view_filter ] --START--
INFO: Run ContentReplace Behavior [ RunTime:-0.028376s ]
INFO: Run TokenBuild Behavior [ RunTime:-0.028832s ]
INFO: Run WriteHtmlCache Behavior [ RunTime:-0.029305s ]
INFO: Run ShowRuntime Behavior [ RunTime:-0.029570s ]
INFO: [ view_filter ] --END-- [ RunTime:0.001708s ]
INFO: [ view_end ] --START--
INFO: Run ShowPageTrace Behavior [ RunTime:-0.030172s ]
INFO: [ view_end ] --END-- [ RunTime:0.000627s ]

[ 2014-03-21T13:12:19+08:00 ] 202.108.100.231 /
INFO: [ app_begin ] --START--
INFO: Run ReadHtmlCache Behavior [ RunTime:0.000541s ]
INFO: [ app_begin ] --END-- [ RunTime:0.000639s ]
INFO: [ view_template ] --START--
INFO: Run LocationTemplate Behavior [ RunTime:-0.004342s ]
INFO: [ view_template ] --END-- [ RunTime:0.000499s ]
INFO: [ view_parse ] --START--
NOTIC: [8] Use of undefined constant uid - assumed 'uid' D:\Easy2PHP5 build 2\WebSite\data\logs\Cache\Home\034e4e8b41454090c23f5237b1c93615.php 第 31 行.
NOTIC: [8] Undefined index:  uid D:\Easy2PHP5 build 2\WebSite\data\logs\Cache\Home\034e4e8b41454090c23f5237b1c93615.php 第 31 行.
INFO: Run ParseTemplate Behavior [ RunTime:-0.004940s ]
INFO: [ view_parse ] --END-- [ RunTime:0.020673s ]
INFO: [ view_filter ] --START--
INFO: Run ContentReplace Behavior [ RunTime:-0.025657s ]
INFO: Run TokenBuild Behavior [ RunTime:-0.026100s ]
INFO: Run WriteHtmlCache Behavior [ RunTime:-0.026654s ]
INFO: Run ShowRuntime Behavior [ RunTime:-0.026927s ]
INFO: [ view_filter ] --END-- [ RunTime:0.001786s ]
INFO: [ view_end ] --START--
INFO: Run ShowPageTrace Behavior [ RunTime:-0.027529s ]
INFO: [ view_end ] --END-- [ RunTime:0.000613s ]

[ 2014-03-21T13:37:07+08:00 ] 61.49.39.46 /
INFO: [ app_begin ] --START--
INFO: Run ReadHtmlCache Behavior [ RunTime:0.000835s ]
INFO: [ app_begin ] --END-- [ RunTime:0.000945s ]
NOTIC: [8] Undefined index:  HTTP_HOST D:\Easy2PHP5 build 2\WebSite\Core\_Core\Lib\Core\Action.class.php 第 344 行.
NOTIC: [8] Undefined index:  1 D:\Easy2PHP5 build 2\WebSite\Core\_Core\Lib\Core\Action.class.php 第 57 行.
NOTIC: [8] Undefined index:  HTTP_HOST D:\Easy2PHP5 build 2\WebSite\Core\_Core\Common\common.php 第 261 行.
NOTIC: [8] Undefined index:  1 D:\Easy2PHP5 build 2\WebSite\Core\_Core\Lib\Core\View.class.php 第 70 行.
INFO: [ view_template ] --START--
INFO: Run LocationTemplate Behavior [ RunTime:-0.004745s ]
INFO: [ view_template ] --END-- [ RunTime:0.000949s ]
INFO: [ view_parse ] --START--
NOTIC: [8] Use of undefined constant uid - assumed 'uid' D:\Easy2PHP5 build 2\WebSite\data\logs\Cache\Home\034e4e8b41454090c23f5237b1c93615.php 第 31 行.
NOTIC: [8] Undefined index:  uid D:\Easy2PHP5 build 2\WebSite\data\logs\Cache\Home\034e4e8b41454090c23f5237b1c93615.php 第 31 行.
INFO: Run ParseTemplate Behavior [ RunTime:-0.005757s ]
INFO: [ view_parse ] --END-- [ RunTime:0.022598s ]
INFO: [ view_filter ] --START--
INFO: Run ContentReplace Behavior [ RunTime:-0.028425s ]
INFO: Run TokenBuild Behavior [ RunTime:-0.029189s ]
INFO: Run WriteHtmlCache Behavior [ RunTime:-0.029959s ]
INFO: Run ShowRuntime Behavior [ RunTime:-0.030496s ]
INFO: [ view_filter ] --END-- [ RunTime:0.002857s ]
INFO: [ view_end ] --START--
INFO: Run ShowPageTrace Behavior [ RunTime:-0.031381s ]
INFO: [ view_end ] --END-- [ RunTime:0.000901s ]

[ 2014-03-21T13:38:14+08:00 ] 119.145.8.98 /
INFO: [ app_begin ] --START--
INFO: Run ReadHtmlCache Behavior [ RunTime:0.000534s ]
INFO: [ app_begin ] --END-- [ RunTime:0.000629s ]
INFO: [ view_template ] --START--
INFO: Run LocationTemplate Behavior [ RunTime:-0.003423s ]
INFO: [ view_template ] --END-- [ RunTime:0.000412s ]
INFO: [ view_parse ] --START--
NOTIC: [8] Use of undefined constant uid - assumed 'uid' D:\Easy2PHP5 build 2\WebSite\data\logs\Cache\Home\034e4e8b41454090c23f5237b1c93615.php 第 31 行.
NOTIC: [8] Undefined index:  uid D:\Easy2PHP5 build 2\WebSite\data\logs\Cache\Home\034e4e8b41454090c23f5237b1c93615.php 第 31 行.
INFO: Run ParseTemplate Behavior [ RunTime:-0.003888s ]
INFO: [ view_parse ] --END-- [ RunTime:0.019615s ]
INFO: [ view_filter ] --START--
INFO: Run ContentReplace Behavior [ RunTime:-0.023559s ]
INFO: Run TokenBuild Behavior [ RunTime:-0.023999s ]
INFO: Run WriteHtmlCache Behavior [ RunTime:-0.024458s ]
INFO: Run ShowRuntime Behavior [ RunTime:-0.024721s ]
INFO: [ view_filter ] --END-- [ RunTime:0.001662s ]
INFO: [ view_end ] --START--
INFO: Run ShowPageTrace Behavior [ RunTime:-0.025301s ]
INFO: [ view_end ] --END-- [ RunTime:0.000605s ]

[ 2014-03-21T13:41:03+08:00 ] 119.145.8.98 /index.php?g=Home&m=Index&a=index
INFO: [ app_begin ] --START--
INFO: Run ReadHtmlCache Behavior [ RunTime:0.000784s ]
INFO: [ app_begin ] --END-- [ RunTime:0.000882s ]
INFO: [ view_template ] --START--
INFO: Run LocationTemplate Behavior [ RunTime:-0.004700s ]
INFO: [ view_template ] --END-- [ RunTime:0.000903s ]
INFO: [ view_parse ] --START--
NOTIC: [8] Use of undefined constant uid - assumed 'uid' D:\Easy2PHP5 build 2\WebSite\data\logs\Cache\Home\034e4e8b41454090c23f5237b1c93615.php 第 31 行.
NOTIC: [8] Undefined index:  uid D:\Easy2PHP5 build 2\WebSite\data\logs\Cache\Home\034e4e8b41454090c23f5237b1c93615.php 第 31 行.
INFO: Run ParseTemplate Behavior [ RunTime:-0.005662s ]
INFO: [ view_parse ] --END-- [ RunTime:0.027375s ]
INFO: [ view_filter ] --START--
INFO: Run ContentReplace Behavior [ RunTime:-0.033092s ]
INFO: Run TokenBuild Behavior [ RunTime:-0.033818s ]
INFO: Run WriteHtmlCache Behavior [ RunTime:-0.034690s ]
INFO: Run ShowRuntime Behavior [ RunTime:-0.035232s ]
INFO: [ view_filter ] --END-- [ RunTime:0.002909s ]
INFO: [ view_end ] --START--
INFO: Run ShowPageTrace Behavior [ RunTime:-0.036085s ]
INFO: [ view_end ] --END-- [ RunTime:0.000925s ]

[ 2014-03-21T13:41:52+08:00 ] 119.145.8.98 /
INFO: [ app_begin ] --START--
INFO: Run ReadHtmlCache Behavior [ RunTime:0.000553s ]
INFO: [ app_begin ] --END-- [ RunTime:0.000649s ]
INFO: [ view_template ] --START--
INFO: Run LocationTemplate Behavior [ RunTime:-0.003181s ]
INFO: [ view_template ] --END-- [ RunTime:0.000414s ]
INFO: [ view_parse ] --START--
NOTIC: [8] Use of undefined constant uid - assumed 'uid' D:\Easy2PHP5 build 2\WebSite\data\logs\Cache\Home\034e4e8b41454090c23f5237b1c93615.php 第 31 行.
NOTIC: [8] Undefined index:  uid D:\Easy2PHP5 build 2\WebSite\data\logs\Cache\Home\034e4e8b41454090c23f5237b1c93615.php 第 31 行.
INFO: Run ParseTemplate Behavior [ RunTime:-0.003651s ]
INFO: [ view_parse ] --END-- [ RunTime:0.019786s ]
INFO: [ view_filter ] --START--
INFO: Run ContentReplace Behavior [ RunTime:-0.023497s ]
INFO: Run TokenBuild Behavior [ RunTime:-0.023940s ]
INFO: Run WriteHtmlCache Behavior [ RunTime:-0.024399s ]
INFO: Run ShowRuntime Behavior [ RunTime:-0.024663s ]
INFO: [ view_filter ] --END-- [ RunTime:0.001670s ]
INFO: [ view_end ] --START--
INFO: Run ShowPageTrace Behavior [ RunTime:-0.025247s ]
INFO: [ view_end ] --END-- [ RunTime:0.000613s ]

