[ 2014-03-12T08:53:55+08:00 ] 122.224.71.50 /
INFO: [ app_begin ] --START--
INFO: Run ReadHtmlCache Behavior [ RunTime:0.000780s ]
INFO: [ app_begin ] --END-- [ RunTime:0.000879s ]
NOTIC: [8] Undefined index:  HTTP_HOST D:\Easy2PHP5 build 2\WebSite\Core\_Core\Lib\Core\Action.class.php 第 344 行.
NOTIC: [8] Undefined index:  1 D:\Easy2PHP5 build 2\WebSite\Core\_Core\Lib\Core\Action.class.php 第 57 行.
NOTIC: [8] Undefined index:  HTTP_HOST D:\Easy2PHP5 build 2\WebSite\Core\_Core\Common\common.php 第 261 行.
NOTIC: [8] Undefined index:  1 D:\Easy2PHP5 build 2\WebSite\Core\_Core\Lib\Core\View.class.php 第 70 行.
INFO: [ view_template ] --START--
INFO: Run LocationTemplate Behavior [ RunTime:-0.004727s ]
INFO: [ view_template ] --END-- [ RunTime:0.000880s ]
INFO: [ view_parse ] --START--
NOTIC: [8] Use of undefined constant uid - assumed 'uid' D:\Easy2PHP5 build 2\WebSite\data\logs\Cache\Home\377f56f2e5ecfd9a39dba2c0f96d64d6.php 第 29 行.
NOTIC: [8] Undefined index:  uid D:\Easy2PHP5 build 2\WebSite\data\logs\Cache\Home\377f56f2e5ecfd9a39dba2c0f96d64d6.php 第 29 行.
INFO: Run ParseTemplate Behavior [ RunTime:-0.005671s ]
INFO: [ view_parse ] --END-- [ RunTime:0.019408s ]
INFO: [ view_filter ] --START--
INFO: Run ContentReplace Behavior [ RunTime:-0.025133s ]
INFO: Run TokenBuild Behavior [ RunTime:-0.025784s ]
INFO: Run WriteHtmlCache Behavior [ RunTime:-0.026702s ]
INFO: Run ShowRuntime Behavior [ RunTime:-0.027208s ]
INFO: [ view_filter ] --END-- [ RunTime:0.002808s ]
INFO: [ view_end ] --START--
INFO: Run ShowPageTrace Behavior [ RunTime:-0.028019s ]
INFO: [ view_end ] --END-- [ RunTime:0.000863s ]

[ 2014-03-12T12:52:43+08:00 ] 123.125.232.11 /
INFO: [ app_begin ] --START--
INFO: Run ReadHtmlCache Behavior [ RunTime:0.000782s ]
INFO: [ app_begin ] --END-- [ RunTime:0.000880s ]
NOTIC: [8] Undefined index:  HTTP_HOST D:\Easy2PHP5 build 2\WebSite\Core\_Core\Lib\Core\Action.class.php 第 344 行.
NOTIC: [8] Undefined index:  1 D:\Easy2PHP5 build 2\WebSite\Core\_Core\Lib\Core\Action.class.php 第 57 行.
NOTIC: [8] Undefined index:  HTTP_HOST D:\Easy2PHP5 build 2\WebSite\Core\_Core\Common\common.php 第 261 行.
NOTIC: [8] Undefined index:  1 D:\Easy2PHP5 build 2\WebSite\Core\_Core\Lib\Core\View.class.php 第 70 行.
INFO: [ view_template ] --START--
INFO: Run LocationTemplate Behavior [ RunTime:-0.004767s ]
INFO: [ view_template ] --END-- [ RunTime:0.000872s ]
INFO: [ view_parse ] --START--
NOTIC: [8] Use of undefined constant uid - assumed 'uid' D:\Easy2PHP5 build 2\WebSite\data\logs\Cache\Home\377f56f2e5ecfd9a39dba2c0f96d64d6.php 第 29 行.
NOTIC: [8] Undefined index:  uid D:\Easy2PHP5 build 2\WebSite\data\logs\Cache\Home\377f56f2e5ecfd9a39dba2c0f96d64d6.php 第 29 行.
INFO: Run ParseTemplate Behavior [ RunTime:-0.005701s ]
INFO: [ view_parse ] --END-- [ RunTime:0.019192s ]
INFO: [ view_filter ] --START--
INFO: Run ContentReplace Behavior [ RunTime:-0.024946s ]
INFO: Run TokenBuild Behavior [ RunTime:-0.025588s ]
INFO: Run WriteHtmlCache Behavior [ RunTime:-0.026504s ]
INFO: Run ShowRuntime Behavior [ RunTime:-0.027008s ]
INFO: [ view_filter ] --END-- [ RunTime:0.002792s ]
INFO: [ view_end ] --START--
INFO: Run ShowPageTrace Behavior [ RunTime:-0.027815s ]
INFO: [ view_end ] --END-- [ RunTime:0.000859s ]

[ 2014-03-12T16:57:40+08:00 ] 119.145.8.98 /
INFO: [ app_begin ] --START--
INFO: Run ReadHtmlCache Behavior [ RunTime:0.000793s ]
INFO: [ app_begin ] --END-- [ RunTime:0.000891s ]
INFO: [ view_template ] --START--
INFO: Run LocationTemplate Behavior [ RunTime:-0.004665s ]
INFO: [ view_template ] --END-- [ RunTime:0.000883s ]
INFO: [ view_parse ] --START--
NOTIC: [8] Use of undefined constant uid - assumed 'uid' D:\Easy2PHP5 build 2\WebSite\data\logs\Cache\Home\377f56f2e5ecfd9a39dba2c0f96d64d6.php 第 29 行.
NOTIC: [8] Undefined index:  uid D:\Easy2PHP5 build 2\WebSite\data\logs\Cache\Home\377f56f2e5ecfd9a39dba2c0f96d64d6.php 第 29 行.
INFO: Run ParseTemplate Behavior [ RunTime:-0.005660s ]
INFO: [ view_parse ] --END-- [ RunTime:0.019318s ]
INFO: [ view_filter ] --START--
INFO: Run ContentReplace Behavior [ RunTime:-0.025021s ]
INFO: Run TokenBuild Behavior [ RunTime:-0.025665s ]
INFO: Run WriteHtmlCache Behavior [ RunTime:-0.026572s ]
INFO: Run ShowRuntime Behavior [ RunTime:-0.027106s ]
INFO: [ view_filter ] --END-- [ RunTime:0.002818s ]
INFO: [ view_end ] --START--
INFO: Run ShowPageTrace Behavior [ RunTime:-0.027917s ]
INFO: [ view_end ] --END-- [ RunTime:0.000858s ]

[ 2014-03-12T16:58:35+08:00 ] 183.60.70.29 /
INFO: [ app_begin ] --START--
INFO: Run ReadHtmlCache Behavior [ RunTime:0.000782s ]
INFO: [ app_begin ] --END-- [ RunTime:0.000879s ]
INFO: [ view_template ] --START--
INFO: Run LocationTemplate Behavior [ RunTime:-0.004732s ]
INFO: [ view_template ] --END-- [ RunTime:0.000891s ]
INFO: [ view_parse ] --START--
NOTIC: [8] Use of undefined constant uid - assumed 'uid' D:\Easy2PHP5 build 2\WebSite\data\logs\Cache\Home\377f56f2e5ecfd9a39dba2c0f96d64d6.php 第 29 行.
NOTIC: [8] Undefined index:  uid D:\Easy2PHP5 build 2\WebSite\data\logs\Cache\Home\377f56f2e5ecfd9a39dba2c0f96d64d6.php 第 29 行.
INFO: Run ParseTemplate Behavior [ RunTime:-0.005681s ]
INFO: [ view_parse ] --END-- [ RunTime:0.025091s ]
INFO: [ view_filter ] --START--
INFO: Run ContentReplace Behavior [ RunTime:-0.030827s ]
INFO: Run TokenBuild Behavior [ RunTime:-0.031485s ]
INFO: Run WriteHtmlCache Behavior [ RunTime:-0.032291s ]
INFO: Run ShowRuntime Behavior [ RunTime:-0.032809s ]
INFO: [ view_filter ] --END-- [ RunTime:0.002722s ]
INFO: [ view_end ] --START--
INFO: Run ShowPageTrace Behavior [ RunTime:-0.033627s ]
INFO: [ view_end ] --END-- [ RunTime:0.000864s ]

[ 2014-03-12T16:58:36+08:00 ] 119.147.146.189 /
INFO: [ app_begin ] --START--
INFO: Run ReadHtmlCache Behavior [ RunTime:0.000530s ]
INFO: [ app_begin ] --END-- [ RunTime:0.000627s ]
INFO: [ view_template ] --START--
INFO: Run LocationTemplate Behavior [ RunTime:-0.003379s ]
INFO: [ view_template ] --END-- [ RunTime:0.000408s ]
INFO: [ view_parse ] --START--
NOTIC: [8] Use of undefined constant uid - assumed 'uid' D:\Easy2PHP5 build 2\WebSite\data\logs\Cache\Home\377f56f2e5ecfd9a39dba2c0f96d64d6.php 第 29 行.
NOTIC: [8] Undefined index:  uid D:\Easy2PHP5 build 2\WebSite\data\logs\Cache\Home\377f56f2e5ecfd9a39dba2c0f96d64d6.php 第 29 行.
INFO: Run ParseTemplate Behavior [ RunTime:-0.003844s ]
INFO: [ view_parse ] --END-- [ RunTime:0.017700s ]
INFO: [ view_filter ] --START--
INFO: Run ContentReplace Behavior [ RunTime:-0.021597s ]
INFO: Run TokenBuild Behavior [ RunTime:-0.021983s ]
INFO: Run WriteHtmlCache Behavior [ RunTime:-0.022427s ]
INFO: Run ShowRuntime Behavior [ RunTime:-0.022685s ]
INFO: [ view_filter ] --END-- [ RunTime:0.001572s ]
INFO: [ view_end ] --START--
INFO: Run ShowPageTrace Behavior [ RunTime:-0.023247s ]
INFO: [ view_end ] --END-- [ RunTime:0.000609s ]

[ 2014-03-12T16:58:38+08:00 ] 119.145.8.98 /
INFO: [ app_begin ] --START--
INFO: Run ReadHtmlCache Behavior [ RunTime:0.000775s ]
INFO: [ app_begin ] --END-- [ RunTime:0.000872s ]
INFO: [ view_template ] --START--
INFO: Run LocationTemplate Behavior [ RunTime:-0.004691s ]
INFO: [ view_template ] --END-- [ RunTime:0.000881s ]
INFO: [ view_parse ] --START--
NOTIC: [8] Use of undefined constant uid - assumed 'uid' D:\Easy2PHP5 build 2\WebSite\data\logs\Cache\Home\377f56f2e5ecfd9a39dba2c0f96d64d6.php 第 29 行.
NOTIC: [8] Undefined index:  uid D:\Easy2PHP5 build 2\WebSite\data\logs\Cache\Home\377f56f2e5ecfd9a39dba2c0f96d64d6.php 第 29 行.
INFO: Run ParseTemplate Behavior [ RunTime:-0.005630s ]
INFO: [ view_parse ] --END-- [ RunTime:0.025228s ]
INFO: [ view_filter ] --START--
INFO: Run ContentReplace Behavior [ RunTime:-0.030957s ]
INFO: Run TokenBuild Behavior [ RunTime:-0.031698s ]
INFO: Run WriteHtmlCache Behavior [ RunTime:-0.032551s ]
INFO: Run ShowRuntime Behavior [ RunTime:-0.033108s ]
INFO: [ view_filter ] --END-- [ RunTime:0.002915s ]
INFO: [ view_end ] --START--
INFO: Run ShowPageTrace Behavior [ RunTime:-0.033924s ]
INFO: [ view_end ] --END-- [ RunTime:0.000898s ]

[ 2014-03-12T16:58:44+08:00 ] 119.145.8.98 /index.php?g=Home&m=Index&a=about
INFO: [ app_begin ] --START--
INFO: Run ReadHtmlCache Behavior [ RunTime:0.000800s ]
INFO: [ app_begin ] --END-- [ RunTime:0.000897s ]
INFO: [ view_template ] --START--
INFO: Run LocationTemplate Behavior [ RunTime:-0.004874s ]
INFO: [ view_template ] --END-- [ RunTime:0.000664s ]
INFO: [ view_parse ] --START--
NOTIC: [8] Use of undefined constant uid - assumed 'uid' D:\Easy2PHP5 build 2\WebSite\data\logs\Cache\Home\62da13d6a4a39bfa726bf0328a3d140c.php 第 28 行.
NOTIC: [8] Undefined index:  uid D:\Easy2PHP5 build 2\WebSite\data\logs\Cache\Home\62da13d6a4a39bfa726bf0328a3d140c.php 第 28 行.
INFO: Run ParseTemplate Behavior [ RunTime:-0.005595s ]
INFO: [ view_parse ] --END-- [ RunTime:0.021106s ]
INFO: [ view_filter ] --START--
INFO: Run ContentReplace Behavior [ RunTime:-0.026755s ]
INFO: Run TokenBuild Behavior [ RunTime:-0.027390s ]
INFO: Run WriteHtmlCache Behavior [ RunTime:-0.028166s ]
INFO: Run ShowRuntime Behavior [ RunTime:-0.028673s ]
INFO: [ view_filter ] --END-- [ RunTime:0.002643s ]
INFO: [ view_end ] --START--
INFO: Run ShowPageTrace Behavior [ RunTime:-0.029476s ]
INFO: [ view_end ] --END-- [ RunTime:0.000854s ]

[ 2014-03-12T16:58:57+08:00 ] 124.115.105.49 /
INFO: [ app_begin ] --START--
INFO: Run ReadHtmlCache Behavior [ RunTime:0.000532s ]
INFO: [ app_begin ] --END-- [ RunTime:0.000629s ]
INFO: [ view_template ] --START--
INFO: Run LocationTemplate Behavior [ RunTime:-0.003397s ]
INFO: [ view_template ] --END-- [ RunTime:0.000646s ]
INFO: [ view_parse ] --START--
NOTIC: [8] Use of undefined constant uid - assumed 'uid' D:\Easy2PHP5 build 2\WebSite\data\logs\Cache\Home\377f56f2e5ecfd9a39dba2c0f96d64d6.php 第 29 行.
NOTIC: [8] Undefined index:  uid D:\Easy2PHP5 build 2\WebSite\data\logs\Cache\Home\377f56f2e5ecfd9a39dba2c0f96d64d6.php 第 29 行.
INFO: Run ParseTemplate Behavior [ RunTime:-0.004100s ]
INFO: [ view_parse ] --END-- [ RunTime:0.017859s ]
INFO: [ view_filter ] --START--
INFO: Run ContentReplace Behavior [ RunTime:-0.022012s ]
INFO: Run TokenBuild Behavior [ RunTime:-0.022401s ]
INFO: Run WriteHtmlCache Behavior [ RunTime:-0.022847s ]
INFO: Run ShowRuntime Behavior [ RunTime:-0.023107s ]
INFO: [ view_filter ] --END-- [ RunTime:0.001581s ]
INFO: [ view_end ] --START--
INFO: Run ShowPageTrace Behavior [ RunTime:-0.023668s ]
INFO: [ view_end ] --END-- [ RunTime:0.000681s ]

[ 2014-03-12T16:58:59+08:00 ] 119.145.8.98 /index.php?g=Home&m=Index&a=fc
INFO: [ app_begin ] --START--
INFO: Run ReadHtmlCache Behavior [ RunTime:0.000771s ]
INFO: [ app_begin ] --END-- [ RunTime:0.000868s ]
INFO: [ view_template ] --START--
INFO: Run LocationTemplate Behavior [ RunTime:-0.004809s ]
INFO: [ view_template ] --END-- [ RunTime:0.000654s ]
INFO: [ view_parse ] --START--
NOTIC: [8] Use of undefined constant uid - assumed 'uid' D:\Easy2PHP5 build 2\WebSite\data\logs\Cache\Home\9f72c086e7fd28394605e09011795541.php 第 28 行.
NOTIC: [8] Undefined index:  uid D:\Easy2PHP5 build 2\WebSite\data\logs\Cache\Home\9f72c086e7fd28394605e09011795541.php 第 28 行.
INFO: Run ParseTemplate Behavior [ RunTime:-0.005523s ]
INFO: [ view_parse ] --END-- [ RunTime:0.037395s ]
INFO: [ view_filter ] --START--
INFO: Run ContentReplace Behavior [ RunTime:-0.042974s ]
INFO: Run TokenBuild Behavior [ RunTime:-0.043729s ]
INFO: Run WriteHtmlCache Behavior [ RunTime:-0.044650s ]
INFO: Run ShowRuntime Behavior [ RunTime:-0.045162s ]
INFO: [ view_filter ] --END-- [ RunTime:0.002962s ]
INFO: [ view_end ] --START--
INFO: Run ShowPageTrace Behavior [ RunTime:-0.046029s ]
INFO: [ view_end ] --END-- [ RunTime:0.000873s ]

[ 2014-03-12T16:59:02+08:00 ] 119.145.8.98 /index.php?g=Home&m=Index&a=price
INFO: [ app_begin ] --START--
INFO: Run ReadHtmlCache Behavior [ RunTime:0.000772s ]
INFO: [ app_begin ] --END-- [ RunTime:0.000869s ]
INFO: [ view_template ] --START--
INFO: Run LocationTemplate Behavior [ RunTime:-0.004822s ]
INFO: [ view_template ] --END-- [ RunTime:0.000662s ]
INFO: [ view_parse ] --START--
NOTIC: [8] Use of undefined constant uid - assumed 'uid' D:\Easy2PHP5 build 2\WebSite\data\logs\Cache\Home\47ff555cbc6903f06f2ce37c70ce0ec6.php 第 28 行.
NOTIC: [8] Undefined index:  uid D:\Easy2PHP5 build 2\WebSite\data\logs\Cache\Home\47ff555cbc6903f06f2ce37c70ce0ec6.php 第 28 行.
INFO: Run ParseTemplate Behavior [ RunTime:-0.005541s ]
INFO: [ view_parse ] --END-- [ RunTime:0.037636s ]
INFO: [ view_filter ] --START--
INFO: Run ContentReplace Behavior [ RunTime:-0.043233s ]
INFO: Run TokenBuild Behavior [ RunTime:-0.043940s ]
INFO: Run WriteHtmlCache Behavior [ RunTime:-0.044868s ]
INFO: Run ShowRuntime Behavior [ RunTime:-0.045376s ]
INFO: [ view_filter ] --END-- [ RunTime:0.002896s ]
INFO: [ view_end ] --START--
INFO: Run ShowPageTrace Behavior [ RunTime:-0.046217s ]
INFO: [ view_end ] --END-- [ RunTime:0.000865s ]

[ 2014-03-12T17:02:04+08:00 ] 220.181.132.217 /
INFO: [ app_begin ] --START--
INFO: Run ReadHtmlCache Behavior [ RunTime:0.000781s ]
INFO: [ app_begin ] --END-- [ RunTime:0.000880s ]
INFO: [ view_template ] --START--
INFO: Run LocationTemplate Behavior [ RunTime:-0.004738s ]
INFO: [ view_template ] --END-- [ RunTime:0.000924s ]
INFO: [ view_parse ] --START--
NOTIC: [8] Use of undefined constant uid - assumed 'uid' D:\Easy2PHP5 build 2\WebSite\data\logs\Cache\Home\377f56f2e5ecfd9a39dba2c0f96d64d6.php 第 29 行.
NOTIC: [8] Undefined index:  uid D:\Easy2PHP5 build 2\WebSite\data\logs\Cache\Home\377f56f2e5ecfd9a39dba2c0f96d64d6.php 第 29 行.
INFO: Run ParseTemplate Behavior [ RunTime:-0.005720s ]
INFO: [ view_parse ] --END-- [ RunTime:0.025092s ]
INFO: [ view_filter ] --START--
INFO: Run ContentReplace Behavior [ RunTime:-0.030867s ]
INFO: Run TokenBuild Behavior [ RunTime:-0.031529s ]
INFO: Run WriteHtmlCache Behavior [ RunTime:-0.032347s ]
INFO: Run ShowRuntime Behavior [ RunTime:-0.032861s ]
INFO: [ view_filter ] --END-- [ RunTime:0.002732s ]
INFO: [ view_end ] --START--
INFO: Run ShowPageTrace Behavior [ RunTime:-0.033714s ]
INFO: [ view_end ] --END-- [ RunTime:0.001066s ]

[ 2014-03-12T17:02:53+08:00 ] 101.199.108.53 /
INFO: [ app_begin ] --START--
INFO: Run ReadHtmlCache Behavior [ RunTime:0.000525s ]
INFO: [ app_begin ] --END-- [ RunTime:0.000623s ]
INFO: [ view_template ] --START--
INFO: Run LocationTemplate Behavior [ RunTime:-0.003436s ]
INFO: [ view_template ] --END-- [ RunTime:0.000406s ]
INFO: [ view_parse ] --START--
NOTIC: [8] Use of undefined constant uid - assumed 'uid' D:\Easy2PHP5 build 2\WebSite\data\logs\Cache\Home\377f56f2e5ecfd9a39dba2c0f96d64d6.php 第 29 行.
NOTIC: [8] Undefined index:  uid D:\Easy2PHP5 build 2\WebSite\data\logs\Cache\Home\377f56f2e5ecfd9a39dba2c0f96d64d6.php 第 29 行.
INFO: Run ParseTemplate Behavior [ RunTime:-0.003899s ]
INFO: [ view_parse ] --END-- [ RunTime:0.017795s ]
INFO: [ view_filter ] --START--
INFO: Run ContentReplace Behavior [ RunTime:-0.021752s ]
INFO: Run TokenBuild Behavior [ RunTime:-0.022141s ]
INFO: Run WriteHtmlCache Behavior [ RunTime:-0.022614s ]
INFO: Run ShowRuntime Behavior [ RunTime:-0.022874s ]
INFO: [ view_filter ] --END-- [ RunTime:0.001614s ]
INFO: [ view_end ] --START--
INFO: Run ShowPageTrace Behavior [ RunTime:-0.023436s ]
INFO: [ view_end ] --END-- [ RunTime:0.000605s ]

[ 2014-03-12T17:02:57+08:00 ] 119.145.8.98 /index.php?g=Home&m=Index&a=login
INFO: [ app_begin ] --START--
INFO: Run ReadHtmlCache Behavior [ RunTime:0.000533s ]
INFO: [ app_begin ] --END-- [ RunTime:0.000622s ]
INFO: [ view_template ] --START--
INFO: Run LocationTemplate Behavior [ RunTime:-0.003627s ]
INFO: [ view_template ] --END-- [ RunTime:0.000661s ]
INFO: [ view_parse ] --START--
NOTIC: [8] Use of undefined constant uid - assumed 'uid' D:\Easy2PHP5 build 2\WebSite\data\logs\Cache\Home\47f3eb7a4a5c9661138d7d37e96fcc81.php 第 28 行.
NOTIC: [8] Undefined index:  uid D:\Easy2PHP5 build 2\WebSite\data\logs\Cache\Home\47f3eb7a4a5c9661138d7d37e96fcc81.php 第 28 行.
INFO: Run ParseTemplate Behavior [ RunTime:-0.004346s ]
INFO: [ view_parse ] --END-- [ RunTime:0.023054s ]
INFO: [ view_filter ] --START--
INFO: Run ContentReplace Behavior [ RunTime:-0.027454s ]
INFO: Run TokenBuild Behavior [ RunTime:-0.028098s ]
INFO: Run WriteHtmlCache Behavior [ RunTime:-0.028942s ]
INFO: Run ShowRuntime Behavior [ RunTime:-0.029457s ]
INFO: [ view_filter ] --END-- [ RunTime:0.002758s ]
INFO: [ view_end ] --START--
INFO: Run ShowPageTrace Behavior [ RunTime:-0.030291s ]
INFO: [ view_end ] --END-- [ RunTime:0.000863s ]

[ 2014-03-12T17:03:28+08:00 ] 119.145.8.98 /
INFO: [ app_begin ] --START--
INFO: Run ReadHtmlCache Behavior [ RunTime:0.000531s ]
INFO: [ app_begin ] --END-- [ RunTime:0.000628s ]
INFO: [ view_template ] --START--
INFO: Run LocationTemplate Behavior [ RunTime:-0.003204s ]
INFO: [ view_template ] --END-- [ RunTime:0.000639s ]
INFO: [ view_parse ] --START--
NOTIC: [8] Use of undefined constant uid - assumed 'uid' D:\Easy2PHP5 build 2\WebSite\data\logs\Cache\Home\377f56f2e5ecfd9a39dba2c0f96d64d6.php 第 29 行.
NOTIC: [8] Undefined index:  uid D:\Easy2PHP5 build 2\WebSite\data\logs\Cache\Home\377f56f2e5ecfd9a39dba2c0f96d64d6.php 第 29 行.
INFO: Run ParseTemplate Behavior [ RunTime:-0.003901s ]
INFO: [ view_parse ] --END-- [ RunTime:0.017910s ]
INFO: [ view_filter ] --START--
INFO: Run ContentReplace Behavior [ RunTime:-0.021863s ]
INFO: Run TokenBuild Behavior [ RunTime:-0.022253s ]
INFO: Run WriteHtmlCache Behavior [ RunTime:-0.022699s ]
INFO: Run ShowRuntime Behavior [ RunTime:-0.022957s ]
INFO: [ view_filter ] --END-- [ RunTime:0.001577s ]
INFO: [ view_end ] --START--
INFO: Run ShowPageTrace Behavior [ RunTime:-0.023516s ]
INFO: [ view_end ] --END-- [ RunTime:0.000605s ]

[ 2014-03-12T17:03:39+08:00 ] 119.145.8.98 /index.php?g=Home&m=Index&a=fc
INFO: [ app_begin ] --START--
INFO: Run ReadHtmlCache Behavior [ RunTime:0.000607s ]
INFO: [ app_begin ] --END-- [ RunTime:0.000705s ]
INFO: [ view_template ] --START--
INFO: Run LocationTemplate Behavior [ RunTime:-0.004034s ]
INFO: [ view_template ] --END-- [ RunTime:0.000507s ]
INFO: [ view_parse ] --START--
NOTIC: [8] Use of undefined constant uid - assumed 'uid' D:\Easy2PHP5 build 2\WebSite\data\logs\Cache\Home\9f72c086e7fd28394605e09011795541.php 第 28 行.
NOTIC: [8] Undefined index:  uid D:\Easy2PHP5 build 2\WebSite\data\logs\Cache\Home\9f72c086e7fd28394605e09011795541.php 第 28 行.
INFO: Run ParseTemplate Behavior [ RunTime:-0.004577s ]
INFO: [ view_parse ] --END-- [ RunTime:0.032682s ]
INFO: [ view_filter ] --START--
INFO: Run ContentReplace Behavior [ RunTime:-0.037315s ]
INFO: Run TokenBuild Behavior [ RunTime:-0.037886s ]
INFO: Run WriteHtmlCache Behavior [ RunTime:-0.038443s ]
INFO: Run ShowRuntime Behavior [ RunTime:-0.038707s ]
INFO: [ view_filter ] --END-- [ RunTime:0.001925s ]
INFO: [ view_end ] --START--
INFO: Run ShowPageTrace Behavior [ RunTime:-0.039334s ]
INFO: [ view_end ] --END-- [ RunTime:0.000621s ]

[ 2014-03-12T17:03:40+08:00 ] 119.145.8.98 /index.php?g=Home&m=Index&a=about
INFO: [ app_begin ] --START--
INFO: Run ReadHtmlCache Behavior [ RunTime:0.000793s ]
INFO: [ app_begin ] --END-- [ RunTime:0.000892s ]
INFO: [ view_template ] --START--
INFO: Run LocationTemplate Behavior [ RunTime:-0.004942s ]
INFO: [ view_template ] --END-- [ RunTime:0.000666s ]
INFO: [ view_parse ] --START--
NOTIC: [8] Use of undefined constant uid - assumed 'uid' D:\Easy2PHP5 build 2\WebSite\data\logs\Cache\Home\62da13d6a4a39bfa726bf0328a3d140c.php 第 28 行.
NOTIC: [8] Undefined index:  uid D:\Easy2PHP5 build 2\WebSite\data\logs\Cache\Home\62da13d6a4a39bfa726bf0328a3d140c.php 第 28 行.
INFO: Run ParseTemplate Behavior [ RunTime:-0.005671s ]
INFO: [ view_parse ] --END-- [ RunTime:0.021244s ]
INFO: [ view_filter ] --START--
INFO: Run ContentReplace Behavior [ RunTime:-0.026968s ]
INFO: Run TokenBuild Behavior [ RunTime:-0.027600s ]
INFO: Run WriteHtmlCache Behavior [ RunTime:-0.028377s ]
INFO: Run ShowRuntime Behavior [ RunTime:-0.028886s ]
INFO: [ view_filter ] --END-- [ RunTime:0.002649s ]
INFO: [ view_end ] --START--
INFO: Run ShowPageTrace Behavior [ RunTime:-0.029697s ]
INFO: [ view_end ] --END-- [ RunTime:0.000864s ]

[ 2014-03-12T17:04:52+08:00 ] 119.145.8.98 /index.php?g=Home&m=Index&a=price
INFO: [ app_begin ] --START--
INFO: Run ReadHtmlCache Behavior [ RunTime:0.000528s ]
INFO: [ app_begin ] --END-- [ RunTime:0.000624s ]
INFO: [ view_template ] --START--
INFO: Run LocationTemplate Behavior [ RunTime:-0.003454s ]
INFO: [ view_template ] --END-- [ RunTime:0.000527s ]
INFO: [ view_parse ] --START--
NOTIC: [8] Use of undefined constant uid - assumed 'uid' D:\Easy2PHP5 build 2\WebSite\data\logs\Cache\Home\47ff555cbc6903f06f2ce37c70ce0ec6.php 第 28 行.
NOTIC: [8] Undefined index:  uid D:\Easy2PHP5 build 2\WebSite\data\logs\Cache\Home\47ff555cbc6903f06f2ce37c70ce0ec6.php 第 28 行.
INFO: Run ParseTemplate Behavior [ RunTime:-0.004038s ]
INFO: [ view_parse ] --END-- [ RunTime:0.032172s ]
INFO: [ view_filter ] --START--
INFO: Run ContentReplace Behavior [ RunTime:-0.036280s ]
INFO: Run TokenBuild Behavior [ RunTime:-0.036764s ]
INFO: Run WriteHtmlCache Behavior [ RunTime:-0.037342s ]
INFO: Run ShowRuntime Behavior [ RunTime:-0.037608s ]
INFO: [ view_filter ] --END-- [ RunTime:0.001841s ]
INFO: [ view_end ] --START--
INFO: Run ShowPageTrace Behavior [ RunTime:-0.038214s ]
INFO: [ view_end ] --END-- [ RunTime:0.000617s ]

[ 2014-03-12T17:04:52+08:00 ] 119.145.8.98 /index.php?g=Home&m=Index&a=login
INFO: [ app_begin ] --START--
INFO: Run ReadHtmlCache Behavior [ RunTime:0.000525s ]
INFO: [ app_begin ] --END-- [ RunTime:0.000616s ]
INFO: [ view_template ] --START--
INFO: Run LocationTemplate Behavior [ RunTime:-0.003166s ]
INFO: [ view_template ] --END-- [ RunTime:0.000422s ]
INFO: [ view_parse ] --START--
NOTIC: [8] Use of undefined constant uid - assumed 'uid' D:\Easy2PHP5 build 2\WebSite\data\logs\Cache\Home\47f3eb7a4a5c9661138d7d37e96fcc81.php 第 28 行.
NOTIC: [8] Undefined index:  uid D:\Easy2PHP5 build 2\WebSite\data\logs\Cache\Home\47f3eb7a4a5c9661138d7d37e96fcc81.php 第 28 行.
INFO: Run ParseTemplate Behavior [ RunTime:-0.003643s ]
INFO: [ view_parse ] --END-- [ RunTime:0.015846s ]
INFO: [ view_filter ] --START--
INFO: Run ContentReplace Behavior [ RunTime:-0.019545s ]
INFO: Run TokenBuild Behavior [ RunTime:-0.019927s ]
INFO: Run WriteHtmlCache Behavior [ RunTime:-0.020375s ]
INFO: Run ShowRuntime Behavior [ RunTime:-0.020633s ]
INFO: [ view_filter ] --END-- [ RunTime:0.001582s ]
INFO: [ view_end ] --START--
INFO: Run ShowPageTrace Behavior [ RunTime:-0.021205s ]
INFO: [ view_end ] --END-- [ RunTime:0.000636s ]

[ 2014-03-12T17:04:57+08:00 ] 119.145.8.98 /index.php?g=Home&m=Index&a=help
INFO: [ app_begin ] --START--
INFO: Run ReadHtmlCache Behavior [ RunTime:0.000534s ]
INFO: [ app_begin ] --END-- [ RunTime:0.000631s ]
INFO: [ view_template ] --START--
INFO: Run LocationTemplate Behavior [ RunTime:-0.003544s ]
INFO: [ view_template ] --END-- [ RunTime:0.000724s ]
INFO: [ view_parse ] --START--
NOTIC: [8] Use of undefined constant uid - assumed 'uid' D:\Easy2PHP5 build 2\WebSite\data\logs\Cache\Home\1923ca92b2cbd35b9267c9fc28129f20.php 第 31 行.
NOTIC: [8] Undefined index:  uid D:\Easy2PHP5 build 2\WebSite\data\logs\Cache\Home\1923ca92b2cbd35b9267c9fc28129f20.php 第 31 行.
NOTIC: [8] Undefined index:  token D:\Easy2PHP5 build 2\WebSite\data\logs\Cache\Home\1923ca92b2cbd35b9267c9fc28129f20.php 第 147 行.
NOTIC: [8] Undefined index:  token D:\Easy2PHP5 build 2\WebSite\data\logs\Cache\Home\1923ca92b2cbd35b9267c9fc28129f20.php 第 174 行.
NOTIC: [8] Undefined index:  token D:\Easy2PHP5 build 2\WebSite\data\logs\Cache\Home\1923ca92b2cbd35b9267c9fc28129f20.php 第 178 行.
INFO: Run ParseTemplate Behavior [ RunTime:-0.004320s ]
INFO: [ view_parse ] --END-- [ RunTime:0.017629s ]
INFO: [ view_filter ] --START--
INFO: Run ContentReplace Behavior [ RunTime:-0.022002s ]
INFO: Run TokenBuild Behavior [ RunTime:-0.022381s ]
INFO: Run WriteHtmlCache Behavior [ RunTime:-0.022842s ]
INFO: Run ShowRuntime Behavior [ RunTime:-0.023106s ]
INFO: [ view_filter ] --END-- [ RunTime:0.001603s ]
INFO: [ view_end ] --START--
INFO: Run ShowPageTrace Behavior [ RunTime:-0.023680s ]
INFO: [ view_end ] --END-- [ RunTime:0.000609s ]

[ 2014-03-12T17:04:58+08:00 ] 119.145.8.98 /
INFO: [ app_begin ] --START--
INFO: Run ReadHtmlCache Behavior [ RunTime:0.000533s ]
INFO: [ app_begin ] --END-- [ RunTime:0.000631s ]
INFO: [ view_template ] --START--
INFO: Run LocationTemplate Behavior [ RunTime:-0.003166s ]
INFO: [ view_template ] --END-- [ RunTime:0.000637s ]
INFO: [ view_parse ] --START--
NOTIC: [8] Use of undefined constant uid - assumed 'uid' D:\Easy2PHP5 build 2\WebSite\data\logs\Cache\Home\377f56f2e5ecfd9a39dba2c0f96d64d6.php 第 29 行.
NOTIC: [8] Undefined index:  uid D:\Easy2PHP5 build 2\WebSite\data\logs\Cache\Home\377f56f2e5ecfd9a39dba2c0f96d64d6.php 第 29 行.
INFO: Run ParseTemplate Behavior [ RunTime:-0.003861s ]
INFO: [ view_parse ] --END-- [ RunTime:0.018104s ]
INFO: [ view_filter ] --START--
INFO: Run ContentReplace Behavior [ RunTime:-0.022019s ]
INFO: Run TokenBuild Behavior [ RunTime:-0.022407s ]
INFO: Run WriteHtmlCache Behavior [ RunTime:-0.022907s ]
INFO: Run ShowRuntime Behavior [ RunTime:-0.023169s ]
INFO: [ view_filter ] --END-- [ RunTime:0.001637s ]
INFO: [ view_end ] --START--
INFO: Run ShowPageTrace Behavior [ RunTime:-0.023733s ]
INFO: [ view_end ] --END-- [ RunTime:0.000615s ]

[ 2014-03-12T17:16:30+08:00 ] 119.144.169.180 /index.php?g=Wap&m=Lottery&a=index&type=1&token=coslsg1394338022&id=9&wecha_id=o_93gjntAEyrIVzSgkr_fwBl-bLc
INFO: [ app_begin ] --START--
INFO: Run ReadHtmlCache Behavior [ RunTime:0.000532s ]
INFO: [ app_begin ] --END-- [ RunTime:0.000629s ]
SQL: SHOW COLUMNS FROM `wx_lottery_record` [ RunTime:0.001084s ]
SQL: SELECT * FROM `wx_lottery_record` WHERE ( `token` = 'coslsg1394338022' ) AND ( `wecha_id` = 'o_93gjntAEyrIVzSgkr_fwBl-bLc' ) AND ( `lid` = 9 ) LIMIT 1   [ RunTime:0.000319s ]
SQL: SHOW COLUMNS FROM `wx_lottery` [ RunTime:0.000999s ]
SQL: SELECT * FROM `wx_lottery` WHERE ( `id` = 9 ) AND ( `token` = 'coslsg1394338022' ) AND ( `type` = 1 ) AND ( `status` = 1 ) LIMIT 1   [ RunTime:0.000163s ]
NOTIC: [2] mysql_num_rows(): supplied argument is not a valid MySQL result resource D:\Easy2PHP5 build 2\WebSite\Core\Lib\Action\Wap\LotteryAction.class.php 第 46 行.
INFO: [ view_template ] --START--
INFO: Run LocationTemplate Behavior [ RunTime:-0.017957s ]
INFO: [ view_template ] --END-- [ RunTime:0.001016s ]
INFO: [ view_parse ] --START--
NOTIC: [8] Undefined index:  end D:\Easy2PHP5 build 2\WebSite\data\logs\Cache\Wap\74a52499e3f88f8d133de0ea61322254.php 第 66 行.
NOTIC: [8] Undefined index:  end D:\Easy2PHP5 build 2\WebSite\data\logs\Cache\Wap\74a52499e3f88f8d133de0ea61322254.php 第 111 行.
INFO: Run ParseTemplate Behavior [ RunTime:-0.019030s ]
INFO: [ view_parse ] --END-- [ RunTime:0.016125s ]
INFO: [ view_filter ] --START--
INFO: Run ContentReplace Behavior [ RunTime:-0.035210s ]
INFO: Run TokenBuild Behavior [ RunTime:-0.035842s ]
INFO: Run WriteHtmlCache Behavior [ RunTime:-0.036507s ]
INFO: Run ShowRuntime Behavior [ RunTime:-0.037018s ]
INFO: [ view_filter ] --END-- [ RunTime:0.002546s ]
INFO: [ view_end ] --START--
INFO: Run ShowPageTrace Behavior [ RunTime:-0.037833s ]
INFO: [ view_end ] --END-- [ RunTime:0.000870s ]

[ 2014-03-12T17:17:50+08:00 ] 119.144.169.180 /index.php?g=Wap&m=Index&a=index&token=coslsg1394338022&wecha_id=o_93gjntAEyrIVzSgkr_fwBl-bLc
INFO: [ app_begin ] --START--
INFO: Run ReadHtmlCache Behavior [ RunTime:0.000531s ]
INFO: [ app_begin ] --END-- [ RunTime:0.000629s ]
SQL: SHOW COLUMNS FROM `wx_wxuser` [ RunTime:0.001148s ]
SQL: SELECT * FROM `wx_wxuser` WHERE ( `token` = 'coslsg1394338022' ) LIMIT 1   [ RunTime:0.000167s ]
SQL: SHOW COLUMNS FROM `wx_classify` [ RunTime:0.000858s ]
SQL: SELECT * FROM `wx_classify` WHERE ( `token` = 'coslsg1394338022' ) AND ( `status` = 1 ) ORDER BY sorts desc  [ RunTime:0.000138s ]
SQL: SHOW COLUMNS FROM `wx_users` [ RunTime:0.000768s ]
SQL: SELECT `gid` FROM `wx_users` WHERE ( `id` = 21 ) LIMIT 1   [ RunTime:0.000218s ]
SQL: SHOW COLUMNS FROM `wx_user_group` [ RunTime:0.000710s ]
SQL: SELECT `iscopyright` FROM `wx_user_group` WHERE ( `id` = 7 ) LIMIT 1   [ RunTime:0.000136s ]
SQL: SHOW COLUMNS FROM `wx_company` [ RunTime:0.000892s ]
SQL: SELECT * FROM `wx_company` WHERE ( `token` = 'coslsg1394338022' ) AND ( `isbranch` = 0 ) LIMIT 1   [ RunTime:0.000144s ]
SQL: SHOW COLUMNS FROM `wx_home` [ RunTime:0.000789s ]
SQL: SELECT * FROM `wx_home` WHERE ( `token` = 'coslsg1394338022' )  [ RunTime:0.000131s ]
SQL: SHOW COLUMNS FROM `wx_menuplus` [ RunTime:0.001362s ]
SQL: SELECT * FROM `wx_menuplus` WHERE ( `token` = 'coslsg1394338022' )  [ RunTime:0.000175s ]
SQL: SHOW COLUMNS FROM `wx_user_group` [ RunTime:0.000702s ]
SQL: SELECT * FROM `wx_user_group` WHERE ( `id` = null ) LIMIT 1   [ RunTime:0.000139s ]
SQL: SHOW COLUMNS FROM `wx_flash` [ RunTime:0.000786s ]
SQL: SELECT * FROM `wx_flash` WHERE ( `token` = 'coslsg1394338022' )  [ RunTime:0.000131s ]
INFO: [ view_template ] --START--
INFO: Run LocationTemplate Behavior [ RunTime:-0.029774s ]
INFO: [ view_template ] --END-- [ RunTime:0.000910s ]
INFO: [ view_parse ] --START--
NOTIC: [8] Undefined variable: siteCopyright D:\Easy2PHP5 build 2\WebSite\data\logs\Cache\Wap\72f6ffc8ea4fc8b8103f470579c9374c.php 第 150 行.
INFO: Run ParseTemplate Behavior [ RunTime:-0.030746s ]
INFO: [ view_parse ] --END-- [ RunTime:0.014554s ]
INFO: [ view_filter ] --START--
INFO: Run ContentReplace Behavior [ RunTime:-0.045359s ]
INFO: Run TokenBuild Behavior [ RunTime:-0.045740s ]
INFO: Run WriteHtmlCache Behavior [ RunTime:-0.046185s ]
INFO: Run ShowRuntime Behavior [ RunTime:-0.046448s ]
INFO: [ view_filter ] --END-- [ RunTime:0.001585s ]
INFO: [ view_end ] --START--
INFO: Run ShowPageTrace Behavior [ RunTime:-0.047019s ]
INFO: [ view_end ] --END-- [ RunTime:0.000610s ]

[ 2014-03-12T17:28:57+08:00 ] 112.65.193.13 /
INFO: [ app_begin ] --START--
INFO: Run ReadHtmlCache Behavior [ RunTime:0.000780s ]
INFO: [ app_begin ] --END-- [ RunTime:0.000878s ]
INFO: [ view_template ] --START--
INFO: Run LocationTemplate Behavior [ RunTime:-0.004726s ]
INFO: [ view_template ] --END-- [ RunTime:0.000884s ]
INFO: [ view_parse ] --START--
NOTIC: [8] Use of undefined constant uid - assumed 'uid' D:\Easy2PHP5 build 2\WebSite\data\logs\Cache\Home\377f56f2e5ecfd9a39dba2c0f96d64d6.php 第 29 行.
NOTIC: [8] Undefined index:  uid D:\Easy2PHP5 build 2\WebSite\data\logs\Cache\Home\377f56f2e5ecfd9a39dba2c0f96d64d6.php 第 29 行.
INFO: Run ParseTemplate Behavior [ RunTime:-0.005668s ]
INFO: [ view_parse ] --END-- [ RunTime:0.025164s ]
INFO: [ view_filter ] --START--
INFO: Run ContentReplace Behavior [ RunTime:-0.030888s ]
INFO: Run TokenBuild Behavior [ RunTime:-0.031545s ]
INFO: Run WriteHtmlCache Behavior [ RunTime:-0.032358s ]
INFO: Run ShowRuntime Behavior [ RunTime:-0.032876s ]
INFO: [ view_filter ] --END-- [ RunTime:0.002722s ]
INFO: [ view_end ] --START--
INFO: Run ShowPageTrace Behavior [ RunTime:-0.033689s ]
INFO: [ view_end ] --END-- [ RunTime:0.000859s ]

[ 2014-03-12T19:55:21+08:00 ] 183.60.48.110 /
INFO: [ app_begin ] --START--
INFO: Run ReadHtmlCache Behavior [ RunTime:0.000777s ]
INFO: [ app_begin ] --END-- [ RunTime:0.000874s ]
INFO: [ view_template ] --START--
INFO: Run LocationTemplate Behavior [ RunTime:-0.004495s ]
INFO: [ view_template ] --END-- [ RunTime:0.000899s ]
INFO: [ view_parse ] --START--
NOTIC: [8] Use of undefined constant uid - assumed 'uid' D:\Easy2PHP5 build 2\WebSite\data\logs\Cache\Home\377f56f2e5ecfd9a39dba2c0f96d64d6.php 第 29 行.
NOTIC: [8] Undefined index:  uid D:\Easy2PHP5 build 2\WebSite\data\logs\Cache\Home\377f56f2e5ecfd9a39dba2c0f96d64d6.php 第 29 行.
INFO: Run ParseTemplate Behavior [ RunTime:-0.005441s ]
INFO: [ view_parse ] --END-- [ RunTime:0.019482s ]
INFO: [ view_filter ] --START--
INFO: Run ContentReplace Behavior [ RunTime:-0.024979s ]
INFO: Run TokenBuild Behavior [ RunTime:-0.025620s ]
INFO: Run WriteHtmlCache Behavior [ RunTime:-0.026316s ]
INFO: Run ShowRuntime Behavior [ RunTime:-0.026825s ]
INFO: [ view_filter ] --END-- [ RunTime:0.002580s ]
INFO: [ view_end ] --START--
INFO: Run ShowPageTrace Behavior [ RunTime:-0.027637s ]
INFO: [ view_end ] --END-- [ RunTime:0.000857s ]

[ 2014-03-12T20:00:20+08:00 ] 123.125.232.11 /
INFO: [ app_begin ] --START--
INFO: Run ReadHtmlCache Behavior [ RunTime:0.000784s ]
INFO: [ app_begin ] --END-- [ RunTime:0.000884s ]
NOTIC: [8] Undefined index:  HTTP_HOST D:\Easy2PHP5 build 2\WebSite\Core\_Core\Lib\Core\Action.class.php 第 344 行.
NOTIC: [8] Undefined index:  1 D:\Easy2PHP5 build 2\WebSite\Core\_Core\Lib\Core\Action.class.php 第 57 行.
NOTIC: [8] Undefined index:  HTTP_HOST D:\Easy2PHP5 build 2\WebSite\Core\_Core\Common\common.php 第 261 行.
NOTIC: [8] Undefined index:  1 D:\Easy2PHP5 build 2\WebSite\Core\_Core\Lib\Core\View.class.php 第 70 行.
INFO: [ view_template ] --START--
INFO: Run LocationTemplate Behavior [ RunTime:-0.004620s ]
INFO: [ view_template ] --END-- [ RunTime:0.000914s ]
INFO: [ view_parse ] --START--
NOTIC: [8] Use of undefined constant uid - assumed 'uid' D:\Easy2PHP5 build 2\WebSite\data\logs\Cache\Home\377f56f2e5ecfd9a39dba2c0f96d64d6.php 第 29 行.
NOTIC: [8] Undefined index:  uid D:\Easy2PHP5 build 2\WebSite\data\logs\Cache\Home\377f56f2e5ecfd9a39dba2c0f96d64d6.php 第 29 行.
INFO: Run ParseTemplate Behavior [ RunTime:-0.005603s ]
INFO: [ view_parse ] --END-- [ RunTime:0.020006s ]
INFO: [ view_filter ] --START--
INFO: Run ContentReplace Behavior [ RunTime:-0.025666s ]
INFO: Run TokenBuild Behavior [ RunTime:-0.026338s ]
INFO: Run WriteHtmlCache Behavior [ RunTime:-0.027080s ]
INFO: Run ShowRuntime Behavior [ RunTime:-0.027601s ]
INFO: [ view_filter ] --END-- [ RunTime:0.002698s ]
INFO: [ view_end ] --START--
INFO: Run ShowPageTrace Behavior [ RunTime:-0.028443s ]
INFO: [ view_end ] --END-- [ RunTime:0.000893s ]

[ 2014-03-12T21:27:22+08:00 ] 220.165.8.137 /
INFO: [ app_begin ] --START--
INFO: Run ReadHtmlCache Behavior [ RunTime:0.001046s ]
INFO: [ app_begin ] --END-- [ RunTime:0.001181s ]
NOTIC: [8] Undefined index:  HTTP_HOST D:\Easy2PHP5 build 2\WebSite\Core\_Core\Lib\Core\Action.class.php 第 344 行.
NOTIC: [8] Undefined index:  1 D:\Easy2PHP5 build 2\WebSite\Core\_Core\Lib\Core\Action.class.php 第 57 行.
NOTIC: [8] Undefined index:  HTTP_HOST D:\Easy2PHP5 build 2\WebSite\Core\_Core\Common\common.php 第 261 行.
NOTIC: [8] Undefined index:  1 D:\Easy2PHP5 build 2\WebSite\Core\_Core\Lib\Core\View.class.php 第 70 行.
INFO: [ view_template ] --START--
INFO: Run LocationTemplate Behavior [ RunTime:-0.005024s ]
INFO: [ view_template ] --END-- [ RunTime:0.000883s ]
INFO: [ view_parse ] --START--
NOTIC: [8] Use of undefined constant uid - assumed 'uid' D:\Easy2PHP5 build 2\WebSite\data\logs\Cache\Home\377f56f2e5ecfd9a39dba2c0f96d64d6.php 第 29 行.
NOTIC: [8] Undefined index:  uid D:\Easy2PHP5 build 2\WebSite\data\logs\Cache\Home\377f56f2e5ecfd9a39dba2c0f96d64d6.php 第 29 行.
INFO: Run ParseTemplate Behavior [ RunTime:-0.005971s ]
INFO: [ view_parse ] --END-- [ RunTime:0.019497s ]
INFO: [ view_filter ] --START--
INFO: Run ContentReplace Behavior [ RunTime:-0.025523s ]
INFO: Run TokenBuild Behavior [ RunTime:-0.026165s ]
INFO: Run WriteHtmlCache Behavior [ RunTime:-0.026872s ]
INFO: Run ShowRuntime Behavior [ RunTime:-0.027382s ]
INFO: [ view_filter ] --END-- [ RunTime:0.002597s ]
INFO: [ view_end ] --START--
INFO: Run ShowPageTrace Behavior [ RunTime:-0.028201s ]
INFO: [ view_end ] --END-- [ RunTime:0.000864s ]

[ 2014-03-12T21:46:03+08:00 ] 97.66.248.55 
INFO: [ app_begin ] --START--
INFO: Run ReadHtmlCache Behavior [ RunTime:0.001173s ]
INFO: [ app_begin ] --END-- [ RunTime:0.001320s ]
NOTIC: [8] Undefined index:  HTTP_HOST D:\Easy2PHP5 build 2\WebSite\Core\_Core\Lib\Core\Action.class.php 第 344 行.
NOTIC: [8] Undefined index:  1 D:\Easy2PHP5 build 2\WebSite\Core\_Core\Lib\Core\Action.class.php 第 57 行.
NOTIC: [8] Undefined index:  HTTP_HOST D:\Easy2PHP5 build 2\WebSite\Core\_Core\Common\common.php 第 261 行.
NOTIC: [8] Undefined index:  1 D:\Easy2PHP5 build 2\WebSite\Core\_Core\Lib\Core\View.class.php 第 70 行.
INFO: [ view_template ] --START--
INFO: Run LocationTemplate Behavior [ RunTime:-0.005765s ]
INFO: [ view_template ] --END-- [ RunTime:0.000894s ]
INFO: [ view_parse ] --START--
NOTIC: [8] Use of undefined constant uid - assumed 'uid' D:\Easy2PHP5 build 2\WebSite\data\logs\Cache\Home\377f56f2e5ecfd9a39dba2c0f96d64d6.php 第 29 行.
NOTIC: [8] Undefined index:  uid D:\Easy2PHP5 build 2\WebSite\data\logs\Cache\Home\377f56f2e5ecfd9a39dba2c0f96d64d6.php 第 29 行.
INFO: Run ParseTemplate Behavior [ RunTime:-0.006727s ]
INFO: [ view_parse ] --END-- [ RunTime:0.022290s ]
INFO: [ view_filter ] --START--
INFO: Run ContentReplace Behavior [ RunTime:-0.029083s ]
INFO: Run TokenBuild Behavior [ RunTime:-0.029778s ]
INFO: Run WriteHtmlCache Behavior [ RunTime:-0.030476s ]
INFO: Run ShowRuntime Behavior [ RunTime:-0.030987s ]
INFO: [ view_filter ] --END-- [ RunTime:0.002677s ]
INFO: [ view_end ] --START--
INFO: Run ShowPageTrace Behavior [ RunTime:-0.031842s ]
INFO: [ view_end ] --END-- [ RunTime:0.000882s ]

[ 2014-03-12T23:01:54+08:00 ] 54.80.29.232 /
INFO: [ app_begin ] --START--
INFO: Run ReadHtmlCache Behavior [ RunTime:0.000774s ]
INFO: [ app_begin ] --END-- [ RunTime:0.000873s ]
NOTIC: [8] Undefined index:  HTTP_HOST D:\Easy2PHP5 build 2\WebSite\Core\_Core\Lib\Core\Action.class.php 第 344 行.
NOTIC: [8] Undefined index:  1 D:\Easy2PHP5 build 2\WebSite\Core\_Core\Lib\Core\Action.class.php 第 57 行.
NOTIC: [8] Undefined index:  HTTP_HOST D:\Easy2PHP5 build 2\WebSite\Core\_Core\Common\common.php 第 261 行.
NOTIC: [8] Undefined index:  1 D:\Easy2PHP5 build 2\WebSite\Core\_Core\Lib\Core\View.class.php 第 70 行.
INFO: [ view_template ] --START--
INFO: Run LocationTemplate Behavior [ RunTime:-0.013639s ]
INFO: [ view_template ] --END-- [ RunTime:0.000917s ]
INFO: [ view_parse ] --START--
NOTIC: [8] Use of undefined constant uid - assumed 'uid' D:\Easy2PHP5 build 2\WebSite\data\logs\Cache\Home\377f56f2e5ecfd9a39dba2c0f96d64d6.php 第 29 行.
NOTIC: [8] Undefined index:  uid D:\Easy2PHP5 build 2\WebSite\data\logs\Cache\Home\377f56f2e5ecfd9a39dba2c0f96d64d6.php 第 29 行.
INFO: Run ParseTemplate Behavior [ RunTime:-0.014624s ]
INFO: [ view_parse ] --END-- [ RunTime:0.019586s ]
INFO: [ view_filter ] --START--
INFO: Run ContentReplace Behavior [ RunTime:-0.034268s ]
INFO: Run TokenBuild Behavior [ RunTime:-0.034928s ]
INFO: Run WriteHtmlCache Behavior [ RunTime:-0.035634s ]
INFO: Run ShowRuntime Behavior [ RunTime:-0.036158s ]
INFO: [ view_filter ] --END-- [ RunTime:0.002655s ]
INFO: [ view_end ] --START--
INFO: Run ShowPageTrace Behavior [ RunTime:-0.036996s ]
INFO: [ view_end ] --END-- [ RunTime:0.000898s ]

