[ 2014-03-14T03:12:16+08:00 ] 198.20.69.98 /
INFO: [ app_begin ] --START--
INFO: Run ReadHtmlCache Behavior [ RunTime:0.000784s ]
INFO: [ app_begin ] --END-- [ RunTime:0.000881s ]
INFO: [ view_template ] --START--
INFO: Run LocationTemplate Behavior [ RunTime:-0.004605s ]
INFO: [ view_template ] --END-- [ RunTime:0.000891s ]
INFO: [ view_parse ] --START--
NOTIC: [8] Use of undefined constant uid - assumed 'uid' D:\Easy2PHP5 build 2\WebSite\data\logs\Cache\Home\377f56f2e5ecfd9a39dba2c0f96d64d6.php 第 29 行.
NOTIC: [8] Undefined index:  uid D:\Easy2PHP5 build 2\WebSite\data\logs\Cache\Home\377f56f2e5ecfd9a39dba2c0f96d64d6.php 第 29 行.
INFO: Run ParseTemplate Behavior [ RunTime:-0.005554s ]
INFO: [ view_parse ] --END-- [ RunTime:0.024627s ]
INFO: [ view_filter ] --START--
INFO: Run ContentReplace Behavior [ RunTime:-0.030235s ]
INFO: Run TokenBuild Behavior [ RunTime:-0.030877s ]
INFO: Run WriteHtmlCache Behavior [ RunTime:-0.031626s ]
INFO: Run ShowRuntime Behavior [ RunTime:-0.032133s ]
INFO: [ view_filter ] --END-- [ RunTime:0.002633s ]
INFO: [ view_end ] --START--
INFO: Run ShowPageTrace Behavior [ RunTime:-0.032946s ]
INFO: [ view_end ] --END-- [ RunTime:0.000864s ]

[ 2014-03-14T13:16:44+08:00 ] 212.29.131.47 /
INFO: [ app_begin ] --START--
INFO: Run ReadHtmlCache Behavior [ RunTime:0.000872s ]
INFO: [ app_begin ] --END-- [ RunTime:0.000977s ]
NOTIC: [8] Undefined index:  HTTP_HOST D:\Easy2PHP5 build 2\WebSite\Core\_Core\Lib\Core\Action.class.php 第 344 行.
NOTIC: [8] Undefined index:  1 D:\Easy2PHP5 build 2\WebSite\Core\_Core\Lib\Core\Action.class.php 第 57 行.
NOTIC: [8] Undefined index:  HTTP_HOST D:\Easy2PHP5 build 2\WebSite\Core\_Core\Common\common.php 第 261 行.
NOTIC: [8] Undefined index:  1 D:\Easy2PHP5 build 2\WebSite\Core\_Core\Lib\Core\View.class.php 第 70 行.
INFO: [ view_template ] --START--
INFO: Run LocationTemplate Behavior [ RunTime:-0.005002s ]
INFO: [ view_template ] --END-- [ RunTime:0.001150s ]
INFO: [ view_parse ] --START--
NOTIC: [8] Use of undefined constant uid - assumed 'uid' D:\Easy2PHP5 build 2\WebSite\data\logs\Cache\Home\377f56f2e5ecfd9a39dba2c0f96d64d6.php 第 29 行.
NOTIC: [8] Undefined index:  uid D:\Easy2PHP5 build 2\WebSite\data\logs\Cache\Home\377f56f2e5ecfd9a39dba2c0f96d64d6.php 第 29 行.
INFO: Run ParseTemplate Behavior [ RunTime:-0.006222s ]
INFO: [ view_parse ] --END-- [ RunTime:0.025255s ]
INFO: [ view_filter ] --START--
INFO: Run ContentReplace Behavior [ RunTime:-0.031532s ]
INFO: Run TokenBuild Behavior [ RunTime:-0.032184s ]
INFO: Run WriteHtmlCache Behavior [ RunTime:-0.032939s ]
INFO: Run ShowRuntime Behavior [ RunTime:-0.033449s ]
INFO: [ view_filter ] --END-- [ RunTime:0.002656s ]
INFO: [ view_end ] --START--
INFO: Run ShowPageTrace Behavior [ RunTime:-0.034266s ]
INFO: [ view_end ] --END-- [ RunTime:0.000866s ]

[ 2014-03-14T13:26:13+08:00 ] 218.6.198.251 /index.php?g=Wap&m=Index&a=index&token=coslsg1394338022&wecha_id=o_93gjonu6O-Acn9gbztYf5JivR4
INFO: [ app_begin ] --START--
INFO: Run ReadHtmlCache Behavior [ RunTime:0.000799s ]
INFO: [ app_begin ] --END-- [ RunTime:0.000901s ]
SQL: SHOW COLUMNS FROM `wx_wxuser` [ RunTime:0.001410s ]
SQL: SELECT * FROM `wx_wxuser` WHERE ( `token` = 'coslsg1394338022' ) LIMIT 1   [ RunTime:0.000171s ]
SQL: SHOW COLUMNS FROM `wx_classify` [ RunTime:0.000820s ]
SQL: SELECT * FROM `wx_classify` WHERE ( `token` = 'coslsg1394338022' ) AND ( `status` = 1 ) ORDER BY sorts desc  [ RunTime:0.000141s ]
SQL: SHOW COLUMNS FROM `wx_users` [ RunTime:0.000947s ]
SQL: SELECT `gid` FROM `wx_users` WHERE ( `id` = 21 ) LIMIT 1   [ RunTime:0.000131s ]
SQL: SHOW COLUMNS FROM `wx_user_group` [ RunTime:0.000882s ]
SQL: SELECT `iscopyright` FROM `wx_user_group` WHERE ( `id` = 7 ) LIMIT 1   [ RunTime:0.000136s ]
SQL: SHOW COLUMNS FROM `wx_company` [ RunTime:0.001141s ]
SQL: SELECT * FROM `wx_company` WHERE ( `token` = 'coslsg1394338022' ) AND ( `isbranch` = 0 ) LIMIT 1   [ RunTime:0.000144s ]
SQL: SHOW COLUMNS FROM `wx_home` [ RunTime:0.000788s ]
SQL: SELECT * FROM `wx_home` WHERE ( `token` = 'coslsg1394338022' )  [ RunTime:0.000136s ]
SQL: SHOW COLUMNS FROM `wx_menuplus` [ RunTime:0.001346s ]
SQL: SELECT * FROM `wx_menuplus` WHERE ( `token` = 'coslsg1394338022' )  [ RunTime:0.000180s ]
SQL: SHOW COLUMNS FROM `wx_user_group` [ RunTime:0.000679s ]
SQL: SELECT * FROM `wx_user_group` WHERE ( `id` = null ) LIMIT 1   [ RunTime:0.000137s ]
SQL: SHOW COLUMNS FROM `wx_flash` [ RunTime:0.000783s ]
SQL: SELECT * FROM `wx_flash` WHERE ( `token` = 'coslsg1394338022' )  [ RunTime:0.000136s ]
INFO: [ view_template ] --START--
INFO: Run LocationTemplate Behavior [ RunTime:-0.033760s ]
INFO: [ view_template ] --END-- [ RunTime:0.001140s ]
INFO: [ view_parse ] --START--
NOTIC: [8] Undefined variable: siteCopyright D:\Easy2PHP5 build 2\WebSite\data\logs\Cache\Wap\72f6ffc8ea4fc8b8103f470579c9374c.php 第 150 行.
INFO: Run ParseTemplate Behavior [ RunTime:-0.034962s ]
INFO: [ view_parse ] --END-- [ RunTime:0.017496s ]
INFO: [ view_filter ] --START--
INFO: Run ContentReplace Behavior [ RunTime:-0.052513s ]
INFO: Run TokenBuild Behavior [ RunTime:-0.053147s ]
INFO: Run WriteHtmlCache Behavior [ RunTime:-0.053814s ]
INFO: Run ShowRuntime Behavior [ RunTime:-0.054324s ]
INFO: [ view_filter ] --END-- [ RunTime:0.002559s ]
INFO: [ view_end ] --START--
INFO: Run ShowPageTrace Behavior [ RunTime:-0.055150s ]
INFO: [ view_end ] --END-- [ RunTime:0.000867s ]

[ 2014-03-14T19:25:19+08:00 ] 182.160.120.131 /
INFO: [ app_begin ] --START--
INFO: Run ReadHtmlCache Behavior [ RunTime:0.000777s ]
INFO: [ app_begin ] --END-- [ RunTime:0.000875s ]
NOTIC: [8] Undefined index:  HTTP_HOST D:\Easy2PHP5 build 2\WebSite\Core\_Core\Lib\Core\Action.class.php 第 344 行.
NOTIC: [8] Undefined index:  1 D:\Easy2PHP5 build 2\WebSite\Core\_Core\Lib\Core\Action.class.php 第 57 行.
NOTIC: [8] Undefined index:  HTTP_HOST D:\Easy2PHP5 build 2\WebSite\Core\_Core\Common\common.php 第 261 行.
NOTIC: [8] Undefined index:  1 D:\Easy2PHP5 build 2\WebSite\Core\_Core\Lib\Core\View.class.php 第 70 行.
INFO: [ view_template ] --START--
INFO: Run LocationTemplate Behavior [ RunTime:-0.005053s ]
INFO: [ view_template ] --END-- [ RunTime:0.001063s ]
INFO: [ view_parse ] --START--
NOTIC: [8] Use of undefined constant uid - assumed 'uid' D:\Easy2PHP5 build 2\WebSite\data\logs\Cache\Home\377f56f2e5ecfd9a39dba2c0f96d64d6.php 第 29 行.
NOTIC: [8] Undefined index:  uid D:\Easy2PHP5 build 2\WebSite\data\logs\Cache\Home\377f56f2e5ecfd9a39dba2c0f96d64d6.php 第 29 行.
INFO: Run ParseTemplate Behavior [ RunTime:-0.006196s ]
INFO: [ view_parse ] --END-- [ RunTime:0.024370s ]
INFO: [ view_filter ] --START--
INFO: Run ContentReplace Behavior [ RunTime:-0.030616s ]
INFO: Run TokenBuild Behavior [ RunTime:-0.031290s ]
INFO: Run WriteHtmlCache Behavior [ RunTime:-0.032038s ]
INFO: Run ShowRuntime Behavior [ RunTime:-0.032549s ]
INFO: [ view_filter ] --END-- [ RunTime:0.002673s ]
INFO: [ view_end ] --START--
INFO: Run ShowPageTrace Behavior [ RunTime:-0.033366s ]
INFO: [ view_end ] --END-- [ RunTime:0.000862s ]

[ 2014-03-14T19:28:10+08:00 ] 187.240.82.243 /
INFO: [ app_begin ] --START--
INFO: Run ReadHtmlCache Behavior [ RunTime:0.000776s ]
INFO: [ app_begin ] --END-- [ RunTime:0.000872s ]
NOTIC: [8] Undefined index:  HTTP_HOST D:\Easy2PHP5 build 2\WebSite\Core\_Core\Lib\Core\Action.class.php 第 344 行.
NOTIC: [8] Undefined index:  1 D:\Easy2PHP5 build 2\WebSite\Core\_Core\Lib\Core\Action.class.php 第 57 行.
NOTIC: [8] Undefined index:  HTTP_HOST D:\Easy2PHP5 build 2\WebSite\Core\_Core\Common\common.php 第 261 行.
NOTIC: [8] Undefined index:  1 D:\Easy2PHP5 build 2\WebSite\Core\_Core\Lib\Core\View.class.php 第 70 行.
INFO: [ view_template ] --START--
INFO: Run LocationTemplate Behavior [ RunTime:-0.004498s ]
INFO: [ view_template ] --END-- [ RunTime:0.000876s ]
INFO: [ view_parse ] --START--
NOTIC: [8] Use of undefined constant uid - assumed 'uid' D:\Easy2PHP5 build 2\WebSite\data\logs\Cache\Home\377f56f2e5ecfd9a39dba2c0f96d64d6.php 第 29 行.
NOTIC: [8] Undefined index:  uid D:\Easy2PHP5 build 2\WebSite\data\logs\Cache\Home\377f56f2e5ecfd9a39dba2c0f96d64d6.php 第 29 行.
INFO: Run ParseTemplate Behavior [ RunTime:-0.005437s ]
INFO: [ view_parse ] --END-- [ RunTime:0.024278s ]
INFO: [ view_filter ] --START--
INFO: Run ContentReplace Behavior [ RunTime:-0.029768s ]
INFO: Run TokenBuild Behavior [ RunTime:-0.030410s ]
INFO: Run WriteHtmlCache Behavior [ RunTime:-0.031145s ]
INFO: Run ShowRuntime Behavior [ RunTime:-0.031651s ]
INFO: [ view_filter ] --END-- [ RunTime:0.002611s ]
INFO: [ view_end ] --START--
INFO: Run ShowPageTrace Behavior [ RunTime:-0.032457s ]
INFO: [ view_end ] --END-- [ RunTime:0.001067s ]

[ 2014-03-14T19:36:08+08:00 ] 183.60.48.110 /
INFO: [ app_begin ] --START--
INFO: Run ReadHtmlCache Behavior [ RunTime:0.000781s ]
INFO: [ app_begin ] --END-- [ RunTime:0.000878s ]
INFO: [ view_template ] --START--
INFO: Run LocationTemplate Behavior [ RunTime:-0.005161s ]
INFO: [ view_template ] --END-- [ RunTime:0.000894s ]
INFO: [ view_parse ] --START--
NOTIC: [8] Use of undefined constant uid - assumed 'uid' D:\Easy2PHP5 build 2\WebSite\data\logs\Cache\Home\377f56f2e5ecfd9a39dba2c0f96d64d6.php 第 29 行.
NOTIC: [8] Undefined index:  uid D:\Easy2PHP5 build 2\WebSite\data\logs\Cache\Home\377f56f2e5ecfd9a39dba2c0f96d64d6.php 第 29 行.
INFO: Run ParseTemplate Behavior [ RunTime:-0.006114s ]
INFO: [ view_parse ] --END-- [ RunTime:0.025344s ]
INFO: [ view_filter ] --START--
INFO: Run ContentReplace Behavior [ RunTime:-0.031515s ]
INFO: Run TokenBuild Behavior [ RunTime:-0.032174s ]
INFO: Run WriteHtmlCache Behavior [ RunTime:-0.032924s ]
INFO: Run ShowRuntime Behavior [ RunTime:-0.033435s ]
INFO: [ view_filter ] --END-- [ RunTime:0.002652s ]
INFO: [ view_end ] --START--
INFO: Run ShowPageTrace Behavior [ RunTime:-0.034244s ]
INFO: [ view_end ] --END-- [ RunTime:0.000879s ]

[ 2014-03-14T20:24:59+08:00 ] 79.125.22.154 /
INFO: [ app_begin ] --START--
INFO: Run ReadHtmlCache Behavior [ RunTime:0.000779s ]
INFO: [ app_begin ] --END-- [ RunTime:0.000875s ]
NOTIC: [8] Undefined index:  HTTP_HOST D:\Easy2PHP5 build 2\WebSite\Core\_Core\Lib\Core\Action.class.php 第 344 行.
NOTIC: [8] Undefined index:  1 D:\Easy2PHP5 build 2\WebSite\Core\_Core\Lib\Core\Action.class.php 第 57 行.
NOTIC: [8] Undefined index:  HTTP_HOST D:\Easy2PHP5 build 2\WebSite\Core\_Core\Common\common.php 第 261 行.
NOTIC: [8] Undefined index:  1 D:\Easy2PHP5 build 2\WebSite\Core\_Core\Lib\Core\View.class.php 第 70 行.
INFO: [ view_template ] --START--
INFO: Run LocationTemplate Behavior [ RunTime:-0.004466s ]
INFO: [ view_template ] --END-- [ RunTime:0.000878s ]
INFO: [ view_parse ] --START--
NOTIC: [8] Use of undefined constant uid - assumed 'uid' D:\Easy2PHP5 build 2\WebSite\data\logs\Cache\Home\377f56f2e5ecfd9a39dba2c0f96d64d6.php 第 29 行.
NOTIC: [8] Undefined index:  uid D:\Easy2PHP5 build 2\WebSite\data\logs\Cache\Home\377f56f2e5ecfd9a39dba2c0f96d64d6.php 第 29 行.
INFO: Run ParseTemplate Behavior [ RunTime:-0.005407s ]
INFO: [ view_parse ] --END-- [ RunTime:0.024418s ]
INFO: [ view_filter ] --START--
INFO: Run ContentReplace Behavior [ RunTime:-0.029877s ]
INFO: Run TokenBuild Behavior [ RunTime:-0.030655s ]
INFO: Run WriteHtmlCache Behavior [ RunTime:-0.031455s ]
INFO: Run ShowRuntime Behavior [ RunTime:-0.031987s ]
INFO: [ view_filter ] --END-- [ RunTime:0.002845s ]
INFO: [ view_end ] --START--
INFO: Run ShowPageTrace Behavior [ RunTime:-0.032800s ]
INFO: [ view_end ] --END-- [ RunTime:0.000974s ]

[ 2014-03-14T20:35:47+08:00 ] 113.108.70.13 /
INFO: [ app_begin ] --START--
INFO: Run ReadHtmlCache Behavior [ RunTime:0.000803s ]
INFO: [ app_begin ] --END-- [ RunTime:0.000902s ]
INFO: [ view_template ] --START--
INFO: Run LocationTemplate Behavior [ RunTime:-0.004469s ]
INFO: [ view_template ] --END-- [ RunTime:0.000885s ]
INFO: [ view_parse ] --START--
NOTIC: [8] Use of undefined constant uid - assumed 'uid' D:\Easy2PHP5 build 2\WebSite\data\logs\Cache\Home\377f56f2e5ecfd9a39dba2c0f96d64d6.php 第 29 行.
NOTIC: [8] Undefined index:  uid D:\Easy2PHP5 build 2\WebSite\data\logs\Cache\Home\377f56f2e5ecfd9a39dba2c0f96d64d6.php 第 29 行.
INFO: Run ParseTemplate Behavior [ RunTime:-0.005411s ]
INFO: [ view_parse ] --END-- [ RunTime:0.024199s ]
INFO: [ view_filter ] --START--
INFO: Run ContentReplace Behavior [ RunTime:-0.029662s ]
INFO: Run TokenBuild Behavior [ RunTime:-0.030307s ]
INFO: Run WriteHtmlCache Behavior [ RunTime:-0.031047s ]
INFO: Run ShowRuntime Behavior [ RunTime:-0.031554s ]
INFO: [ view_filter ] --END-- [ RunTime:0.002618s ]
INFO: [ view_end ] --START--
INFO: Run ShowPageTrace Behavior [ RunTime:-0.032359s ]
INFO: [ view_end ] --END-- [ RunTime:0.000859s ]

[ 2014-03-14T20:35:48+08:00 ] 119.147.146.189 /
INFO: [ app_begin ] --START--
INFO: Run ReadHtmlCache Behavior [ RunTime:0.000525s ]
INFO: [ app_begin ] --END-- [ RunTime:0.000620s ]
INFO: [ view_template ] --START--
INFO: Run LocationTemplate Behavior [ RunTime:-0.003426s ]
INFO: [ view_template ] --END-- [ RunTime:0.000404s ]
INFO: [ view_parse ] --START--
NOTIC: [8] Use of undefined constant uid - assumed 'uid' D:\Easy2PHP5 build 2\WebSite\data\logs\Cache\Home\377f56f2e5ecfd9a39dba2c0f96d64d6.php 第 29 行.
NOTIC: [8] Undefined index:  uid D:\Easy2PHP5 build 2\WebSite\data\logs\Cache\Home\377f56f2e5ecfd9a39dba2c0f96d64d6.php 第 29 行.
INFO: Run ParseTemplate Behavior [ RunTime:-0.003885s ]
INFO: [ view_parse ] --END-- [ RunTime:0.022801s ]
INFO: [ view_filter ] --START--
INFO: Run ContentReplace Behavior [ RunTime:-0.026741s ]
INFO: Run TokenBuild Behavior [ RunTime:-0.027166s ]
INFO: Run WriteHtmlCache Behavior [ RunTime:-0.027684s ]
INFO: Run ShowRuntime Behavior [ RunTime:-0.027953s ]
INFO: [ view_filter ] --END-- [ RunTime:0.001722s ]
INFO: [ view_end ] --START--
INFO: Run ShowPageTrace Behavior [ RunTime:-0.028540s ]
INFO: [ view_end ] --END-- [ RunTime:0.000610s ]

[ 2014-03-14T20:36:08+08:00 ] 219.144.4.212 /
INFO: [ app_begin ] --START--
INFO: Run ReadHtmlCache Behavior [ RunTime:0.000534s ]
INFO: [ app_begin ] --END-- [ RunTime:0.000630s ]
INFO: [ view_template ] --START--
INFO: Run LocationTemplate Behavior [ RunTime:-0.003497s ]
INFO: [ view_template ] --END-- [ RunTime:0.000409s ]
INFO: [ view_parse ] --START--
NOTIC: [8] Use of undefined constant uid - assumed 'uid' D:\Easy2PHP5 build 2\WebSite\data\logs\Cache\Home\377f56f2e5ecfd9a39dba2c0f96d64d6.php 第 29 行.
NOTIC: [8] Undefined index:  uid D:\Easy2PHP5 build 2\WebSite\data\logs\Cache\Home\377f56f2e5ecfd9a39dba2c0f96d64d6.php 第 29 行.
INFO: Run ParseTemplate Behavior [ RunTime:-0.003961s ]
INFO: [ view_parse ] --END-- [ RunTime:0.022901s ]
INFO: [ view_filter ] --START--
INFO: Run ContentReplace Behavior [ RunTime:-0.026916s ]
INFO: Run TokenBuild Behavior [ RunTime:-0.027305s ]
INFO: Run WriteHtmlCache Behavior [ RunTime:-0.027794s ]
INFO: Run ShowRuntime Behavior [ RunTime:-0.028053s ]
INFO: [ view_filter ] --END-- [ RunTime:0.001619s ]
INFO: [ view_end ] --START--
INFO: Run ShowPageTrace Behavior [ RunTime:-0.028613s ]
INFO: [ view_end ] --END-- [ RunTime:0.000610s ]

[ 2014-03-14T20:36:18+08:00 ] 219.144.4.212 /index.php?m=Index&a=reg
INFO: [ app_begin ] --START--
INFO: Run ReadHtmlCache Behavior [ RunTime:0.000882s ]
INFO: [ app_begin ] --END-- [ RunTime:0.000980s ]
INFO: [ view_template ] --START--
INFO: Run LocationTemplate Behavior [ RunTime:-0.005083s ]
INFO: [ view_template ] --END-- [ RunTime:0.001042s ]
INFO: [ view_parse ] --START--
NOTIC: [8] Use of undefined constant uid - assumed 'uid' D:\Easy2PHP5 build 2\WebSite\data\logs\Cache\Home\6a86ef8323149770a1dbccc8067f70d5.php 第 28 行.
NOTIC: [8] Undefined index:  uid D:\Easy2PHP5 build 2\WebSite\data\logs\Cache\Home\6a86ef8323149770a1dbccc8067f70d5.php 第 28 行.
INFO: Run ParseTemplate Behavior [ RunTime:-0.006192s ]
INFO: [ view_parse ] --END-- [ RunTime:0.022558s ]
INFO: [ view_filter ] --START--
INFO: Run ContentReplace Behavior [ RunTime:-0.028796s ]
INFO: Run TokenBuild Behavior [ RunTime:-0.029461s ]
INFO: Run WriteHtmlCache Behavior [ RunTime:-0.030204s ]
INFO: Run ShowRuntime Behavior [ RunTime:-0.030713s ]
INFO: [ view_filter ] --END-- [ RunTime:0.002655s ]
INFO: [ view_end ] --START--
INFO: Run ShowPageTrace Behavior [ RunTime:-0.031528s ]
INFO: [ view_end ] --END-- [ RunTime:0.000865s ]

[ 2014-03-14T20:39:41+08:00 ] 220.181.132.217 /
INFO: [ app_begin ] --START--
INFO: Run ReadHtmlCache Behavior [ RunTime:0.000776s ]
INFO: [ app_begin ] --END-- [ RunTime:0.000874s ]
INFO: [ view_template ] --START--
INFO: Run LocationTemplate Behavior [ RunTime:-0.004484s ]
INFO: [ view_template ] --END-- [ RunTime:0.000885s ]
INFO: [ view_parse ] --START--
NOTIC: [8] Use of undefined constant uid - assumed 'uid' D:\Easy2PHP5 build 2\WebSite\data\logs\Cache\Home\377f56f2e5ecfd9a39dba2c0f96d64d6.php 第 29 行.
NOTIC: [8] Undefined index:  uid D:\Easy2PHP5 build 2\WebSite\data\logs\Cache\Home\377f56f2e5ecfd9a39dba2c0f96d64d6.php 第 29 行.
INFO: Run ParseTemplate Behavior [ RunTime:-0.005427s ]
INFO: [ view_parse ] --END-- [ RunTime:0.024147s ]
INFO: [ view_filter ] --START--
INFO: Run ContentReplace Behavior [ RunTime:-0.029628s ]
INFO: Run TokenBuild Behavior [ RunTime:-0.030272s ]
INFO: Run WriteHtmlCache Behavior [ RunTime:-0.031013s ]
INFO: Run ShowRuntime Behavior [ RunTime:-0.031522s ]
INFO: [ view_filter ] --END-- [ RunTime:0.002624s ]
INFO: [ view_end ] --START--
INFO: Run ShowPageTrace Behavior [ RunTime:-0.032329s ]
INFO: [ view_end ] --END-- [ RunTime:0.000903s ]

[ 2014-03-14T20:40:31+08:00 ] 220.181.132.192 /
INFO: [ app_begin ] --START--
INFO: Run ReadHtmlCache Behavior [ RunTime:0.000531s ]
INFO: [ app_begin ] --END-- [ RunTime:0.000627s ]
INFO: [ view_template ] --START--
INFO: Run LocationTemplate Behavior [ RunTime:-0.003500s ]
INFO: [ view_template ] --END-- [ RunTime:0.000415s ]
INFO: [ view_parse ] --START--
NOTIC: [8] Use of undefined constant uid - assumed 'uid' D:\Easy2PHP5 build 2\WebSite\data\logs\Cache\Home\377f56f2e5ecfd9a39dba2c0f96d64d6.php 第 29 行.
NOTIC: [8] Undefined index:  uid D:\Easy2PHP5 build 2\WebSite\data\logs\Cache\Home\377f56f2e5ecfd9a39dba2c0f96d64d6.php 第 29 行.
INFO: Run ParseTemplate Behavior [ RunTime:-0.003970s ]
INFO: [ view_parse ] --END-- [ RunTime:0.023436s ]
INFO: [ view_filter ] --START--
INFO: Run ContentReplace Behavior [ RunTime:-0.027463s ]
INFO: Run TokenBuild Behavior [ RunTime:-0.027878s ]
INFO: Run WriteHtmlCache Behavior [ RunTime:-0.028401s ]
INFO: Run ShowRuntime Behavior [ RunTime:-0.028663s ]
INFO: [ view_filter ] --END-- [ RunTime:0.001682s ]
INFO: [ view_end ] --START--
INFO: Run ShowPageTrace Behavior [ RunTime:-0.029223s ]
INFO: [ view_end ] --END-- [ RunTime:0.000613s ]

[ 2014-03-14T20:53:08+08:00 ] 24.234.131.11 /
INFO: [ app_begin ] --START--
INFO: Run ReadHtmlCache Behavior [ RunTime:0.000814s ]
INFO: [ app_begin ] --END-- [ RunTime:0.000918s ]
INFO: [ view_template ] --START--
INFO: Run LocationTemplate Behavior [ RunTime:-0.004992s ]
INFO: [ view_template ] --END-- [ RunTime:0.000909s ]
INFO: [ view_parse ] --START--
NOTIC: [8] Use of undefined constant uid - assumed 'uid' D:\Easy2PHP5 build 2\WebSite\data\logs\Cache\Home\377f56f2e5ecfd9a39dba2c0f96d64d6.php 第 29 行.
NOTIC: [8] Undefined index:  uid D:\Easy2PHP5 build 2\WebSite\data\logs\Cache\Home\377f56f2e5ecfd9a39dba2c0f96d64d6.php 第 29 行.
INFO: Run ParseTemplate Behavior [ RunTime:-0.005965s ]
INFO: [ view_parse ] --END-- [ RunTime:0.030232s ]
INFO: [ view_filter ] --START--
INFO: Run ContentReplace Behavior [ RunTime:-0.036248s ]
INFO: Run TokenBuild Behavior [ RunTime:-0.036924s ]
INFO: Run WriteHtmlCache Behavior [ RunTime:-0.037825s ]
INFO: Run ShowRuntime Behavior [ RunTime:-0.038361s ]
INFO: [ view_filter ] --END-- [ RunTime:0.002900s ]
INFO: [ view_end ] --START--
INFO: Run ShowPageTrace Behavior [ RunTime:-0.039228s ]
INFO: [ view_end ] --END-- [ RunTime:0.000886s ]

[ 2014-03-14T21:47:26+08:00 ] 66.206.55.66 
INFO: [ app_begin ] --START--
INFO: Run ReadHtmlCache Behavior [ RunTime:0.000788s ]
INFO: [ app_begin ] --END-- [ RunTime:0.000887s ]
NOTIC: [8] Undefined index:  HTTP_HOST D:\Easy2PHP5 build 2\WebSite\Core\_Core\Lib\Core\Action.class.php 第 344 行.
NOTIC: [8] Undefined index:  1 D:\Easy2PHP5 build 2\WebSite\Core\_Core\Lib\Core\Action.class.php 第 57 行.
NOTIC: [8] Undefined index:  HTTP_HOST D:\Easy2PHP5 build 2\WebSite\Core\_Core\Common\common.php 第 261 行.
NOTIC: [8] Undefined index:  1 D:\Easy2PHP5 build 2\WebSite\Core\_Core\Lib\Core\View.class.php 第 70 行.
INFO: [ view_template ] --START--
INFO: Run LocationTemplate Behavior [ RunTime:-0.004518s ]
INFO: [ view_template ] --END-- [ RunTime:0.000901s ]
INFO: [ view_parse ] --START--
NOTIC: [8] Use of undefined constant uid - assumed 'uid' D:\Easy2PHP5 build 2\WebSite\data\logs\Cache\Home\377f56f2e5ecfd9a39dba2c0f96d64d6.php 第 29 行.
NOTIC: [8] Undefined index:  uid D:\Easy2PHP5 build 2\WebSite\data\logs\Cache\Home\377f56f2e5ecfd9a39dba2c0f96d64d6.php 第 29 行.
INFO: Run ParseTemplate Behavior [ RunTime:-0.005482s ]
INFO: [ view_parse ] --END-- [ RunTime:0.024253s ]
INFO: [ view_filter ] --START--
INFO: Run ContentReplace Behavior [ RunTime:-0.029789s ]
INFO: Run TokenBuild Behavior [ RunTime:-0.030433s ]
INFO: Run WriteHtmlCache Behavior [ RunTime:-0.031169s ]
INFO: Run ShowRuntime Behavior [ RunTime:-0.031675s ]
INFO: [ view_filter ] --END-- [ RunTime:0.002615s ]
INFO: [ view_end ] --START--
INFO: Run ShowPageTrace Behavior [ RunTime:-0.032482s ]
INFO: [ view_end ] --END-- [ RunTime:0.000861s ]

[ 2014-03-14T22:07:41+08:00 ] 180.166.202.53 /
INFO: [ app_begin ] --START--
INFO: Run ReadHtmlCache Behavior [ RunTime:0.000810s ]
INFO: [ app_begin ] --END-- [ RunTime:0.000912s ]
NOTIC: [8] Undefined index:  HTTP_HOST D:\Easy2PHP5 build 2\WebSite\Core\_Core\Lib\Core\Action.class.php 第 344 行.
NOTIC: [8] Undefined index:  1 D:\Easy2PHP5 build 2\WebSite\Core\_Core\Lib\Core\Action.class.php 第 57 行.
NOTIC: [8] Undefined index:  HTTP_HOST D:\Easy2PHP5 build 2\WebSite\Core\_Core\Common\common.php 第 261 行.
NOTIC: [8] Undefined index:  1 D:\Easy2PHP5 build 2\WebSite\Core\_Core\Lib\Core\View.class.php 第 70 行.
INFO: [ view_template ] --START--
INFO: Run LocationTemplate Behavior [ RunTime:-0.004525s ]
INFO: [ view_template ] --END-- [ RunTime:0.000888s ]
INFO: [ view_parse ] --START--
NOTIC: [8] Use of undefined constant uid - assumed 'uid' D:\Easy2PHP5 build 2\WebSite\data\logs\Cache\Home\377f56f2e5ecfd9a39dba2c0f96d64d6.php 第 29 行.
NOTIC: [8] Undefined index:  uid D:\Easy2PHP5 build 2\WebSite\data\logs\Cache\Home\377f56f2e5ecfd9a39dba2c0f96d64d6.php 第 29 行.
INFO: Run ParseTemplate Behavior [ RunTime:-0.005476s ]
INFO: [ view_parse ] --END-- [ RunTime:0.024433s ]
INFO: [ view_filter ] --START--
INFO: Run ContentReplace Behavior [ RunTime:-0.029967s ]
INFO: Run TokenBuild Behavior [ RunTime:-0.030648s ]
INFO: Run WriteHtmlCache Behavior [ RunTime:-0.031390s ]
INFO: Run ShowRuntime Behavior [ RunTime:-0.031905s ]
INFO: [ view_filter ] --END-- [ RunTime:0.002666s ]
INFO: [ view_end ] --START--
INFO: Run ShowPageTrace Behavior [ RunTime:-0.032711s ]
INFO: [ view_end ] --END-- [ RunTime:0.000861s ]

