[ 2014-03-19T02:22:04+08:00 ] 113.142.24.15 /
INFO: [ app_begin ] --START--
INFO: Run ReadHtmlCache Behavior [ RunTime:0.000824s ]
INFO: [ app_begin ] --END-- [ RunTime:0.000947s ]
INFO: [ view_template ] --START--
INFO: Run LocationTemplate Behavior [ RunTime:-0.004727s ]
INFO: [ view_template ] --END-- [ RunTime:0.001218s ]
INFO: [ view_parse ] --START--
NOTIC: [8] Use of undefined constant uid - assumed 'uid' D:\Easy2PHP5 build 2\WebSite\data\logs\Cache\Home\377f56f2e5ecfd9a39dba2c0f96d64d6.php 第 29 行.
NOTIC: [8] Undefined index:  uid D:\Easy2PHP5 build 2\WebSite\data\logs\Cache\Home\377f56f2e5ecfd9a39dba2c0f96d64d6.php 第 29 行.
INFO: Run ParseTemplate Behavior [ RunTime:-0.006067s ]
INFO: [ view_parse ] --END-- [ RunTime:0.021173s ]
INFO: [ view_filter ] --START--
INFO: Run ContentReplace Behavior [ RunTime:-0.027269s ]
INFO: Run TokenBuild Behavior [ RunTime:-0.027933s ]
INFO: Run WriteHtmlCache Behavior [ RunTime:-0.028641s ]
INFO: Run ShowRuntime Behavior [ RunTime:-0.029150s ]
INFO: [ view_filter ] --END-- [ RunTime:0.002627s ]
INFO: [ view_end ] --START--
INFO: Run ShowPageTrace Behavior [ RunTime:-0.029980s ]
INFO: [ view_end ] --END-- [ RunTime:0.000881s ]

[ 2014-03-19T02:22:04+08:00 ] 113.142.24.15 /
INFO: [ app_begin ] --START--
INFO: Run ReadHtmlCache Behavior [ RunTime:0.000528s ]
INFO: [ app_begin ] --END-- [ RunTime:0.000624s ]
INFO: [ view_template ] --START--
INFO: Run LocationTemplate Behavior [ RunTime:-0.003762s ]
INFO: [ view_template ] --END-- [ RunTime:0.000411s ]
INFO: [ view_parse ] --START--
NOTIC: [8] Use of undefined constant uid - assumed 'uid' D:\Easy2PHP5 build 2\WebSite\data\logs\Cache\Home\377f56f2e5ecfd9a39dba2c0f96d64d6.php 第 29 行.
NOTIC: [8] Undefined index:  uid D:\Easy2PHP5 build 2\WebSite\data\logs\Cache\Home\377f56f2e5ecfd9a39dba2c0f96d64d6.php 第 29 行.
INFO: Run ParseTemplate Behavior [ RunTime:-0.004227s ]
INFO: [ view_parse ] --END-- [ RunTime:0.017924s ]
INFO: [ view_filter ] --START--
INFO: Run ContentReplace Behavior [ RunTime:-0.022206s ]
INFO: Run TokenBuild Behavior [ RunTime:-0.022835s ]
INFO: Run WriteHtmlCache Behavior [ RunTime:-0.023318s ]
INFO: Run ShowRuntime Behavior [ RunTime:-0.023584s ]
INFO: [ view_filter ] --END-- [ RunTime:0.001866s ]
INFO: [ view_end ] --START--
INFO: Run ShowPageTrace Behavior [ RunTime:-0.024151s ]
INFO: [ view_end ] --END-- [ RunTime:0.000611s ]

[ 2014-03-19T02:22:05+08:00 ] 113.142.24.15 /
INFO: [ app_begin ] --START--
INFO: Run ReadHtmlCache Behavior [ RunTime:0.000549s ]
INFO: [ app_begin ] --END-- [ RunTime:0.000646s ]
INFO: [ view_template ] --START--
INFO: Run LocationTemplate Behavior [ RunTime:-0.003488s ]
INFO: [ view_template ] --END-- [ RunTime:0.000421s ]
INFO: [ view_parse ] --START--
NOTIC: [8] Use of undefined constant uid - assumed 'uid' D:\Easy2PHP5 build 2\WebSite\data\logs\Cache\Home\377f56f2e5ecfd9a39dba2c0f96d64d6.php 第 29 行.
NOTIC: [8] Undefined index:  uid D:\Easy2PHP5 build 2\WebSite\data\logs\Cache\Home\377f56f2e5ecfd9a39dba2c0f96d64d6.php 第 29 行.
INFO: Run ParseTemplate Behavior [ RunTime:-0.003963s ]
INFO: [ view_parse ] --END-- [ RunTime:0.018249s ]
INFO: [ view_filter ] --START--
INFO: Run ContentReplace Behavior [ RunTime:-0.022268s ]
INFO: Run TokenBuild Behavior [ RunTime:-0.022655s ]
INFO: Run WriteHtmlCache Behavior [ RunTime:-0.023100s ]
INFO: Run ShowRuntime Behavior [ RunTime:-0.023359s ]
INFO: [ view_filter ] --END-- [ RunTime:0.001580s ]
INFO: [ view_end ] --START--
INFO: Run ShowPageTrace Behavior [ RunTime:-0.023926s ]
INFO: [ view_end ] --END-- [ RunTime:0.000617s ]

[ 2014-03-19T02:22:07+08:00 ] 113.142.24.15 /
INFO: [ app_begin ] --START--
INFO: Run ReadHtmlCache Behavior [ RunTime:0.000533s ]
INFO: [ app_begin ] --END-- [ RunTime:0.000629s ]
INFO: [ view_template ] --START--
INFO: Run LocationTemplate Behavior [ RunTime:-0.003506s ]
INFO: [ view_template ] --END-- [ RunTime:0.000413s ]
INFO: [ view_parse ] --START--
NOTIC: [8] Use of undefined constant uid - assumed 'uid' D:\Easy2PHP5 build 2\WebSite\data\logs\Cache\Home\377f56f2e5ecfd9a39dba2c0f96d64d6.php 第 29 行.
NOTIC: [8] Undefined index:  uid D:\Easy2PHP5 build 2\WebSite\data\logs\Cache\Home\377f56f2e5ecfd9a39dba2c0f96d64d6.php 第 29 行.
INFO: Run ParseTemplate Behavior [ RunTime:-0.003972s ]
INFO: [ view_parse ] --END-- [ RunTime:0.017744s ]
INFO: [ view_filter ] --START--
INFO: Run ContentReplace Behavior [ RunTime:-0.021770s ]
INFO: Run TokenBuild Behavior [ RunTime:-0.022154s ]
INFO: Run WriteHtmlCache Behavior [ RunTime:-0.022598s ]
INFO: Run ShowRuntime Behavior [ RunTime:-0.022856s ]
INFO: [ view_filter ] --END-- [ RunTime:0.001607s ]
INFO: [ view_end ] --START--
INFO: Run ShowPageTrace Behavior [ RunTime:-0.023453s ]
INFO: [ view_end ] --END-- [ RunTime:0.000608s ]

[ 2014-03-19T02:22:07+08:00 ] 113.142.24.15 /
INFO: [ app_begin ] --START--
INFO: Run ReadHtmlCache Behavior [ RunTime:0.000521s ]
INFO: [ app_begin ] --END-- [ RunTime:0.000611s ]
INFO: [ view_template ] --START--
INFO: Run LocationTemplate Behavior [ RunTime:-0.003369s ]
INFO: [ view_template ] --END-- [ RunTime:0.000407s ]
INFO: [ view_parse ] --START--
NOTIC: [8] Use of undefined constant uid - assumed 'uid' D:\Easy2PHP5 build 2\WebSite\data\logs\Cache\Home\377f56f2e5ecfd9a39dba2c0f96d64d6.php 第 29 行.
NOTIC: [8] Undefined index:  uid D:\Easy2PHP5 build 2\WebSite\data\logs\Cache\Home\377f56f2e5ecfd9a39dba2c0f96d64d6.php 第 29 行.
INFO: Run ParseTemplate Behavior [ RunTime:-0.003828s ]
INFO: [ view_parse ] --END-- [ RunTime:0.017604s ]
INFO: [ view_filter ] --START--
INFO: Run ContentReplace Behavior [ RunTime:-0.021487s ]
INFO: Run TokenBuild Behavior [ RunTime:-0.021870s ]
INFO: Run WriteHtmlCache Behavior [ RunTime:-0.022312s ]
INFO: Run ShowRuntime Behavior [ RunTime:-0.022566s ]
INFO: [ view_filter ] --END-- [ RunTime:0.001566s ]
INFO: [ view_end ] --START--
INFO: Run ShowPageTrace Behavior [ RunTime:-0.023129s ]
INFO: [ view_end ] --END-- [ RunTime:0.000606s ]

[ 2014-03-19T02:22:08+08:00 ] 113.142.24.15 /
INFO: [ app_begin ] --START--
INFO: Run ReadHtmlCache Behavior [ RunTime:0.000532s ]
INFO: [ app_begin ] --END-- [ RunTime:0.000628s ]
INFO: [ view_template ] --START--
INFO: Run LocationTemplate Behavior [ RunTime:-0.003507s ]
INFO: [ view_template ] --END-- [ RunTime:0.000413s ]
INFO: [ view_parse ] --START--
NOTIC: [8] Use of undefined constant uid - assumed 'uid' D:\Easy2PHP5 build 2\WebSite\data\logs\Cache\Home\377f56f2e5ecfd9a39dba2c0f96d64d6.php 第 29 行.
NOTIC: [8] Undefined index:  uid D:\Easy2PHP5 build 2\WebSite\data\logs\Cache\Home\377f56f2e5ecfd9a39dba2c0f96d64d6.php 第 29 行.
INFO: Run ParseTemplate Behavior [ RunTime:-0.003973s ]
INFO: [ view_parse ] --END-- [ RunTime:0.018074s ]
INFO: [ view_filter ] --START--
INFO: Run ContentReplace Behavior [ RunTime:-0.022099s ]
INFO: Run TokenBuild Behavior [ RunTime:-0.022484s ]
INFO: Run WriteHtmlCache Behavior [ RunTime:-0.022933s ]
INFO: Run ShowRuntime Behavior [ RunTime:-0.023194s ]
INFO: [ view_filter ] --END-- [ RunTime:0.001579s ]
INFO: [ view_end ] --START--
INFO: Run ShowPageTrace Behavior [ RunTime:-0.023754s ]
INFO: [ view_end ] --END-- [ RunTime:0.000607s ]

[ 2014-03-19T02:22:08+08:00 ] 113.142.24.15 /
INFO: [ app_begin ] --START--
INFO: Run ReadHtmlCache Behavior [ RunTime:0.000526s ]
INFO: [ app_begin ] --END-- [ RunTime:0.000620s ]
INFO: [ view_template ] --START--
INFO: Run LocationTemplate Behavior [ RunTime:-0.003458s ]
INFO: [ view_template ] --END-- [ RunTime:0.000413s ]
INFO: [ view_parse ] --START--
NOTIC: [8] Use of undefined constant uid - assumed 'uid' D:\Easy2PHP5 build 2\WebSite\data\logs\Cache\Home\377f56f2e5ecfd9a39dba2c0f96d64d6.php 第 29 行.
NOTIC: [8] Undefined index:  uid D:\Easy2PHP5 build 2\WebSite\data\logs\Cache\Home\377f56f2e5ecfd9a39dba2c0f96d64d6.php 第 29 行.
INFO: Run ParseTemplate Behavior [ RunTime:-0.003923s ]
INFO: [ view_parse ] --END-- [ RunTime:0.017771s ]
INFO: [ view_filter ] --START--
INFO: Run ContentReplace Behavior [ RunTime:-0.021747s ]
INFO: Run TokenBuild Behavior [ RunTime:-0.022382s ]
INFO: Run WriteHtmlCache Behavior [ RunTime:-0.022826s ]
INFO: Run ShowRuntime Behavior [ RunTime:-0.023082s ]
INFO: [ view_filter ] --END-- [ RunTime:0.001816s ]
INFO: [ view_end ] --START--
INFO: Run ShowPageTrace Behavior [ RunTime:-0.023638s ]
INFO: [ view_end ] --END-- [ RunTime:0.000606s ]

[ 2014-03-19T02:22:08+08:00 ] 113.142.24.15 /
INFO: [ app_begin ] --START--
INFO: Run ReadHtmlCache Behavior [ RunTime:0.000524s ]
INFO: [ app_begin ] --END-- [ RunTime:0.000618s ]
INFO: [ view_template ] --START--
INFO: Run LocationTemplate Behavior [ RunTime:-0.003416s ]
INFO: [ view_template ] --END-- [ RunTime:0.000411s ]
INFO: [ view_parse ] --START--
NOTIC: [8] Use of undefined constant uid - assumed 'uid' D:\Easy2PHP5 build 2\WebSite\data\logs\Cache\Home\377f56f2e5ecfd9a39dba2c0f96d64d6.php 第 29 行.
NOTIC: [8] Undefined index:  uid D:\Easy2PHP5 build 2\WebSite\data\logs\Cache\Home\377f56f2e5ecfd9a39dba2c0f96d64d6.php 第 29 行.
INFO: Run ParseTemplate Behavior [ RunTime:-0.003881s ]
INFO: [ view_parse ] --END-- [ RunTime:0.017612s ]
INFO: [ view_filter ] --START--
INFO: Run ContentReplace Behavior [ RunTime:-0.021546s ]
INFO: Run TokenBuild Behavior [ RunTime:-0.021927s ]
INFO: Run WriteHtmlCache Behavior [ RunTime:-0.022368s ]
INFO: Run ShowRuntime Behavior [ RunTime:-0.022628s ]
INFO: [ view_filter ] --END-- [ RunTime:0.001561s ]
INFO: [ view_end ] --START--
INFO: Run ShowPageTrace Behavior [ RunTime:-0.023185s ]
INFO: [ view_end ] --END-- [ RunTime:0.000610s ]

[ 2014-03-19T02:22:09+08:00 ] 113.142.24.15 /
INFO: [ app_begin ] --START--
INFO: Run ReadHtmlCache Behavior [ RunTime:0.000541s ]
INFO: [ app_begin ] --END-- [ RunTime:0.000637s ]
INFO: [ view_template ] --START--
INFO: Run LocationTemplate Behavior [ RunTime:-0.003629s ]
INFO: [ view_template ] --END-- [ RunTime:0.000416s ]
INFO: [ view_parse ] --START--
NOTIC: [8] Use of undefined constant uid - assumed 'uid' D:\Easy2PHP5 build 2\WebSite\data\logs\Cache\Home\377f56f2e5ecfd9a39dba2c0f96d64d6.php 第 29 行.
NOTIC: [8] Undefined index:  uid D:\Easy2PHP5 build 2\WebSite\data\logs\Cache\Home\377f56f2e5ecfd9a39dba2c0f96d64d6.php 第 29 行.
INFO: Run ParseTemplate Behavior [ RunTime:-0.004099s ]
INFO: [ view_parse ] --END-- [ RunTime:0.019366s ]
INFO: [ view_filter ] --START--
INFO: Run ContentReplace Behavior [ RunTime:-0.023521s ]
INFO: Run TokenBuild Behavior [ RunTime:-0.023906s ]
INFO: Run WriteHtmlCache Behavior [ RunTime:-0.024351s ]
INFO: Run ShowRuntime Behavior [ RunTime:-0.024609s ]
INFO: [ view_filter ] --END-- [ RunTime:0.001572s ]
INFO: [ view_end ] --START--
INFO: Run ShowPageTrace Behavior [ RunTime:-0.025170s ]
INFO: [ view_end ] --END-- [ RunTime:0.000616s ]

[ 2014-03-19T02:22:11+08:00 ] 113.142.24.15 /
INFO: [ app_begin ] --START--
INFO: Run ReadHtmlCache Behavior [ RunTime:0.000590s ]
INFO: [ app_begin ] --END-- [ RunTime:0.000689s ]
INFO: [ view_template ] --START--
INFO: Run LocationTemplate Behavior [ RunTime:-0.003555s ]
INFO: [ view_template ] --END-- [ RunTime:0.000414s ]
INFO: [ view_parse ] --START--
NOTIC: [8] Use of undefined constant uid - assumed 'uid' D:\Easy2PHP5 build 2\WebSite\data\logs\Cache\Home\377f56f2e5ecfd9a39dba2c0f96d64d6.php 第 29 行.
NOTIC: [8] Undefined index:  uid D:\Easy2PHP5 build 2\WebSite\data\logs\Cache\Home\377f56f2e5ecfd9a39dba2c0f96d64d6.php 第 29 行.
INFO: Run ParseTemplate Behavior [ RunTime:-0.004023s ]
INFO: [ view_parse ] --END-- [ RunTime:0.017874s ]
INFO: [ view_filter ] --START--
INFO: Run ContentReplace Behavior [ RunTime:-0.021984s ]
INFO: Run TokenBuild Behavior [ RunTime:-0.022559s ]
INFO: Run WriteHtmlCache Behavior [ RunTime:-0.023117s ]
INFO: Run ShowRuntime Behavior [ RunTime:-0.023380s ]
INFO: [ view_filter ] --END-- [ RunTime:0.001901s ]
INFO: [ view_end ] --START--
INFO: Run ShowPageTrace Behavior [ RunTime:-0.023945s ]
INFO: [ view_end ] --END-- [ RunTime:0.000612s ]

[ 2014-03-19T02:22:12+08:00 ] 113.142.24.15 /
INFO: [ app_begin ] --START--
INFO: Run ReadHtmlCache Behavior [ RunTime:0.000568s ]
INFO: [ app_begin ] --END-- [ RunTime:0.000673s ]
INFO: [ view_template ] --START--
INFO: Run LocationTemplate Behavior [ RunTime:-0.003788s ]
INFO: [ view_template ] --END-- [ RunTime:0.000448s ]
INFO: [ view_parse ] --START--
NOTIC: [8] Use of undefined constant uid - assumed 'uid' D:\Easy2PHP5 build 2\WebSite\data\logs\Cache\Home\377f56f2e5ecfd9a39dba2c0f96d64d6.php 第 29 行.
NOTIC: [8] Undefined index:  uid D:\Easy2PHP5 build 2\WebSite\data\logs\Cache\Home\377f56f2e5ecfd9a39dba2c0f96d64d6.php 第 29 行.
INFO: Run ParseTemplate Behavior [ RunTime:-0.004295s ]
INFO: [ view_parse ] --END-- [ RunTime:0.017961s ]
INFO: [ view_filter ] --START--
INFO: Run ContentReplace Behavior [ RunTime:-0.022310s ]
INFO: Run TokenBuild Behavior [ RunTime:-0.022954s ]
INFO: Run WriteHtmlCache Behavior [ RunTime:-0.023397s ]
INFO: Run ShowRuntime Behavior [ RunTime:-0.023651s ]
INFO: [ view_filter ] --END-- [ RunTime:0.001825s ]
INFO: [ view_end ] --START--
INFO: Run ShowPageTrace Behavior [ RunTime:-0.024215s ]
INFO: [ view_end ] --END-- [ RunTime:0.000609s ]

[ 2014-03-19T02:22:12+08:00 ] 113.142.24.15 /
INFO: [ app_begin ] --START--
INFO: Run ReadHtmlCache Behavior [ RunTime:0.000533s ]
INFO: [ app_begin ] --END-- [ RunTime:0.000630s ]
INFO: [ view_template ] --START--
INFO: Run LocationTemplate Behavior [ RunTime:-0.003642s ]
INFO: [ view_template ] --END-- [ RunTime:0.000432s ]
INFO: [ view_parse ] --START--
NOTIC: [8] Use of undefined constant uid - assumed 'uid' D:\Easy2PHP5 build 2\WebSite\data\logs\Cache\Home\377f56f2e5ecfd9a39dba2c0f96d64d6.php 第 29 行.
NOTIC: [8] Undefined index:  uid D:\Easy2PHP5 build 2\WebSite\data\logs\Cache\Home\377f56f2e5ecfd9a39dba2c0f96d64d6.php 第 29 行.
INFO: Run ParseTemplate Behavior [ RunTime:-0.004123s ]
INFO: [ view_parse ] --END-- [ RunTime:0.018917s ]
INFO: [ view_filter ] --START--
INFO: Run ContentReplace Behavior [ RunTime:-0.023094s ]
INFO: Run TokenBuild Behavior [ RunTime:-0.023506s ]
INFO: Run WriteHtmlCache Behavior [ RunTime:-0.023979s ]
INFO: Run ShowRuntime Behavior [ RunTime:-0.024239s ]
INFO: [ view_filter ] --END-- [ RunTime:0.001633s ]
INFO: [ view_end ] --START--
INFO: Run ShowPageTrace Behavior [ RunTime:-0.024804s ]
INFO: [ view_end ] --END-- [ RunTime:0.000609s ]

[ 2014-03-19T02:22:13+08:00 ] 113.142.24.15 /
INFO: [ app_begin ] --START--
INFO: Run ReadHtmlCache Behavior [ RunTime:0.000526s ]
INFO: [ app_begin ] --END-- [ RunTime:0.000622s ]
INFO: [ view_template ] --START--
INFO: Run LocationTemplate Behavior [ RunTime:-0.003477s ]
INFO: [ view_template ] --END-- [ RunTime:0.000410s ]
INFO: [ view_parse ] --START--
NOTIC: [8] Use of undefined constant uid - assumed 'uid' D:\Easy2PHP5 build 2\WebSite\data\logs\Cache\Home\377f56f2e5ecfd9a39dba2c0f96d64d6.php 第 29 行.
NOTIC: [8] Undefined index:  uid D:\Easy2PHP5 build 2\WebSite\data\logs\Cache\Home\377f56f2e5ecfd9a39dba2c0f96d64d6.php 第 29 行.
INFO: Run ParseTemplate Behavior [ RunTime:-0.003939s ]
INFO: [ view_parse ] --END-- [ RunTime:0.018008s ]
INFO: [ view_filter ] --START--
INFO: Run ContentReplace Behavior [ RunTime:-0.022000s ]
INFO: Run TokenBuild Behavior [ RunTime:-0.022384s ]
INFO: Run WriteHtmlCache Behavior [ RunTime:-0.022829s ]
INFO: Run ShowRuntime Behavior [ RunTime:-0.023085s ]
INFO: [ view_filter ] --END-- [ RunTime:0.001564s ]
INFO: [ view_end ] --START--
INFO: Run ShowPageTrace Behavior [ RunTime:-0.023643s ]
INFO: [ view_end ] --END-- [ RunTime:0.000605s ]

[ 2014-03-19T02:22:14+08:00 ] 113.142.24.15 /
INFO: [ app_begin ] --START--
INFO: Run ReadHtmlCache Behavior [ RunTime:0.000534s ]
INFO: [ app_begin ] --END-- [ RunTime:0.000632s ]
INFO: [ view_template ] --START--
INFO: Run LocationTemplate Behavior [ RunTime:-0.003640s ]
INFO: [ view_template ] --END-- [ RunTime:0.000420s ]
INFO: [ view_parse ] --START--
NOTIC: [8] Use of undefined constant uid - assumed 'uid' D:\Easy2PHP5 build 2\WebSite\data\logs\Cache\Home\377f56f2e5ecfd9a39dba2c0f96d64d6.php 第 29 行.
NOTIC: [8] Undefined index:  uid D:\Easy2PHP5 build 2\WebSite\data\logs\Cache\Home\377f56f2e5ecfd9a39dba2c0f96d64d6.php 第 29 行.
INFO: Run ParseTemplate Behavior [ RunTime:-0.004112s ]
INFO: [ view_parse ] --END-- [ RunTime:0.019513s ]
INFO: [ view_filter ] --START--
INFO: Run ContentReplace Behavior [ RunTime:-0.023742s ]
INFO: Run TokenBuild Behavior [ RunTime:-0.024187s ]
INFO: Run WriteHtmlCache Behavior [ RunTime:-0.024783s ]
INFO: Run ShowRuntime Behavior [ RunTime:-0.025050s ]
INFO: [ view_filter ] --END-- [ RunTime:0.001915s ]
INFO: [ view_end ] --START--
INFO: Run ShowPageTrace Behavior [ RunTime:-0.025762s ]
INFO: [ view_end ] --END-- [ RunTime:0.000656s ]

[ 2014-03-19T02:22:23+08:00 ] 113.142.24.15 /
INFO: [ app_begin ] --START--
INFO: Run ReadHtmlCache Behavior [ RunTime:0.000806s ]
INFO: [ app_begin ] --END-- [ RunTime:0.000918s ]
INFO: [ view_template ] --START--
INFO: Run LocationTemplate Behavior [ RunTime:-0.005114s ]
INFO: [ view_template ] --END-- [ RunTime:0.000933s ]
INFO: [ view_parse ] --START--
NOTIC: [8] Use of undefined constant uid - assumed 'uid' D:\Easy2PHP5 build 2\WebSite\data\logs\Cache\Home\377f56f2e5ecfd9a39dba2c0f96d64d6.php 第 29 行.
NOTIC: [8] Undefined index:  uid D:\Easy2PHP5 build 2\WebSite\data\logs\Cache\Home\377f56f2e5ecfd9a39dba2c0f96d64d6.php 第 29 行.
INFO: Run ParseTemplate Behavior [ RunTime:-0.006105s ]
INFO: [ view_parse ] --END-- [ RunTime:0.026128s ]
INFO: [ view_filter ] --START--
INFO: Run ContentReplace Behavior [ RunTime:-0.032287s ]
INFO: Run TokenBuild Behavior [ RunTime:-0.032948s ]
INFO: Run WriteHtmlCache Behavior [ RunTime:-0.033767s ]
INFO: Run ShowRuntime Behavior [ RunTime:-0.034289s ]
INFO: [ view_filter ] --END-- [ RunTime:0.002748s ]
INFO: [ view_end ] --START--
INFO: Run ShowPageTrace Behavior [ RunTime:-0.035113s ]
INFO: [ view_end ] --END-- [ RunTime:0.000869s ]

[ 2014-03-19T02:22:24+08:00 ] 113.142.24.15 /
INFO: [ app_begin ] --START--
INFO: Run ReadHtmlCache Behavior [ RunTime:0.000529s ]
INFO: [ app_begin ] --END-- [ RunTime:0.000623s ]
INFO: [ view_template ] --START--
INFO: Run LocationTemplate Behavior [ RunTime:-0.003585s ]
INFO: [ view_template ] --END-- [ RunTime:0.000452s ]
INFO: [ view_parse ] --START--
NOTIC: [8] Use of undefined constant uid - assumed 'uid' D:\Easy2PHP5 build 2\WebSite\data\logs\Cache\Home\377f56f2e5ecfd9a39dba2c0f96d64d6.php 第 29 行.
NOTIC: [8] Undefined index:  uid D:\Easy2PHP5 build 2\WebSite\data\logs\Cache\Home\377f56f2e5ecfd9a39dba2c0f96d64d6.php 第 29 行.
INFO: Run ParseTemplate Behavior [ RunTime:-0.004090s ]
INFO: [ view_parse ] --END-- [ RunTime:0.018336s ]
INFO: [ view_filter ] --START--
INFO: Run ContentReplace Behavior [ RunTime:-0.022497s ]
INFO: Run TokenBuild Behavior [ RunTime:-0.022897s ]
INFO: Run WriteHtmlCache Behavior [ RunTime:-0.023346s ]
INFO: Run ShowRuntime Behavior [ RunTime:-0.023616s ]
INFO: [ view_filter ] --END-- [ RunTime:0.001616s ]
INFO: [ view_end ] --START--
INFO: Run ShowPageTrace Behavior [ RunTime:-0.024182s ]
INFO: [ view_end ] --END-- [ RunTime:0.000627s ]

[ 2014-03-19T02:22:24+08:00 ] 113.142.24.15 /
INFO: [ app_begin ] --START--
INFO: Run ReadHtmlCache Behavior [ RunTime:0.000537s ]
INFO: [ app_begin ] --END-- [ RunTime:0.000633s ]
INFO: [ view_template ] --START--
INFO: Run LocationTemplate Behavior [ RunTime:-0.003531s ]
INFO: [ view_template ] --END-- [ RunTime:0.000418s ]
INFO: [ view_parse ] --START--
NOTIC: [8] Use of undefined constant uid - assumed 'uid' D:\Easy2PHP5 build 2\WebSite\data\logs\Cache\Home\377f56f2e5ecfd9a39dba2c0f96d64d6.php 第 29 行.
NOTIC: [8] Undefined index:  uid D:\Easy2PHP5 build 2\WebSite\data\logs\Cache\Home\377f56f2e5ecfd9a39dba2c0f96d64d6.php 第 29 行.
INFO: Run ParseTemplate Behavior [ RunTime:-0.004003s ]
INFO: [ view_parse ] --END-- [ RunTime:0.017816s ]
INFO: [ view_filter ] --START--
INFO: Run ContentReplace Behavior [ RunTime:-0.021875s ]
INFO: Run TokenBuild Behavior [ RunTime:-0.022265s ]
INFO: Run WriteHtmlCache Behavior [ RunTime:-0.022713s ]
INFO: Run ShowRuntime Behavior [ RunTime:-0.022974s ]
INFO: [ view_filter ] --END-- [ RunTime:0.001584s ]
INFO: [ view_end ] --START--
INFO: Run ShowPageTrace Behavior [ RunTime:-0.023534s ]
INFO: [ view_end ] --END-- [ RunTime:0.000608s ]

[ 2014-03-19T02:22:25+08:00 ] 113.142.24.15 /
INFO: [ app_begin ] --START--
INFO: Run ReadHtmlCache Behavior [ RunTime:0.000531s ]
INFO: [ app_begin ] --END-- [ RunTime:0.000626s ]
INFO: [ view_template ] --START--
INFO: Run LocationTemplate Behavior [ RunTime:-0.003484s ]
INFO: [ view_template ] --END-- [ RunTime:0.000597s ]
INFO: [ view_parse ] --START--
NOTIC: [8] Use of undefined constant uid - assumed 'uid' D:\Easy2PHP5 build 2\WebSite\data\logs\Cache\Home\377f56f2e5ecfd9a39dba2c0f96d64d6.php 第 29 行.
NOTIC: [8] Undefined index:  uid D:\Easy2PHP5 build 2\WebSite\data\logs\Cache\Home\377f56f2e5ecfd9a39dba2c0f96d64d6.php 第 29 行.
INFO: Run ParseTemplate Behavior [ RunTime:-0.004131s ]
INFO: [ view_parse ] --END-- [ RunTime:0.018230s ]
INFO: [ view_filter ] --START--
INFO: Run ContentReplace Behavior [ RunTime:-0.022447s ]
INFO: Run TokenBuild Behavior [ RunTime:-0.023253s ]
INFO: Run WriteHtmlCache Behavior [ RunTime:-0.023723s ]
INFO: Run ShowRuntime Behavior [ RunTime:-0.023983s ]
INFO: [ view_filter ] --END-- [ RunTime:0.002123s ]
INFO: [ view_end ] --START--
INFO: Run ShowPageTrace Behavior [ RunTime:-0.024648s ]
INFO: [ view_end ] --END-- [ RunTime:0.000640s ]

[ 2014-03-19T02:22:25+08:00 ] 113.142.24.15 /
INFO: [ app_begin ] --START--
INFO: Run ReadHtmlCache Behavior [ RunTime:0.000532s ]
INFO: [ app_begin ] --END-- [ RunTime:0.000629s ]
INFO: [ view_template ] --START--
INFO: Run LocationTemplate Behavior [ RunTime:-0.003473s ]
INFO: [ view_template ] --END-- [ RunTime:0.000412s ]
INFO: [ view_parse ] --START--
NOTIC: [8] Use of undefined constant uid - assumed 'uid' D:\Easy2PHP5 build 2\WebSite\data\logs\Cache\Home\377f56f2e5ecfd9a39dba2c0f96d64d6.php 第 29 行.
NOTIC: [8] Undefined index:  uid D:\Easy2PHP5 build 2\WebSite\data\logs\Cache\Home\377f56f2e5ecfd9a39dba2c0f96d64d6.php 第 29 行.
INFO: Run ParseTemplate Behavior [ RunTime:-0.003940s ]
INFO: [ view_parse ] --END-- [ RunTime:0.018002s ]
INFO: [ view_filter ] --START--
INFO: Run ContentReplace Behavior [ RunTime:-0.022002s ]
INFO: Run TokenBuild Behavior [ RunTime:-0.022408s ]
INFO: Run WriteHtmlCache Behavior [ RunTime:-0.022932s ]
INFO: Run ShowRuntime Behavior [ RunTime:-0.023229s ]
INFO: [ view_filter ] --END-- [ RunTime:0.001745s ]
INFO: [ view_end ] --START--
INFO: Run ShowPageTrace Behavior [ RunTime:-0.023851s ]
INFO: [ view_end ] --END-- [ RunTime:0.000767s ]

[ 2014-03-19T02:22:25+08:00 ] 113.142.24.15 /
INFO: [ app_begin ] --START--
INFO: Run ReadHtmlCache Behavior [ RunTime:0.000532s ]
INFO: [ app_begin ] --END-- [ RunTime:0.000627s ]
INFO: [ view_template ] --START--
INFO: Run LocationTemplate Behavior [ RunTime:-0.003728s ]
INFO: [ view_template ] --END-- [ RunTime:0.000420s ]
INFO: [ view_parse ] --START--
NOTIC: [8] Use of undefined constant uid - assumed 'uid' D:\Easy2PHP5 build 2\WebSite\data\logs\Cache\Home\377f56f2e5ecfd9a39dba2c0f96d64d6.php 第 29 行.
NOTIC: [8] Undefined index:  uid D:\Easy2PHP5 build 2\WebSite\data\logs\Cache\Home\377f56f2e5ecfd9a39dba2c0f96d64d6.php 第 29 行.
INFO: Run ParseTemplate Behavior [ RunTime:-0.004200s ]
INFO: [ view_parse ] --END-- [ RunTime:0.017929s ]
INFO: [ view_filter ] --START--
INFO: Run ContentReplace Behavior [ RunTime:-0.022184s ]
INFO: Run TokenBuild Behavior [ RunTime:-0.022571s ]
INFO: Run WriteHtmlCache Behavior [ RunTime:-0.023014s ]
INFO: Run ShowRuntime Behavior [ RunTime:-0.023271s ]
INFO: [ view_filter ] --END-- [ RunTime:0.001569s ]
INFO: [ view_end ] --START--
INFO: Run ShowPageTrace Behavior [ RunTime:-0.023830s ]
INFO: [ view_end ] --END-- [ RunTime:0.000639s ]

[ 2014-03-19T02:22:27+08:00 ] 113.142.24.15 /
INFO: [ app_begin ] --START--
INFO: Run ReadHtmlCache Behavior [ RunTime:0.000536s ]
INFO: [ app_begin ] --END-- [ RunTime:0.000632s ]
INFO: [ view_template ] --START--
INFO: Run LocationTemplate Behavior [ RunTime:-0.003540s ]
INFO: [ view_template ] --END-- [ RunTime:0.000416s ]
INFO: [ view_parse ] --START--
NOTIC: [8] Use of undefined constant uid - assumed 'uid' D:\Easy2PHP5 build 2\WebSite\data\logs\Cache\Home\377f56f2e5ecfd9a39dba2c0f96d64d6.php 第 29 行.
NOTIC: [8] Undefined index:  uid D:\Easy2PHP5 build 2\WebSite\data\logs\Cache\Home\377f56f2e5ecfd9a39dba2c0f96d64d6.php 第 29 行.
INFO: Run ParseTemplate Behavior [ RunTime:-0.004011s ]
INFO: [ view_parse ] --END-- [ RunTime:0.017922s ]
INFO: [ view_filter ] --START--
INFO: Run ContentReplace Behavior [ RunTime:-0.021990s ]
INFO: Run TokenBuild Behavior [ RunTime:-0.022382s ]
INFO: Run WriteHtmlCache Behavior [ RunTime:-0.022831s ]
INFO: Run ShowRuntime Behavior [ RunTime:-0.023091s ]
INFO: [ view_filter ] --END-- [ RunTime:0.001588s ]
INFO: [ view_end ] --START--
INFO: Run ShowPageTrace Behavior [ RunTime:-0.023654s ]
INFO: [ view_end ] --END-- [ RunTime:0.000614s ]

[ 2014-03-19T02:22:27+08:00 ] 113.142.24.15 /
INFO: [ app_begin ] --START--
INFO: Run ReadHtmlCache Behavior [ RunTime:0.000531s ]
INFO: [ app_begin ] --END-- [ RunTime:0.000643s ]
INFO: [ view_template ] --START--
INFO: Run LocationTemplate Behavior [ RunTime:-0.003717s ]
INFO: [ view_template ] --END-- [ RunTime:0.000411s ]
INFO: [ view_parse ] --START--
NOTIC: [8] Use of undefined constant uid - assumed 'uid' D:\Easy2PHP5 build 2\WebSite\data\logs\Cache\Home\377f56f2e5ecfd9a39dba2c0f96d64d6.php 第 29 行.
NOTIC: [8] Undefined index:  uid D:\Easy2PHP5 build 2\WebSite\data\logs\Cache\Home\377f56f2e5ecfd9a39dba2c0f96d64d6.php 第 29 行.
INFO: Run ParseTemplate Behavior [ RunTime:-0.004182s ]
INFO: [ view_parse ] --END-- [ RunTime:0.017740s ]
INFO: [ view_filter ] --START--
INFO: Run ContentReplace Behavior [ RunTime:-0.021991s ]
INFO: Run TokenBuild Behavior [ RunTime:-0.022392s ]
INFO: Run WriteHtmlCache Behavior [ RunTime:-0.022842s ]
INFO: Run ShowRuntime Behavior [ RunTime:-0.023102s ]
INFO: [ view_filter ] --END-- [ RunTime:0.001603s ]
INFO: [ view_end ] --START--
INFO: Run ShowPageTrace Behavior [ RunTime:-0.023674s ]
INFO: [ view_end ] --END-- [ RunTime:0.000610s ]

[ 2014-03-19T02:22:27+08:00 ] 113.142.24.15 /
INFO: [ app_begin ] --START--
INFO: Run ReadHtmlCache Behavior [ RunTime:0.000538s ]
INFO: [ app_begin ] --END-- [ RunTime:0.000635s ]
INFO: [ view_template ] --START--
INFO: Run LocationTemplate Behavior [ RunTime:-0.003520s ]
INFO: [ view_template ] --END-- [ RunTime:0.000413s ]
INFO: [ view_parse ] --START--
NOTIC: [8] Use of undefined constant uid - assumed 'uid' D:\Easy2PHP5 build 2\WebSite\data\logs\Cache\Home\377f56f2e5ecfd9a39dba2c0f96d64d6.php 第 29 行.
NOTIC: [8] Undefined index:  uid D:\Easy2PHP5 build 2\WebSite\data\logs\Cache\Home\377f56f2e5ecfd9a39dba2c0f96d64d6.php 第 29 行.
INFO: Run ParseTemplate Behavior [ RunTime:-0.003985s ]
INFO: [ view_parse ] --END-- [ RunTime:0.018016s ]
INFO: [ view_filter ] --START--
INFO: Run ContentReplace Behavior [ RunTime:-0.022054s ]
INFO: Run TokenBuild Behavior [ RunTime:-0.022440s ]
INFO: Run WriteHtmlCache Behavior [ RunTime:-0.022885s ]
INFO: Run ShowRuntime Behavior [ RunTime:-0.023143s ]
INFO: [ view_filter ] --END-- [ RunTime:0.001575s ]
INFO: [ view_end ] --START--
INFO: Run ShowPageTrace Behavior [ RunTime:-0.023705s ]
INFO: [ view_end ] --END-- [ RunTime:0.000640s ]

[ 2014-03-19T02:22:27+08:00 ] 113.142.24.15 /
INFO: [ app_begin ] --START--
INFO: Run ReadHtmlCache Behavior [ RunTime:0.000543s ]
INFO: [ app_begin ] --END-- [ RunTime:0.000643s ]
INFO: [ view_template ] --START--
INFO: Run LocationTemplate Behavior [ RunTime:-0.004049s ]
INFO: [ view_template ] --END-- [ RunTime:0.000457s ]
INFO: [ view_parse ] --START--
NOTIC: [8] Use of undefined constant uid - assumed 'uid' D:\Easy2PHP5 build 2\WebSite\data\logs\Cache\Home\377f56f2e5ecfd9a39dba2c0f96d64d6.php 第 29 行.
NOTIC: [8] Undefined index:  uid D:\Easy2PHP5 build 2\WebSite\data\logs\Cache\Home\377f56f2e5ecfd9a39dba2c0f96d64d6.php 第 29 行.
INFO: Run ParseTemplate Behavior [ RunTime:-0.004556s ]
INFO: [ view_parse ] --END-- [ RunTime:0.018303s ]
INFO: [ view_filter ] --START--
INFO: Run ContentReplace Behavior [ RunTime:-0.022915s ]
INFO: Run TokenBuild Behavior [ RunTime:-0.023303s ]
INFO: Run WriteHtmlCache Behavior [ RunTime:-0.023747s ]
INFO: Run ShowRuntime Behavior [ RunTime:-0.024004s ]
INFO: [ view_filter ] --END-- [ RunTime:0.001572s ]
INFO: [ view_end ] --START--
INFO: Run ShowPageTrace Behavior [ RunTime:-0.024565s ]
INFO: [ view_end ] --END-- [ RunTime:0.000639s ]

[ 2014-03-19T02:22:33+08:00 ] 113.142.24.15 /
INFO: [ app_begin ] --START--
INFO: Run ReadHtmlCache Behavior [ RunTime:0.000617s ]
INFO: [ app_begin ] --END-- [ RunTime:0.000737s ]
INFO: [ view_template ] --START--
INFO: Run LocationTemplate Behavior [ RunTime:-0.003830s ]
INFO: [ view_template ] --END-- [ RunTime:0.000436s ]
INFO: [ view_parse ] --START--
NOTIC: [8] Use of undefined constant uid - assumed 'uid' D:\Easy2PHP5 build 2\WebSite\data\logs\Cache\Home\377f56f2e5ecfd9a39dba2c0f96d64d6.php 第 29 行.
NOTIC: [8] Undefined index:  uid D:\Easy2PHP5 build 2\WebSite\data\logs\Cache\Home\377f56f2e5ecfd9a39dba2c0f96d64d6.php 第 29 行.
INFO: Run ParseTemplate Behavior [ RunTime:-0.004379s ]
INFO: [ view_parse ] --END-- [ RunTime:0.018278s ]
INFO: [ view_filter ] --START--
INFO: Run ContentReplace Behavior [ RunTime:-0.022719s ]
INFO: Run TokenBuild Behavior [ RunTime:-0.023117s ]
INFO: Run WriteHtmlCache Behavior [ RunTime:-0.023574s ]
INFO: Run ShowRuntime Behavior [ RunTime:-0.023835s ]
INFO: [ view_filter ] --END-- [ RunTime:0.001618s ]
INFO: [ view_end ] --START--
INFO: Run ShowPageTrace Behavior [ RunTime:-0.024420s ]
INFO: [ view_end ] --END-- [ RunTime:0.000677s ]

[ 2014-03-19T02:22:47+08:00 ] 113.142.24.15 /
INFO: [ app_begin ] --START--
INFO: Run ReadHtmlCache Behavior [ RunTime:0.000787s ]
INFO: [ app_begin ] --END-- [ RunTime:0.000886s ]
INFO: [ view_template ] --START--
INFO: Run LocationTemplate Behavior [ RunTime:-0.005088s ]
INFO: [ view_template ] --END-- [ RunTime:0.000921s ]
INFO: [ view_parse ] --START--
NOTIC: [8] Use of undefined constant uid - assumed 'uid' D:\Easy2PHP5 build 2\WebSite\data\logs\Cache\Home\377f56f2e5ecfd9a39dba2c0f96d64d6.php 第 29 行.
NOTIC: [8] Undefined index:  uid D:\Easy2PHP5 build 2\WebSite\data\logs\Cache\Home\377f56f2e5ecfd9a39dba2c0f96d64d6.php 第 29 行.
INFO: Run ParseTemplate Behavior [ RunTime:-0.006069s ]
INFO: [ view_parse ] --END-- [ RunTime:0.025781s ]
INFO: [ view_filter ] --START--
INFO: Run ContentReplace Behavior [ RunTime:-0.031906s ]
INFO: Run TokenBuild Behavior [ RunTime:-0.032575s ]
INFO: Run WriteHtmlCache Behavior [ RunTime:-0.033395s ]
INFO: Run ShowRuntime Behavior [ RunTime:-0.033913s ]
INFO: [ view_filter ] --END-- [ RunTime:0.002754s ]
INFO: [ view_end ] --START--
INFO: Run ShowPageTrace Behavior [ RunTime:-0.034740s ]
INFO: [ view_end ] --END-- [ RunTime:0.000870s ]

[ 2014-03-19T02:22:47+08:00 ] 113.142.24.15 /
INFO: [ app_begin ] --START--
INFO: Run ReadHtmlCache Behavior [ RunTime:0.000534s ]
INFO: [ app_begin ] --END-- [ RunTime:0.000630s ]
INFO: [ view_template ] --START--
INFO: Run LocationTemplate Behavior [ RunTime:-0.003758s ]
INFO: [ view_template ] --END-- [ RunTime:0.000559s ]
INFO: [ view_parse ] --START--
NOTIC: [8] Use of undefined constant uid - assumed 'uid' D:\Easy2PHP5 build 2\WebSite\data\logs\Cache\Home\377f56f2e5ecfd9a39dba2c0f96d64d6.php 第 29 行.
NOTIC: [8] Undefined index:  uid D:\Easy2PHP5 build 2\WebSite\data\logs\Cache\Home\377f56f2e5ecfd9a39dba2c0f96d64d6.php 第 29 行.
INFO: Run ParseTemplate Behavior [ RunTime:-0.004415s ]
INFO: [ view_parse ] --END-- [ RunTime:0.019856s ]
INFO: [ view_filter ] --START--
INFO: Run ContentReplace Behavior [ RunTime:-0.024309s ]
INFO: Run TokenBuild Behavior [ RunTime:-0.024705s ]
INFO: Run WriteHtmlCache Behavior [ RunTime:-0.025155s ]
INFO: Run ShowRuntime Behavior [ RunTime:-0.025417s ]
INFO: [ view_filter ] --END-- [ RunTime:0.001598s ]
INFO: [ view_end ] --START--
INFO: Run ShowPageTrace Behavior [ RunTime:-0.025985s ]
INFO: [ view_end ] --END-- [ RunTime:0.000616s ]

[ 2014-03-19T02:22:48+08:00 ] 113.142.24.15 /
INFO: [ app_begin ] --START--
INFO: Run ReadHtmlCache Behavior [ RunTime:0.000533s ]
INFO: [ app_begin ] --END-- [ RunTime:0.000628s ]
INFO: [ view_template ] --START--
INFO: Run LocationTemplate Behavior [ RunTime:-0.003602s ]
INFO: [ view_template ] --END-- [ RunTime:0.000416s ]
INFO: [ view_parse ] --START--
NOTIC: [8] Use of undefined constant uid - assumed 'uid' D:\Easy2PHP5 build 2\WebSite\data\logs\Cache\Home\377f56f2e5ecfd9a39dba2c0f96d64d6.php 第 29 行.
NOTIC: [8] Undefined index:  uid D:\Easy2PHP5 build 2\WebSite\data\logs\Cache\Home\377f56f2e5ecfd9a39dba2c0f96d64d6.php 第 29 行.
INFO: Run ParseTemplate Behavior [ RunTime:-0.004074s ]
INFO: [ view_parse ] --END-- [ RunTime:0.017745s ]
INFO: [ view_filter ] --START--
INFO: Run ContentReplace Behavior [ RunTime:-0.021872s ]
INFO: Run TokenBuild Behavior [ RunTime:-0.022259s ]
INFO: Run WriteHtmlCache Behavior [ RunTime:-0.022704s ]
INFO: Run ShowRuntime Behavior [ RunTime:-0.022962s ]
INFO: [ view_filter ] --END-- [ RunTime:0.001575s ]
INFO: [ view_end ] --START--
INFO: Run ShowPageTrace Behavior [ RunTime:-0.023528s ]
INFO: [ view_end ] --END-- [ RunTime:0.000646s ]

[ 2014-03-19T02:22:48+08:00 ] 113.142.24.15 /
INFO: [ app_begin ] --START--
INFO: Run ReadHtmlCache Behavior [ RunTime:0.000537s ]
INFO: [ app_begin ] --END-- [ RunTime:0.000633s ]
INFO: [ view_template ] --START--
INFO: Run LocationTemplate Behavior [ RunTime:-0.003491s ]
INFO: [ view_template ] --END-- [ RunTime:0.000416s ]
INFO: [ view_parse ] --START--
NOTIC: [8] Use of undefined constant uid - assumed 'uid' D:\Easy2PHP5 build 2\WebSite\data\logs\Cache\Home\377f56f2e5ecfd9a39dba2c0f96d64d6.php 第 29 行.
NOTIC: [8] Undefined index:  uid D:\Easy2PHP5 build 2\WebSite\data\logs\Cache\Home\377f56f2e5ecfd9a39dba2c0f96d64d6.php 第 29 行.
INFO: Run ParseTemplate Behavior [ RunTime:-0.003961s ]
INFO: [ view_parse ] --END-- [ RunTime:0.017890s ]
INFO: [ view_filter ] --START--
INFO: Run ContentReplace Behavior [ RunTime:-0.021912s ]
INFO: Run TokenBuild Behavior [ RunTime:-0.022352s ]
INFO: Run WriteHtmlCache Behavior [ RunTime:-0.022819s ]
INFO: Run ShowRuntime Behavior [ RunTime:-0.023082s ]
INFO: [ view_filter ] --END-- [ RunTime:0.001658s ]
INFO: [ view_end ] --START--
INFO: Run ShowPageTrace Behavior [ RunTime:-0.023648s ]
INFO: [ view_end ] --END-- [ RunTime:0.000616s ]

[ 2014-03-19T02:22:48+08:00 ] 113.142.24.15 /
INFO: [ app_begin ] --START--
INFO: Run ReadHtmlCache Behavior [ RunTime:0.000536s ]
INFO: [ app_begin ] --END-- [ RunTime:0.000633s ]
INFO: [ view_template ] --START--
INFO: Run LocationTemplate Behavior [ RunTime:-0.003498s ]
INFO: [ view_template ] --END-- [ RunTime:0.000419s ]
INFO: [ view_parse ] --START--
NOTIC: [8] Use of undefined constant uid - assumed 'uid' D:\Easy2PHP5 build 2\WebSite\data\logs\Cache\Home\377f56f2e5ecfd9a39dba2c0f96d64d6.php 第 29 行.
NOTIC: [8] Undefined index:  uid D:\Easy2PHP5 build 2\WebSite\data\logs\Cache\Home\377f56f2e5ecfd9a39dba2c0f96d64d6.php 第 29 行.
INFO: Run ParseTemplate Behavior [ RunTime:-0.003971s ]
INFO: [ view_parse ] --END-- [ RunTime:0.017668s ]
INFO: [ view_filter ] --START--
INFO: Run ContentReplace Behavior [ RunTime:-0.021693s ]
INFO: Run TokenBuild Behavior [ RunTime:-0.022172s ]
INFO: Run WriteHtmlCache Behavior [ RunTime:-0.022629s ]
INFO: Run ShowRuntime Behavior [ RunTime:-0.022892s ]
INFO: [ view_filter ] --END-- [ RunTime:0.001687s ]
INFO: [ view_end ] --START--
INFO: Run ShowPageTrace Behavior [ RunTime:-0.023456s ]
INFO: [ view_end ] --END-- [ RunTime:0.000613s ]

[ 2014-03-19T02:23:00+08:00 ] 113.142.24.15 /index.php
INFO: [ app_begin ] --START--
INFO: Run ReadHtmlCache Behavior [ RunTime:0.000562s ]
INFO: [ app_begin ] --END-- [ RunTime:0.000661s ]
INFO: [ view_template ] --START--
INFO: Run LocationTemplate Behavior [ RunTime:-0.003776s ]
INFO: [ view_template ] --END-- [ RunTime:0.000420s ]
INFO: [ view_parse ] --START--
NOTIC: [8] Use of undefined constant uid - assumed 'uid' D:\Easy2PHP5 build 2\WebSite\data\logs\Cache\Home\377f56f2e5ecfd9a39dba2c0f96d64d6.php 第 29 行.
NOTIC: [8] Undefined index:  uid D:\Easy2PHP5 build 2\WebSite\data\logs\Cache\Home\377f56f2e5ecfd9a39dba2c0f96d64d6.php 第 29 行.
INFO: Run ParseTemplate Behavior [ RunTime:-0.004250s ]
INFO: [ view_parse ] --END-- [ RunTime:0.017930s ]
INFO: [ view_filter ] --START--
INFO: Run ContentReplace Behavior [ RunTime:-0.022238s ]
INFO: Run TokenBuild Behavior [ RunTime:-0.022629s ]
INFO: Run WriteHtmlCache Behavior [ RunTime:-0.023076s ]
INFO: Run ShowRuntime Behavior [ RunTime:-0.023338s ]
INFO: [ view_filter ] --END-- [ RunTime:0.001595s ]
INFO: [ view_end ] --START--
INFO: Run ShowPageTrace Behavior [ RunTime:-0.023910s ]
INFO: [ view_end ] --END-- [ RunTime:0.000646s ]

[ 2014-03-19T02:23:02+08:00 ] 113.142.24.15 /
INFO: [ app_begin ] --START--
INFO: Run ReadHtmlCache Behavior [ RunTime:0.000537s ]
INFO: [ app_begin ] --END-- [ RunTime:0.000635s ]
INFO: [ view_template ] --START--
INFO: Run LocationTemplate Behavior [ RunTime:-0.003534s ]
INFO: [ view_template ] --END-- [ RunTime:0.000420s ]
INFO: [ view_parse ] --START--
NOTIC: [8] Use of undefined constant uid - assumed 'uid' D:\Easy2PHP5 build 2\WebSite\data\logs\Cache\Home\377f56f2e5ecfd9a39dba2c0f96d64d6.php 第 29 行.
NOTIC: [8] Undefined index:  uid D:\Easy2PHP5 build 2\WebSite\data\logs\Cache\Home\377f56f2e5ecfd9a39dba2c0f96d64d6.php 第 29 行.
INFO: Run ParseTemplate Behavior [ RunTime:-0.004009s ]
INFO: [ view_parse ] --END-- [ RunTime:0.018496s ]
INFO: [ view_filter ] --START--
INFO: Run ContentReplace Behavior [ RunTime:-0.022589s ]
INFO: Run TokenBuild Behavior [ RunTime:-0.023156s ]
INFO: Run WriteHtmlCache Behavior [ RunTime:-0.023824s ]
INFO: Run ShowRuntime Behavior [ RunTime:-0.024191s ]
INFO: [ view_filter ] --END-- [ RunTime:0.002311s ]
INFO: [ view_end ] --START--
INFO: Run ShowPageTrace Behavior [ RunTime:-0.025007s ]
INFO: [ view_end ] --END-- [ RunTime:0.000878s ]

[ 2014-03-19T02:23:02+08:00 ] 113.142.24.15 /
INFO: [ app_begin ] --START--
INFO: Run ReadHtmlCache Behavior [ RunTime:0.000542s ]
INFO: [ app_begin ] --END-- [ RunTime:0.000639s ]
INFO: [ view_template ] --START--
INFO: Run LocationTemplate Behavior [ RunTime:-0.030312s ]
INFO: [ view_template ] --END-- [ RunTime:0.000425s ]
INFO: [ view_parse ] --START--
NOTIC: [8] Use of undefined constant uid - assumed 'uid' D:\Easy2PHP5 build 2\WebSite\data\logs\Cache\Home\377f56f2e5ecfd9a39dba2c0f96d64d6.php 第 29 行.
NOTIC: [8] Undefined index:  uid D:\Easy2PHP5 build 2\WebSite\data\logs\Cache\Home\377f56f2e5ecfd9a39dba2c0f96d64d6.php 第 29 行.
INFO: Run ParseTemplate Behavior [ RunTime:-0.030791s ]
INFO: [ view_parse ] --END-- [ RunTime:0.017973s ]
INFO: [ view_filter ] --START--
INFO: Run ContentReplace Behavior [ RunTime:-0.048819s ]
INFO: Run TokenBuild Behavior [ RunTime:-0.049210s ]
INFO: Run WriteHtmlCache Behavior [ RunTime:-0.049662s ]
INFO: Run ShowRuntime Behavior [ RunTime:-0.049923s ]
INFO: [ view_filter ] --END-- [ RunTime:0.001593s ]
INFO: [ view_end ] --START--
INFO: Run ShowPageTrace Behavior [ RunTime:-0.050487s ]
INFO: [ view_end ] --END-- [ RunTime:0.000627s ]

[ 2014-03-19T02:23:03+08:00 ] 113.142.24.15 /
INFO: [ app_begin ] --START--
INFO: Run ReadHtmlCache Behavior [ RunTime:0.000536s ]
INFO: [ app_begin ] --END-- [ RunTime:0.000634s ]
INFO: [ view_template ] --START--
INFO: Run LocationTemplate Behavior [ RunTime:-0.003539s ]
INFO: [ view_template ] --END-- [ RunTime:0.000420s ]
INFO: [ view_parse ] --START--
NOTIC: [8] Use of undefined constant uid - assumed 'uid' D:\Easy2PHP5 build 2\WebSite\data\logs\Cache\Home\377f56f2e5ecfd9a39dba2c0f96d64d6.php 第 29 行.
NOTIC: [8] Undefined index:  uid D:\Easy2PHP5 build 2\WebSite\data\logs\Cache\Home\377f56f2e5ecfd9a39dba2c0f96d64d6.php 第 29 行.
INFO: Run ParseTemplate Behavior [ RunTime:-0.004015s ]
INFO: [ view_parse ] --END-- [ RunTime:0.017797s ]
INFO: [ view_filter ] --START--
INFO: Run ContentReplace Behavior [ RunTime:-0.021865s ]
INFO: Run TokenBuild Behavior [ RunTime:-0.022253s ]
INFO: Run WriteHtmlCache Behavior [ RunTime:-0.022700s ]
INFO: Run ShowRuntime Behavior [ RunTime:-0.022962s ]
INFO: [ view_filter ] --END-- [ RunTime:0.001582s ]
INFO: [ view_end ] --START--
INFO: Run ShowPageTrace Behavior [ RunTime:-0.023525s ]
INFO: [ view_end ] --END-- [ RunTime:0.000613s ]

[ 2014-03-19T02:23:04+08:00 ] 113.142.24.15 /
INFO: [ app_begin ] --START--
INFO: Run ReadHtmlCache Behavior [ RunTime:0.000539s ]
INFO: [ app_begin ] --END-- [ RunTime:0.000646s ]
INFO: [ view_template ] --START--
INFO: Run LocationTemplate Behavior [ RunTime:-0.003566s ]
INFO: [ view_template ] --END-- [ RunTime:0.000417s ]
INFO: [ view_parse ] --START--
NOTIC: [8] Use of undefined constant uid - assumed 'uid' D:\Easy2PHP5 build 2\WebSite\data\logs\Cache\Home\377f56f2e5ecfd9a39dba2c0f96d64d6.php 第 29 行.
NOTIC: [8] Undefined index:  uid D:\Easy2PHP5 build 2\WebSite\data\logs\Cache\Home\377f56f2e5ecfd9a39dba2c0f96d64d6.php 第 29 行.
INFO: Run ParseTemplate Behavior [ RunTime:-0.004038s ]
INFO: [ view_parse ] --END-- [ RunTime:0.017746s ]
INFO: [ view_filter ] --START--
INFO: Run ContentReplace Behavior [ RunTime:-0.021840s ]
INFO: Run TokenBuild Behavior [ RunTime:-0.022228s ]
INFO: Run WriteHtmlCache Behavior [ RunTime:-0.022680s ]
INFO: Run ShowRuntime Behavior [ RunTime:-0.022939s ]
INFO: [ view_filter ] --END-- [ RunTime:0.001585s ]
INFO: [ view_end ] --START--
INFO: Run ShowPageTrace Behavior [ RunTime:-0.023501s ]
INFO: [ view_end ] --END-- [ RunTime:0.000649s ]

[ 2014-03-19T02:23:05+08:00 ] 113.142.24.15 /
INFO: [ app_begin ] --START--
INFO: Run ReadHtmlCache Behavior [ RunTime:0.000539s ]
INFO: [ app_begin ] --END-- [ RunTime:0.000638s ]
INFO: [ view_template ] --START--
INFO: Run LocationTemplate Behavior [ RunTime:-0.003572s ]
INFO: [ view_template ] --END-- [ RunTime:0.000421s ]
INFO: [ view_parse ] --START--
NOTIC: [8] Use of undefined constant uid - assumed 'uid' D:\Easy2PHP5 build 2\WebSite\data\logs\Cache\Home\377f56f2e5ecfd9a39dba2c0f96d64d6.php 第 29 行.
NOTIC: [8] Undefined index:  uid D:\Easy2PHP5 build 2\WebSite\data\logs\Cache\Home\377f56f2e5ecfd9a39dba2c0f96d64d6.php 第 29 行.
INFO: Run ParseTemplate Behavior [ RunTime:-0.004049s ]
INFO: [ view_parse ] --END-- [ RunTime:0.019184s ]
INFO: [ view_filter ] --START--
INFO: Run ContentReplace Behavior [ RunTime:-0.023316s ]
INFO: Run TokenBuild Behavior [ RunTime:-0.023739s ]
INFO: Run WriteHtmlCache Behavior [ RunTime:-0.024216s ]
INFO: Run ShowRuntime Behavior [ RunTime:-0.024489s ]
INFO: [ view_filter ] --END-- [ RunTime:0.001697s ]
INFO: [ view_end ] --START--
INFO: Run ShowPageTrace Behavior [ RunTime:-0.025088s ]
INFO: [ view_end ] --END-- [ RunTime:0.000634s ]

[ 2014-03-19T02:23:05+08:00 ] 113.142.24.15 //
INFO: [ app_begin ] --START--
INFO: Run ReadHtmlCache Behavior [ RunTime:0.000556s ]
INFO: [ app_begin ] --END-- [ RunTime:0.000682s ]
INFO: [ view_template ] --START--
INFO: Run LocationTemplate Behavior [ RunTime:-0.008005s ]
INFO: [ view_template ] --END-- [ RunTime:0.000416s ]
INFO: [ view_parse ] --START--
NOTIC: [8] Use of undefined constant uid - assumed 'uid' D:\Easy2PHP5 build 2\WebSite\data\logs\Cache\Home\377f56f2e5ecfd9a39dba2c0f96d64d6.php 第 29 行.
NOTIC: [8] Undefined index:  uid D:\Easy2PHP5 build 2\WebSite\data\logs\Cache\Home\377f56f2e5ecfd9a39dba2c0f96d64d6.php 第 29 行.
INFO: Run ParseTemplate Behavior [ RunTime:-0.008477s ]
INFO: [ view_parse ] --END-- [ RunTime:0.020573s ]
INFO: [ view_filter ] --START--
INFO: Run ContentReplace Behavior [ RunTime:-0.029112s ]
INFO: Run TokenBuild Behavior [ RunTime:-0.029513s ]
INFO: Run WriteHtmlCache Behavior [ RunTime:-0.029968s ]
INFO: Run ShowRuntime Behavior [ RunTime:-0.030227s ]
INFO: [ view_filter ] --END-- [ RunTime:0.001605s ]
INFO: [ view_end ] --START--
INFO: Run ShowPageTrace Behavior [ RunTime:-0.030796s ]
INFO: [ view_end ] --END-- [ RunTime:0.000630s ]

[ 2014-03-19T04:19:47+08:00 ] 220.113.8.235 /
INFO: [ app_begin ] --START--
INFO: Run ReadHtmlCache Behavior [ RunTime:0.000812s ]
INFO: [ app_begin ] --END-- [ RunTime:0.000911s ]
NOTIC: [8] Undefined index:  HTTP_HOST D:\Easy2PHP5 build 2\WebSite\Core\_Core\Lib\Core\Action.class.php 第 344 行.
NOTIC: [8] Undefined index:  1 D:\Easy2PHP5 build 2\WebSite\Core\_Core\Lib\Core\Action.class.php 第 57 行.
NOTIC: [8] Undefined index:  HTTP_HOST D:\Easy2PHP5 build 2\WebSite\Core\_Core\Common\common.php 第 261 行.
NOTIC: [8] Undefined index:  1 D:\Easy2PHP5 build 2\WebSite\Core\_Core\Lib\Core\View.class.php 第 70 行.
INFO: [ view_template ] --START--
INFO: Run LocationTemplate Behavior [ RunTime:-0.004562s ]
INFO: [ view_template ] --END-- [ RunTime:0.000900s ]
INFO: [ view_parse ] --START--
NOTIC: [8] Use of undefined constant uid - assumed 'uid' D:\Easy2PHP5 build 2\WebSite\data\logs\Cache\Home\377f56f2e5ecfd9a39dba2c0f96d64d6.php 第 29 行.
NOTIC: [8] Undefined index:  uid D:\Easy2PHP5 build 2\WebSite\data\logs\Cache\Home\377f56f2e5ecfd9a39dba2c0f96d64d6.php 第 29 行.
INFO: Run ParseTemplate Behavior [ RunTime:-0.005527s ]
INFO: [ view_parse ] --END-- [ RunTime:0.019396s ]
INFO: [ view_filter ] --START--
INFO: Run ContentReplace Behavior [ RunTime:-0.024978s ]
INFO: Run TokenBuild Behavior [ RunTime:-0.025633s ]
INFO: Run WriteHtmlCache Behavior [ RunTime:-0.026335s ]
INFO: Run ShowRuntime Behavior [ RunTime:-0.026852s ]
INFO: [ view_filter ] --END-- [ RunTime:0.002616s ]
INFO: [ view_end ] --START--
INFO: Run ShowPageTrace Behavior [ RunTime:-0.027674s ]
INFO: [ view_end ] --END-- [ RunTime:0.000869s ]

[ 2014-03-19T09:13:59+08:00 ] 173.221.117.142 /
INFO: [ app_begin ] --START--
INFO: Run ReadHtmlCache Behavior [ RunTime:0.001010s ]
INFO: [ app_begin ] --END-- [ RunTime:0.001108s ]
INFO: [ view_template ] --START--
INFO: Run LocationTemplate Behavior [ RunTime:-0.005652s ]
INFO: [ view_template ] --END-- [ RunTime:0.001465s ]
INFO: [ view_parse ] --START--
NOTIC: [8] Use of undefined constant uid - assumed 'uid' D:\Easy2PHP5 build 2\WebSite\data\logs\Cache\Home\377f56f2e5ecfd9a39dba2c0f96d64d6.php 第 29 行.
NOTIC: [8] Undefined index:  uid D:\Easy2PHP5 build 2\WebSite\data\logs\Cache\Home\377f56f2e5ecfd9a39dba2c0f96d64d6.php 第 29 行.
INFO: Run ParseTemplate Behavior [ RunTime:-0.007174s ]
INFO: [ view_parse ] --END-- [ RunTime:0.026328s ]
INFO: [ view_filter ] --START--
INFO: Run ContentReplace Behavior [ RunTime:-0.033568s ]
INFO: Run TokenBuild Behavior [ RunTime:-0.034467s ]
INFO: Run WriteHtmlCache Behavior [ RunTime:-0.035527s ]
INFO: Run ShowRuntime Behavior [ RunTime:-0.036271s ]
INFO: [ view_filter ] --END-- [ RunTime:0.003670s ]
INFO: [ view_end ] --START--
INFO: Run ShowPageTrace Behavior [ RunTime:-0.037323s ]
INFO: [ view_end ] --END-- [ RunTime:0.001102s ]

[ 2014-03-19T09:30:54+08:00 ] 173.221.117.142 /
INFO: [ app_begin ] --START--
INFO: Run ReadHtmlCache Behavior [ RunTime:0.001015s ]
INFO: [ app_begin ] --END-- [ RunTime:0.001118s ]
INFO: [ view_template ] --START--
INFO: Run LocationTemplate Behavior [ RunTime:-0.005424s ]
INFO: [ view_template ] --END-- [ RunTime:0.001222s ]
INFO: [ view_parse ] --START--
NOTIC: [8] Use of undefined constant uid - assumed 'uid' D:\Easy2PHP5 build 2\WebSite\data\logs\Cache\Home\377f56f2e5ecfd9a39dba2c0f96d64d6.php 第 29 行.
NOTIC: [8] Undefined index:  uid D:\Easy2PHP5 build 2\WebSite\data\logs\Cache\Home\377f56f2e5ecfd9a39dba2c0f96d64d6.php 第 29 行.
INFO: Run ParseTemplate Behavior [ RunTime:-0.006706s ]
INFO: [ view_parse ] --END-- [ RunTime:0.020679s ]
INFO: [ view_filter ] --START--
INFO: Run ContentReplace Behavior [ RunTime:-0.027439s ]
INFO: Run TokenBuild Behavior [ RunTime:-0.028578s ]
INFO: Run WriteHtmlCache Behavior [ RunTime:-0.029510s ]
INFO: Run ShowRuntime Behavior [ RunTime:-0.030261s ]
INFO: [ view_filter ] --END-- [ RunTime:0.003792s ]
INFO: [ view_end ] --START--
INFO: Run ShowPageTrace Behavior [ RunTime:-0.031310s ]
INFO: [ view_end ] --END-- [ RunTime:0.001101s ]

[ 2014-03-19T09:44:33+08:00 ] 173.221.117.142 /
INFO: [ app_begin ] --START--
INFO: Run ReadHtmlCache Behavior [ RunTime:0.001007s ]
INFO: [ app_begin ] --END-- [ RunTime:0.001104s ]
INFO: [ view_template ] --START--
INFO: Run LocationTemplate Behavior [ RunTime:-0.005472s ]
INFO: [ view_template ] --END-- [ RunTime:0.001246s ]
INFO: [ view_parse ] --START--
NOTIC: [8] Use of undefined constant uid - assumed 'uid' D:\Easy2PHP5 build 2\WebSite\data\logs\Cache\Home\377f56f2e5ecfd9a39dba2c0f96d64d6.php 第 29 行.
NOTIC: [8] Undefined index:  uid D:\Easy2PHP5 build 2\WebSite\data\logs\Cache\Home\377f56f2e5ecfd9a39dba2c0f96d64d6.php 第 29 行.
INFO: Run ParseTemplate Behavior [ RunTime:-0.006777s ]
INFO: [ view_parse ] --END-- [ RunTime:0.021016s ]
INFO: [ view_filter ] --START--
INFO: Run ContentReplace Behavior [ RunTime:-0.027849s ]
INFO: Run TokenBuild Behavior [ RunTime:-0.028751s ]
INFO: Run WriteHtmlCache Behavior [ RunTime:-0.029684s ]
INFO: Run ShowRuntime Behavior [ RunTime:-0.030434s ]
INFO: [ view_filter ] --END-- [ RunTime:0.003561s ]
INFO: [ view_end ] --START--
INFO: Run ShowPageTrace Behavior [ RunTime:-0.031492s ]
INFO: [ view_end ] --END-- [ RunTime:0.001128s ]

[ 2014-03-19T10:45:29+08:00 ] 218.6.198.251 /
INFO: [ app_begin ] --START--
INFO: Run ReadHtmlCache Behavior [ RunTime:0.001053s ]
INFO: [ app_begin ] --END-- [ RunTime:0.001160s ]
INFO: [ view_template ] --START--
INFO: Run LocationTemplate Behavior [ RunTime:-0.005652s ]
INFO: [ view_template ] --END-- [ RunTime:0.001273s ]
INFO: [ view_parse ] --START--
NOTIC: [8] Use of undefined constant uid - assumed 'uid' D:\Easy2PHP5 build 2\WebSite\data\logs\Cache\Home\377f56f2e5ecfd9a39dba2c0f96d64d6.php 第 29 行.
NOTIC: [8] Undefined index:  uid D:\Easy2PHP5 build 2\WebSite\data\logs\Cache\Home\377f56f2e5ecfd9a39dba2c0f96d64d6.php 第 29 行.
INFO: Run ParseTemplate Behavior [ RunTime:-0.006980s ]
INFO: [ view_parse ] --END-- [ RunTime:0.022761s ]
INFO: [ view_filter ] --START--
INFO: Run ContentReplace Behavior [ RunTime:-0.029804s ]
INFO: Run TokenBuild Behavior [ RunTime:-0.030764s ]
INFO: Run WriteHtmlCache Behavior [ RunTime:-0.031804s ]
INFO: Run ShowRuntime Behavior [ RunTime:-0.032616s ]
INFO: [ view_filter ] --END-- [ RunTime:0.003825s ]
INFO: [ view_end ] --START--
INFO: Run ShowPageTrace Behavior [ RunTime:-0.033719s ]
INFO: [ view_end ] --END-- [ RunTime:0.001122s ]

[ 2014-03-19T10:45:45+08:00 ] 218.6.198.251 /index.php?g=Home&m=Index&a=fc
INFO: [ app_begin ] --START--
INFO: Run ReadHtmlCache Behavior [ RunTime:0.000787s ]
INFO: [ app_begin ] --END-- [ RunTime:0.000883s ]
INFO: [ view_template ] --START--
INFO: Run LocationTemplate Behavior [ RunTime:-0.004986s ]
INFO: [ view_template ] --END-- [ RunTime:0.000665s ]
INFO: [ view_parse ] --START--
NOTIC: [8] Use of undefined constant uid - assumed 'uid' D:\Easy2PHP5 build 2\WebSite\data\logs\Cache\Home\9f72c086e7fd28394605e09011795541.php 第 28 行.
NOTIC: [8] Undefined index:  uid D:\Easy2PHP5 build 2\WebSite\data\logs\Cache\Home\9f72c086e7fd28394605e09011795541.php 第 28 行.
INFO: Run ParseTemplate Behavior [ RunTime:-0.005707s ]
INFO: [ view_parse ] --END-- [ RunTime:0.038792s ]
INFO: [ view_filter ] --START--
INFO: Run ContentReplace Behavior [ RunTime:-0.044555s ]
INFO: Run TokenBuild Behavior [ RunTime:-0.045321s ]
INFO: Run WriteHtmlCache Behavior [ RunTime:-0.046244s ]
INFO: Run ShowRuntime Behavior [ RunTime:-0.046763s ]
INFO: [ view_filter ] --END-- [ RunTime:0.002980s ]
INFO: [ view_end ] --START--
INFO: Run ShowPageTrace Behavior [ RunTime:-0.047635s ]
INFO: [ view_end ] --END-- [ RunTime:0.000872s ]

[ 2014-03-19T10:46:41+08:00 ] 218.6.198.251 /index.php?g=Home&m=Index&a=about
INFO: [ app_begin ] --START--
INFO: Run ReadHtmlCache Behavior [ RunTime:0.000789s ]
INFO: [ app_begin ] --END-- [ RunTime:0.000886s ]
INFO: [ view_template ] --START--
INFO: Run LocationTemplate Behavior [ RunTime:-0.004996s ]
INFO: [ view_template ] --END-- [ RunTime:0.000669s ]
INFO: [ view_parse ] --START--
NOTIC: [8] Use of undefined constant uid - assumed 'uid' D:\Easy2PHP5 build 2\WebSite\data\logs\Cache\Home\62da13d6a4a39bfa726bf0328a3d140c.php 第 28 行.
NOTIC: [8] Undefined index:  uid D:\Easy2PHP5 build 2\WebSite\data\logs\Cache\Home\62da13d6a4a39bfa726bf0328a3d140c.php 第 28 行.
INFO: Run ParseTemplate Behavior [ RunTime:-0.005721s ]
INFO: [ view_parse ] --END-- [ RunTime:0.021264s ]
INFO: [ view_filter ] --START--
INFO: Run ContentReplace Behavior [ RunTime:-0.027038s ]
INFO: Run TokenBuild Behavior [ RunTime:-0.027680s ]
INFO: Run WriteHtmlCache Behavior [ RunTime:-0.028468s ]
INFO: Run ShowRuntime Behavior [ RunTime:-0.028986s ]
INFO: [ view_filter ] --END-- [ RunTime:0.002682s ]
INFO: [ view_end ] --START--
INFO: Run ShowPageTrace Behavior [ RunTime:-0.029799s ]
INFO: [ view_end ] --END-- [ RunTime:0.000867s ]

[ 2014-03-19T10:46:44+08:00 ] 218.6.198.251 /index.php?g=Home&m=Index&a=help
INFO: [ app_begin ] --START--
INFO: Run ReadHtmlCache Behavior [ RunTime:0.000529s ]
INFO: [ app_begin ] --END-- [ RunTime:0.000625s ]
INFO: [ view_template ] --START--
INFO: Run LocationTemplate Behavior [ RunTime:-0.003506s ]
INFO: [ view_template ] --END-- [ RunTime:0.000408s ]
INFO: [ view_parse ] --START--
NOTIC: [8] Use of undefined constant uid - assumed 'uid' D:\Easy2PHP5 build 2\WebSite\data\logs\Cache\Home\1923ca92b2cbd35b9267c9fc28129f20.php 第 31 行.
NOTIC: [8] Undefined index:  uid D:\Easy2PHP5 build 2\WebSite\data\logs\Cache\Home\1923ca92b2cbd35b9267c9fc28129f20.php 第 31 行.
NOTIC: [8] Undefined index:  token D:\Easy2PHP5 build 2\WebSite\data\logs\Cache\Home\1923ca92b2cbd35b9267c9fc28129f20.php 第 147 行.
NOTIC: [8] Undefined index:  token D:\Easy2PHP5 build 2\WebSite\data\logs\Cache\Home\1923ca92b2cbd35b9267c9fc28129f20.php 第 174 行.
NOTIC: [8] Undefined index:  token D:\Easy2PHP5 build 2\WebSite\data\logs\Cache\Home\1923ca92b2cbd35b9267c9fc28129f20.php 第 178 行.
INFO: Run ParseTemplate Behavior [ RunTime:-0.003970s ]
INFO: [ view_parse ] --END-- [ RunTime:0.017134s ]
INFO: [ view_filter ] --START--
INFO: Run ContentReplace Behavior [ RunTime:-0.021156s ]
INFO: Run TokenBuild Behavior [ RunTime:-0.021533s ]
INFO: Run WriteHtmlCache Behavior [ RunTime:-0.021959s ]
INFO: Run ShowRuntime Behavior [ RunTime:-0.022216s ]
INFO: [ view_filter ] --END-- [ RunTime:0.001552s ]
INFO: [ view_end ] --START--
INFO: Run ShowPageTrace Behavior [ RunTime:-0.022782s ]
INFO: [ view_end ] --END-- [ RunTime:0.000865s ]

[ 2014-03-19T10:46:52+08:00 ] 218.6.198.251 /index.php?g=Home&m=Index&a=common
INFO: [ app_begin ] --START--
INFO: Run ReadHtmlCache Behavior [ RunTime:0.000801s ]
INFO: [ app_begin ] --END-- [ RunTime:0.000912s ]
INFO: [ view_template ] --START--
INFO: Run LocationTemplate Behavior [ RunTime:-0.004940s ]
INFO: [ view_template ] --END-- [ RunTime:0.000674s ]
INFO: [ view_parse ] --START--
NOTIC: [8] Use of undefined constant uid - assumed 'uid' D:\Easy2PHP5 build 2\WebSite\data\logs\Cache\Home\ecd2f15f89cb0a4c66318a264045f6be.php 第 28 行.
NOTIC: [8] Undefined index:  uid D:\Easy2PHP5 build 2\WebSite\data\logs\Cache\Home\ecd2f15f89cb0a4c66318a264045f6be.php 第 28 行.
INFO: Run ParseTemplate Behavior [ RunTime:-0.005670s ]
INFO: [ view_parse ] --END-- [ RunTime:0.020514s ]
INFO: [ view_filter ] --START--
INFO: Run ContentReplace Behavior [ RunTime:-0.026237s ]
INFO: Run TokenBuild Behavior [ RunTime:-0.026871s ]
INFO: Run WriteHtmlCache Behavior [ RunTime:-0.027659s ]
INFO: Run ShowRuntime Behavior [ RunTime:-0.028179s ]
INFO: [ view_filter ] --END-- [ RunTime:0.002720s ]
INFO: [ view_end ] --START--
INFO: Run ShowPageTrace Behavior [ RunTime:-0.029036s ]
INFO: [ view_end ] --END-- [ RunTime:0.001154s ]

[ 2014-03-19T10:47:00+08:00 ] 218.6.198.251 /index.php?g=Home&m=Index&a=about
INFO: [ app_begin ] --START--
INFO: Run ReadHtmlCache Behavior [ RunTime:0.000532s ]
INFO: [ app_begin ] --END-- [ RunTime:0.000627s ]
INFO: [ view_template ] --START--
INFO: Run LocationTemplate Behavior [ RunTime:-0.004137s ]
INFO: [ view_template ] --END-- [ RunTime:0.000460s ]
INFO: [ view_parse ] --START--
NOTIC: [8] Use of undefined constant uid - assumed 'uid' D:\Easy2PHP5 build 2\WebSite\data\logs\Cache\Home\62da13d6a4a39bfa726bf0328a3d140c.php 第 28 行.
NOTIC: [8] Undefined index:  uid D:\Easy2PHP5 build 2\WebSite\data\logs\Cache\Home\62da13d6a4a39bfa726bf0328a3d140c.php 第 28 行.
INFO: Run ParseTemplate Behavior [ RunTime:-0.004627s ]
INFO: [ view_parse ] --END-- [ RunTime:0.014305s ]
INFO: [ view_filter ] --START--
INFO: Run ContentReplace Behavior [ RunTime:-0.018984s ]
INFO: Run TokenBuild Behavior [ RunTime:-0.019349s ]
INFO: Run WriteHtmlCache Behavior [ RunTime:-0.019759s ]
INFO: Run ShowRuntime Behavior [ RunTime:-0.020018s ]
INFO: [ view_filter ] --END-- [ RunTime:0.001512s ]
INFO: [ view_end ] --START--
INFO: Run ShowPageTrace Behavior [ RunTime:-0.020571s ]
INFO: [ view_end ] --END-- [ RunTime:0.000609s ]

[ 2014-03-19T10:47:01+08:00 ] 218.6.198.251 /index.php?g=Home&m=Index&a=fc
INFO: [ app_begin ] --START--
INFO: Run ReadHtmlCache Behavior [ RunTime:0.000535s ]
INFO: [ app_begin ] --END-- [ RunTime:0.000630s ]
INFO: [ view_template ] --START--
INFO: Run LocationTemplate Behavior [ RunTime:-0.003497s ]
INFO: [ view_template ] --END-- [ RunTime:0.000409s ]
INFO: [ view_parse ] --START--
NOTIC: [8] Use of undefined constant uid - assumed 'uid' D:\Easy2PHP5 build 2\WebSite\data\logs\Cache\Home\9f72c086e7fd28394605e09011795541.php 第 28 行.
NOTIC: [8] Undefined index:  uid D:\Easy2PHP5 build 2\WebSite\data\logs\Cache\Home\9f72c086e7fd28394605e09011795541.php 第 28 行.
INFO: Run ParseTemplate Behavior [ RunTime:-0.003963s ]
INFO: [ view_parse ] --END-- [ RunTime:0.033192s ]
INFO: [ view_filter ] --START--
INFO: Run ContentReplace Behavior [ RunTime:-0.037221s ]
INFO: Run TokenBuild Behavior [ RunTime:-0.037719s ]
INFO: Run WriteHtmlCache Behavior [ RunTime:-0.038279s ]
INFO: Run ShowRuntime Behavior [ RunTime:-0.038543s ]
INFO: [ view_filter ] --END-- [ RunTime:0.001868s ]
INFO: [ view_end ] --START--
INFO: Run ShowPageTrace Behavior [ RunTime:-0.039185s ]
INFO: [ view_end ] --END-- [ RunTime:0.000620s ]

[ 2014-03-19T10:48:09+08:00 ] 218.6.198.251 /
INFO: [ app_begin ] --START--
INFO: Run ReadHtmlCache Behavior [ RunTime:0.000791s ]
INFO: [ app_begin ] --END-- [ RunTime:0.000890s ]
INFO: [ view_template ] --START--
INFO: Run LocationTemplate Behavior [ RunTime:-0.004737s ]
INFO: [ view_template ] --END-- [ RunTime:0.000907s ]
INFO: [ view_parse ] --START--
NOTIC: [8] Use of undefined constant uid - assumed 'uid' D:\Easy2PHP5 build 2\WebSite\data\logs\Cache\Home\377f56f2e5ecfd9a39dba2c0f96d64d6.php 第 29 行.
NOTIC: [8] Undefined index:  uid D:\Easy2PHP5 build 2\WebSite\data\logs\Cache\Home\377f56f2e5ecfd9a39dba2c0f96d64d6.php 第 29 行.
INFO: Run ParseTemplate Behavior [ RunTime:-0.005701s ]
INFO: [ view_parse ] --END-- [ RunTime:0.025310s ]
INFO: [ view_filter ] --START--
INFO: Run ContentReplace Behavior [ RunTime:-0.031071s ]
INFO: Run TokenBuild Behavior [ RunTime:-0.031768s ]
INFO: Run WriteHtmlCache Behavior [ RunTime:-0.032593s ]
INFO: Run ShowRuntime Behavior [ RunTime:-0.033111s ]
INFO: [ view_filter ] --END-- [ RunTime:0.002782s ]
INFO: [ view_end ] --START--
INFO: Run ShowPageTrace Behavior [ RunTime:-0.033931s ]
INFO: [ view_end ] --END-- [ RunTime:0.000888s ]

[ 2014-03-19T10:58:03+08:00 ] 218.6.198.251 /
INFO: [ app_begin ] --START--
INFO: Run ReadHtmlCache Behavior [ RunTime:0.001081s ]
INFO: [ app_begin ] --END-- [ RunTime:0.001205s ]
INFO: [ view_template ] --START--
INFO: Run LocationTemplate Behavior [ RunTime:-0.004599s ]
INFO: [ view_template ] --END-- [ RunTime:0.000921s ]
INFO: [ view_parse ] --START--
NOTIC: [8] Use of undefined constant uid - assumed 'uid' D:\Easy2PHP5 build 2\WebSite\data\logs\Cache\Home\9f65d21340639b5c21e7ac623b24eff8.php 第 30 行.
NOTIC: [8] Undefined index:  uid D:\Easy2PHP5 build 2\WebSite\data\logs\Cache\Home\9f65d21340639b5c21e7ac623b24eff8.php 第 30 行.
NOTIC: [8] Undefined index:  token D:\Easy2PHP5 build 2\WebSite\data\logs\Cache\Home\9f65d21340639b5c21e7ac623b24eff8.php 第 163 行.
NOTIC: [8] Undefined index:  token D:\Easy2PHP5 build 2\WebSite\data\logs\Cache\Home\9f65d21340639b5c21e7ac623b24eff8.php 第 176 行.
INFO: Run ParseTemplate Behavior [ RunTime:-0.005578s ]
INFO: [ view_parse ] --END-- [ RunTime:0.019635s ]
INFO: [ view_filter ] --START--
INFO: Run ContentReplace Behavior [ RunTime:-0.025285s ]
INFO: Run TokenBuild Behavior [ RunTime:-0.026051s ]
INFO: Run WriteHtmlCache Behavior [ RunTime:-0.026914s ]
INFO: Run ShowRuntime Behavior [ RunTime:-0.027517s ]
INFO: [ view_filter ] --END-- [ RunTime:0.003120s ]
INFO: [ view_end ] --START--
INFO: Run ShowPageTrace Behavior [ RunTime:-0.028488s ]
INFO: [ view_end ] --END-- [ RunTime:0.001014s ]

[ 2014-03-19T10:58:36+08:00 ] 218.6.198.251 /index.php?g=Home&m=Index&a=login
INFO: [ app_begin ] --START--
INFO: Run ReadHtmlCache Behavior [ RunTime:0.000528s ]
INFO: [ app_begin ] --END-- [ RunTime:0.000620s ]
INFO: [ view_template ] --START--
INFO: Run LocationTemplate Behavior [ RunTime:-0.003725s ]
INFO: [ view_template ] --END-- [ RunTime:0.000669s ]
INFO: [ view_parse ] --START--
NOTIC: [8] Use of undefined constant uid - assumed 'uid' D:\Easy2PHP5 build 2\WebSite\data\logs\Cache\Home\1d087a42298935436a84d906d1c87f50.php 第 30 行.
NOTIC: [8] Undefined index:  uid D:\Easy2PHP5 build 2\WebSite\data\logs\Cache\Home\1d087a42298935436a84d906d1c87f50.php 第 30 行.
INFO: Run ParseTemplate Behavior [ RunTime:-0.004449s ]
INFO: [ view_parse ] --END-- [ RunTime:0.012739s ]
INFO: [ view_filter ] --START--
INFO: Run ContentReplace Behavior [ RunTime:-0.017241s ]
INFO: Run TokenBuild Behavior [ RunTime:-0.017848s ]
INFO: Run WriteHtmlCache Behavior [ RunTime:-0.018541s ]
INFO: Run ShowRuntime Behavior [ RunTime:-0.019045s ]
INFO: [ view_filter ] --END-- [ RunTime:0.002532s ]
INFO: [ view_end ] --START--
INFO: Run ShowPageTrace Behavior [ RunTime:-0.019850s ]
INFO: [ view_end ] --END-- [ RunTime:0.000921s ]

[ 2014-03-19T10:58:56+08:00 ] 218.6.198.251 /index.php?m=Index&a=login
INFO: [ app_begin ] --START--
INFO: Run ReadHtmlCache Behavior [ RunTime:0.000531s ]
INFO: [ app_begin ] --END-- [ RunTime:0.000626s ]
INFO: [ view_template ] --START--
INFO: Run LocationTemplate Behavior [ RunTime:-0.003239s ]
INFO: [ view_template ] --END-- [ RunTime:0.000416s ]
INFO: [ view_parse ] --START--
NOTIC: [8] Use of undefined constant uid - assumed 'uid' D:\Easy2PHP5 build 2\WebSite\data\logs\Cache\Home\1d087a42298935436a84d906d1c87f50.php 第 30 行.
NOTIC: [8] Undefined index:  uid D:\Easy2PHP5 build 2\WebSite\data\logs\Cache\Home\1d087a42298935436a84d906d1c87f50.php 第 30 行.
INFO: Run ParseTemplate Behavior [ RunTime:-0.003709s ]
INFO: [ view_parse ] --END-- [ RunTime:0.011089s ]
INFO: [ view_filter ] --START--
INFO: Run ContentReplace Behavior [ RunTime:-0.014851s ]
INFO: Run TokenBuild Behavior [ RunTime:-0.015210s ]
INFO: Run WriteHtmlCache Behavior [ RunTime:-0.015659s ]
INFO: Run ShowRuntime Behavior [ RunTime:-0.015916s ]
INFO: [ view_filter ] --END-- [ RunTime:0.001546s ]
INFO: [ view_end ] --START--
INFO: Run ShowPageTrace Behavior [ RunTime:-0.016469s ]
INFO: [ view_end ] --END-- [ RunTime:0.000627s ]

[ 2014-03-19T10:59:00+08:00 ] 218.6.198.251 /
INFO: [ app_begin ] --START--
INFO: Run ReadHtmlCache Behavior [ RunTime:0.000530s ]
INFO: [ app_begin ] --END-- [ RunTime:0.000626s ]
INFO: [ view_template ] --START--
INFO: Run LocationTemplate Behavior [ RunTime:-0.003169s ]
INFO: [ view_template ] --END-- [ RunTime:0.000729s ]
INFO: [ view_parse ] --START--
NOTIC: [8] Use of undefined constant uid - assumed 'uid' D:\Easy2PHP5 build 2\WebSite\data\logs\Cache\Home\9f65d21340639b5c21e7ac623b24eff8.php 第 30 行.
NOTIC: [8] Undefined index:  uid D:\Easy2PHP5 build 2\WebSite\data\logs\Cache\Home\9f65d21340639b5c21e7ac623b24eff8.php 第 30 行.
NOTIC: [8] Undefined index:  token D:\Easy2PHP5 build 2\WebSite\data\logs\Cache\Home\9f65d21340639b5c21e7ac623b24eff8.php 第 163 行.
NOTIC: [8] Undefined index:  token D:\Easy2PHP5 build 2\WebSite\data\logs\Cache\Home\9f65d21340639b5c21e7ac623b24eff8.php 第 176 行.
INFO: Run ParseTemplate Behavior [ RunTime:-0.003953s ]
INFO: [ view_parse ] --END-- [ RunTime:0.018260s ]
INFO: [ view_filter ] --START--
INFO: Run ContentReplace Behavior [ RunTime:-0.022283s ]
INFO: Run TokenBuild Behavior [ RunTime:-0.022727s ]
INFO: Run WriteHtmlCache Behavior [ RunTime:-0.023237s ]
INFO: Run ShowRuntime Behavior [ RunTime:-0.023545s ]
INFO: [ view_filter ] --END-- [ RunTime:0.001836s ]
INFO: [ view_end ] --START--
INFO: Run ShowPageTrace Behavior [ RunTime:-0.024203s ]
INFO: [ view_end ] --END-- [ RunTime:0.000642s ]

[ 2014-03-19T10:59:03+08:00 ] 218.6.198.251 /
INFO: [ app_begin ] --START--
INFO: Run ReadHtmlCache Behavior [ RunTime:0.000562s ]
INFO: [ app_begin ] --END-- [ RunTime:0.000664s ]
INFO: [ view_template ] --START--
INFO: Run LocationTemplate Behavior [ RunTime:-0.003333s ]
INFO: [ view_template ] --END-- [ RunTime:0.000973s ]
INFO: [ view_parse ] --START--
NOTIC: [8] Use of undefined constant uid - assumed 'uid' D:\Easy2PHP5 build 2\WebSite\data\logs\Cache\Home\9f65d21340639b5c21e7ac623b24eff8.php 第 30 行.
NOTIC: [8] Undefined index:  uid D:\Easy2PHP5 build 2\WebSite\data\logs\Cache\Home\9f65d21340639b5c21e7ac623b24eff8.php 第 30 行.
NOTIC: [8] Undefined index:  token D:\Easy2PHP5 build 2\WebSite\data\logs\Cache\Home\9f65d21340639b5c21e7ac623b24eff8.php 第 163 行.
NOTIC: [8] Undefined index:  token D:\Easy2PHP5 build 2\WebSite\data\logs\Cache\Home\9f65d21340639b5c21e7ac623b24eff8.php 第 176 行.
INFO: Run ParseTemplate Behavior [ RunTime:-0.004386s ]
INFO: [ view_parse ] --END-- [ RunTime:0.019434s ]
INFO: [ view_filter ] --START--
INFO: Run ContentReplace Behavior [ RunTime:-0.023858s ]
INFO: Run TokenBuild Behavior [ RunTime:-0.024256s ]
INFO: Run WriteHtmlCache Behavior [ RunTime:-0.024704s ]
INFO: Run ShowRuntime Behavior [ RunTime:-0.024964s ]
INFO: [ view_filter ] --END-- [ RunTime:0.001600s ]
INFO: [ view_end ] --START--
INFO: Run ShowPageTrace Behavior [ RunTime:-0.025535s ]
INFO: [ view_end ] --END-- [ RunTime:0.000623s ]

[ 2014-03-19T17:56:51+08:00 ] 119.145.8.98 /
INFO: [ app_begin ] --START--
INFO: Run ReadHtmlCache Behavior [ RunTime:0.000841s ]
INFO: [ app_begin ] --END-- [ RunTime:0.000943s ]
INFO: [ view_template ] --START--
INFO: Run LocationTemplate Behavior [ RunTime:-0.021584s ]
INFO: [ view_template ] --END-- [ RunTime:0.000993s ]
INFO: [ view_parse ] --START--
NOTIC: [8] Use of undefined constant uid - assumed 'uid' D:\Easy2PHP5 build 2\WebSite\data\logs\Cache\Home\9f65d21340639b5c21e7ac623b24eff8.php 第 30 行.
NOTIC: [8] Undefined index:  uid D:\Easy2PHP5 build 2\WebSite\data\logs\Cache\Home\9f65d21340639b5c21e7ac623b24eff8.php 第 30 行.
NOTIC: [8] Undefined index:  token D:\Easy2PHP5 build 2\WebSite\data\logs\Cache\Home\9f65d21340639b5c21e7ac623b24eff8.php 第 163 行.
NOTIC: [8] Undefined index:  token D:\Easy2PHP5 build 2\WebSite\data\logs\Cache\Home\9f65d21340639b5c21e7ac623b24eff8.php 第 176 行.
INFO: Run ParseTemplate Behavior [ RunTime:-0.022740s ]
INFO: [ view_parse ] --END-- [ RunTime:0.018900s ]
INFO: [ view_filter ] --START--
INFO: Run ContentReplace Behavior [ RunTime:-0.041680s ]
INFO: Run TokenBuild Behavior [ RunTime:-0.042330s ]
INFO: Run WriteHtmlCache Behavior [ RunTime:-0.043038s ]
INFO: Run ShowRuntime Behavior [ RunTime:-0.043544s ]
INFO: [ view_filter ] --END-- [ RunTime:0.002614s ]
INFO: [ view_end ] --START--
INFO: Run ShowPageTrace Behavior [ RunTime:-0.044377s ]
INFO: [ view_end ] --END-- [ RunTime:0.000867s ]

[ 2014-03-19T17:57:09+08:00 ] 119.145.8.98 /index.php?m=Index&a=login
INFO: [ app_begin ] --START--
INFO: Run ReadHtmlCache Behavior [ RunTime:0.000896s ]
INFO: [ app_begin ] --END-- [ RunTime:0.000995s ]
INFO: [ view_template ] --START--
INFO: Run LocationTemplate Behavior [ RunTime:-0.005299s ]
INFO: [ view_template ] --END-- [ RunTime:0.000697s ]
INFO: [ view_parse ] --START--
NOTIC: [8] Use of undefined constant uid - assumed 'uid' D:\Easy2PHP5 build 2\WebSite\data\logs\Cache\Home\1d087a42298935436a84d906d1c87f50.php 第 30 行.
NOTIC: [8] Undefined index:  uid D:\Easy2PHP5 build 2\WebSite\data\logs\Cache\Home\1d087a42298935436a84d906d1c87f50.php 第 30 行.
INFO: Run ParseTemplate Behavior [ RunTime:-0.006050s ]
INFO: [ view_parse ] --END-- [ RunTime:0.012535s ]
INFO: [ view_filter ] --START--
INFO: Run ContentReplace Behavior [ RunTime:-0.018638s ]
INFO: Run TokenBuild Behavior [ RunTime:-0.019617s ]
INFO: Run WriteHtmlCache Behavior [ RunTime:-0.020951s ]
INFO: Run ShowRuntime Behavior [ RunTime:-0.021463s ]
INFO: [ view_filter ] --END-- [ RunTime:0.003588s ]
INFO: [ view_end ] --START--
INFO: Run ShowPageTrace Behavior [ RunTime:-0.022308s ]
INFO: [ view_end ] --END-- [ RunTime:0.000936s ]

[ 2014-03-19T17:57:37+08:00 ] 119.145.8.98 /
INFO: [ app_begin ] --START--
INFO: Run ReadHtmlCache Behavior [ RunTime:0.000537s ]
INFO: [ app_begin ] --END-- [ RunTime:0.000633s ]
INFO: [ view_template ] --START--
INFO: Run LocationTemplate Behavior [ RunTime:-0.003173s ]
INFO: [ view_template ] --END-- [ RunTime:0.000635s ]
INFO: [ view_parse ] --START--
NOTIC: [8] Use of undefined constant uid - assumed 'uid' D:\Easy2PHP5 build 2\WebSite\data\logs\Cache\Home\9f65d21340639b5c21e7ac623b24eff8.php 第 30 行.
NOTIC: [8] Undefined index:  uid D:\Easy2PHP5 build 2\WebSite\data\logs\Cache\Home\9f65d21340639b5c21e7ac623b24eff8.php 第 30 行.
NOTIC: [8] Undefined index:  token D:\Easy2PHP5 build 2\WebSite\data\logs\Cache\Home\9f65d21340639b5c21e7ac623b24eff8.php 第 163 行.
NOTIC: [8] Undefined index:  token D:\Easy2PHP5 build 2\WebSite\data\logs\Cache\Home\9f65d21340639b5c21e7ac623b24eff8.php 第 176 行.
INFO: Run ParseTemplate Behavior [ RunTime:-0.003866s ]
INFO: [ view_parse ] --END-- [ RunTime:0.017404s ]
INFO: [ view_filter ] --START--
INFO: Run ContentReplace Behavior [ RunTime:-0.021323s ]
INFO: Run TokenBuild Behavior [ RunTime:-0.021722s ]
INFO: Run WriteHtmlCache Behavior [ RunTime:-0.022170s ]
INFO: Run ShowRuntime Behavior [ RunTime:-0.022430s ]
INFO: [ view_filter ] --END-- [ RunTime:0.001612s ]
INFO: [ view_end ] --START--
INFO: Run ShowPageTrace Behavior [ RunTime:-0.023010s ]
INFO: [ view_end ] --END-- [ RunTime:0.000610s ]

[ 2014-03-19T17:57:49+08:00 ] 119.145.8.98 /
INFO: [ app_begin ] --START--
INFO: Run ReadHtmlCache Behavior [ RunTime:0.000532s ]
INFO: [ app_begin ] --END-- [ RunTime:0.000628s ]
INFO: [ view_template ] --START--
INFO: Run LocationTemplate Behavior [ RunTime:-0.003171s ]
INFO: [ view_template ] --END-- [ RunTime:0.000408s ]
INFO: [ view_parse ] --START--
NOTIC: [8] Use of undefined constant uid - assumed 'uid' D:\Easy2PHP5 build 2\WebSite\data\logs\Cache\Home\9f65d21340639b5c21e7ac623b24eff8.php 第 30 行.
NOTIC: [8] Undefined index:  uid D:\Easy2PHP5 build 2\WebSite\data\logs\Cache\Home\9f65d21340639b5c21e7ac623b24eff8.php 第 30 行.
NOTIC: [8] Undefined index:  token D:\Easy2PHP5 build 2\WebSite\data\logs\Cache\Home\9f65d21340639b5c21e7ac623b24eff8.php 第 163 行.
NOTIC: [8] Undefined index:  token D:\Easy2PHP5 build 2\WebSite\data\logs\Cache\Home\9f65d21340639b5c21e7ac623b24eff8.php 第 176 行.
INFO: Run ParseTemplate Behavior [ RunTime:-0.003633s ]
INFO: [ view_parse ] --END-- [ RunTime:0.017157s ]
INFO: [ view_filter ] --START--
INFO: Run ContentReplace Behavior [ RunTime:-0.020844s ]
INFO: Run TokenBuild Behavior [ RunTime:-0.021241s ]
INFO: Run WriteHtmlCache Behavior [ RunTime:-0.021687s ]
INFO: Run ShowRuntime Behavior [ RunTime:-0.021945s ]
INFO: [ view_filter ] --END-- [ RunTime:0.001593s ]
INFO: [ view_end ] --START--
INFO: Run ShowPageTrace Behavior [ RunTime:-0.022512s ]
INFO: [ view_end ] --END-- [ RunTime:0.000608s ]

[ 2014-03-19T17:58:11+08:00 ] 119.145.8.98 /index.php?g=Home&m=Index&a=login
INFO: [ app_begin ] --START--
INFO: Run ReadHtmlCache Behavior [ RunTime:0.000536s ]
INFO: [ app_begin ] --END-- [ RunTime:0.000636s ]
INFO: [ view_template ] --START--
INFO: Run LocationTemplate Behavior [ RunTime:-0.003243s ]
INFO: [ view_template ] --END-- [ RunTime:0.000411s ]
INFO: [ view_parse ] --START--
NOTIC: [8] Use of undefined constant uid - assumed 'uid' D:\Easy2PHP5 build 2\WebSite\data\logs\Cache\Home\1d087a42298935436a84d906d1c87f50.php 第 30 行.
NOTIC: [8] Undefined index:  uid D:\Easy2PHP5 build 2\WebSite\data\logs\Cache\Home\1d087a42298935436a84d906d1c87f50.php 第 30 行.
INFO: Run ParseTemplate Behavior [ RunTime:-0.003709s ]
INFO: [ view_parse ] --END-- [ RunTime:0.010913s ]
INFO: [ view_filter ] --START--
INFO: Run ContentReplace Behavior [ RunTime:-0.014676s ]
INFO: Run TokenBuild Behavior [ RunTime:-0.015037s ]
INFO: Run WriteHtmlCache Behavior [ RunTime:-0.015482s ]
INFO: Run ShowRuntime Behavior [ RunTime:-0.015742s ]
INFO: [ view_filter ] --END-- [ RunTime:0.001550s ]
INFO: [ view_end ] --START--
INFO: Run ShowPageTrace Behavior [ RunTime:-0.016302s ]
INFO: [ view_end ] --END-- [ RunTime:0.000667s ]

[ 2014-03-19T17:58:14+08:00 ] 119.145.8.98 /
INFO: [ app_begin ] --START--
INFO: Run ReadHtmlCache Behavior [ RunTime:0.000533s ]
INFO: [ app_begin ] --END-- [ RunTime:0.000629s ]
INFO: [ view_template ] --START--
INFO: Run LocationTemplate Behavior [ RunTime:-0.003412s ]
INFO: [ view_template ] --END-- [ RunTime:0.000417s ]
INFO: [ view_parse ] --START--
NOTIC: [8] Use of undefined constant uid - assumed 'uid' D:\Easy2PHP5 build 2\WebSite\data\logs\Cache\Home\9f65d21340639b5c21e7ac623b24eff8.php 第 30 行.
NOTIC: [8] Undefined index:  uid D:\Easy2PHP5 build 2\WebSite\data\logs\Cache\Home\9f65d21340639b5c21e7ac623b24eff8.php 第 30 行.
NOTIC: [8] Undefined index:  token D:\Easy2PHP5 build 2\WebSite\data\logs\Cache\Home\9f65d21340639b5c21e7ac623b24eff8.php 第 163 行.
NOTIC: [8] Undefined index:  token D:\Easy2PHP5 build 2\WebSite\data\logs\Cache\Home\9f65d21340639b5c21e7ac623b24eff8.php 第 176 行.
INFO: Run ParseTemplate Behavior [ RunTime:-0.003882s ]
INFO: [ view_parse ] --END-- [ RunTime:0.017286s ]
INFO: [ view_filter ] --START--
INFO: Run ContentReplace Behavior [ RunTime:-0.021223s ]
INFO: Run TokenBuild Behavior [ RunTime:-0.021621s ]
INFO: Run WriteHtmlCache Behavior [ RunTime:-0.022068s ]
INFO: Run ShowRuntime Behavior [ RunTime:-0.022326s ]
INFO: [ view_filter ] --END-- [ RunTime:0.001596s ]
INFO: [ view_end ] --START--
INFO: Run ShowPageTrace Behavior [ RunTime:-0.022894s ]
INFO: [ view_end ] --END-- [ RunTime:0.000609s ]

[ 2014-03-19T17:58:26+08:00 ] 119.145.8.98 /
INFO: [ app_begin ] --START--
INFO: Run ReadHtmlCache Behavior [ RunTime:0.000536s ]
INFO: [ app_begin ] --END-- [ RunTime:0.000630s ]
INFO: [ view_template ] --START--
INFO: Run LocationTemplate Behavior [ RunTime:-0.003177s ]
INFO: [ view_template ] --END-- [ RunTime:0.000409s ]
INFO: [ view_parse ] --START--
NOTIC: [8] Use of undefined constant uid - assumed 'uid' D:\Easy2PHP5 build 2\WebSite\data\logs\Cache\Home\9f65d21340639b5c21e7ac623b24eff8.php 第 30 行.
NOTIC: [8] Undefined index:  uid D:\Easy2PHP5 build 2\WebSite\data\logs\Cache\Home\9f65d21340639b5c21e7ac623b24eff8.php 第 30 行.
NOTIC: [8] Undefined index:  token D:\Easy2PHP5 build 2\WebSite\data\logs\Cache\Home\9f65d21340639b5c21e7ac623b24eff8.php 第 163 行.
NOTIC: [8] Undefined index:  token D:\Easy2PHP5 build 2\WebSite\data\logs\Cache\Home\9f65d21340639b5c21e7ac623b24eff8.php 第 176 行.
INFO: Run ParseTemplate Behavior [ RunTime:-0.003639s ]
INFO: [ view_parse ] --END-- [ RunTime:0.017134s ]
INFO: [ view_filter ] --START--
INFO: Run ContentReplace Behavior [ RunTime:-0.020825s ]
INFO: Run TokenBuild Behavior [ RunTime:-0.021222s ]
INFO: Run WriteHtmlCache Behavior [ RunTime:-0.021668s ]
INFO: Run ShowRuntime Behavior [ RunTime:-0.021927s ]
INFO: [ view_filter ] --END-- [ RunTime:0.001593s ]
INFO: [ view_end ] --START--
INFO: Run ShowPageTrace Behavior [ RunTime:-0.022492s ]
INFO: [ view_end ] --END-- [ RunTime:0.000607s ]

[ 2014-03-19T17:58:38+08:00 ] 119.145.8.98 /
INFO: [ app_begin ] --START--
INFO: Run ReadHtmlCache Behavior [ RunTime:0.000534s ]
INFO: [ app_begin ] --END-- [ RunTime:0.000630s ]
INFO: [ view_template ] --START--
INFO: Run LocationTemplate Behavior [ RunTime:-0.003362s ]
INFO: [ view_template ] --END-- [ RunTime:0.000410s ]
INFO: [ view_parse ] --START--
NOTIC: [8] Use of undefined constant uid - assumed 'uid' D:\Easy2PHP5 build 2\WebSite\data\logs\Cache\Home\9f65d21340639b5c21e7ac623b24eff8.php 第 30 行.
NOTIC: [8] Undefined index:  uid D:\Easy2PHP5 build 2\WebSite\data\logs\Cache\Home\9f65d21340639b5c21e7ac623b24eff8.php 第 30 行.
NOTIC: [8] Undefined index:  token D:\Easy2PHP5 build 2\WebSite\data\logs\Cache\Home\9f65d21340639b5c21e7ac623b24eff8.php 第 163 行.
NOTIC: [8] Undefined index:  token D:\Easy2PHP5 build 2\WebSite\data\logs\Cache\Home\9f65d21340639b5c21e7ac623b24eff8.php 第 176 行.
INFO: Run ParseTemplate Behavior [ RunTime:-0.003826s ]
INFO: [ view_parse ] --END-- [ RunTime:0.017147s ]
INFO: [ view_filter ] --START--
INFO: Run ContentReplace Behavior [ RunTime:-0.021031s ]
INFO: Run TokenBuild Behavior [ RunTime:-0.021430s ]
INFO: Run WriteHtmlCache Behavior [ RunTime:-0.021887s ]
INFO: Run ShowRuntime Behavior [ RunTime:-0.022147s ]
INFO: [ view_filter ] --END-- [ RunTime:0.001609s ]
INFO: [ view_end ] --START--
INFO: Run ShowPageTrace Behavior [ RunTime:-0.022717s ]
INFO: [ view_end ] --END-- [ RunTime:0.000609s ]

[ 2014-03-19T18:01:36+08:00 ] 220.181.132.217 /
INFO: [ app_begin ] --START--
INFO: Run ReadHtmlCache Behavior [ RunTime:0.000816s ]
INFO: [ app_begin ] --END-- [ RunTime:0.000914s ]
INFO: [ view_template ] --START--
INFO: Run LocationTemplate Behavior [ RunTime:-0.004513s ]
INFO: [ view_template ] --END-- [ RunTime:0.000894s ]
INFO: [ view_parse ] --START--
NOTIC: [8] Use of undefined constant uid - assumed 'uid' D:\Easy2PHP5 build 2\WebSite\data\logs\Cache\Home\9f65d21340639b5c21e7ac623b24eff8.php 第 30 行.
NOTIC: [8] Undefined index:  uid D:\Easy2PHP5 build 2\WebSite\data\logs\Cache\Home\9f65d21340639b5c21e7ac623b24eff8.php 第 30 行.
NOTIC: [8] Undefined index:  token D:\Easy2PHP5 build 2\WebSite\data\logs\Cache\Home\9f65d21340639b5c21e7ac623b24eff8.php 第 163 行.
NOTIC: [8] Undefined index:  token D:\Easy2PHP5 build 2\WebSite\data\logs\Cache\Home\9f65d21340639b5c21e7ac623b24eff8.php 第 176 行.
INFO: Run ParseTemplate Behavior [ RunTime:-0.005462s ]
INFO: [ view_parse ] --END-- [ RunTime:0.018452s ]
INFO: [ view_filter ] --START--
INFO: Run ContentReplace Behavior [ RunTime:-0.024007s ]
INFO: Run TokenBuild Behavior [ RunTime:-0.024665s ]
INFO: Run WriteHtmlCache Behavior [ RunTime:-0.025363s ]
INFO: Run ShowRuntime Behavior [ RunTime:-0.025879s ]
INFO: [ view_filter ] --END-- [ RunTime:0.002641s ]
INFO: [ view_end ] --START--
INFO: Run ShowPageTrace Behavior [ RunTime:-0.026705s ]
INFO: [ view_end ] --END-- [ RunTime:0.000865s ]

[ 2014-03-19T18:01:44+08:00 ] 101.199.112.49 /
INFO: [ app_begin ] --START--
INFO: Run ReadHtmlCache Behavior [ RunTime:0.000545s ]
INFO: [ app_begin ] --END-- [ RunTime:0.000641s ]
INFO: [ view_template ] --START--
INFO: Run LocationTemplate Behavior [ RunTime:-0.003735s ]
INFO: [ view_template ] --END-- [ RunTime:0.000558s ]
INFO: [ view_parse ] --START--
NOTIC: [8] Use of undefined constant uid - assumed 'uid' D:\Easy2PHP5 build 2\WebSite\data\logs\Cache\Home\9f65d21340639b5c21e7ac623b24eff8.php 第 30 行.
NOTIC: [8] Undefined index:  uid D:\Easy2PHP5 build 2\WebSite\data\logs\Cache\Home\9f65d21340639b5c21e7ac623b24eff8.php 第 30 行.
NOTIC: [8] Undefined index:  token D:\Easy2PHP5 build 2\WebSite\data\logs\Cache\Home\9f65d21340639b5c21e7ac623b24eff8.php 第 163 行.
NOTIC: [8] Undefined index:  token D:\Easy2PHP5 build 2\WebSite\data\logs\Cache\Home\9f65d21340639b5c21e7ac623b24eff8.php 第 176 行.
INFO: Run ParseTemplate Behavior [ RunTime:-0.004355s ]
INFO: [ view_parse ] --END-- [ RunTime:0.017169s ]
INFO: [ view_filter ] --START--
INFO: Run ContentReplace Behavior [ RunTime:-0.021577s ]
INFO: Run TokenBuild Behavior [ RunTime:-0.021982s ]
INFO: Run WriteHtmlCache Behavior [ RunTime:-0.022433s ]
INFO: Run ShowRuntime Behavior [ RunTime:-0.022694s ]
INFO: [ view_filter ] --END-- [ RunTime:0.001605s ]
INFO: [ view_end ] --START--
INFO: Run ShowPageTrace Behavior [ RunTime:-0.023258s ]
INFO: [ view_end ] --END-- [ RunTime:0.000614s ]

[ 2014-03-19T18:12:12+08:00 ] 119.145.8.98 /index.php?g=Wap&m=Lottery&a=index&type=1&token=coslsg1394338022&id=9&wecha_id=o_93gjjbWUXoDB6jMfmrFdvrLu9s
INFO: [ app_begin ] --START--
INFO: Run ReadHtmlCache Behavior [ RunTime:0.000538s ]
INFO: [ app_begin ] --END-- [ RunTime:0.000634s ]
SQL: SHOW COLUMNS FROM `wx_lottery_record` [ RunTime:0.001051s ]
SQL: SELECT * FROM `wx_lottery_record` WHERE ( `token` = 'coslsg1394338022' ) AND ( `wecha_id` = 'o_93gjjbWUXoDB6jMfmrFdvrLu9s' ) AND ( `lid` = 9 ) LIMIT 1   [ RunTime:0.000326s ]
SQL: SHOW COLUMNS FROM `wx_lottery` [ RunTime:0.000983s ]
SQL: SELECT * FROM `wx_lottery` WHERE ( `id` = 9 ) AND ( `token` = 'coslsg1394338022' ) AND ( `type` = 1 ) AND ( `status` = 1 ) LIMIT 1   [ RunTime:0.000162s ]
NOTIC: [2] mysql_num_rows(): supplied argument is not a valid MySQL result resource D:\Easy2PHP5 build 2\WebSite\Core\Lib\Action\Wap\LotteryAction.class.php 第 46 行.
INFO: [ view_template ] --START--
INFO: Run LocationTemplate Behavior [ RunTime:-0.018049s ]
INFO: [ view_template ] --END-- [ RunTime:0.001013s ]
INFO: [ view_parse ] --START--
NOTIC: [8] Undefined index:  end D:\Easy2PHP5 build 2\WebSite\data\logs\Cache\Wap\74a52499e3f88f8d133de0ea61322254.php 第 66 行.
NOTIC: [8] Undefined index:  end D:\Easy2PHP5 build 2\WebSite\data\logs\Cache\Wap\74a52499e3f88f8d133de0ea61322254.php 第 111 行.
INFO: Run ParseTemplate Behavior [ RunTime:-0.019121s ]
INFO: [ view_parse ] --END-- [ RunTime:0.016075s ]
INFO: [ view_filter ] --START--
INFO: Run ContentReplace Behavior [ RunTime:-0.035252s ]
INFO: Run TokenBuild Behavior [ RunTime:-0.035888s ]
INFO: Run WriteHtmlCache Behavior [ RunTime:-0.036555s ]
INFO: Run ShowRuntime Behavior [ RunTime:-0.037070s ]
INFO: [ view_filter ] --END-- [ RunTime:0.002557s ]
INFO: [ view_end ] --START--
INFO: Run ShowPageTrace Behavior [ RunTime:-0.037887s ]
INFO: [ view_end ] --END-- [ RunTime:0.000887s ]

[ 2014-03-19T18:12:35+08:00 ] 119.145.8.98 /index.php?g=Wap&m=Index&a=index&token=coslsg1394338022&wecha_id=o_93gjjbWUXoDB6jMfmrFdvrLu9s
INFO: [ app_begin ] --START--
INFO: Run ReadHtmlCache Behavior [ RunTime:0.000570s ]
INFO: [ app_begin ] --END-- [ RunTime:0.000667s ]
SQL: SHOW COLUMNS FROM `wx_wxuser` [ RunTime:0.001333s ]
SQL: SELECT * FROM `wx_wxuser` WHERE ( `token` = 'coslsg1394338022' ) LIMIT 1   [ RunTime:0.000164s ]
SQL: SHOW COLUMNS FROM `wx_classify` [ RunTime:0.000880s ]
SQL: SELECT * FROM `wx_classify` WHERE ( `token` = 'coslsg1394338022' ) AND ( `status` = 1 ) ORDER BY sorts desc  [ RunTime:0.000142s ]
SQL: SHOW COLUMNS FROM `wx_users` [ RunTime:0.000867s ]
SQL: SELECT `gid` FROM `wx_users` WHERE ( `id` = 21 ) LIMIT 1   [ RunTime:0.000231s ]
SQL: SHOW COLUMNS FROM `wx_user_group` [ RunTime:0.000713s ]
SQL: SELECT `iscopyright` FROM `wx_user_group` WHERE ( `id` = 7 ) LIMIT 1   [ RunTime:0.000133s ]
SQL: SHOW COLUMNS FROM `wx_company` [ RunTime:0.000900s ]
SQL: SELECT * FROM `wx_company` WHERE ( `token` = 'coslsg1394338022' ) AND ( `isbranch` = 0 ) LIMIT 1   [ RunTime:0.000143s ]
SQL: SHOW COLUMNS FROM `wx_home` [ RunTime:0.000794s ]
SQL: SELECT * FROM `wx_home` WHERE ( `token` = 'coslsg1394338022' )  [ RunTime:0.000131s ]
SQL: SHOW COLUMNS FROM `wx_menuplus` [ RunTime:0.001326s ]
SQL: SELECT * FROM `wx_menuplus` WHERE ( `token` = 'coslsg1394338022' )  [ RunTime:0.000178s ]
SQL: SHOW COLUMNS FROM `wx_user_group` [ RunTime:0.000673s ]
SQL: SELECT * FROM `wx_user_group` WHERE ( `id` = null ) LIMIT 1   [ RunTime:0.000131s ]
SQL: SHOW COLUMNS FROM `wx_flash` [ RunTime:0.000772s ]
SQL: SELECT * FROM `wx_flash` WHERE ( `token` = 'coslsg1394338022' )  [ RunTime:0.000132s ]
INFO: [ view_template ] --START--
INFO: Run LocationTemplate Behavior [ RunTime:-0.029196s ]
INFO: [ view_template ] --END-- [ RunTime:0.001002s ]
INFO: [ view_parse ] --START--
NOTIC: [8] Undefined variable: siteCopyright D:\Easy2PHP5 build 2\WebSite\data\logs\Cache\Wap\72f6ffc8ea4fc8b8103f470579c9374c.php 第 150 行.
INFO: Run ParseTemplate Behavior [ RunTime:-0.030258s ]
INFO: [ view_parse ] --END-- [ RunTime:0.020782s ]
INFO: [ view_filter ] --START--
INFO: Run ContentReplace Behavior [ RunTime:-0.051096s ]
INFO: Run TokenBuild Behavior [ RunTime:-0.051728s ]
INFO: Run WriteHtmlCache Behavior [ RunTime:-0.052494s ]
INFO: Run ShowRuntime Behavior [ RunTime:-0.053011s ]
INFO: [ view_filter ] --END-- [ RunTime:0.002652s ]
INFO: [ view_end ] --START--
INFO: Run ShowPageTrace Behavior [ RunTime:-0.053825s ]
INFO: [ view_end ] --END-- [ RunTime:0.000864s ]

[ 2014-03-19T18:13:30+08:00 ] 119.145.8.97 /index.php?g=Wap&m=Lottery&a=index&type=1&token=coslsg1394338022&id=9&wecha_id=o_93gjrDJQjAi3ustlTvrpsGFd2w
INFO: [ app_begin ] --START--
INFO: Run ReadHtmlCache Behavior [ RunTime:0.000780s ]
INFO: [ app_begin ] --END-- [ RunTime:0.000877s ]
SQL: SHOW COLUMNS FROM `wx_lottery_record` [ RunTime:0.000887s ]
SQL: SELECT * FROM `wx_lottery_record` WHERE ( `token` = 'coslsg1394338022' ) AND ( `wecha_id` = 'o_93gjrDJQjAi3ustlTvrpsGFd2w' ) AND ( `lid` = 9 ) LIMIT 1   [ RunTime:0.000308s ]
SQL: INSERT INTO `wx_lottery_record` (`token`,`wecha_id`,`lid`) VALUES ('coslsg1394338022','o_93gjrDJQjAi3ustlTvrpsGFd2w',9) [ RunTime:0.000195s ]
SQL: SELECT * FROM `wx_lottery_record` WHERE ( `token` = 'coslsg1394338022' ) AND ( `wecha_id` = 'o_93gjrDJQjAi3ustlTvrpsGFd2w' ) AND ( `lid` = 9 ) LIMIT 1   [ RunTime:0.000273s ]
SQL: SHOW COLUMNS FROM `wx_lottery` [ RunTime:0.001008s ]
SQL: SELECT * FROM `wx_lottery` WHERE ( `id` = 9 ) AND ( `token` = 'coslsg1394338022' ) AND ( `type` = 1 ) AND ( `status` = 1 ) LIMIT 1   [ RunTime:0.000172s ]
NOTIC: [2] mysql_num_rows(): supplied argument is not a valid MySQL result resource D:\Easy2PHP5 build 2\WebSite\Core\Lib\Action\Wap\LotteryAction.class.php 第 46 行.
INFO: [ view_template ] --START--
INFO: Run LocationTemplate Behavior [ RunTime:-0.019873s ]
INFO: [ view_template ] --END-- [ RunTime:0.000944s ]
INFO: [ view_parse ] --START--
NOTIC: [8] Undefined index:  end D:\Easy2PHP5 build 2\WebSite\data\logs\Cache\Wap\74a52499e3f88f8d133de0ea61322254.php 第 66 行.
NOTIC: [8] Undefined index:  end D:\Easy2PHP5 build 2\WebSite\data\logs\Cache\Wap\74a52499e3f88f8d133de0ea61322254.php 第 111 行.
INFO: Run ParseTemplate Behavior [ RunTime:-0.020876s ]
INFO: [ view_parse ] --END-- [ RunTime:0.015760s ]
INFO: [ view_filter ] --START--
INFO: Run ContentReplace Behavior [ RunTime:-0.036690s ]
INFO: Run TokenBuild Behavior [ RunTime:-0.037334s ]
INFO: Run WriteHtmlCache Behavior [ RunTime:-0.038007s ]
INFO: Run ShowRuntime Behavior [ RunTime:-0.038537s ]
INFO: [ view_filter ] --END-- [ RunTime:0.002596s ]
INFO: [ view_end ] --START--
INFO: Run ShowPageTrace Behavior [ RunTime:-0.039371s ]
INFO: [ view_end ] --END-- [ RunTime:0.000876s ]

[ 2014-03-19T18:14:39+08:00 ] 119.145.8.97 /index.php?g=Wap&m=Lottery&a=index&type=1&token=coslsg1394338022&id=9&wecha_id=o_93gjrDJQjAi3ustlTvrpsGFd2w
INFO: [ app_begin ] --START--
INFO: Run ReadHtmlCache Behavior [ RunTime:0.000553s ]
INFO: [ app_begin ] --END-- [ RunTime:0.000657s ]
SQL: SHOW COLUMNS FROM `wx_lottery_record` [ RunTime:0.001303s ]
SQL: SELECT * FROM `wx_lottery_record` WHERE ( `token` = 'coslsg1394338022' ) AND ( `wecha_id` = 'o_93gjrDJQjAi3ustlTvrpsGFd2w' ) AND ( `lid` = 9 ) LIMIT 1   [ RunTime:0.000403s ]
SQL: SHOW COLUMNS FROM `wx_lottery` [ RunTime:0.001368s ]
SQL: SELECT * FROM `wx_lottery` WHERE ( `id` = 9 ) AND ( `token` = 'coslsg1394338022' ) AND ( `type` = 1 ) AND ( `status` = 1 ) LIMIT 1   [ RunTime:0.001746s ]
NOTIC: [2] mysql_num_rows(): supplied argument is not a valid MySQL result resource D:\Easy2PHP5 build 2\WebSite\Core\Lib\Action\Wap\LotteryAction.class.php 第 46 行.
INFO: [ view_template ] --START--
INFO: Run LocationTemplate Behavior [ RunTime:-0.020468s ]
INFO: [ view_template ] --END-- [ RunTime:0.001609s ]
INFO: [ view_parse ] --START--
NOTIC: [8] Undefined index:  end D:\Easy2PHP5 build 2\WebSite\data\logs\Cache\Wap\74a52499e3f88f8d133de0ea61322254.php 第 66 行.
NOTIC: [8] Undefined index:  end D:\Easy2PHP5 build 2\WebSite\data\logs\Cache\Wap\74a52499e3f88f8d133de0ea61322254.php 第 111 行.
INFO: Run ParseTemplate Behavior [ RunTime:-0.022175s ]
INFO: [ view_parse ] --END-- [ RunTime:0.017197s ]
INFO: [ view_filter ] --START--
INFO: Run ContentReplace Behavior [ RunTime:-0.039401s ]
INFO: Run TokenBuild Behavior [ RunTime:-0.040040s ]
INFO: Run WriteHtmlCache Behavior [ RunTime:-0.040701s ]
INFO: Run ShowRuntime Behavior [ RunTime:-0.041269s ]
INFO: [ view_filter ] --END-- [ RunTime:0.002612s ]
INFO: [ view_end ] --START--
INFO: Run ShowPageTrace Behavior [ RunTime:-0.042094s ]
INFO: [ view_end ] --END-- [ RunTime:0.000874s ]

[ 2014-03-19T19:15:19+08:00 ] 75.84.250.170 /
INFO: [ app_begin ] --START--
INFO: Run ReadHtmlCache Behavior [ RunTime:0.000780s ]
INFO: [ app_begin ] --END-- [ RunTime:0.000877s ]
INFO: [ view_template ] --START--
INFO: Run LocationTemplate Behavior [ RunTime:-0.004583s ]
INFO: [ view_template ] --END-- [ RunTime:0.000914s ]
INFO: [ view_parse ] --START--
NOTIC: [8] Use of undefined constant uid - assumed 'uid' D:\Easy2PHP5 build 2\WebSite\data\logs\Cache\Home\9f65d21340639b5c21e7ac623b24eff8.php 第 30 行.
NOTIC: [8] Undefined index:  uid D:\Easy2PHP5 build 2\WebSite\data\logs\Cache\Home\9f65d21340639b5c21e7ac623b24eff8.php 第 30 行.
NOTIC: [8] Undefined index:  token D:\Easy2PHP5 build 2\WebSite\data\logs\Cache\Home\9f65d21340639b5c21e7ac623b24eff8.php 第 163 行.
NOTIC: [8] Undefined index:  token D:\Easy2PHP5 build 2\WebSite\data\logs\Cache\Home\9f65d21340639b5c21e7ac623b24eff8.php 第 176 行.
INFO: Run ParseTemplate Behavior [ RunTime:-0.005555s ]
INFO: [ view_parse ] --END-- [ RunTime:0.019893s ]
INFO: [ view_filter ] --START--
INFO: Run ContentReplace Behavior [ RunTime:-0.025504s ]
INFO: Run TokenBuild Behavior [ RunTime:-0.026191s ]
INFO: Run WriteHtmlCache Behavior [ RunTime:-0.026903s ]
INFO: Run ShowRuntime Behavior [ RunTime:-0.027437s ]
INFO: [ view_filter ] --END-- [ RunTime:0.002693s ]
INFO: [ view_end ] --START--
INFO: Run ShowPageTrace Behavior [ RunTime:-0.028285s ]
INFO: [ view_end ] --END-- [ RunTime:0.001031s ]

