[ 2014-03-11T02:38:05+08:00 ] 111.161.48.138 /
INFO: [ app_begin ] --START--
INFO: Run ReadHtmlCache Behavior [ RunTime:0.001556s ]
INFO: [ app_begin ] --END-- [ RunTime:0.001884s ]
INFO: [ view_template ] --START--
INFO: Run LocationTemplate Behavior [ RunTime:-0.005545s ]
INFO: [ view_template ] --END-- [ RunTime:0.000917s ]
INFO: [ view_parse ] --START--
NOTIC: [8] Use of undefined constant uid - assumed 'uid' D:\Easy2PHP5 build 2\WebSite\data\logs\Cache\Home\377f56f2e5ecfd9a39dba2c0f96d64d6.php 第 29 行.
NOTIC: [8] Undefined index:  uid D:\Easy2PHP5 build 2\WebSite\data\logs\Cache\Home\377f56f2e5ecfd9a39dba2c0f96d64d6.php 第 29 行.
INFO: Run ParseTemplate Behavior [ RunTime:-0.006521s ]
INFO: [ view_parse ] --END-- [ RunTime:0.019488s ]
INFO: [ view_filter ] --START--
INFO: Run ContentReplace Behavior [ RunTime:-0.026064s ]
INFO: Run TokenBuild Behavior [ RunTime:-0.026737s ]
INFO: Run WriteHtmlCache Behavior [ RunTime:-0.027664s ]
INFO: Run ShowRuntime Behavior [ RunTime:-0.028181s ]
INFO: [ view_filter ] --END-- [ RunTime:0.002862s ]
INFO: [ view_end ] --START--
INFO: Run ShowPageTrace Behavior [ RunTime:-0.029008s ]
INFO: [ view_end ] --END-- [ RunTime:0.000876s ]

[ 2014-03-11T02:38:27+08:00 ] 111.161.48.138 /index.php
INFO: [ app_begin ] --START--
INFO: Run ReadHtmlCache Behavior [ RunTime:0.000549s ]
INFO: [ app_begin ] --END-- [ RunTime:0.000646s ]
INFO: [ view_template ] --START--
INFO: Run LocationTemplate Behavior [ RunTime:-0.003956s ]
INFO: [ view_template ] --END-- [ RunTime:0.000541s ]
INFO: [ view_parse ] --START--
NOTIC: [8] Use of undefined constant uid - assumed 'uid' D:\Easy2PHP5 build 2\WebSite\data\logs\Cache\Home\377f56f2e5ecfd9a39dba2c0f96d64d6.php 第 29 行.
NOTIC: [8] Undefined index:  uid D:\Easy2PHP5 build 2\WebSite\data\logs\Cache\Home\377f56f2e5ecfd9a39dba2c0f96d64d6.php 第 29 行.
INFO: Run ParseTemplate Behavior [ RunTime:-0.004556s ]
INFO: [ view_parse ] --END-- [ RunTime:0.018253s ]
INFO: [ view_filter ] --START--
INFO: Run ContentReplace Behavior [ RunTime:-0.022865s ]
INFO: Run TokenBuild Behavior [ RunTime:-0.023262s ]
INFO: Run WriteHtmlCache Behavior [ RunTime:-0.024094s ]
INFO: Run ShowRuntime Behavior [ RunTime:-0.024492s ]
INFO: [ view_filter ] --END-- [ RunTime:0.002135s ]
INFO: [ view_end ] --START--
INFO: Run ShowPageTrace Behavior [ RunTime:-0.025079s ]
INFO: [ view_end ] --END-- [ RunTime:0.000623s ]

[ 2014-03-11T02:38:28+08:00 ] 111.161.48.138 //index.php?r=site/page&view[]=about
NOTIC: [8] Array to string conversion D:\Easy2PHP5 build 2\WebSite\Core\_Core\Lib\Core\App.class.php 第 69 行.
INFO: [ app_begin ] --START--
INFO: Run ReadHtmlCache Behavior [ RunTime:0.000548s ]
INFO: [ app_begin ] --END-- [ RunTime:0.000636s ]
INFO: [ view_template ] --START--
INFO: Run LocationTemplate Behavior [ RunTime:-0.003978s ]
INFO: [ view_template ] --END-- [ RunTime:0.000542s ]
INFO: [ view_parse ] --START--
NOTIC: [8] Use of undefined constant uid - assumed 'uid' D:\Easy2PHP5 build 2\WebSite\data\logs\Cache\Home\377f56f2e5ecfd9a39dba2c0f96d64d6.php 第 29 行.
NOTIC: [8] Undefined index:  uid D:\Easy2PHP5 build 2\WebSite\data\logs\Cache\Home\377f56f2e5ecfd9a39dba2c0f96d64d6.php 第 29 行.
INFO: Run ParseTemplate Behavior [ RunTime:-0.004576s ]
INFO: [ view_parse ] --END-- [ RunTime:0.018727s ]
INFO: [ view_filter ] --START--
INFO: Run ContentReplace Behavior [ RunTime:-0.023365s ]
INFO: Run TokenBuild Behavior [ RunTime:-0.023770s ]
INFO: Run WriteHtmlCache Behavior [ RunTime:-0.024615s ]
INFO: Run ShowRuntime Behavior [ RunTime:-0.025050s ]
INFO: [ view_filter ] --END-- [ RunTime:0.002188s ]
INFO: [ view_end ] --START--
INFO: Run ShowPageTrace Behavior [ RunTime:-0.025631s ]
INFO: [ view_end ] --END-- [ RunTime:0.000628s ]

[ 2014-03-11T02:38:50+08:00 ] 111.161.48.138 /index.php
INFO: [ app_begin ] --START--
INFO: Run ReadHtmlCache Behavior [ RunTime:0.000561s ]
INFO: [ app_begin ] --END-- [ RunTime:0.000665s ]
INFO: [ view_template ] --START--
INFO: Run LocationTemplate Behavior [ RunTime:-0.016879s ]
INFO: [ view_template ] --END-- [ RunTime:0.000544s ]
INFO: [ view_parse ] --START--
NOTIC: [8] Use of undefined constant uid - assumed 'uid' D:\Easy2PHP5 build 2\WebSite\data\logs\Cache\Home\377f56f2e5ecfd9a39dba2c0f96d64d6.php 第 29 行.
NOTIC: [8] Undefined index:  uid D:\Easy2PHP5 build 2\WebSite\data\logs\Cache\Home\377f56f2e5ecfd9a39dba2c0f96d64d6.php 第 29 行.
INFO: Run ParseTemplate Behavior [ RunTime:-0.017481s ]
INFO: [ view_parse ] --END-- [ RunTime:0.017823s ]
INFO: [ view_filter ] --START--
INFO: Run ContentReplace Behavior [ RunTime:-0.035357s ]
INFO: Run TokenBuild Behavior [ RunTime:-0.035751s ]
INFO: Run WriteHtmlCache Behavior [ RunTime:-0.036592s ]
INFO: Run ShowRuntime Behavior [ RunTime:-0.036993s ]
INFO: [ view_filter ] --END-- [ RunTime:0.002132s ]
INFO: [ view_end ] --START--
INFO: Run ShowPageTrace Behavior [ RunTime:-0.037568s ]
INFO: [ view_end ] --END-- [ RunTime:0.000631s ]

[ 2014-03-11T02:38:51+08:00 ] 111.161.48.138 /index.php
INFO: [ app_begin ] --START--
INFO: Run ReadHtmlCache Behavior [ RunTime:0.000540s ]
INFO: [ app_begin ] --END-- [ RunTime:0.000635s ]
INFO: [ view_template ] --START--
INFO: Run LocationTemplate Behavior [ RunTime:-0.003912s ]
INFO: [ view_template ] --END-- [ RunTime:0.000538s ]
INFO: [ view_parse ] --START--
NOTIC: [8] Use of undefined constant uid - assumed 'uid' D:\Easy2PHP5 build 2\WebSite\data\logs\Cache\Home\377f56f2e5ecfd9a39dba2c0f96d64d6.php 第 29 行.
NOTIC: [8] Undefined index:  uid D:\Easy2PHP5 build 2\WebSite\data\logs\Cache\Home\377f56f2e5ecfd9a39dba2c0f96d64d6.php 第 29 行.
INFO: Run ParseTemplate Behavior [ RunTime:-0.004508s ]
INFO: [ view_parse ] --END-- [ RunTime:0.017776s ]
INFO: [ view_filter ] --START--
INFO: Run ContentReplace Behavior [ RunTime:-0.022337s ]
INFO: Run TokenBuild Behavior [ RunTime:-0.022729s ]
INFO: Run WriteHtmlCache Behavior [ RunTime:-0.023559s ]
INFO: Run ShowRuntime Behavior [ RunTime:-0.023957s ]
INFO: [ view_filter ] --END-- [ RunTime:0.002113s ]
INFO: [ view_end ] --START--
INFO: Run ShowPageTrace Behavior [ RunTime:-0.024529s ]
INFO: [ view_end ] --END-- [ RunTime:0.000620s ]

[ 2014-03-11T06:12:32+08:00 ] 111.161.48.138 /
INFO: [ app_begin ] --START--
INFO: Run ReadHtmlCache Behavior [ RunTime:0.000787s ]
INFO: [ app_begin ] --END-- [ RunTime:0.000885s ]
INFO: [ view_template ] --START--
INFO: Run LocationTemplate Behavior [ RunTime:-0.004788s ]
INFO: [ view_template ] --END-- [ RunTime:0.000895s ]
INFO: [ view_parse ] --START--
NOTIC: [8] Use of undefined constant uid - assumed 'uid' D:\Easy2PHP5 build 2\WebSite\data\logs\Cache\Home\377f56f2e5ecfd9a39dba2c0f96d64d6.php 第 29 行.
NOTIC: [8] Undefined index:  uid D:\Easy2PHP5 build 2\WebSite\data\logs\Cache\Home\377f56f2e5ecfd9a39dba2c0f96d64d6.php 第 29 行.
INFO: Run ParseTemplate Behavior [ RunTime:-0.005743s ]
INFO: [ view_parse ] --END-- [ RunTime:0.019610s ]
INFO: [ view_filter ] --START--
INFO: Run ContentReplace Behavior [ RunTime:-0.025420s ]
INFO: Run TokenBuild Behavior [ RunTime:-0.026101s ]
INFO: Run WriteHtmlCache Behavior [ RunTime:-0.027055s ]
INFO: Run ShowRuntime Behavior [ RunTime:-0.027571s ]
INFO: [ view_filter ] --END-- [ RunTime:0.002895s ]
INFO: [ view_end ] --START--
INFO: Run ShowPageTrace Behavior [ RunTime:-0.028401s ]
INFO: [ view_end ] --END-- [ RunTime:0.000875s ]

[ 2014-03-11T06:12:55+08:00 ] 111.161.48.138 /index.php
INFO: [ app_begin ] --START--
INFO: Run ReadHtmlCache Behavior [ RunTime:0.000544s ]
INFO: [ app_begin ] --END-- [ RunTime:0.000640s ]
INFO: [ view_template ] --START--
INFO: Run LocationTemplate Behavior [ RunTime:-0.003954s ]
INFO: [ view_template ] --END-- [ RunTime:0.000546s ]
INFO: [ view_parse ] --START--
NOTIC: [8] Use of undefined constant uid - assumed 'uid' D:\Easy2PHP5 build 2\WebSite\data\logs\Cache\Home\377f56f2e5ecfd9a39dba2c0f96d64d6.php 第 29 行.
NOTIC: [8] Undefined index:  uid D:\Easy2PHP5 build 2\WebSite\data\logs\Cache\Home\377f56f2e5ecfd9a39dba2c0f96d64d6.php 第 29 行.
INFO: Run ParseTemplate Behavior [ RunTime:-0.004557s ]
INFO: [ view_parse ] --END-- [ RunTime:0.017781s ]
INFO: [ view_filter ] --START--
INFO: Run ContentReplace Behavior [ RunTime:-0.022391s ]
INFO: Run TokenBuild Behavior [ RunTime:-0.022837s ]
INFO: Run WriteHtmlCache Behavior [ RunTime:-0.023672s ]
INFO: Run ShowRuntime Behavior [ RunTime:-0.024072s ]
INFO: [ view_filter ] --END-- [ RunTime:0.002178s ]
INFO: [ view_end ] --START--
INFO: Run ShowPageTrace Behavior [ RunTime:-0.024648s ]
INFO: [ view_end ] --END-- [ RunTime:0.000645s ]

[ 2014-03-11T06:12:56+08:00 ] 111.161.48.138 //index.php?r=site/page&view[]=about
NOTIC: [8] Array to string conversion D:\Easy2PHP5 build 2\WebSite\Core\_Core\Lib\Core\App.class.php 第 69 行.
INFO: [ app_begin ] --START--
INFO: Run ReadHtmlCache Behavior [ RunTime:0.000537s ]
INFO: [ app_begin ] --END-- [ RunTime:0.000624s ]
INFO: [ view_template ] --START--
INFO: Run LocationTemplate Behavior [ RunTime:-0.003919s ]
INFO: [ view_template ] --END-- [ RunTime:0.000542s ]
INFO: [ view_parse ] --START--
NOTIC: [8] Use of undefined constant uid - assumed 'uid' D:\Easy2PHP5 build 2\WebSite\data\logs\Cache\Home\377f56f2e5ecfd9a39dba2c0f96d64d6.php 第 29 行.
NOTIC: [8] Undefined index:  uid D:\Easy2PHP5 build 2\WebSite\data\logs\Cache\Home\377f56f2e5ecfd9a39dba2c0f96d64d6.php 第 29 行.
INFO: Run ParseTemplate Behavior [ RunTime:-0.004518s ]
INFO: [ view_parse ] --END-- [ RunTime:0.017709s ]
INFO: [ view_filter ] --START--
INFO: Run ContentReplace Behavior [ RunTime:-0.022281s ]
INFO: Run TokenBuild Behavior [ RunTime:-0.022677s ]
INFO: Run WriteHtmlCache Behavior [ RunTime:-0.023505s ]
INFO: Run ShowRuntime Behavior [ RunTime:-0.023904s ]
INFO: [ view_filter ] --END-- [ RunTime:0.002122s ]
INFO: [ view_end ] --START--
INFO: Run ShowPageTrace Behavior [ RunTime:-0.024481s ]
INFO: [ view_end ] --END-- [ RunTime:0.000620s ]

[ 2014-03-11T06:12:59+08:00 ] 111.161.48.138 /index.php
INFO: [ app_begin ] --START--
INFO: Run ReadHtmlCache Behavior [ RunTime:0.000541s ]
INFO: [ app_begin ] --END-- [ RunTime:0.000639s ]
INFO: [ view_template ] --START--
INFO: Run LocationTemplate Behavior [ RunTime:-0.003908s ]
INFO: [ view_template ] --END-- [ RunTime:0.000551s ]
INFO: [ view_parse ] --START--
NOTIC: [8] Use of undefined constant uid - assumed 'uid' D:\Easy2PHP5 build 2\WebSite\data\logs\Cache\Home\377f56f2e5ecfd9a39dba2c0f96d64d6.php 第 29 行.
NOTIC: [8] Undefined index:  uid D:\Easy2PHP5 build 2\WebSite\data\logs\Cache\Home\377f56f2e5ecfd9a39dba2c0f96d64d6.php 第 29 行.
INFO: Run ParseTemplate Behavior [ RunTime:-0.004513s ]
INFO: [ view_parse ] --END-- [ RunTime:0.017710s ]
INFO: [ view_filter ] --START--
INFO: Run ContentReplace Behavior [ RunTime:-0.022278s ]
INFO: Run TokenBuild Behavior [ RunTime:-0.022671s ]
INFO: Run WriteHtmlCache Behavior [ RunTime:-0.023802s ]
INFO: Run ShowRuntime Behavior [ RunTime:-0.024216s ]
INFO: [ view_filter ] --END-- [ RunTime:0.002435s ]
INFO: [ view_end ] --START--
INFO: Run ShowPageTrace Behavior [ RunTime:-0.024792s ]
INFO: [ view_end ] --END-- [ RunTime:0.000622s ]

[ 2014-03-11T06:13:00+08:00 ] 111.161.48.138 /index.php
INFO: [ app_begin ] --START--
INFO: Run ReadHtmlCache Behavior [ RunTime:0.000543s ]
INFO: [ app_begin ] --END-- [ RunTime:0.000639s ]
INFO: [ view_template ] --START--
INFO: Run LocationTemplate Behavior [ RunTime:-0.003968s ]
INFO: [ view_template ] --END-- [ RunTime:0.000544s ]
INFO: [ view_parse ] --START--
NOTIC: [8] Use of undefined constant uid - assumed 'uid' D:\Easy2PHP5 build 2\WebSite\data\logs\Cache\Home\377f56f2e5ecfd9a39dba2c0f96d64d6.php 第 29 行.
NOTIC: [8] Undefined index:  uid D:\Easy2PHP5 build 2\WebSite\data\logs\Cache\Home\377f56f2e5ecfd9a39dba2c0f96d64d6.php 第 29 行.
INFO: Run ParseTemplate Behavior [ RunTime:-0.004570s ]
INFO: [ view_parse ] --END-- [ RunTime:0.018740s ]
INFO: [ view_filter ] --START--
INFO: Run ContentReplace Behavior [ RunTime:-0.023366s ]
INFO: Run TokenBuild Behavior [ RunTime:-0.023760s ]
INFO: Run WriteHtmlCache Behavior [ RunTime:-0.024595s ]
INFO: Run ShowRuntime Behavior [ RunTime:-0.024992s ]
INFO: [ view_filter ] --END-- [ RunTime:0.002119s ]
INFO: [ view_end ] --START--
INFO: Run ShowPageTrace Behavior [ RunTime:-0.025565s ]
INFO: [ view_end ] --END-- [ RunTime:0.000620s ]

[ 2014-03-11T09:44:48+08:00 ] 177.43.166.210 /
INFO: [ app_begin ] --START--
INFO: Run ReadHtmlCache Behavior [ RunTime:0.000825s ]
INFO: [ app_begin ] --END-- [ RunTime:0.000924s ]
NOTIC: [8] Undefined index:  HTTP_HOST D:\Easy2PHP5 build 2\WebSite\Core\_Core\Lib\Core\Action.class.php 第 344 行.
NOTIC: [8] Undefined index:  1 D:\Easy2PHP5 build 2\WebSite\Core\_Core\Lib\Core\Action.class.php 第 57 行.
NOTIC: [8] Undefined index:  HTTP_HOST D:\Easy2PHP5 build 2\WebSite\Core\_Core\Common\common.php 第 261 行.
NOTIC: [8] Undefined index:  1 D:\Easy2PHP5 build 2\WebSite\Core\_Core\Lib\Core\View.class.php 第 70 行.
INFO: [ view_template ] --START--
INFO: Run LocationTemplate Behavior [ RunTime:-0.004871s ]
INFO: [ view_template ] --END-- [ RunTime:0.000903s ]
INFO: [ view_parse ] --START--
NOTIC: [8] Use of undefined constant uid - assumed 'uid' D:\Easy2PHP5 build 2\WebSite\data\logs\Cache\Home\377f56f2e5ecfd9a39dba2c0f96d64d6.php 第 29 行.
NOTIC: [8] Undefined index:  uid D:\Easy2PHP5 build 2\WebSite\data\logs\Cache\Home\377f56f2e5ecfd9a39dba2c0f96d64d6.php 第 29 行.
INFO: Run ParseTemplate Behavior [ RunTime:-0.005833s ]
INFO: [ view_parse ] --END-- [ RunTime:0.019477s ]
INFO: [ view_filter ] --START--
INFO: Run ContentReplace Behavior [ RunTime:-0.025363s ]
INFO: Run TokenBuild Behavior [ RunTime:-0.026017s ]
INFO: Run WriteHtmlCache Behavior [ RunTime:-0.026952s ]
INFO: Run ShowRuntime Behavior [ RunTime:-0.027467s ]
INFO: [ view_filter ] --END-- [ RunTime:0.002860s ]
INFO: [ view_end ] --START--
INFO: Run ShowPageTrace Behavior [ RunTime:-0.028301s ]
INFO: [ view_end ] --END-- [ RunTime:0.000878s ]

[ 2014-03-11T11:12:44+08:00 ] 111.161.48.138 /
INFO: [ app_begin ] --START--
INFO: Run ReadHtmlCache Behavior [ RunTime:0.000788s ]
INFO: [ app_begin ] --END-- [ RunTime:0.000886s ]
INFO: [ view_template ] --START--
INFO: Run LocationTemplate Behavior [ RunTime:-0.039790s ]
INFO: [ view_template ] --END-- [ RunTime:0.000902s ]
INFO: [ view_parse ] --START--
NOTIC: [8] Use of undefined constant uid - assumed 'uid' D:\Easy2PHP5 build 2\WebSite\data\logs\Cache\Home\377f56f2e5ecfd9a39dba2c0f96d64d6.php 第 29 行.
NOTIC: [8] Undefined index:  uid D:\Easy2PHP5 build 2\WebSite\data\logs\Cache\Home\377f56f2e5ecfd9a39dba2c0f96d64d6.php 第 29 行.
INFO: Run ParseTemplate Behavior [ RunTime:-0.040749s ]
INFO: [ view_parse ] --END-- [ RunTime:0.019868s ]
INFO: [ view_filter ] --START--
INFO: Run ContentReplace Behavior [ RunTime:-0.060687s ]
INFO: Run TokenBuild Behavior [ RunTime:-0.061378s ]
INFO: Run WriteHtmlCache Behavior [ RunTime:-0.062321s ]
INFO: Run ShowRuntime Behavior [ RunTime:-0.062848s ]
INFO: [ view_filter ] --END-- [ RunTime:0.003177s ]
INFO: [ view_end ] --START--
INFO: Run ShowPageTrace Behavior [ RunTime:-0.063958s ]
INFO: [ view_end ] --END-- [ RunTime:0.000897s ]

[ 2014-03-11T11:13:03+08:00 ] 111.161.48.138 /index.php
INFO: [ app_begin ] --START--
INFO: Run ReadHtmlCache Behavior [ RunTime:0.000543s ]
INFO: [ app_begin ] --END-- [ RunTime:0.000639s ]
INFO: [ view_template ] --START--
INFO: Run LocationTemplate Behavior [ RunTime:-0.003948s ]
INFO: [ view_template ] --END-- [ RunTime:0.000684s ]
INFO: [ view_parse ] --START--
NOTIC: [8] Use of undefined constant uid - assumed 'uid' D:\Easy2PHP5 build 2\WebSite\data\logs\Cache\Home\377f56f2e5ecfd9a39dba2c0f96d64d6.php 第 29 行.
NOTIC: [8] Undefined index:  uid D:\Easy2PHP5 build 2\WebSite\data\logs\Cache\Home\377f56f2e5ecfd9a39dba2c0f96d64d6.php 第 29 行.
INFO: Run ParseTemplate Behavior [ RunTime:-0.004688s ]
INFO: [ view_parse ] --END-- [ RunTime:0.018292s ]
INFO: [ view_filter ] --START--
INFO: Run ContentReplace Behavior [ RunTime:-0.023034s ]
INFO: Run TokenBuild Behavior [ RunTime:-0.023428s ]
INFO: Run WriteHtmlCache Behavior [ RunTime:-0.024258s ]
INFO: Run ShowRuntime Behavior [ RunTime:-0.024655s ]
INFO: [ view_filter ] --END-- [ RunTime:0.002472s ]
INFO: [ view_end ] --START--
INFO: Run ShowPageTrace Behavior [ RunTime:-0.025585s ]
INFO: [ view_end ] --END-- [ RunTime:0.000620s ]

[ 2014-03-11T11:13:04+08:00 ] 111.161.48.138 //index.php?r=site/page&view[]=about
NOTIC: [8] Array to string conversion D:\Easy2PHP5 build 2\WebSite\Core\_Core\Lib\Core\App.class.php 第 69 行.
INFO: [ app_begin ] --START--
INFO: Run ReadHtmlCache Behavior [ RunTime:0.000539s ]
INFO: [ app_begin ] --END-- [ RunTime:0.000627s ]
INFO: [ view_template ] --START--
INFO: Run LocationTemplate Behavior [ RunTime:-0.003925s ]
INFO: [ view_template ] --END-- [ RunTime:0.000692s ]
INFO: [ view_parse ] --START--
NOTIC: [8] Use of undefined constant uid - assumed 'uid' D:\Easy2PHP5 build 2\WebSite\data\logs\Cache\Home\377f56f2e5ecfd9a39dba2c0f96d64d6.php 第 29 行.
NOTIC: [8] Undefined index:  uid D:\Easy2PHP5 build 2\WebSite\data\logs\Cache\Home\377f56f2e5ecfd9a39dba2c0f96d64d6.php 第 29 行.
INFO: Run ParseTemplate Behavior [ RunTime:-0.004675s ]
INFO: [ view_parse ] --END-- [ RunTime:0.017914s ]
INFO: [ view_filter ] --START--
INFO: Run ContentReplace Behavior [ RunTime:-0.022643s ]
INFO: Run TokenBuild Behavior [ RunTime:-0.023037s ]
INFO: Run WriteHtmlCache Behavior [ RunTime:-0.023876s ]
INFO: Run ShowRuntime Behavior [ RunTime:-0.024274s ]
INFO: [ view_filter ] --END-- [ RunTime:0.002489s ]
INFO: [ view_end ] --START--
INFO: Run ShowPageTrace Behavior [ RunTime:-0.025211s ]
INFO: [ view_end ] --END-- [ RunTime:0.000619s ]

[ 2014-03-11T11:13:06+08:00 ] 111.161.48.138 /index.php
INFO: [ app_begin ] --START--
INFO: Run ReadHtmlCache Behavior [ RunTime:0.000545s ]
INFO: [ app_begin ] --END-- [ RunTime:0.000641s ]
INFO: [ view_template ] --START--
INFO: Run LocationTemplate Behavior [ RunTime:-0.003882s ]
INFO: [ view_template ] --END-- [ RunTime:0.000678s ]
INFO: [ view_parse ] --START--
NOTIC: [8] Use of undefined constant uid - assumed 'uid' D:\Easy2PHP5 build 2\WebSite\data\logs\Cache\Home\377f56f2e5ecfd9a39dba2c0f96d64d6.php 第 29 行.
NOTIC: [8] Undefined index:  uid D:\Easy2PHP5 build 2\WebSite\data\logs\Cache\Home\377f56f2e5ecfd9a39dba2c0f96d64d6.php 第 29 行.
INFO: Run ParseTemplate Behavior [ RunTime:-0.004618s ]
INFO: [ view_parse ] --END-- [ RunTime:0.018261s ]
INFO: [ view_filter ] --START--
INFO: Run ContentReplace Behavior [ RunTime:-0.022933s ]
INFO: Run TokenBuild Behavior [ RunTime:-0.023327s ]
INFO: Run WriteHtmlCache Behavior [ RunTime:-0.024157s ]
INFO: Run ShowRuntime Behavior [ RunTime:-0.024555s ]
INFO: [ view_filter ] --END-- [ RunTime:0.002497s ]
INFO: [ view_end ] --START--
INFO: Run ShowPageTrace Behavior [ RunTime:-0.025509s ]
INFO: [ view_end ] --END-- [ RunTime:0.000624s ]

[ 2014-03-11T11:13:07+08:00 ] 111.161.48.138 /index.php
INFO: [ app_begin ] --START--
INFO: Run ReadHtmlCache Behavior [ RunTime:0.000539s ]
INFO: [ app_begin ] --END-- [ RunTime:0.000634s ]
INFO: [ view_template ] --START--
INFO: Run LocationTemplate Behavior [ RunTime:-0.003953s ]
INFO: [ view_template ] --END-- [ RunTime:0.000679s ]
INFO: [ view_parse ] --START--
NOTIC: [8] Use of undefined constant uid - assumed 'uid' D:\Easy2PHP5 build 2\WebSite\data\logs\Cache\Home\377f56f2e5ecfd9a39dba2c0f96d64d6.php 第 29 行.
NOTIC: [8] Undefined index:  uid D:\Easy2PHP5 build 2\WebSite\data\logs\Cache\Home\377f56f2e5ecfd9a39dba2c0f96d64d6.php 第 29 行.
INFO: Run ParseTemplate Behavior [ RunTime:-0.004689s ]
INFO: [ view_parse ] --END-- [ RunTime:0.018188s ]
INFO: [ view_filter ] --START--
INFO: Run ContentReplace Behavior [ RunTime:-0.022929s ]
INFO: Run TokenBuild Behavior [ RunTime:-0.023324s ]
INFO: Run WriteHtmlCache Behavior [ RunTime:-0.024160s ]
INFO: Run ShowRuntime Behavior [ RunTime:-0.024558s ]
INFO: [ view_filter ] --END-- [ RunTime:0.002483s ]
INFO: [ view_end ] --START--
INFO: Run ShowPageTrace Behavior [ RunTime:-0.025492s ]
INFO: [ view_end ] --END-- [ RunTime:0.000623s ]

[ 2014-03-11T15:13:42+08:00 ] 119.145.8.98 /index.php?g=Wap&m=Lottery&a=index&type=1&token=coslsg1394338022&id=9&wecha_id=o_93gjjbWUXoDB6jMfmrFdvrLu9s
INFO: [ app_begin ] --START--
INFO: Run ReadHtmlCache Behavior [ RunTime:0.000785s ]
INFO: [ app_begin ] --END-- [ RunTime:0.000887s ]
SQL: SHOW COLUMNS FROM `wx_lottery_record` [ RunTime:0.001073s ]
SQL: SELECT * FROM `wx_lottery_record` WHERE ( `token` = 'coslsg1394338022' ) AND ( `wecha_id` = 'o_93gjjbWUXoDB6jMfmrFdvrLu9s' ) AND ( `lid` = 9 ) LIMIT 1   [ RunTime:0.000314s ]
SQL: INSERT INTO `wx_lottery_record` (`token`,`wecha_id`,`lid`) VALUES ('coslsg1394338022','o_93gjjbWUXoDB6jMfmrFdvrLu9s',9) [ RunTime:0.000202s ]
SQL: SELECT * FROM `wx_lottery_record` WHERE ( `token` = 'coslsg1394338022' ) AND ( `wecha_id` = 'o_93gjjbWUXoDB6jMfmrFdvrLu9s' ) AND ( `lid` = 9 ) LIMIT 1   [ RunTime:0.000268s ]
SQL: SHOW COLUMNS FROM `wx_lottery` [ RunTime:0.001005s ]
SQL: SELECT * FROM `wx_lottery` WHERE ( `id` = 9 ) AND ( `token` = 'coslsg1394338022' ) AND ( `type` = 1 ) AND ( `status` = 1 ) LIMIT 1   [ RunTime:0.000161s ]
NOTIC: [2] mysql_num_rows(): supplied argument is not a valid MySQL result resource D:\Easy2PHP5 build 2\WebSite\Core\Lib\Action\Wap\LotteryAction.class.php 第 46 行.
INFO: [ view_template ] --START--
INFO: Run LocationTemplate Behavior [ RunTime:-0.020519s ]
INFO: [ view_template ] --END-- [ RunTime:0.000920s ]
INFO: [ view_parse ] --START--
NOTIC: [8] Undefined index:  end D:\Easy2PHP5 build 2\WebSite\data\logs\Cache\Wap\74a52499e3f88f8d133de0ea61322254.php 第 66 行.
NOTIC: [8] Undefined index:  end D:\Easy2PHP5 build 2\WebSite\data\logs\Cache\Wap\74a52499e3f88f8d133de0ea61322254.php 第 111 行.
INFO: Run ParseTemplate Behavior [ RunTime:-0.021500s ]
INFO: [ view_parse ] --END-- [ RunTime:0.021183s ]
INFO: [ view_filter ] --START--
INFO: Run ContentReplace Behavior [ RunTime:-0.042734s ]
INFO: Run TokenBuild Behavior [ RunTime:-0.043376s ]
INFO: Run WriteHtmlCache Behavior [ RunTime:-0.044195s ]
INFO: Run ShowRuntime Behavior [ RunTime:-0.044713s ]
INFO: [ view_filter ] --END-- [ RunTime:0.002717s ]
INFO: [ view_end ] --START--
INFO: Run ShowPageTrace Behavior [ RunTime:-0.045529s ]
INFO: [ view_end ] --END-- [ RunTime:0.000876s ]

[ 2014-03-11T15:13:58+08:00 ] 119.145.8.98 /index.php?g=Wap&m=Index&a=index&token=coslsg1394338022&wecha_id=o_93gjjbWUXoDB6jMfmrFdvrLu9s
INFO: [ app_begin ] --START--
INFO: Run ReadHtmlCache Behavior [ RunTime:0.000779s ]
INFO: [ app_begin ] --END-- [ RunTime:0.000876s ]
SQL: SHOW COLUMNS FROM `wx_wxuser` [ RunTime:0.001120s ]
SQL: SELECT * FROM `wx_wxuser` WHERE ( `token` = 'coslsg1394338022' ) LIMIT 1   [ RunTime:0.000161s ]
SQL: SHOW COLUMNS FROM `wx_classify` [ RunTime:0.000845s ]
SQL: SELECT * FROM `wx_classify` WHERE ( `token` = 'coslsg1394338022' ) AND ( `status` = 1 ) ORDER BY sorts desc  [ RunTime:0.000140s ]
SQL: SHOW COLUMNS FROM `wx_users` [ RunTime:0.000788s ]
SQL: SELECT `gid` FROM `wx_users` WHERE ( `id` = 21 ) LIMIT 1   [ RunTime:0.000220s ]
SQL: SHOW COLUMNS FROM `wx_user_group` [ RunTime:0.000691s ]
SQL: SELECT `iscopyright` FROM `wx_user_group` WHERE ( `id` = 7 ) LIMIT 1   [ RunTime:0.000136s ]
SQL: SHOW COLUMNS FROM `wx_company` [ RunTime:0.000892s ]
SQL: SELECT * FROM `wx_company` WHERE ( `token` = 'coslsg1394338022' ) AND ( `isbranch` = 0 ) LIMIT 1   [ RunTime:0.000149s ]
SQL: SHOW COLUMNS FROM `wx_home` [ RunTime:0.000790s ]
SQL: SELECT * FROM `wx_home` WHERE ( `token` = 'coslsg1394338022' )  [ RunTime:0.000136s ]
SQL: SHOW COLUMNS FROM `wx_menuplus` [ RunTime:0.001339s ]
SQL: SELECT * FROM `wx_menuplus` WHERE ( `token` = 'coslsg1394338022' )  [ RunTime:0.000177s ]
SQL: SHOW COLUMNS FROM `wx_user_group` [ RunTime:0.000703s ]
SQL: SELECT * FROM `wx_user_group` WHERE ( `id` = null ) LIMIT 1   [ RunTime:0.000145s ]
SQL: SHOW COLUMNS FROM `wx_flash` [ RunTime:0.000790s ]
SQL: SELECT * FROM `wx_flash` WHERE ( `token` = 'coslsg1394338022' )  [ RunTime:0.000131s ]
INFO: [ view_template ] --START--
INFO: Run LocationTemplate Behavior [ RunTime:-0.030493s ]
INFO: [ view_template ] --END-- [ RunTime:0.001107s ]
INFO: [ view_parse ] --START--
NOTIC: [8] Undefined variable: siteCopyright D:\Easy2PHP5 build 2\WebSite\data\logs\Cache\Wap\72f6ffc8ea4fc8b8103f470579c9374c.php 第 150 行.
INFO: Run ParseTemplate Behavior [ RunTime:-0.031661s ]
INFO: [ view_parse ] --END-- [ RunTime:0.015418s ]
INFO: [ view_filter ] --START--
INFO: Run ContentReplace Behavior [ RunTime:-0.047134s ]
INFO: Run TokenBuild Behavior [ RunTime:-0.047755s ]
INFO: Run WriteHtmlCache Behavior [ RunTime:-0.048407s ]
INFO: Run ShowRuntime Behavior [ RunTime:-0.048919s ]
INFO: [ view_filter ] --END-- [ RunTime:0.002523s ]
INFO: [ view_end ] --START--
INFO: Run ShowPageTrace Behavior [ RunTime:-0.049734s ]
INFO: [ view_end ] --END-- [ RunTime:0.000860s ]

[ 2014-03-11T15:15:03+08:00 ] 119.145.8.98 /index.php?g=Wap&m=Selfform&a=index&token=coslsg1394338022&wecha_id=o_93gjjbWUXoDB6jMfmrFdvrLu9s&id=1
INFO: [ app_begin ] --START--
INFO: Run ReadHtmlCache Behavior [ RunTime:0.000780s ]
INFO: [ app_begin ] --END-- [ RunTime:0.000879s ]
SQL: SHOW COLUMNS FROM `wx_selfform` [ RunTime:0.000839s ]
SQL: SHOW COLUMNS FROM `wx_selfform_input` [ RunTime:0.000923s ]
SQL: SHOW COLUMNS FROM `wx_selfform_value` [ RunTime:0.000845s ]
SQL: SELECT * FROM `wx_selfform` WHERE ( `id` = 1 ) LIMIT 1   [ RunTime:0.000146s ]
SQL: SELECT * FROM `wx_selfform_input` WHERE ( `formid` = 1 ) ORDER BY taxis ASC  [ RunTime:0.000128s ]
SQL: SELECT * FROM `wx_selfform_value` WHERE ( `wecha_id` = 'o_93gjjbWUXoDB6jMfmrFdvrLu9s' ) AND ( `formid` = 1 ) LIMIT 1   [ RunTime:0.000234s ]
INFO: [ view_template ] --START--
INFO: Run LocationTemplate Behavior [ RunTime:-0.019192s ]
INFO: [ view_template ] --END-- [ RunTime:0.000937s ]
INFO: [ view_parse ] --START--
NOTIC: [8] Undefined index:  success D:\Easy2PHP5 build 2\WebSite\data\logs\Cache\Wap\1f79c9a2000d89bedb65c02c87beabc6.php 第 43 行.
INFO: Run ParseTemplate Behavior [ RunTime:-0.020188s ]
INFO: [ view_parse ] --END-- [ RunTime:0.023204s ]
INFO: [ view_filter ] --START--
INFO: Run ContentReplace Behavior [ RunTime:-0.043447s ]
INFO: Run TokenBuild Behavior [ RunTime:-0.044052s ]
INFO: Run WriteHtmlCache Behavior [ RunTime:-0.044874s ]
INFO: Run ShowRuntime Behavior [ RunTime:-0.045399s ]
INFO: [ view_filter ] --END-- [ RunTime:0.002694s ]
INFO: [ view_end ] --START--
INFO: Run ShowPageTrace Behavior [ RunTime:-0.046227s ]
INFO: [ view_end ] --END-- [ RunTime:0.000893s ]

[ 2014-03-11T15:44:58+08:00 ] 115.236.140.12 /
INFO: [ app_begin ] --START--
INFO: Run ReadHtmlCache Behavior [ RunTime:0.000820s ]
INFO: [ app_begin ] --END-- [ RunTime:0.000918s ]
INFO: [ view_template ] --START--
INFO: Run LocationTemplate Behavior [ RunTime:-0.004760s ]
INFO: [ view_template ] --END-- [ RunTime:0.000896s ]
INFO: [ view_parse ] --START--
NOTIC: [8] Use of undefined constant uid - assumed 'uid' D:\Easy2PHP5 build 2\WebSite\data\logs\Cache\Home\377f56f2e5ecfd9a39dba2c0f96d64d6.php 第 29 行.
NOTIC: [8] Undefined index:  uid D:\Easy2PHP5 build 2\WebSite\data\logs\Cache\Home\377f56f2e5ecfd9a39dba2c0f96d64d6.php 第 29 行.
INFO: Run ParseTemplate Behavior [ RunTime:-0.005708s ]
INFO: [ view_parse ] --END-- [ RunTime:0.024637s ]
INFO: [ view_filter ] --START--
INFO: Run ContentReplace Behavior [ RunTime:-0.030397s ]
INFO: Run TokenBuild Behavior [ RunTime:-0.031046s ]
INFO: Run WriteHtmlCache Behavior [ RunTime:-0.031878s ]
INFO: Run ShowRuntime Behavior [ RunTime:-0.032390s ]
INFO: [ view_filter ] --END-- [ RunTime:0.002735s ]
INFO: [ view_end ] --START--
INFO: Run ShowPageTrace Behavior [ RunTime:-0.033211s ]
INFO: [ view_end ] --END-- [ RunTime:0.001078s ]

[ 2014-03-11T15:45:16+08:00 ] 115.236.140.12 /index.php
INFO: [ app_begin ] --START--
INFO: Run ReadHtmlCache Behavior [ RunTime:0.000535s ]
INFO: [ app_begin ] --END-- [ RunTime:0.000630s ]
INFO: [ view_template ] --START--
INFO: Run LocationTemplate Behavior [ RunTime:-0.003502s ]
INFO: [ view_template ] --END-- [ RunTime:0.000419s ]
INFO: [ view_parse ] --START--
NOTIC: [8] Use of undefined constant uid - assumed 'uid' D:\Easy2PHP5 build 2\WebSite\data\logs\Cache\Home\377f56f2e5ecfd9a39dba2c0f96d64d6.php 第 29 行.
NOTIC: [8] Undefined index:  uid D:\Easy2PHP5 build 2\WebSite\data\logs\Cache\Home\377f56f2e5ecfd9a39dba2c0f96d64d6.php 第 29 行.
INFO: Run ParseTemplate Behavior [ RunTime:-0.003976s ]
INFO: [ view_parse ] --END-- [ RunTime:0.017612s ]
INFO: [ view_filter ] --START--
INFO: Run ContentReplace Behavior [ RunTime:-0.021640s ]
INFO: Run TokenBuild Behavior [ RunTime:-0.022030s ]
INFO: Run WriteHtmlCache Behavior [ RunTime:-0.022476s ]
INFO: Run ShowRuntime Behavior [ RunTime:-0.022737s ]
INFO: [ view_filter ] --END-- [ RunTime:0.001730s ]
INFO: [ view_end ] --START--
INFO: Run ShowPageTrace Behavior [ RunTime:-0.023447s ]
INFO: [ view_end ] --END-- [ RunTime:0.001094s ]

[ 2014-03-11T15:45:18+08:00 ] 115.236.140.12 //index.php?r=site/page&view[]=about
NOTIC: [8] Array to string conversion D:\Easy2PHP5 build 2\WebSite\Core\_Core\Lib\Core\App.class.php 第 69 行.
INFO: [ app_begin ] --START--
INFO: Run ReadHtmlCache Behavior [ RunTime:0.000574s ]
INFO: [ app_begin ] --END-- [ RunTime:0.000662s ]
INFO: [ view_template ] --START--
INFO: Run LocationTemplate Behavior [ RunTime:-0.003515s ]
INFO: [ view_template ] --END-- [ RunTime:0.000411s ]
INFO: [ view_parse ] --START--
NOTIC: [8] Use of undefined constant uid - assumed 'uid' D:\Easy2PHP5 build 2\WebSite\data\logs\Cache\Home\377f56f2e5ecfd9a39dba2c0f96d64d6.php 第 29 行.
NOTIC: [8] Undefined index:  uid D:\Easy2PHP5 build 2\WebSite\data\logs\Cache\Home\377f56f2e5ecfd9a39dba2c0f96d64d6.php 第 29 行.
INFO: Run ParseTemplate Behavior [ RunTime:-0.003982s ]
INFO: [ view_parse ] --END-- [ RunTime:0.017656s ]
INFO: [ view_filter ] --START--
INFO: Run ContentReplace Behavior [ RunTime:-0.021692s ]
INFO: Run TokenBuild Behavior [ RunTime:-0.022079s ]
INFO: Run WriteHtmlCache Behavior [ RunTime:-0.022524s ]
INFO: Run ShowRuntime Behavior [ RunTime:-0.022783s ]
INFO: [ view_filter ] --END-- [ RunTime:0.001725s ]
INFO: [ view_end ] --START--
INFO: Run ShowPageTrace Behavior [ RunTime:-0.023492s ]
INFO: [ view_end ] --END-- [ RunTime:0.001155s ]

[ 2014-03-11T15:45:19+08:00 ] 115.236.140.12 /index.php
INFO: [ app_begin ] --START--
INFO: Run ReadHtmlCache Behavior [ RunTime:0.000543s ]
INFO: [ app_begin ] --END-- [ RunTime:0.000643s ]
INFO: [ view_template ] --START--
INFO: Run LocationTemplate Behavior [ RunTime:-0.003515s ]
INFO: [ view_template ] --END-- [ RunTime:0.000415s ]
INFO: [ view_parse ] --START--
NOTIC: [8] Use of undefined constant uid - assumed 'uid' D:\Easy2PHP5 build 2\WebSite\data\logs\Cache\Home\377f56f2e5ecfd9a39dba2c0f96d64d6.php 第 29 行.
NOTIC: [8] Undefined index:  uid D:\Easy2PHP5 build 2\WebSite\data\logs\Cache\Home\377f56f2e5ecfd9a39dba2c0f96d64d6.php 第 29 行.
INFO: Run ParseTemplate Behavior [ RunTime:-0.003984s ]
INFO: [ view_parse ] --END-- [ RunTime:0.017648s ]
INFO: [ view_filter ] --START--
INFO: Run ContentReplace Behavior [ RunTime:-0.021684s ]
INFO: Run TokenBuild Behavior [ RunTime:-0.022073s ]
INFO: Run WriteHtmlCache Behavior [ RunTime:-0.022519s ]
INFO: Run ShowRuntime Behavior [ RunTime:-0.022780s ]
INFO: [ view_filter ] --END-- [ RunTime:0.001769s ]
INFO: [ view_end ] --START--
INFO: Run ShowPageTrace Behavior [ RunTime:-0.023528s ]
INFO: [ view_end ] --END-- [ RunTime:0.001097s ]

[ 2014-03-11T15:45:21+08:00 ] 115.236.140.12 /index.php
INFO: [ app_begin ] --START--
INFO: Run ReadHtmlCache Behavior [ RunTime:0.000536s ]
INFO: [ app_begin ] --END-- [ RunTime:0.000634s ]
INFO: [ view_template ] --START--
INFO: Run LocationTemplate Behavior [ RunTime:-0.003465s ]
INFO: [ view_template ] --END-- [ RunTime:0.000424s ]
INFO: [ view_parse ] --START--
NOTIC: [8] Use of undefined constant uid - assumed 'uid' D:\Easy2PHP5 build 2\WebSite\data\logs\Cache\Home\377f56f2e5ecfd9a39dba2c0f96d64d6.php 第 29 行.
NOTIC: [8] Undefined index:  uid D:\Easy2PHP5 build 2\WebSite\data\logs\Cache\Home\377f56f2e5ecfd9a39dba2c0f96d64d6.php 第 29 行.
INFO: Run ParseTemplate Behavior [ RunTime:-0.003943s ]
INFO: [ view_parse ] --END-- [ RunTime:0.017829s ]
INFO: [ view_filter ] --START--
INFO: Run ContentReplace Behavior [ RunTime:-0.021827s ]
INFO: Run TokenBuild Behavior [ RunTime:-0.022218s ]
INFO: Run WriteHtmlCache Behavior [ RunTime:-0.022662s ]
INFO: Run ShowRuntime Behavior [ RunTime:-0.022922s ]
INFO: [ view_filter ] --END-- [ RunTime:0.001726s ]
INFO: [ view_end ] --START--
INFO: Run ShowPageTrace Behavior [ RunTime:-0.023632s ]
INFO: [ view_end ] --END-- [ RunTime:0.001090s ]

[ 2014-03-11T15:50:39+08:00 ] 119.145.8.98 /index.php?g=Wap&m=Selfform&a=index&token=coslsg1394338022&wecha_id=o_93gjjbWUXoDB6jMfmrFdvrLu9s&id=1
INFO: [ app_begin ] --START--
INFO: Run ReadHtmlCache Behavior [ RunTime:0.000792s ]
INFO: [ app_begin ] --END-- [ RunTime:0.000890s ]
SQL: SHOW COLUMNS FROM `wx_selfform` [ RunTime:0.001059s ]
SQL: SHOW COLUMNS FROM `wx_selfform_input` [ RunTime:0.000865s ]
SQL: SHOW COLUMNS FROM `wx_selfform_value` [ RunTime:0.000789s ]
SQL: SELECT * FROM `wx_selfform` WHERE ( `id` = 1 ) LIMIT 1   [ RunTime:0.000139s ]
SQL: SELECT * FROM `wx_selfform_input` WHERE ( `formid` = 1 ) ORDER BY taxis ASC  [ RunTime:0.000128s ]
SQL: SELECT * FROM `wx_selfform_value` WHERE ( `wecha_id` = 'o_93gjjbWUXoDB6jMfmrFdvrLu9s' ) AND ( `formid` = 1 ) LIMIT 1   [ RunTime:0.000131s ]
INFO: [ view_template ] --START--
INFO: Run LocationTemplate Behavior [ RunTime:-0.018752s ]
INFO: [ view_template ] --END-- [ RunTime:0.000944s ]
INFO: [ view_parse ] --START--
NOTIC: [8] Undefined index:  success D:\Easy2PHP5 build 2\WebSite\data\logs\Cache\Wap\1f79c9a2000d89bedb65c02c87beabc6.php 第 43 行.
INFO: Run ParseTemplate Behavior [ RunTime:-0.019759s ]
INFO: [ view_parse ] --END-- [ RunTime:0.016575s ]
INFO: [ view_filter ] --START--
INFO: Run ContentReplace Behavior [ RunTime:-0.036386s ]
INFO: Run TokenBuild Behavior [ RunTime:-0.037030s ]
INFO: Run WriteHtmlCache Behavior [ RunTime:-0.037729s ]
INFO: Run ShowRuntime Behavior [ RunTime:-0.038281s ]
INFO: [ view_filter ] --END-- [ RunTime:0.002636s ]
INFO: [ view_end ] --START--
INFO: Run ShowPageTrace Behavior [ RunTime:-0.039098s ]
INFO: [ view_end ] --END-- [ RunTime:0.000865s ]

[ 2014-03-11T18:18:03+08:00 ] 121.14.102.43 /
INFO: [ app_begin ] --START--
INFO: Run ReadHtmlCache Behavior [ RunTime:0.000784s ]
INFO: [ app_begin ] --END-- [ RunTime:0.000881s ]
INFO: [ view_template ] --START--
INFO: Run LocationTemplate Behavior [ RunTime:-0.004492s ]
INFO: [ view_template ] --END-- [ RunTime:0.000916s ]
INFO: [ view_parse ] --START--
NOTIC: [8] Use of undefined constant uid - assumed 'uid' D:\Easy2PHP5 build 2\WebSite\data\logs\Cache\Home\377f56f2e5ecfd9a39dba2c0f96d64d6.php 第 29 行.
NOTIC: [8] Undefined index:  uid D:\Easy2PHP5 build 2\WebSite\data\logs\Cache\Home\377f56f2e5ecfd9a39dba2c0f96d64d6.php 第 29 行.
INFO: Run ParseTemplate Behavior [ RunTime:-0.005464s ]
INFO: [ view_parse ] --END-- [ RunTime:0.020117s ]
INFO: [ view_filter ] --START--
INFO: Run ContentReplace Behavior [ RunTime:-0.025635s ]
INFO: Run TokenBuild Behavior [ RunTime:-0.026285s ]
INFO: Run WriteHtmlCache Behavior [ RunTime:-0.026986s ]
INFO: Run ShowRuntime Behavior [ RunTime:-0.027519s ]
INFO: [ view_filter ] --END-- [ RunTime:0.002624s ]
INFO: [ view_end ] --START--
INFO: Run ShowPageTrace Behavior [ RunTime:-0.028338s ]
INFO: [ view_end ] --END-- [ RunTime:0.000865s ]

[ 2014-03-11T18:18:03+08:00 ] 121.14.102.43 /
INFO: [ app_begin ] --START--
INFO: Run ReadHtmlCache Behavior [ RunTime:0.000558s ]
INFO: [ app_begin ] --END-- [ RunTime:0.000653s ]
INFO: [ view_template ] --START--
INFO: Run LocationTemplate Behavior [ RunTime:-0.003488s ]
INFO: [ view_template ] --END-- [ RunTime:0.000439s ]
INFO: [ view_parse ] --START--
NOTIC: [8] Use of undefined constant uid - assumed 'uid' D:\Easy2PHP5 build 2\WebSite\data\logs\Cache\Home\377f56f2e5ecfd9a39dba2c0f96d64d6.php 第 29 行.
NOTIC: [8] Undefined index:  uid D:\Easy2PHP5 build 2\WebSite\data\logs\Cache\Home\377f56f2e5ecfd9a39dba2c0f96d64d6.php 第 29 行.
INFO: Run ParseTemplate Behavior [ RunTime:-0.003979s ]
INFO: [ view_parse ] --END-- [ RunTime:0.018597s ]
INFO: [ view_filter ] --START--
INFO: Run ContentReplace Behavior [ RunTime:-0.022631s ]
INFO: Run TokenBuild Behavior [ RunTime:-0.023020s ]
INFO: Run WriteHtmlCache Behavior [ RunTime:-0.023503s ]
INFO: Run ShowRuntime Behavior [ RunTime:-0.023765s ]
INFO: [ view_filter ] --END-- [ RunTime:0.001620s ]
INFO: [ view_end ] --START--
INFO: Run ShowPageTrace Behavior [ RunTime:-0.024327s ]
INFO: [ view_end ] --END-- [ RunTime:0.000635s ]

[ 2014-03-11T18:18:04+08:00 ] 121.14.102.43 /
INFO: [ app_begin ] --START--
INFO: Run ReadHtmlCache Behavior [ RunTime:0.000533s ]
INFO: [ app_begin ] --END-- [ RunTime:0.000628s ]
INFO: [ view_template ] --START--
INFO: Run LocationTemplate Behavior [ RunTime:-0.003572s ]
INFO: [ view_template ] --END-- [ RunTime:0.000416s ]
INFO: [ view_parse ] --START--
NOTIC: [8] Use of undefined constant uid - assumed 'uid' D:\Easy2PHP5 build 2\WebSite\data\logs\Cache\Home\377f56f2e5ecfd9a39dba2c0f96d64d6.php 第 29 行.
NOTIC: [8] Undefined index:  uid D:\Easy2PHP5 build 2\WebSite\data\logs\Cache\Home\377f56f2e5ecfd9a39dba2c0f96d64d6.php 第 29 行.
INFO: Run ParseTemplate Behavior [ RunTime:-0.004041s ]
INFO: [ view_parse ] --END-- [ RunTime:0.018253s ]
INFO: [ view_filter ] --START--
INFO: Run ContentReplace Behavior [ RunTime:-0.022352s ]
INFO: Run TokenBuild Behavior [ RunTime:-0.022743s ]
INFO: Run WriteHtmlCache Behavior [ RunTime:-0.023201s ]
INFO: Run ShowRuntime Behavior [ RunTime:-0.023460s ]
INFO: [ view_filter ] --END-- [ RunTime:0.001598s ]
INFO: [ view_end ] --START--
INFO: Run ShowPageTrace Behavior [ RunTime:-0.024029s ]
INFO: [ view_end ] --END-- [ RunTime:0.000606s ]

[ 2014-03-11T18:18:05+08:00 ] 121.14.102.43 /
INFO: [ app_begin ] --START--
INFO: Run ReadHtmlCache Behavior [ RunTime:0.000543s ]
INFO: [ app_begin ] --END-- [ RunTime:0.000640s ]
INFO: [ view_template ] --START--
INFO: Run LocationTemplate Behavior [ RunTime:-0.003502s ]
INFO: [ view_template ] --END-- [ RunTime:0.000417s ]
INFO: [ view_parse ] --START--
NOTIC: [8] Use of undefined constant uid - assumed 'uid' D:\Easy2PHP5 build 2\WebSite\data\logs\Cache\Home\377f56f2e5ecfd9a39dba2c0f96d64d6.php 第 29 行.
NOTIC: [8] Undefined index:  uid D:\Easy2PHP5 build 2\WebSite\data\logs\Cache\Home\377f56f2e5ecfd9a39dba2c0f96d64d6.php 第 29 行.
INFO: Run ParseTemplate Behavior [ RunTime:-0.003973s ]
INFO: [ view_parse ] --END-- [ RunTime:0.018186s ]
INFO: [ view_filter ] --START--
INFO: Run ContentReplace Behavior [ RunTime:-0.022211s ]
INFO: Run TokenBuild Behavior [ RunTime:-0.022599s ]
INFO: Run WriteHtmlCache Behavior [ RunTime:-0.023045s ]
INFO: Run ShowRuntime Behavior [ RunTime:-0.023307s ]
INFO: [ view_filter ] --END-- [ RunTime:0.001584s ]
INFO: [ view_end ] --START--
INFO: Run ShowPageTrace Behavior [ RunTime:-0.023871s ]
INFO: [ view_end ] --END-- [ RunTime:0.000613s ]

[ 2014-03-11T18:18:05+08:00 ] 121.14.102.43 /
INFO: [ app_begin ] --START--
INFO: Run ReadHtmlCache Behavior [ RunTime:0.000526s ]
INFO: [ app_begin ] --END-- [ RunTime:0.000616s ]
INFO: [ view_template ] --START--
INFO: Run LocationTemplate Behavior [ RunTime:-0.003352s ]
INFO: [ view_template ] --END-- [ RunTime:0.000409s ]
INFO: [ view_parse ] --START--
NOTIC: [8] Use of undefined constant uid - assumed 'uid' D:\Easy2PHP5 build 2\WebSite\data\logs\Cache\Home\377f56f2e5ecfd9a39dba2c0f96d64d6.php 第 29 行.
NOTIC: [8] Undefined index:  uid D:\Easy2PHP5 build 2\WebSite\data\logs\Cache\Home\377f56f2e5ecfd9a39dba2c0f96d64d6.php 第 29 行.
INFO: Run ParseTemplate Behavior [ RunTime:-0.003814s ]
INFO: [ view_parse ] --END-- [ RunTime:0.018301s ]
INFO: [ view_filter ] --START--
INFO: Run ContentReplace Behavior [ RunTime:-0.022234s ]
INFO: Run TokenBuild Behavior [ RunTime:-0.022651s ]
INFO: Run WriteHtmlCache Behavior [ RunTime:-0.023097s ]
INFO: Run ShowRuntime Behavior [ RunTime:-0.023353s ]
INFO: [ view_filter ] --END-- [ RunTime:0.001665s ]
INFO: [ view_end ] --START--
INFO: Run ShowPageTrace Behavior [ RunTime:-0.023913s ]
INFO: [ view_end ] --END-- [ RunTime:0.000604s ]

[ 2014-03-11T18:18:06+08:00 ] 121.14.102.43 /
INFO: [ app_begin ] --START--
INFO: Run ReadHtmlCache Behavior [ RunTime:0.000533s ]
INFO: [ app_begin ] --END-- [ RunTime:0.000625s ]
INFO: [ view_template ] --START--
INFO: Run LocationTemplate Behavior [ RunTime:-0.003439s ]
INFO: [ view_template ] --END-- [ RunTime:0.000411s ]
INFO: [ view_parse ] --START--
NOTIC: [8] Use of undefined constant uid - assumed 'uid' D:\Easy2PHP5 build 2\WebSite\data\logs\Cache\Home\377f56f2e5ecfd9a39dba2c0f96d64d6.php 第 29 行.
NOTIC: [8] Undefined index:  uid D:\Easy2PHP5 build 2\WebSite\data\logs\Cache\Home\377f56f2e5ecfd9a39dba2c0f96d64d6.php 第 29 行.
INFO: Run ParseTemplate Behavior [ RunTime:-0.003908s ]
INFO: [ view_parse ] --END-- [ RunTime:0.017971s ]
INFO: [ view_filter ] --START--
INFO: Run ContentReplace Behavior [ RunTime:-0.021932s ]
INFO: Run TokenBuild Behavior [ RunTime:-0.022317s ]
INFO: Run WriteHtmlCache Behavior [ RunTime:-0.022762s ]
INFO: Run ShowRuntime Behavior [ RunTime:-0.023021s ]
INFO: [ view_filter ] --END-- [ RunTime:0.001602s ]
INFO: [ view_end ] --START--
INFO: Run ShowPageTrace Behavior [ RunTime:-0.023640s ]
INFO: [ view_end ] --END-- [ RunTime:0.000632s ]

[ 2014-03-11T18:18:06+08:00 ] 121.14.102.43 /
INFO: [ app_begin ] --START--
INFO: Run ReadHtmlCache Behavior [ RunTime:0.000526s ]
INFO: [ app_begin ] --END-- [ RunTime:0.000615s ]
INFO: [ view_template ] --START--
INFO: Run LocationTemplate Behavior [ RunTime:-0.003480s ]
INFO: [ view_template ] --END-- [ RunTime:0.000410s ]
INFO: [ view_parse ] --START--
NOTIC: [8] Use of undefined constant uid - assumed 'uid' D:\Easy2PHP5 build 2\WebSite\data\logs\Cache\Home\377f56f2e5ecfd9a39dba2c0f96d64d6.php 第 29 行.
NOTIC: [8] Undefined index:  uid D:\Easy2PHP5 build 2\WebSite\data\logs\Cache\Home\377f56f2e5ecfd9a39dba2c0f96d64d6.php 第 29 行.
INFO: Run ParseTemplate Behavior [ RunTime:-0.003942s ]
INFO: [ view_parse ] --END-- [ RunTime:0.018131s ]
INFO: [ view_filter ] --START--
INFO: Run ContentReplace Behavior [ RunTime:-0.022127s ]
INFO: Run TokenBuild Behavior [ RunTime:-0.022522s ]
INFO: Run WriteHtmlCache Behavior [ RunTime:-0.022979s ]
INFO: Run ShowRuntime Behavior [ RunTime:-0.023244s ]
INFO: [ view_filter ] --END-- [ RunTime:0.001615s ]
INFO: [ view_end ] --START--
INFO: Run ShowPageTrace Behavior [ RunTime:-0.023818s ]
INFO: [ view_end ] --END-- [ RunTime:0.000676s ]

[ 2014-03-11T18:18:06+08:00 ] 121.14.102.43 /
INFO: [ app_begin ] --START--
INFO: Run ReadHtmlCache Behavior [ RunTime:0.000539s ]
INFO: [ app_begin ] --END-- [ RunTime:0.000637s ]
INFO: [ view_template ] --START--
INFO: Run LocationTemplate Behavior [ RunTime:-0.003438s ]
INFO: [ view_template ] --END-- [ RunTime:0.000706s ]
INFO: [ view_parse ] --START--
NOTIC: [8] Use of undefined constant uid - assumed 'uid' D:\Easy2PHP5 build 2\WebSite\data\logs\Cache\Home\377f56f2e5ecfd9a39dba2c0f96d64d6.php 第 29 行.
NOTIC: [8] Undefined index:  uid D:\Easy2PHP5 build 2\WebSite\data\logs\Cache\Home\377f56f2e5ecfd9a39dba2c0f96d64d6.php 第 29 行.
INFO: Run ParseTemplate Behavior [ RunTime:-0.004249s ]
INFO: [ view_parse ] --END-- [ RunTime:0.018323s ]
INFO: [ view_filter ] --START--
INFO: Run ContentReplace Behavior [ RunTime:-0.022609s ]
INFO: Run TokenBuild Behavior [ RunTime:-0.022997s ]
INFO: Run WriteHtmlCache Behavior [ RunTime:-0.023442s ]
INFO: Run ShowRuntime Behavior [ RunTime:-0.023701s ]
INFO: [ view_filter ] --END-- [ RunTime:0.001578s ]
INFO: [ view_end ] --START--
INFO: Run ShowPageTrace Behavior [ RunTime:-0.024265s ]
INFO: [ view_end ] --END-- [ RunTime:0.000615s ]

[ 2014-03-11T18:18:06+08:00 ] 121.14.102.43 /
INFO: [ app_begin ] --START--
INFO: Run ReadHtmlCache Behavior [ RunTime:0.000540s ]
INFO: [ app_begin ] --END-- [ RunTime:0.000638s ]
INFO: [ view_template ] --START--
INFO: Run LocationTemplate Behavior [ RunTime:-0.003455s ]
INFO: [ view_template ] --END-- [ RunTime:0.000413s ]
INFO: [ view_parse ] --START--
NOTIC: [8] Use of undefined constant uid - assumed 'uid' D:\Easy2PHP5 build 2\WebSite\data\logs\Cache\Home\377f56f2e5ecfd9a39dba2c0f96d64d6.php 第 29 行.
NOTIC: [8] Undefined index:  uid D:\Easy2PHP5 build 2\WebSite\data\logs\Cache\Home\377f56f2e5ecfd9a39dba2c0f96d64d6.php 第 29 行.
INFO: Run ParseTemplate Behavior [ RunTime:-0.003922s ]
INFO: [ view_parse ] --END-- [ RunTime:0.018121s ]
INFO: [ view_filter ] --START--
INFO: Run ContentReplace Behavior [ RunTime:-0.022096s ]
INFO: Run TokenBuild Behavior [ RunTime:-0.022482s ]
INFO: Run WriteHtmlCache Behavior [ RunTime:-0.022929s ]
INFO: Run ShowRuntime Behavior [ RunTime:-0.023187s ]
INFO: [ view_filter ] --END-- [ RunTime:0.001576s ]
INFO: [ view_end ] --START--
INFO: Run ShowPageTrace Behavior [ RunTime:-0.023748s ]
INFO: [ view_end ] --END-- [ RunTime:0.000608s ]

[ 2014-03-11T18:18:07+08:00 ] 121.14.102.43 /
INFO: [ app_begin ] --START--
INFO: Run ReadHtmlCache Behavior [ RunTime:0.000538s ]
INFO: [ app_begin ] --END-- [ RunTime:0.000635s ]
INFO: [ view_template ] --START--
INFO: Run LocationTemplate Behavior [ RunTime:-0.003479s ]
INFO: [ view_template ] --END-- [ RunTime:0.000415s ]
INFO: [ view_parse ] --START--
NOTIC: [8] Use of undefined constant uid - assumed 'uid' D:\Easy2PHP5 build 2\WebSite\data\logs\Cache\Home\377f56f2e5ecfd9a39dba2c0f96d64d6.php 第 29 行.
NOTIC: [8] Undefined index:  uid D:\Easy2PHP5 build 2\WebSite\data\logs\Cache\Home\377f56f2e5ecfd9a39dba2c0f96d64d6.php 第 29 行.
INFO: Run ParseTemplate Behavior [ RunTime:-0.003947s ]
INFO: [ view_parse ] --END-- [ RunTime:0.018107s ]
INFO: [ view_filter ] --START--
INFO: Run ContentReplace Behavior [ RunTime:-0.022107s ]
INFO: Run TokenBuild Behavior [ RunTime:-0.022529s ]
INFO: Run WriteHtmlCache Behavior [ RunTime:-0.022985s ]
INFO: Run ShowRuntime Behavior [ RunTime:-0.023247s ]
INFO: [ view_filter ] --END-- [ RunTime:0.001627s ]
INFO: [ view_end ] --START--
INFO: Run ShowPageTrace Behavior [ RunTime:-0.023810s ]
INFO: [ view_end ] --END-- [ RunTime:0.000610s ]

[ 2014-03-11T18:18:07+08:00 ] 121.14.102.43 /
INFO: [ app_begin ] --START--
INFO: Run ReadHtmlCache Behavior [ RunTime:0.000531s ]
INFO: [ app_begin ] --END-- [ RunTime:0.000624s ]
INFO: [ view_template ] --START--
INFO: Run LocationTemplate Behavior [ RunTime:-0.003510s ]
INFO: [ view_template ] --END-- [ RunTime:0.000415s ]
INFO: [ view_parse ] --START--
NOTIC: [8] Use of undefined constant uid - assumed 'uid' D:\Easy2PHP5 build 2\WebSite\data\logs\Cache\Home\377f56f2e5ecfd9a39dba2c0f96d64d6.php 第 29 行.
NOTIC: [8] Undefined index:  uid D:\Easy2PHP5 build 2\WebSite\data\logs\Cache\Home\377f56f2e5ecfd9a39dba2c0f96d64d6.php 第 29 行.
INFO: Run ParseTemplate Behavior [ RunTime:-0.003978s ]
INFO: [ view_parse ] --END-- [ RunTime:0.018114s ]
INFO: [ view_filter ] --START--
INFO: Run ContentReplace Behavior [ RunTime:-0.022145s ]
INFO: Run TokenBuild Behavior [ RunTime:-0.022541s ]
INFO: Run WriteHtmlCache Behavior [ RunTime:-0.022989s ]
INFO: Run ShowRuntime Behavior [ RunTime:-0.023277s ]
INFO: [ view_filter ] --END-- [ RunTime:0.001621s ]
INFO: [ view_end ] --START--
INFO: Run ShowPageTrace Behavior [ RunTime:-0.023843s ]
INFO: [ view_end ] --END-- [ RunTime:0.000609s ]

[ 2014-03-11T18:18:10+08:00 ] 121.14.102.43 /
INFO: [ app_begin ] --START--
INFO: Run ReadHtmlCache Behavior [ RunTime:0.000785s ]
INFO: [ app_begin ] --END-- [ RunTime:0.000883s ]
INFO: [ view_template ] --START--
INFO: Run LocationTemplate Behavior [ RunTime:-0.005147s ]
INFO: [ view_template ] --END-- [ RunTime:0.000914s ]
INFO: [ view_parse ] --START--
NOTIC: [8] Use of undefined constant uid - assumed 'uid' D:\Easy2PHP5 build 2\WebSite\data\logs\Cache\Home\377f56f2e5ecfd9a39dba2c0f96d64d6.php 第 29 行.
NOTIC: [8] Undefined index:  uid D:\Easy2PHP5 build 2\WebSite\data\logs\Cache\Home\377f56f2e5ecfd9a39dba2c0f96d64d6.php 第 29 行.
INFO: Run ParseTemplate Behavior [ RunTime:-0.006118s ]
INFO: [ view_parse ] --END-- [ RunTime:0.025863s ]
INFO: [ view_filter ] --START--
INFO: Run ContentReplace Behavior [ RunTime:-0.032035s ]
INFO: Run TokenBuild Behavior [ RunTime:-0.032713s ]
INFO: Run WriteHtmlCache Behavior [ RunTime:-0.033528s ]
INFO: Run ShowRuntime Behavior [ RunTime:-0.034079s ]
INFO: [ view_filter ] --END-- [ RunTime:0.002792s ]
INFO: [ view_end ] --START--
INFO: Run ShowPageTrace Behavior [ RunTime:-0.034904s ]
INFO: [ view_end ] --END-- [ RunTime:0.000898s ]

[ 2014-03-11T18:18:10+08:00 ] 121.14.102.43 /
INFO: [ app_begin ] --START--
INFO: Run ReadHtmlCache Behavior [ RunTime:0.000524s ]
INFO: [ app_begin ] --END-- [ RunTime:0.000615s ]
INFO: [ view_template ] --START--
INFO: Run LocationTemplate Behavior [ RunTime:-0.003509s ]
INFO: [ view_template ] --END-- [ RunTime:0.000440s ]
INFO: [ view_parse ] --START--
NOTIC: [8] Use of undefined constant uid - assumed 'uid' D:\Easy2PHP5 build 2\WebSite\data\logs\Cache\Home\377f56f2e5ecfd9a39dba2c0f96d64d6.php 第 29 行.
NOTIC: [8] Undefined index:  uid D:\Easy2PHP5 build 2\WebSite\data\logs\Cache\Home\377f56f2e5ecfd9a39dba2c0f96d64d6.php 第 29 行.
INFO: Run ParseTemplate Behavior [ RunTime:-0.004003s ]
INFO: [ view_parse ] --END-- [ RunTime:0.018562s ]
INFO: [ view_filter ] --START--
INFO: Run ContentReplace Behavior [ RunTime:-0.022620s ]
INFO: Run TokenBuild Behavior [ RunTime:-0.023006s ]
INFO: Run WriteHtmlCache Behavior [ RunTime:-0.023447s ]
INFO: Run ShowRuntime Behavior [ RunTime:-0.023701s ]
INFO: [ view_filter ] --END-- [ RunTime:0.001595s ]
INFO: [ view_end ] --START--
INFO: Run ShowPageTrace Behavior [ RunTime:-0.024297s ]
INFO: [ view_end ] --END-- [ RunTime:0.000725s ]

[ 2014-03-11T18:18:10+08:00 ] 121.14.102.43 /
INFO: [ app_begin ] --START--
INFO: Run ReadHtmlCache Behavior [ RunTime:0.000531s ]
INFO: [ app_begin ] --END-- [ RunTime:0.000627s ]
INFO: [ view_template ] --START--
INFO: Run LocationTemplate Behavior [ RunTime:-0.003713s ]
INFO: [ view_template ] --END-- [ RunTime:0.000603s ]
INFO: [ view_parse ] --START--
NOTIC: [8] Use of undefined constant uid - assumed 'uid' D:\Easy2PHP5 build 2\WebSite\data\logs\Cache\Home\377f56f2e5ecfd9a39dba2c0f96d64d6.php 第 29 行.
NOTIC: [8] Undefined index:  uid D:\Easy2PHP5 build 2\WebSite\data\logs\Cache\Home\377f56f2e5ecfd9a39dba2c0f96d64d6.php 第 29 行.
INFO: Run ParseTemplate Behavior [ RunTime:-0.004425s ]
INFO: [ view_parse ] --END-- [ RunTime:0.019228s ]
INFO: [ view_filter ] --START--
INFO: Run ContentReplace Behavior [ RunTime:-0.023685s ]
INFO: Run TokenBuild Behavior [ RunTime:-0.024077s ]
INFO: Run WriteHtmlCache Behavior [ RunTime:-0.024529s ]
INFO: Run ShowRuntime Behavior [ RunTime:-0.024787s ]
INFO: [ view_filter ] --END-- [ RunTime:0.001583s ]
INFO: [ view_end ] --START--
INFO: Run ShowPageTrace Behavior [ RunTime:-0.025346s ]
INFO: [ view_end ] --END-- [ RunTime:0.000605s ]

[ 2014-03-11T18:18:12+08:00 ] 121.14.102.43 /
INFO: [ app_begin ] --START--
INFO: Run ReadHtmlCache Behavior [ RunTime:0.000532s ]
INFO: [ app_begin ] --END-- [ RunTime:0.000628s ]
INFO: [ view_template ] --START--
INFO: Run LocationTemplate Behavior [ RunTime:-0.003546s ]
INFO: [ view_template ] --END-- [ RunTime:0.000415s ]
INFO: [ view_parse ] --START--
NOTIC: [8] Use of undefined constant uid - assumed 'uid' D:\Easy2PHP5 build 2\WebSite\data\logs\Cache\Home\377f56f2e5ecfd9a39dba2c0f96d64d6.php 第 29 行.
NOTIC: [8] Undefined index:  uid D:\Easy2PHP5 build 2\WebSite\data\logs\Cache\Home\377f56f2e5ecfd9a39dba2c0f96d64d6.php 第 29 行.
INFO: Run ParseTemplate Behavior [ RunTime:-0.004014s ]
INFO: [ view_parse ] --END-- [ RunTime:0.017788s ]
INFO: [ view_filter ] --START--
INFO: Run ContentReplace Behavior [ RunTime:-0.021856s ]
INFO: Run TokenBuild Behavior [ RunTime:-0.022242s ]
INFO: Run WriteHtmlCache Behavior [ RunTime:-0.022686s ]
INFO: Run ShowRuntime Behavior [ RunTime:-0.022944s ]
INFO: [ view_filter ] --END-- [ RunTime:0.001571s ]
INFO: [ view_end ] --START--
INFO: Run ShowPageTrace Behavior [ RunTime:-0.023503s ]
INFO: [ view_end ] --END-- [ RunTime:0.000608s ]

[ 2014-03-11T18:18:13+08:00 ] 121.14.102.43 /
INFO: [ app_begin ] --START--
INFO: Run ReadHtmlCache Behavior [ RunTime:0.000524s ]
INFO: [ app_begin ] --END-- [ RunTime:0.000623s ]
INFO: [ view_template ] --START--
INFO: Run LocationTemplate Behavior [ RunTime:-0.003421s ]
INFO: [ view_template ] --END-- [ RunTime:0.000408s ]
INFO: [ view_parse ] --START--
NOTIC: [8] Use of undefined constant uid - assumed 'uid' D:\Easy2PHP5 build 2\WebSite\data\logs\Cache\Home\377f56f2e5ecfd9a39dba2c0f96d64d6.php 第 29 行.
NOTIC: [8] Undefined index:  uid D:\Easy2PHP5 build 2\WebSite\data\logs\Cache\Home\377f56f2e5ecfd9a39dba2c0f96d64d6.php 第 29 行.
INFO: Run ParseTemplate Behavior [ RunTime:-0.003881s ]
INFO: [ view_parse ] --END-- [ RunTime:0.017815s ]
INFO: [ view_filter ] --START--
INFO: Run ContentReplace Behavior [ RunTime:-0.021749s ]
INFO: Run TokenBuild Behavior [ RunTime:-0.022131s ]
INFO: Run WriteHtmlCache Behavior [ RunTime:-0.022570s ]
INFO: Run ShowRuntime Behavior [ RunTime:-0.022831s ]
INFO: [ view_filter ] --END-- [ RunTime:0.001563s ]
INFO: [ view_end ] --START--
INFO: Run ShowPageTrace Behavior [ RunTime:-0.023388s ]
INFO: [ view_end ] --END-- [ RunTime:0.000604s ]

[ 2014-03-11T18:18:13+08:00 ] 121.14.102.43 /
INFO: [ app_begin ] --START--
INFO: Run ReadHtmlCache Behavior [ RunTime:0.000521s ]
INFO: [ app_begin ] --END-- [ RunTime:0.000615s ]
INFO: [ view_template ] --START--
INFO: Run LocationTemplate Behavior [ RunTime:-0.003400s ]
INFO: [ view_template ] --END-- [ RunTime:0.000455s ]
INFO: [ view_parse ] --START--
NOTIC: [8] Use of undefined constant uid - assumed 'uid' D:\Easy2PHP5 build 2\WebSite\data\logs\Cache\Home\377f56f2e5ecfd9a39dba2c0f96d64d6.php 第 29 行.
NOTIC: [8] Undefined index:  uid D:\Easy2PHP5 build 2\WebSite\data\logs\Cache\Home\377f56f2e5ecfd9a39dba2c0f96d64d6.php 第 29 行.
INFO: Run ParseTemplate Behavior [ RunTime:-0.003909s ]
INFO: [ view_parse ] --END-- [ RunTime:0.017747s ]
INFO: [ view_filter ] --START--
INFO: Run ContentReplace Behavior [ RunTime:-0.021708s ]
INFO: Run TokenBuild Behavior [ RunTime:-0.022094s ]
INFO: Run WriteHtmlCache Behavior [ RunTime:-0.022536s ]
INFO: Run ShowRuntime Behavior [ RunTime:-0.022791s ]
INFO: [ view_filter ] --END-- [ RunTime:0.001563s ]
INFO: [ view_end ] --START--
INFO: Run ShowPageTrace Behavior [ RunTime:-0.023347s ]
INFO: [ view_end ] --END-- [ RunTime:0.000604s ]

[ 2014-03-11T18:18:13+08:00 ] 121.14.102.43 /
INFO: [ app_begin ] --START--
INFO: Run ReadHtmlCache Behavior [ RunTime:0.000546s ]
INFO: [ app_begin ] --END-- [ RunTime:0.000681s ]
INFO: [ view_template ] --START--
INFO: Run LocationTemplate Behavior [ RunTime:-0.003501s ]
INFO: [ view_template ] --END-- [ RunTime:0.000413s ]
INFO: [ view_parse ] --START--
NOTIC: [8] Use of undefined constant uid - assumed 'uid' D:\Easy2PHP5 build 2\WebSite\data\logs\Cache\Home\377f56f2e5ecfd9a39dba2c0f96d64d6.php 第 29 行.
NOTIC: [8] Undefined index:  uid D:\Easy2PHP5 build 2\WebSite\data\logs\Cache\Home\377f56f2e5ecfd9a39dba2c0f96d64d6.php 第 29 行.
INFO: Run ParseTemplate Behavior [ RunTime:-0.003968s ]
INFO: [ view_parse ] --END-- [ RunTime:0.017756s ]
INFO: [ view_filter ] --START--
INFO: Run ContentReplace Behavior [ RunTime:-0.021778s ]
INFO: Run TokenBuild Behavior [ RunTime:-0.022164s ]
INFO: Run WriteHtmlCache Behavior [ RunTime:-0.022665s ]
INFO: Run ShowRuntime Behavior [ RunTime:-0.022921s ]
INFO: [ view_filter ] --END-- [ RunTime:0.001631s ]
INFO: [ view_end ] --START--
INFO: Run ShowPageTrace Behavior [ RunTime:-0.023485s ]
INFO: [ view_end ] --END-- [ RunTime:0.000604s ]

[ 2014-03-11T18:18:13+08:00 ] 121.14.102.43 /
INFO: [ app_begin ] --START--
INFO: Run ReadHtmlCache Behavior [ RunTime:0.000525s ]
INFO: [ app_begin ] --END-- [ RunTime:0.000613s ]
INFO: [ view_template ] --START--
INFO: Run LocationTemplate Behavior [ RunTime:-0.003370s ]
INFO: [ view_template ] --END-- [ RunTime:0.000409s ]
INFO: [ view_parse ] --START--
NOTIC: [8] Use of undefined constant uid - assumed 'uid' D:\Easy2PHP5 build 2\WebSite\data\logs\Cache\Home\377f56f2e5ecfd9a39dba2c0f96d64d6.php 第 29 行.
NOTIC: [8] Undefined index:  uid D:\Easy2PHP5 build 2\WebSite\data\logs\Cache\Home\377f56f2e5ecfd9a39dba2c0f96d64d6.php 第 29 行.
INFO: Run ParseTemplate Behavior [ RunTime:-0.003833s ]
INFO: [ view_parse ] --END-- [ RunTime:0.017824s ]
INFO: [ view_filter ] --START--
INFO: Run ContentReplace Behavior [ RunTime:-0.021710s ]
INFO: Run TokenBuild Behavior [ RunTime:-0.022092s ]
INFO: Run WriteHtmlCache Behavior [ RunTime:-0.022531s ]
INFO: Run ShowRuntime Behavior [ RunTime:-0.022785s ]
INFO: [ view_filter ] --END-- [ RunTime:0.001554s ]
INFO: [ view_end ] --START--
INFO: Run ShowPageTrace Behavior [ RunTime:-0.023340s ]
INFO: [ view_end ] --END-- [ RunTime:0.000605s ]

[ 2014-03-11T18:18:13+08:00 ] 121.14.102.43 /
INFO: [ app_begin ] --START--
INFO: Run ReadHtmlCache Behavior [ RunTime:0.000559s ]
INFO: [ app_begin ] --END-- [ RunTime:0.000648s ]
INFO: [ view_template ] --START--
INFO: Run LocationTemplate Behavior [ RunTime:-0.003388s ]
INFO: [ view_template ] --END-- [ RunTime:0.000416s ]
INFO: [ view_parse ] --START--
NOTIC: [8] Use of undefined constant uid - assumed 'uid' D:\Easy2PHP5 build 2\WebSite\data\logs\Cache\Home\377f56f2e5ecfd9a39dba2c0f96d64d6.php 第 29 行.
NOTIC: [8] Undefined index:  uid D:\Easy2PHP5 build 2\WebSite\data\logs\Cache\Home\377f56f2e5ecfd9a39dba2c0f96d64d6.php 第 29 行.
INFO: Run ParseTemplate Behavior [ RunTime:-0.003856s ]
INFO: [ view_parse ] --END-- [ RunTime:0.017741s ]
INFO: [ view_filter ] --START--
INFO: Run ContentReplace Behavior [ RunTime:-0.021650s ]
INFO: Run TokenBuild Behavior [ RunTime:-0.022033s ]
INFO: Run WriteHtmlCache Behavior [ RunTime:-0.022472s ]
INFO: Run ShowRuntime Behavior [ RunTime:-0.022725s ]
INFO: [ view_filter ] --END-- [ RunTime:0.001553s ]
INFO: [ view_end ] --START--
INFO: Run ShowPageTrace Behavior [ RunTime:-0.023280s ]
INFO: [ view_end ] --END-- [ RunTime:0.000609s ]

[ 2014-03-11T18:18:14+08:00 ] 121.14.102.43 /
INFO: [ app_begin ] --START--
INFO: Run ReadHtmlCache Behavior [ RunTime:0.000532s ]
INFO: [ app_begin ] --END-- [ RunTime:0.000627s ]
INFO: [ view_template ] --START--
INFO: Run LocationTemplate Behavior [ RunTime:-0.003564s ]
INFO: [ view_template ] --END-- [ RunTime:0.000417s ]
INFO: [ view_parse ] --START--
NOTIC: [8] Use of undefined constant uid - assumed 'uid' D:\Easy2PHP5 build 2\WebSite\data\logs\Cache\Home\377f56f2e5ecfd9a39dba2c0f96d64d6.php 第 29 行.
NOTIC: [8] Undefined index:  uid D:\Easy2PHP5 build 2\WebSite\data\logs\Cache\Home\377f56f2e5ecfd9a39dba2c0f96d64d6.php 第 29 行.
INFO: Run ParseTemplate Behavior [ RunTime:-0.004034s ]
INFO: [ view_parse ] --END-- [ RunTime:0.017792s ]
INFO: [ view_filter ] --START--
INFO: Run ContentReplace Behavior [ RunTime:-0.021879s ]
INFO: Run TokenBuild Behavior [ RunTime:-0.022267s ]
INFO: Run WriteHtmlCache Behavior [ RunTime:-0.022714s ]
INFO: Run ShowRuntime Behavior [ RunTime:-0.022973s ]
INFO: [ view_filter ] --END-- [ RunTime:0.001825s ]
INFO: [ view_end ] --START--
INFO: Run ShowPageTrace Behavior [ RunTime:-0.023781s ]
INFO: [ view_end ] --END-- [ RunTime:0.000610s ]

[ 2014-03-11T18:18:14+08:00 ] 121.14.102.43 /
INFO: [ app_begin ] --START--
INFO: Run ReadHtmlCache Behavior [ RunTime:0.000521s ]
INFO: [ app_begin ] --END-- [ RunTime:0.000610s ]
INFO: [ view_template ] --START--
INFO: Run LocationTemplate Behavior [ RunTime:-0.003342s ]
INFO: [ view_template ] --END-- [ RunTime:0.000408s ]
INFO: [ view_parse ] --START--
NOTIC: [8] Use of undefined constant uid - assumed 'uid' D:\Easy2PHP5 build 2\WebSite\data\logs\Cache\Home\377f56f2e5ecfd9a39dba2c0f96d64d6.php 第 29 行.
NOTIC: [8] Undefined index:  uid D:\Easy2PHP5 build 2\WebSite\data\logs\Cache\Home\377f56f2e5ecfd9a39dba2c0f96d64d6.php 第 29 行.
INFO: Run ParseTemplate Behavior [ RunTime:-0.003804s ]
INFO: [ view_parse ] --END-- [ RunTime:0.017731s ]
INFO: [ view_filter ] --START--
INFO: Run ContentReplace Behavior [ RunTime:-0.021588s ]
INFO: Run TokenBuild Behavior [ RunTime:-0.021970s ]
INFO: Run WriteHtmlCache Behavior [ RunTime:-0.022407s ]
INFO: Run ShowRuntime Behavior [ RunTime:-0.022661s ]
INFO: [ view_filter ] --END-- [ RunTime:0.001553s ]
INFO: [ view_end ] --START--
INFO: Run ShowPageTrace Behavior [ RunTime:-0.023215s ]
INFO: [ view_end ] --END-- [ RunTime:0.000600s ]

[ 2014-03-11T18:18:14+08:00 ] 121.14.102.43 /
INFO: [ app_begin ] --START--
INFO: Run ReadHtmlCache Behavior [ RunTime:0.000525s ]
INFO: [ app_begin ] --END-- [ RunTime:0.000614s ]
INFO: [ view_template ] --START--
INFO: Run LocationTemplate Behavior [ RunTime:-0.003518s ]
INFO: [ view_template ] --END-- [ RunTime:0.000408s ]
INFO: [ view_parse ] --START--
NOTIC: [8] Use of undefined constant uid - assumed 'uid' D:\Easy2PHP5 build 2\WebSite\data\logs\Cache\Home\377f56f2e5ecfd9a39dba2c0f96d64d6.php 第 29 行.
NOTIC: [8] Undefined index:  uid D:\Easy2PHP5 build 2\WebSite\data\logs\Cache\Home\377f56f2e5ecfd9a39dba2c0f96d64d6.php 第 29 行.
INFO: Run ParseTemplate Behavior [ RunTime:-0.004006s ]
INFO: [ view_parse ] --END-- [ RunTime:0.017769s ]
INFO: [ view_filter ] --START--
INFO: Run ContentReplace Behavior [ RunTime:-0.021803s ]
INFO: Run TokenBuild Behavior [ RunTime:-0.022188s ]
INFO: Run WriteHtmlCache Behavior [ RunTime:-0.022628s ]
INFO: Run ShowRuntime Behavior [ RunTime:-0.022881s ]
INFO: [ view_filter ] --END-- [ RunTime:0.001555s ]
INFO: [ view_end ] --START--
INFO: Run ShowPageTrace Behavior [ RunTime:-0.023435s ]
INFO: [ view_end ] --END-- [ RunTime:0.000604s ]

[ 2014-03-11T18:18:14+08:00 ] 121.14.102.43 /
INFO: [ app_begin ] --START--
INFO: Run ReadHtmlCache Behavior [ RunTime:0.000527s ]
INFO: [ app_begin ] --END-- [ RunTime:0.000623s ]
INFO: [ view_template ] --START--
INFO: Run LocationTemplate Behavior [ RunTime:-0.003451s ]
INFO: [ view_template ] --END-- [ RunTime:0.000413s ]
INFO: [ view_parse ] --START--
NOTIC: [8] Use of undefined constant uid - assumed 'uid' D:\Easy2PHP5 build 2\WebSite\data\logs\Cache\Home\377f56f2e5ecfd9a39dba2c0f96d64d6.php 第 29 行.
NOTIC: [8] Undefined index:  uid D:\Easy2PHP5 build 2\WebSite\data\logs\Cache\Home\377f56f2e5ecfd9a39dba2c0f96d64d6.php 第 29 行.
INFO: Run ParseTemplate Behavior [ RunTime:-0.003917s ]
INFO: [ view_parse ] --END-- [ RunTime:0.017785s ]
INFO: [ view_filter ] --START--
INFO: Run ContentReplace Behavior [ RunTime:-0.021754s ]
INFO: Run TokenBuild Behavior [ RunTime:-0.022136s ]
INFO: Run WriteHtmlCache Behavior [ RunTime:-0.022579s ]
INFO: Run ShowRuntime Behavior [ RunTime:-0.022834s ]
INFO: [ view_filter ] --END-- [ RunTime:0.001560s ]
INFO: [ view_end ] --START--
INFO: Run ShowPageTrace Behavior [ RunTime:-0.023389s ]
INFO: [ view_end ] --END-- [ RunTime:0.000602s ]

[ 2014-03-11T18:18:16+08:00 ] 121.14.102.43 /
INFO: [ app_begin ] --START--
INFO: Run ReadHtmlCache Behavior [ RunTime:0.000530s ]
INFO: [ app_begin ] --END-- [ RunTime:0.000626s ]
INFO: [ view_template ] --START--
INFO: Run LocationTemplate Behavior [ RunTime:-0.003500s ]
INFO: [ view_template ] --END-- [ RunTime:0.000417s ]
INFO: [ view_parse ] --START--
NOTIC: [8] Use of undefined constant uid - assumed 'uid' D:\Easy2PHP5 build 2\WebSite\data\logs\Cache\Home\377f56f2e5ecfd9a39dba2c0f96d64d6.php 第 29 行.
NOTIC: [8] Undefined index:  uid D:\Easy2PHP5 build 2\WebSite\data\logs\Cache\Home\377f56f2e5ecfd9a39dba2c0f96d64d6.php 第 29 行.
INFO: Run ParseTemplate Behavior [ RunTime:-0.003971s ]
INFO: [ view_parse ] --END-- [ RunTime:0.018083s ]
INFO: [ view_filter ] --START--
INFO: Run ContentReplace Behavior [ RunTime:-0.022110s ]
INFO: Run TokenBuild Behavior [ RunTime:-0.022501s ]
INFO: Run WriteHtmlCache Behavior [ RunTime:-0.022944s ]
INFO: Run ShowRuntime Behavior [ RunTime:-0.023204s ]
INFO: [ view_filter ] --END-- [ RunTime:0.001582s ]
INFO: [ view_end ] --START--
INFO: Run ShowPageTrace Behavior [ RunTime:-0.023764s ]
INFO: [ view_end ] --END-- [ RunTime:0.000611s ]

[ 2014-03-11T18:18:21+08:00 ] 121.14.102.43 /
INFO: [ app_begin ] --START--
INFO: Run ReadHtmlCache Behavior [ RunTime:0.000795s ]
INFO: [ app_begin ] --END-- [ RunTime:0.000897s ]
INFO: [ view_template ] --START--
INFO: Run LocationTemplate Behavior [ RunTime:-0.005295s ]
INFO: [ view_template ] --END-- [ RunTime:0.000911s ]
INFO: [ view_parse ] --START--
NOTIC: [8] Use of undefined constant uid - assumed 'uid' D:\Easy2PHP5 build 2\WebSite\data\logs\Cache\Home\377f56f2e5ecfd9a39dba2c0f96d64d6.php 第 29 行.
NOTIC: [8] Undefined index:  uid D:\Easy2PHP5 build 2\WebSite\data\logs\Cache\Home\377f56f2e5ecfd9a39dba2c0f96d64d6.php 第 29 行.
INFO: Run ParseTemplate Behavior [ RunTime:-0.006264s ]
INFO: [ view_parse ] --END-- [ RunTime:0.026166s ]
INFO: [ view_filter ] --START--
INFO: Run ContentReplace Behavior [ RunTime:-0.032486s ]
INFO: Run TokenBuild Behavior [ RunTime:-0.033156s ]
INFO: Run WriteHtmlCache Behavior [ RunTime:-0.033975s ]
INFO: Run ShowRuntime Behavior [ RunTime:-0.034510s ]
INFO: [ view_filter ] --END-- [ RunTime:0.002811s ]
INFO: [ view_end ] --START--
INFO: Run ShowPageTrace Behavior [ RunTime:-0.035377s ]
INFO: [ view_end ] --END-- [ RunTime:0.000900s ]

[ 2014-03-11T18:18:21+08:00 ] 121.14.102.43 /
INFO: [ app_begin ] --START--
INFO: Run ReadHtmlCache Behavior [ RunTime:0.000528s ]
INFO: [ app_begin ] --END-- [ RunTime:0.000623s ]
INFO: [ view_template ] --START--
INFO: Run LocationTemplate Behavior [ RunTime:-0.003650s ]
INFO: [ view_template ] --END-- [ RunTime:0.000423s ]
INFO: [ view_parse ] --START--
NOTIC: [8] Use of undefined constant uid - assumed 'uid' D:\Easy2PHP5 build 2\WebSite\data\logs\Cache\Home\377f56f2e5ecfd9a39dba2c0f96d64d6.php 第 29 行.
NOTIC: [8] Undefined index:  uid D:\Easy2PHP5 build 2\WebSite\data\logs\Cache\Home\377f56f2e5ecfd9a39dba2c0f96d64d6.php 第 29 行.
INFO: Run ParseTemplate Behavior [ RunTime:-0.004125s ]
INFO: [ view_parse ] --END-- [ RunTime:0.018386s ]
INFO: [ view_filter ] --START--
INFO: Run ContentReplace Behavior [ RunTime:-0.022585s ]
INFO: Run TokenBuild Behavior [ RunTime:-0.023032s ]
INFO: Run WriteHtmlCache Behavior [ RunTime:-0.023515s ]
INFO: Run ShowRuntime Behavior [ RunTime:-0.023773s ]
INFO: [ view_filter ] --END-- [ RunTime:0.001697s ]
INFO: [ view_end ] --START--
INFO: Run ShowPageTrace Behavior [ RunTime:-0.024353s ]
INFO: [ view_end ] --END-- [ RunTime:0.000613s ]

[ 2014-03-11T18:18:22+08:00 ] 121.14.102.43 /
INFO: [ app_begin ] --START--
INFO: Run ReadHtmlCache Behavior [ RunTime:0.000522s ]
INFO: [ app_begin ] --END-- [ RunTime:0.000613s ]
INFO: [ view_template ] --START--
INFO: Run LocationTemplate Behavior [ RunTime:-0.003442s ]
INFO: [ view_template ] --END-- [ RunTime:0.000409s ]
INFO: [ view_parse ] --START--
NOTIC: [8] Use of undefined constant uid - assumed 'uid' D:\Easy2PHP5 build 2\WebSite\data\logs\Cache\Home\377f56f2e5ecfd9a39dba2c0f96d64d6.php 第 29 行.
NOTIC: [8] Undefined index:  uid D:\Easy2PHP5 build 2\WebSite\data\logs\Cache\Home\377f56f2e5ecfd9a39dba2c0f96d64d6.php 第 29 行.
INFO: Run ParseTemplate Behavior [ RunTime:-0.003903s ]
INFO: [ view_parse ] --END-- [ RunTime:0.017721s ]
INFO: [ view_filter ] --START--
INFO: Run ContentReplace Behavior [ RunTime:-0.021678s ]
INFO: Run TokenBuild Behavior [ RunTime:-0.022090s ]
INFO: Run WriteHtmlCache Behavior [ RunTime:-0.022530s ]
INFO: Run ShowRuntime Behavior [ RunTime:-0.022785s ]
INFO: [ view_filter ] --END-- [ RunTime:0.001585s ]
INFO: [ view_end ] --START--
INFO: Run ShowPageTrace Behavior [ RunTime:-0.023339s ]
INFO: [ view_end ] --END-- [ RunTime:0.000602s ]

[ 2014-03-11T18:18:22+08:00 ] 121.14.102.43 /
INFO: [ app_begin ] --START--
INFO: Run ReadHtmlCache Behavior [ RunTime:0.000566s ]
INFO: [ app_begin ] --END-- [ RunTime:0.000675s ]
INFO: [ view_template ] --START--
INFO: Run LocationTemplate Behavior [ RunTime:-0.003664s ]
INFO: [ view_template ] --END-- [ RunTime:0.000422s ]
INFO: [ view_parse ] --START--
NOTIC: [8] Use of undefined constant uid - assumed 'uid' D:\Easy2PHP5 build 2\WebSite\data\logs\Cache\Home\377f56f2e5ecfd9a39dba2c0f96d64d6.php 第 29 行.
NOTIC: [8] Undefined index:  uid D:\Easy2PHP5 build 2\WebSite\data\logs\Cache\Home\377f56f2e5ecfd9a39dba2c0f96d64d6.php 第 29 行.
INFO: Run ParseTemplate Behavior [ RunTime:-0.004140s ]
INFO: [ view_parse ] --END-- [ RunTime:0.018516s ]
INFO: [ view_filter ] --START--
INFO: Run ContentReplace Behavior [ RunTime:-0.022712s ]
INFO: Run TokenBuild Behavior [ RunTime:-0.023116s ]
INFO: Run WriteHtmlCache Behavior [ RunTime:-0.023586s ]
INFO: Run ShowRuntime Behavior [ RunTime:-0.023849s ]
INFO: [ view_filter ] --END-- [ RunTime:0.001630s ]
INFO: [ view_end ] --START--
INFO: Run ShowPageTrace Behavior [ RunTime:-0.024424s ]
INFO: [ view_end ] --END-- [ RunTime:0.000662s ]

[ 2014-03-11T18:18:22+08:00 ] 121.14.102.43 /
INFO: [ app_begin ] --START--
INFO: Run ReadHtmlCache Behavior [ RunTime:0.000581s ]
INFO: [ app_begin ] --END-- [ RunTime:0.000679s ]
INFO: [ view_template ] --START--
INFO: Run LocationTemplate Behavior [ RunTime:-0.003470s ]
INFO: [ view_template ] --END-- [ RunTime:0.000425s ]
INFO: [ view_parse ] --START--
NOTIC: [8] Use of undefined constant uid - assumed 'uid' D:\Easy2PHP5 build 2\WebSite\data\logs\Cache\Home\377f56f2e5ecfd9a39dba2c0f96d64d6.php 第 29 行.
NOTIC: [8] Undefined index:  uid D:\Easy2PHP5 build 2\WebSite\data\logs\Cache\Home\377f56f2e5ecfd9a39dba2c0f96d64d6.php 第 29 行.
INFO: Run ParseTemplate Behavior [ RunTime:-0.003948s ]
INFO: [ view_parse ] --END-- [ RunTime:0.017825s ]
INFO: [ view_filter ] --START--
INFO: Run ContentReplace Behavior [ RunTime:-0.021827s ]
INFO: Run TokenBuild Behavior [ RunTime:-0.022216s ]
INFO: Run WriteHtmlCache Behavior [ RunTime:-0.022659s ]
INFO: Run ShowRuntime Behavior [ RunTime:-0.022915s ]
INFO: [ view_filter ] --END-- [ RunTime:0.001577s ]
INFO: [ view_end ] --START--
INFO: Run ShowPageTrace Behavior [ RunTime:-0.023486s ]
INFO: [ view_end ] --END-- [ RunTime:0.000622s ]

[ 2014-03-11T18:18:27+08:00 ] 121.14.102.43 /index.php
INFO: [ app_begin ] --START--
INFO: Run ReadHtmlCache Behavior [ RunTime:0.000824s ]
INFO: [ app_begin ] --END-- [ RunTime:0.000924s ]
INFO: [ view_template ] --START--
INFO: Run LocationTemplate Behavior [ RunTime:-0.005138s ]
INFO: [ view_template ] --END-- [ RunTime:0.000929s ]
INFO: [ view_parse ] --START--
NOTIC: [8] Use of undefined constant uid - assumed 'uid' D:\Easy2PHP5 build 2\WebSite\data\logs\Cache\Home\377f56f2e5ecfd9a39dba2c0f96d64d6.php 第 29 行.
NOTIC: [8] Undefined index:  uid D:\Easy2PHP5 build 2\WebSite\data\logs\Cache\Home\377f56f2e5ecfd9a39dba2c0f96d64d6.php 第 29 行.
INFO: Run ParseTemplate Behavior [ RunTime:-0.006121s ]
INFO: [ view_parse ] --END-- [ RunTime:0.025864s ]
INFO: [ view_filter ] --START--
INFO: Run ContentReplace Behavior [ RunTime:-0.032039s ]
INFO: Run TokenBuild Behavior [ RunTime:-0.032695s ]
INFO: Run WriteHtmlCache Behavior [ RunTime:-0.033518s ]
INFO: Run ShowRuntime Behavior [ RunTime:-0.034042s ]
INFO: [ view_filter ] --END-- [ RunTime:0.002745s ]
INFO: [ view_end ] --START--
INFO: Run ShowPageTrace Behavior [ RunTime:-0.034862s ]
INFO: [ view_end ] --END-- [ RunTime:0.000869s ]

[ 2014-03-11T18:18:28+08:00 ] 121.14.102.43 /
INFO: [ app_begin ] --START--
INFO: Run ReadHtmlCache Behavior [ RunTime:0.000530s ]
INFO: [ app_begin ] --END-- [ RunTime:0.000624s ]
INFO: [ view_template ] --START--
INFO: Run LocationTemplate Behavior [ RunTime:-0.003494s ]
INFO: [ view_template ] --END-- [ RunTime:0.000427s ]
INFO: [ view_parse ] --START--
NOTIC: [8] Use of undefined constant uid - assumed 'uid' D:\Easy2PHP5 build 2\WebSite\data\logs\Cache\Home\377f56f2e5ecfd9a39dba2c0f96d64d6.php 第 29 行.
NOTIC: [8] Undefined index:  uid D:\Easy2PHP5 build 2\WebSite\data\logs\Cache\Home\377f56f2e5ecfd9a39dba2c0f96d64d6.php 第 29 行.
INFO: Run ParseTemplate Behavior [ RunTime:-0.003973s ]
INFO: [ view_parse ] --END-- [ RunTime:0.017859s ]
INFO: [ view_filter ] --START--
INFO: Run ContentReplace Behavior [ RunTime:-0.021884s ]
INFO: Run TokenBuild Behavior [ RunTime:-0.022272s ]
INFO: Run WriteHtmlCache Behavior [ RunTime:-0.022714s ]
INFO: Run ShowRuntime Behavior [ RunTime:-0.022970s ]
INFO: [ view_filter ] --END-- [ RunTime:0.001567s ]
INFO: [ view_end ] --START--
INFO: Run ShowPageTrace Behavior [ RunTime:-0.023527s ]
INFO: [ view_end ] --END-- [ RunTime:0.000605s ]

[ 2014-03-11T18:18:28+08:00 ] 121.14.102.43 /
INFO: [ app_begin ] --START--
INFO: Run ReadHtmlCache Behavior [ RunTime:0.000530s ]
INFO: [ app_begin ] --END-- [ RunTime:0.000628s ]
INFO: [ view_template ] --START--
INFO: Run LocationTemplate Behavior [ RunTime:-0.003496s ]
INFO: [ view_template ] --END-- [ RunTime:0.000434s ]
INFO: [ view_parse ] --START--
NOTIC: [8] Use of undefined constant uid - assumed 'uid' D:\Easy2PHP5 build 2\WebSite\data\logs\Cache\Home\377f56f2e5ecfd9a39dba2c0f96d64d6.php 第 29 行.
NOTIC: [8] Undefined index:  uid D:\Easy2PHP5 build 2\WebSite\data\logs\Cache\Home\377f56f2e5ecfd9a39dba2c0f96d64d6.php 第 29 行.
INFO: Run ParseTemplate Behavior [ RunTime:-0.003986s ]
INFO: [ view_parse ] --END-- [ RunTime:0.018155s ]
INFO: [ view_filter ] --START--
INFO: Run ContentReplace Behavior [ RunTime:-0.022195s ]
INFO: Run TokenBuild Behavior [ RunTime:-0.022581s ]
INFO: Run WriteHtmlCache Behavior [ RunTime:-0.023023s ]
INFO: Run ShowRuntime Behavior [ RunTime:-0.023278s ]
INFO: [ view_filter ] --END-- [ RunTime:0.001565s ]
INFO: [ view_end ] --START--
INFO: Run ShowPageTrace Behavior [ RunTime:-0.023836s ]
INFO: [ view_end ] --END-- [ RunTime:0.000606s ]

[ 2014-03-11T18:18:28+08:00 ] 121.14.102.43 /
INFO: [ app_begin ] --START--
INFO: Run ReadHtmlCache Behavior [ RunTime:0.000575s ]
INFO: [ app_begin ] --END-- [ RunTime:0.000672s ]
INFO: [ view_template ] --START--
INFO: Run LocationTemplate Behavior [ RunTime:-0.003490s ]
INFO: [ view_template ] --END-- [ RunTime:0.000415s ]
INFO: [ view_parse ] --START--
NOTIC: [8] Use of undefined constant uid - assumed 'uid' D:\Easy2PHP5 build 2\WebSite\data\logs\Cache\Home\377f56f2e5ecfd9a39dba2c0f96d64d6.php 第 29 行.
NOTIC: [8] Undefined index:  uid D:\Easy2PHP5 build 2\WebSite\data\logs\Cache\Home\377f56f2e5ecfd9a39dba2c0f96d64d6.php 第 29 行.
INFO: Run ParseTemplate Behavior [ RunTime:-0.003960s ]
INFO: [ view_parse ] --END-- [ RunTime:0.018029s ]
INFO: [ view_filter ] --START--
INFO: Run ContentReplace Behavior [ RunTime:-0.022043s ]
INFO: Run TokenBuild Behavior [ RunTime:-0.022431s ]
INFO: Run WriteHtmlCache Behavior [ RunTime:-0.022888s ]
INFO: Run ShowRuntime Behavior [ RunTime:-0.023147s ]
INFO: [ view_filter ] --END-- [ RunTime:0.001587s ]
INFO: [ view_end ] --START--
INFO: Run ShowPageTrace Behavior [ RunTime:-0.023706s ]
INFO: [ view_end ] --END-- [ RunTime:0.000610s ]

[ 2014-03-11T18:18:29+08:00 ] 121.14.102.43 /
INFO: [ app_begin ] --START--
INFO: Run ReadHtmlCache Behavior [ RunTime:0.000522s ]
INFO: [ app_begin ] --END-- [ RunTime:0.000611s ]
INFO: [ view_template ] --START--
INFO: Run LocationTemplate Behavior [ RunTime:-0.004031s ]
INFO: [ view_template ] --END-- [ RunTime:0.000413s ]
INFO: [ view_parse ] --START--
NOTIC: [8] Use of undefined constant uid - assumed 'uid' D:\Easy2PHP5 build 2\WebSite\data\logs\Cache\Home\377f56f2e5ecfd9a39dba2c0f96d64d6.php 第 29 行.
NOTIC: [8] Undefined index:  uid D:\Easy2PHP5 build 2\WebSite\data\logs\Cache\Home\377f56f2e5ecfd9a39dba2c0f96d64d6.php 第 29 行.
INFO: Run ParseTemplate Behavior [ RunTime:-0.004497s ]
INFO: [ view_parse ] --END-- [ RunTime:0.017715s ]
INFO: [ view_filter ] --START--
INFO: Run ContentReplace Behavior [ RunTime:-0.022267s ]
INFO: Run TokenBuild Behavior [ RunTime:-0.022652s ]
INFO: Run WriteHtmlCache Behavior [ RunTime:-0.023103s ]
INFO: Run ShowRuntime Behavior [ RunTime:-0.023361s ]
INFO: [ view_filter ] --END-- [ RunTime:0.001577s ]
INFO: [ view_end ] --START--
INFO: Run ShowPageTrace Behavior [ RunTime:-0.023920s ]
INFO: [ view_end ] --END-- [ RunTime:0.000607s ]

[ 2014-03-11T18:18:29+08:00 ] 121.14.102.43 /
INFO: [ app_begin ] --START--
INFO: Run ReadHtmlCache Behavior [ RunTime:0.000539s ]
INFO: [ app_begin ] --END-- [ RunTime:0.000635s ]
INFO: [ view_template ] --START--
INFO: Run LocationTemplate Behavior [ RunTime:-0.003539s ]
INFO: [ view_template ] --END-- [ RunTime:0.000425s ]
INFO: [ view_parse ] --START--
NOTIC: [8] Use of undefined constant uid - assumed 'uid' D:\Easy2PHP5 build 2\WebSite\data\logs\Cache\Home\377f56f2e5ecfd9a39dba2c0f96d64d6.php 第 29 行.
NOTIC: [8] Undefined index:  uid D:\Easy2PHP5 build 2\WebSite\data\logs\Cache\Home\377f56f2e5ecfd9a39dba2c0f96d64d6.php 第 29 行.
INFO: Run ParseTemplate Behavior [ RunTime:-0.004024s ]
INFO: [ view_parse ] --END-- [ RunTime:0.017779s ]
INFO: [ view_filter ] --START--
INFO: Run ContentReplace Behavior [ RunTime:-0.021854s ]
INFO: Run TokenBuild Behavior [ RunTime:-0.022239s ]
INFO: Run WriteHtmlCache Behavior [ RunTime:-0.022704s ]
INFO: Run ShowRuntime Behavior [ RunTime:-0.022979s ]
INFO: [ view_filter ] --END-- [ RunTime:0.001609s ]
INFO: [ view_end ] --START--
INFO: Run ShowPageTrace Behavior [ RunTime:-0.023539s ]
INFO: [ view_end ] --END-- [ RunTime:0.000610s ]

[ 2014-03-11T18:18:29+08:00 ] 121.14.102.43 //
INFO: [ app_begin ] --START--
INFO: Run ReadHtmlCache Behavior [ RunTime:0.000530s ]
INFO: [ app_begin ] --END-- [ RunTime:0.000626s ]
INFO: [ view_template ] --START--
INFO: Run LocationTemplate Behavior [ RunTime:-0.003487s ]
INFO: [ view_template ] --END-- [ RunTime:0.000413s ]
INFO: [ view_parse ] --START--
NOTIC: [8] Use of undefined constant uid - assumed 'uid' D:\Easy2PHP5 build 2\WebSite\data\logs\Cache\Home\377f56f2e5ecfd9a39dba2c0f96d64d6.php 第 29 行.
NOTIC: [8] Undefined index:  uid D:\Easy2PHP5 build 2\WebSite\data\logs\Cache\Home\377f56f2e5ecfd9a39dba2c0f96d64d6.php 第 29 行.
INFO: Run ParseTemplate Behavior [ RunTime:-0.003955s ]
INFO: [ view_parse ] --END-- [ RunTime:0.017884s ]
INFO: [ view_filter ] --START--
INFO: Run ContentReplace Behavior [ RunTime:-0.021893s ]
INFO: Run TokenBuild Behavior [ RunTime:-0.022310s ]
INFO: Run WriteHtmlCache Behavior [ RunTime:-0.022753s ]
INFO: Run ShowRuntime Behavior [ RunTime:-0.023009s ]
INFO: [ view_filter ] --END-- [ RunTime:0.001641s ]
INFO: [ view_end ] --START--
INFO: Run ShowPageTrace Behavior [ RunTime:-0.023608s ]
INFO: [ view_end ] --END-- [ RunTime:0.000637s ]

[ 2014-03-11T19:08:53+08:00 ] 111.161.48.138 /
INFO: [ app_begin ] --START--
INFO: Run ReadHtmlCache Behavior [ RunTime:0.000841s ]
INFO: [ app_begin ] --END-- [ RunTime:0.000943s ]
INFO: [ view_template ] --START--
INFO: Run LocationTemplate Behavior [ RunTime:-0.004573s ]
INFO: [ view_template ] --END-- [ RunTime:0.000907s ]
INFO: [ view_parse ] --START--
NOTIC: [8] Use of undefined constant uid - assumed 'uid' D:\Easy2PHP5 build 2\WebSite\data\logs\Cache\Home\377f56f2e5ecfd9a39dba2c0f96d64d6.php 第 29 行.
NOTIC: [8] Undefined index:  uid D:\Easy2PHP5 build 2\WebSite\data\logs\Cache\Home\377f56f2e5ecfd9a39dba2c0f96d64d6.php 第 29 行.
INFO: Run ParseTemplate Behavior [ RunTime:-0.005539s ]
INFO: [ view_parse ] --END-- [ RunTime:0.019606s ]
INFO: [ view_filter ] --START--
INFO: Run ContentReplace Behavior [ RunTime:-0.025197s ]
INFO: Run TokenBuild Behavior [ RunTime:-0.025847s ]
INFO: Run WriteHtmlCache Behavior [ RunTime:-0.026548s ]
INFO: Run ShowRuntime Behavior [ RunTime:-0.027068s ]
INFO: [ view_filter ] --END-- [ RunTime:0.002611s ]
INFO: [ view_end ] --START--
INFO: Run ShowPageTrace Behavior [ RunTime:-0.027888s ]
INFO: [ view_end ] --END-- [ RunTime:0.000867s ]

[ 2014-03-11T19:09:12+08:00 ] 111.161.48.138 /index.php
INFO: [ app_begin ] --START--
INFO: Run ReadHtmlCache Behavior [ RunTime:0.000530s ]
INFO: [ app_begin ] --END-- [ RunTime:0.000627s ]
INFO: [ view_template ] --START--
INFO: Run LocationTemplate Behavior [ RunTime:-0.003940s ]
INFO: [ view_template ] --END-- [ RunTime:0.000410s ]
INFO: [ view_parse ] --START--
NOTIC: [8] Use of undefined constant uid - assumed 'uid' D:\Easy2PHP5 build 2\WebSite\data\logs\Cache\Home\377f56f2e5ecfd9a39dba2c0f96d64d6.php 第 29 行.
NOTIC: [8] Undefined index:  uid D:\Easy2PHP5 build 2\WebSite\data\logs\Cache\Home\377f56f2e5ecfd9a39dba2c0f96d64d6.php 第 29 行.
INFO: Run ParseTemplate Behavior [ RunTime:-0.004406s ]
INFO: [ view_parse ] --END-- [ RunTime:0.018026s ]
INFO: [ view_filter ] --START--
INFO: Run ContentReplace Behavior [ RunTime:-0.022486s ]
INFO: Run TokenBuild Behavior [ RunTime:-0.022875s ]
INFO: Run WriteHtmlCache Behavior [ RunTime:-0.023322s ]
INFO: Run ShowRuntime Behavior [ RunTime:-0.023580s ]
INFO: [ view_filter ] --END-- [ RunTime:0.001585s ]
INFO: [ view_end ] --START--
INFO: Run ShowPageTrace Behavior [ RunTime:-0.024147s ]
INFO: [ view_end ] --END-- [ RunTime:0.000612s ]

[ 2014-03-11T19:09:13+08:00 ] 111.161.48.138 //index.php?r=site/page&view[]=about
NOTIC: [8] Array to string conversion D:\Easy2PHP5 build 2\WebSite\Core\_Core\Lib\Core\App.class.php 第 69 行.
INFO: [ app_begin ] --START--
INFO: Run ReadHtmlCache Behavior [ RunTime:0.000524s ]
INFO: [ app_begin ] --END-- [ RunTime:0.000612s ]
INFO: [ view_template ] --START--
INFO: Run LocationTemplate Behavior [ RunTime:-0.003478s ]
INFO: [ view_template ] --END-- [ RunTime:0.000408s ]
INFO: [ view_parse ] --START--
NOTIC: [8] Use of undefined constant uid - assumed 'uid' D:\Easy2PHP5 build 2\WebSite\data\logs\Cache\Home\377f56f2e5ecfd9a39dba2c0f96d64d6.php 第 29 行.
NOTIC: [8] Undefined index:  uid D:\Easy2PHP5 build 2\WebSite\data\logs\Cache\Home\377f56f2e5ecfd9a39dba2c0f96d64d6.php 第 29 行.
INFO: Run ParseTemplate Behavior [ RunTime:-0.003941s ]
INFO: [ view_parse ] --END-- [ RunTime:0.017735s ]
INFO: [ view_filter ] --START--
INFO: Run ContentReplace Behavior [ RunTime:-0.021730s ]
INFO: Run TokenBuild Behavior [ RunTime:-0.022117s ]
INFO: Run WriteHtmlCache Behavior [ RunTime:-0.022564s ]
INFO: Run ShowRuntime Behavior [ RunTime:-0.022824s ]
INFO: [ view_filter ] --END-- [ RunTime:0.001579s ]
INFO: [ view_end ] --START--
INFO: Run ShowPageTrace Behavior [ RunTime:-0.023385s ]
INFO: [ view_end ] --END-- [ RunTime:0.000606s ]

[ 2014-03-11T19:09:15+08:00 ] 111.161.48.138 /index.php
INFO: [ app_begin ] --START--
INFO: Run ReadHtmlCache Behavior [ RunTime:0.000542s ]
INFO: [ app_begin ] --END-- [ RunTime:0.000641s ]
INFO: [ view_template ] --START--
INFO: Run LocationTemplate Behavior [ RunTime:-0.003538s ]
INFO: [ view_template ] --END-- [ RunTime:0.000413s ]
INFO: [ view_parse ] --START--
NOTIC: [8] Use of undefined constant uid - assumed 'uid' D:\Easy2PHP5 build 2\WebSite\data\logs\Cache\Home\377f56f2e5ecfd9a39dba2c0f96d64d6.php 第 29 行.
NOTIC: [8] Undefined index:  uid D:\Easy2PHP5 build 2\WebSite\data\logs\Cache\Home\377f56f2e5ecfd9a39dba2c0f96d64d6.php 第 29 行.
INFO: Run ParseTemplate Behavior [ RunTime:-0.004009s ]
INFO: [ view_parse ] --END-- [ RunTime:0.018679s ]
INFO: [ view_filter ] --START--
INFO: Run ContentReplace Behavior [ RunTime:-0.022743s ]
INFO: Run TokenBuild Behavior [ RunTime:-0.023132s ]
INFO: Run WriteHtmlCache Behavior [ RunTime:-0.023577s ]
INFO: Run ShowRuntime Behavior [ RunTime:-0.023837s ]
INFO: [ view_filter ] --END-- [ RunTime:0.001579s ]
INFO: [ view_end ] --START--
INFO: Run ShowPageTrace Behavior [ RunTime:-0.024401s ]
INFO: [ view_end ] --END-- [ RunTime:0.000611s ]

[ 2014-03-11T19:09:16+08:00 ] 111.161.48.138 /index.php
INFO: [ app_begin ] --START--
INFO: Run ReadHtmlCache Behavior [ RunTime:0.000827s ]
INFO: [ app_begin ] --END-- [ RunTime:0.000926s ]
INFO: [ view_template ] --START--
INFO: Run LocationTemplate Behavior [ RunTime:-0.003593s ]
INFO: [ view_template ] --END-- [ RunTime:0.000418s ]
INFO: [ view_parse ] --START--
NOTIC: [8] Use of undefined constant uid - assumed 'uid' D:\Easy2PHP5 build 2\WebSite\data\logs\Cache\Home\377f56f2e5ecfd9a39dba2c0f96d64d6.php 第 29 行.
NOTIC: [8] Undefined index:  uid D:\Easy2PHP5 build 2\WebSite\data\logs\Cache\Home\377f56f2e5ecfd9a39dba2c0f96d64d6.php 第 29 行.
INFO: Run ParseTemplate Behavior [ RunTime:-0.004070s ]
INFO: [ view_parse ] --END-- [ RunTime:0.018142s ]
INFO: [ view_filter ] --START--
INFO: Run ContentReplace Behavior [ RunTime:-0.022270s ]
INFO: Run TokenBuild Behavior [ RunTime:-0.022667s ]
INFO: Run WriteHtmlCache Behavior [ RunTime:-0.023115s ]
INFO: Run ShowRuntime Behavior [ RunTime:-0.023393s ]
INFO: [ view_filter ] --END-- [ RunTime:0.001616s ]
INFO: [ view_end ] --START--
INFO: Run ShowPageTrace Behavior [ RunTime:-0.023966s ]
INFO: [ view_end ] --END-- [ RunTime:0.000622s ]

[ 2014-03-11T19:50:47+08:00 ] 183.60.48.110 /
INFO: [ app_begin ] --START--
INFO: Run ReadHtmlCache Behavior [ RunTime:0.000784s ]
INFO: [ app_begin ] --END-- [ RunTime:0.000884s ]
INFO: [ view_template ] --START--
INFO: Run LocationTemplate Behavior [ RunTime:-0.004529s ]
INFO: [ view_template ] --END-- [ RunTime:0.000976s ]
INFO: [ view_parse ] --START--
NOTIC: [8] Use of undefined constant uid - assumed 'uid' D:\Easy2PHP5 build 2\WebSite\data\logs\Cache\Home\377f56f2e5ecfd9a39dba2c0f96d64d6.php 第 29 行.
NOTIC: [8] Undefined index:  uid D:\Easy2PHP5 build 2\WebSite\data\logs\Cache\Home\377f56f2e5ecfd9a39dba2c0f96d64d6.php 第 29 行.
INFO: Run ParseTemplate Behavior [ RunTime:-0.005579s ]
INFO: [ view_parse ] --END-- [ RunTime:0.019631s ]
INFO: [ view_filter ] --START--
INFO: Run ContentReplace Behavior [ RunTime:-0.025257s ]
INFO: Run TokenBuild Behavior [ RunTime:-0.025906s ]
INFO: Run WriteHtmlCache Behavior [ RunTime:-0.026602s ]
INFO: Run ShowRuntime Behavior [ RunTime:-0.027121s ]
INFO: [ view_filter ] --END-- [ RunTime:0.002634s ]
INFO: [ view_end ] --START--
INFO: Run ShowPageTrace Behavior [ RunTime:-0.027968s ]
INFO: [ view_end ] --END-- [ RunTime:0.000874s ]

[ 2014-03-11T22:00:09+08:00 ] 27.44.248.224 /index.php?g=Wap&m=Index&a=index&token=coslsg1394338022&wecha_id=o_93gjntAEyrIVzSgkr_fwBl-bLc
INFO: [ app_begin ] --START--
INFO: Run ReadHtmlCache Behavior [ RunTime:0.000537s ]
INFO: [ app_begin ] --END-- [ RunTime:0.000640s ]
SQL: SHOW COLUMNS FROM `wx_wxuser` [ RunTime:0.001161s ]
SQL: SELECT * FROM `wx_wxuser` WHERE ( `token` = 'coslsg1394338022' ) LIMIT 1   [ RunTime:0.000161s ]
SQL: SHOW COLUMNS FROM `wx_classify` [ RunTime:0.000823s ]
SQL: SELECT * FROM `wx_classify` WHERE ( `token` = 'coslsg1394338022' ) AND ( `status` = 1 ) ORDER BY sorts desc  [ RunTime:0.000143s ]
SQL: SHOW COLUMNS FROM `wx_users` [ RunTime:0.000794s ]
SQL: SELECT `gid` FROM `wx_users` WHERE ( `id` = 21 ) LIMIT 1   [ RunTime:0.000216s ]
SQL: SHOW COLUMNS FROM `wx_user_group` [ RunTime:0.000692s ]
SQL: SELECT `iscopyright` FROM `wx_user_group` WHERE ( `id` = 7 ) LIMIT 1   [ RunTime:0.000129s ]
SQL: SHOW COLUMNS FROM `wx_company` [ RunTime:0.000899s ]
SQL: SELECT * FROM `wx_company` WHERE ( `token` = 'coslsg1394338022' ) AND ( `isbranch` = 0 ) LIMIT 1   [ RunTime:0.000146s ]
SQL: SHOW COLUMNS FROM `wx_home` [ RunTime:0.000664s ]
SQL: SELECT * FROM `wx_home` WHERE ( `token` = 'coslsg1394338022' )  [ RunTime:0.000130s ]
SQL: SHOW COLUMNS FROM `wx_menuplus` [ RunTime:0.001370s ]
SQL: SELECT * FROM `wx_menuplus` WHERE ( `token` = 'coslsg1394338022' )  [ RunTime:0.000181s ]
SQL: SHOW COLUMNS FROM `wx_user_group` [ RunTime:0.000693s ]
SQL: SELECT * FROM `wx_user_group` WHERE ( `id` = null ) LIMIT 1   [ RunTime:0.000137s ]
SQL: SHOW COLUMNS FROM `wx_flash` [ RunTime:0.000770s ]
SQL: SELECT * FROM `wx_flash` WHERE ( `token` = 'coslsg1394338022' )  [ RunTime:0.000131s ]
INFO: [ view_template ] --START--
INFO: Run LocationTemplate Behavior [ RunTime:-0.031229s ]
INFO: [ view_template ] --END-- [ RunTime:0.001141s ]
INFO: [ view_parse ] --START--
NOTIC: [8] Undefined variable: siteCopyright D:\Easy2PHP5 build 2\WebSite\data\logs\Cache\Wap\72f6ffc8ea4fc8b8103f470579c9374c.php 第 150 行.
INFO: Run ParseTemplate Behavior [ RunTime:-0.032431s ]
INFO: [ view_parse ] --END-- [ RunTime:0.015740s ]
INFO: [ view_filter ] --START--
INFO: Run ContentReplace Behavior [ RunTime:-0.048225s ]
INFO: Run TokenBuild Behavior [ RunTime:-0.048870s ]
INFO: Run WriteHtmlCache Behavior [ RunTime:-0.049576s ]
INFO: Run ShowRuntime Behavior [ RunTime:-0.050086s ]
INFO: [ view_filter ] --END-- [ RunTime:0.002611s ]
INFO: [ view_end ] --START--
INFO: Run ShowPageTrace Behavior [ RunTime:-0.050916s ]
INFO: [ view_end ] --END-- [ RunTime:0.000887s ]

[ 2014-03-11T23:07:40+08:00 ] 114.199.152.227 /
INFO: [ app_begin ] --START--
INFO: Run ReadHtmlCache Behavior [ RunTime:0.000775s ]
INFO: [ app_begin ] --END-- [ RunTime:0.000874s ]
NOTIC: [8] Undefined index:  HTTP_HOST D:\Easy2PHP5 build 2\WebSite\Core\_Core\Lib\Core\Action.class.php 第 344 行.
NOTIC: [8] Undefined index:  1 D:\Easy2PHP5 build 2\WebSite\Core\_Core\Lib\Core\Action.class.php 第 57 行.
NOTIC: [8] Undefined index:  HTTP_HOST D:\Easy2PHP5 build 2\WebSite\Core\_Core\Common\common.php 第 261 行.
NOTIC: [8] Undefined index:  1 D:\Easy2PHP5 build 2\WebSite\Core\_Core\Lib\Core\View.class.php 第 70 行.
INFO: [ view_template ] --START--
INFO: Run LocationTemplate Behavior [ RunTime:-0.004491s ]
INFO: [ view_template ] --END-- [ RunTime:0.000882s ]
INFO: [ view_parse ] --START--
NOTIC: [8] Use of undefined constant uid - assumed 'uid' D:\Easy2PHP5 build 2\WebSite\data\logs\Cache\Home\377f56f2e5ecfd9a39dba2c0f96d64d6.php 第 29 行.
NOTIC: [8] Undefined index:  uid D:\Easy2PHP5 build 2\WebSite\data\logs\Cache\Home\377f56f2e5ecfd9a39dba2c0f96d64d6.php 第 29 行.
INFO: Run ParseTemplate Behavior [ RunTime:-0.005436s ]
INFO: [ view_parse ] --END-- [ RunTime:0.019250s ]
INFO: [ view_filter ] --START--
INFO: Run ContentReplace Behavior [ RunTime:-0.024740s ]
INFO: Run TokenBuild Behavior [ RunTime:-0.025383s ]
INFO: Run WriteHtmlCache Behavior [ RunTime:-0.026291s ]
INFO: Run ShowRuntime Behavior [ RunTime:-0.026805s ]
INFO: [ view_filter ] --END-- [ RunTime:0.002800s ]
INFO: [ view_end ] --START--
INFO: Run ShowPageTrace Behavior [ RunTime:-0.027616s ]
INFO: [ view_end ] --END-- [ RunTime:0.000861s ]

[ 2014-03-11T23:16:53+08:00 ] 180.166.81.43 /
INFO: [ app_begin ] --START--
INFO: Run ReadHtmlCache Behavior [ RunTime:0.000775s ]
INFO: [ app_begin ] --END-- [ RunTime:0.000873s ]
NOTIC: [8] Undefined index:  HTTP_HOST D:\Easy2PHP5 build 2\WebSite\Core\_Core\Lib\Core\Action.class.php 第 344 行.
NOTIC: [8] Undefined index:  1 D:\Easy2PHP5 build 2\WebSite\Core\_Core\Lib\Core\Action.class.php 第 57 行.
NOTIC: [8] Undefined index:  HTTP_HOST D:\Easy2PHP5 build 2\WebSite\Core\_Core\Common\common.php 第 261 行.
NOTIC: [8] Undefined index:  1 D:\Easy2PHP5 build 2\WebSite\Core\_Core\Lib\Core\View.class.php 第 70 行.
INFO: [ view_template ] --START--
INFO: Run LocationTemplate Behavior [ RunTime:-0.004532s ]
INFO: [ view_template ] --END-- [ RunTime:0.000872s ]
INFO: [ view_parse ] --START--
NOTIC: [8] Use of undefined constant uid - assumed 'uid' D:\Easy2PHP5 build 2\WebSite\data\logs\Cache\Home\377f56f2e5ecfd9a39dba2c0f96d64d6.php 第 29 行.
NOTIC: [8] Undefined index:  uid D:\Easy2PHP5 build 2\WebSite\data\logs\Cache\Home\377f56f2e5ecfd9a39dba2c0f96d64d6.php 第 29 行.
INFO: Run ParseTemplate Behavior [ RunTime:-0.005465s ]
INFO: [ view_parse ] --END-- [ RunTime:0.019379s ]
INFO: [ view_filter ] --START--
INFO: Run ContentReplace Behavior [ RunTime:-0.024903s ]
INFO: Run TokenBuild Behavior [ RunTime:-0.025584s ]
INFO: Run WriteHtmlCache Behavior [ RunTime:-0.026516s ]
INFO: Run ShowRuntime Behavior [ RunTime:-0.027029s ]
INFO: [ view_filter ] --END-- [ RunTime:0.002874s ]
INFO: [ view_end ] --START--
INFO: Run ShowPageTrace Behavior [ RunTime:-0.027857s ]
INFO: [ view_end ] --END-- [ RunTime:0.000890s ]

