[ 2014-03-13T02:14:27+08:00 ] 101.226.64.139 /
INFO: [ app_begin ] --START--
INFO: Run ReadHtmlCache Behavior [ RunTime:0.000785s ]
INFO: [ app_begin ] --END-- [ RunTime:0.000883s ]
INFO: [ view_template ] --START--
INFO: Run LocationTemplate Behavior [ RunTime:-0.004596s ]
INFO: [ view_template ] --END-- [ RunTime:0.000886s ]
INFO: [ view_parse ] --START--
NOTIC: [8] Use of undefined constant uid - assumed 'uid' D:\Easy2PHP5 build 2\WebSite\data\logs\Cache\Home\377f56f2e5ecfd9a39dba2c0f96d64d6.php 第 29 行.
NOTIC: [8] Undefined index:  uid D:\Easy2PHP5 build 2\WebSite\data\logs\Cache\Home\377f56f2e5ecfd9a39dba2c0f96d64d6.php 第 29 行.
INFO: Run ParseTemplate Behavior [ RunTime:-0.005542s ]
INFO: [ view_parse ] --END-- [ RunTime:0.019321s ]
INFO: [ view_filter ] --START--
INFO: Run ContentReplace Behavior [ RunTime:-0.024917s ]
INFO: Run TokenBuild Behavior [ RunTime:-0.025560s ]
INFO: Run WriteHtmlCache Behavior [ RunTime:-0.026259s ]
INFO: Run ShowRuntime Behavior [ RunTime:-0.026769s ]
INFO: [ view_filter ] --END-- [ RunTime:0.002586s ]
INFO: [ view_end ] --START--
INFO: Run ShowPageTrace Behavior [ RunTime:-0.027583s ]
INFO: [ view_end ] --END-- [ RunTime:0.000871s ]

[ 2014-03-13T02:14:42+08:00 ] 101.226.64.139 /index.php?m=Index&a=login
INFO: [ app_begin ] --START--
INFO: Run ReadHtmlCache Behavior [ RunTime:0.000783s ]
INFO: [ app_begin ] --END-- [ RunTime:0.000883s ]
INFO: [ view_template ] --START--
INFO: Run LocationTemplate Behavior [ RunTime:-0.004795s ]
INFO: [ view_template ] --END-- [ RunTime:0.000978s ]
INFO: [ view_parse ] --START--
NOTIC: [8] Use of undefined constant uid - assumed 'uid' D:\Easy2PHP5 build 2\WebSite\data\logs\Cache\Home\47f3eb7a4a5c9661138d7d37e96fcc81.php 第 28 行.
NOTIC: [8] Undefined index:  uid D:\Easy2PHP5 build 2\WebSite\data\logs\Cache\Home\47f3eb7a4a5c9661138d7d37e96fcc81.php 第 28 行.
INFO: Run ParseTemplate Behavior [ RunTime:-0.005831s ]
INFO: [ view_parse ] --END-- [ RunTime:0.017980s ]
INFO: [ view_filter ] --START--
INFO: Run ContentReplace Behavior [ RunTime:-0.023865s ]
INFO: Run TokenBuild Behavior [ RunTime:-0.024513s ]
INFO: Run WriteHtmlCache Behavior [ RunTime:-0.025241s ]
INFO: Run ShowRuntime Behavior [ RunTime:-0.025758s ]
INFO: [ view_filter ] --END-- [ RunTime:0.002652s ]
INFO: [ view_end ] --START--
INFO: Run ShowPageTrace Behavior [ RunTime:-0.026595s ]
INFO: [ view_end ] --END-- [ RunTime:0.000951s ]

[ 2014-03-13T02:14:43+08:00 ] 101.226.64.139 /index.php?m=Index&a=reg
INFO: [ app_begin ] --START--
INFO: Run ReadHtmlCache Behavior [ RunTime:0.000627s ]
INFO: [ app_begin ] --END-- [ RunTime:0.000741s ]
INFO: [ view_template ] --START--
INFO: Run LocationTemplate Behavior [ RunTime:-0.003818s ]
INFO: [ view_template ] --END-- [ RunTime:0.000723s ]
INFO: [ view_parse ] --START--
NOTIC: [8] Use of undefined constant uid - assumed 'uid' D:\Easy2PHP5 build 2\WebSite\data\logs\Cache\Home\6a86ef8323149770a1dbccc8067f70d5.php 第 28 行.
NOTIC: [8] Undefined index:  uid D:\Easy2PHP5 build 2\WebSite\data\logs\Cache\Home\6a86ef8323149770a1dbccc8067f70d5.php 第 28 行.
INFO: Run ParseTemplate Behavior [ RunTime:-0.004598s ]
INFO: [ view_parse ] --END-- [ RunTime:0.017470s ]
INFO: [ view_filter ] --START--
INFO: Run ContentReplace Behavior [ RunTime:-0.022120s ]
INFO: Run TokenBuild Behavior [ RunTime:-0.022506s ]
INFO: Run WriteHtmlCache Behavior [ RunTime:-0.022993s ]
INFO: Run ShowRuntime Behavior [ RunTime:-0.023399s ]
INFO: [ view_filter ] --END-- [ RunTime:0.001778s ]
INFO: [ view_end ] --START--
INFO: Run ShowPageTrace Behavior [ RunTime:-0.023975s ]
INFO: [ view_end ] --END-- [ RunTime:0.000619s ]

[ 2014-03-13T02:14:43+08:00 ] 101.226.64.139 /index.php?g=Home&m=Index&a=fc
INFO: [ app_begin ] --START--
INFO: Run ReadHtmlCache Behavior [ RunTime:0.000534s ]
INFO: [ app_begin ] --END-- [ RunTime:0.000631s ]
INFO: [ view_template ] --START--
INFO: Run LocationTemplate Behavior [ RunTime:-0.003763s ]
INFO: [ view_template ] --END-- [ RunTime:0.000734s ]
INFO: [ view_parse ] --START--
NOTIC: [8] Use of undefined constant uid - assumed 'uid' D:\Easy2PHP5 build 2\WebSite\data\logs\Cache\Home\9f72c086e7fd28394605e09011795541.php 第 28 行.
NOTIC: [8] Undefined index:  uid D:\Easy2PHP5 build 2\WebSite\data\logs\Cache\Home\9f72c086e7fd28394605e09011795541.php 第 28 行.
INFO: Run ParseTemplate Behavior [ RunTime:-0.004553s ]
INFO: [ view_parse ] --END-- [ RunTime:0.031041s ]
INFO: [ view_filter ] --START--
INFO: Run ContentReplace Behavior [ RunTime:-0.035651s ]
INFO: Run TokenBuild Behavior [ RunTime:-0.036145s ]
INFO: Run WriteHtmlCache Behavior [ RunTime:-0.036698s ]
INFO: Run ShowRuntime Behavior [ RunTime:-0.037107s ]
INFO: [ view_filter ] --END-- [ RunTime:0.001981s ]
INFO: [ view_end ] --START--
INFO: Run ShowPageTrace Behavior [ RunTime:-0.037724s ]
INFO: [ view_end ] --END-- [ RunTime:0.000616s ]

[ 2014-03-13T02:14:55+08:00 ] 101.226.64.139 /index.php?g=Home&m=Index&a=about
INFO: [ app_begin ] --START--
INFO: Run ReadHtmlCache Behavior [ RunTime:0.000538s ]
INFO: [ app_begin ] --END-- [ RunTime:0.000637s ]
INFO: [ view_template ] --START--
INFO: Run LocationTemplate Behavior [ RunTime:-0.003576s ]
INFO: [ view_template ] --END-- [ RunTime:0.000415s ]
INFO: [ view_parse ] --START--
NOTIC: [8] Use of undefined constant uid - assumed 'uid' D:\Easy2PHP5 build 2\WebSite\data\logs\Cache\Home\62da13d6a4a39bfa726bf0328a3d140c.php 第 28 行.
NOTIC: [8] Undefined index:  uid D:\Easy2PHP5 build 2\WebSite\data\logs\Cache\Home\62da13d6a4a39bfa726bf0328a3d140c.php 第 28 行.
INFO: Run ParseTemplate Behavior [ RunTime:-0.004049s ]
INFO: [ view_parse ] --END-- [ RunTime:0.014355s ]
INFO: [ view_filter ] --START--
INFO: Run ContentReplace Behavior [ RunTime:-0.018457s ]
INFO: Run TokenBuild Behavior [ RunTime:-0.018827s ]
INFO: Run WriteHtmlCache Behavior [ RunTime:-0.019241s ]
INFO: Run ShowRuntime Behavior [ RunTime:-0.019647s ]
INFO: [ view_filter ] --END-- [ RunTime:0.001678s ]
INFO: [ view_end ] --START--
INFO: Run ShowPageTrace Behavior [ RunTime:-0.020212s ]
INFO: [ view_end ] --END-- [ RunTime:0.000618s ]

[ 2014-03-13T02:14:55+08:00 ] 101.226.64.139 /index.php?g=Home&m=Index&a=price
INFO: [ app_begin ] --START--
INFO: Run ReadHtmlCache Behavior [ RunTime:0.000557s ]
INFO: [ app_begin ] --END-- [ RunTime:0.000654s ]
INFO: [ view_template ] --START--
INFO: Run LocationTemplate Behavior [ RunTime:-0.003606s ]
INFO: [ view_template ] --END-- [ RunTime:0.000761s ]
INFO: [ view_parse ] --START--
NOTIC: [8] Use of undefined constant uid - assumed 'uid' D:\Easy2PHP5 build 2\WebSite\data\logs\Cache\Home\47ff555cbc6903f06f2ce37c70ce0ec6.php 第 28 行.
NOTIC: [8] Undefined index:  uid D:\Easy2PHP5 build 2\WebSite\data\logs\Cache\Home\47ff555cbc6903f06f2ce37c70ce0ec6.php 第 28 行.
INFO: Run ParseTemplate Behavior [ RunTime:-0.004430s ]
INFO: [ view_parse ] --END-- [ RunTime:0.030987s ]
INFO: [ view_filter ] --START--
INFO: Run ContentReplace Behavior [ RunTime:-0.035473s ]
INFO: Run TokenBuild Behavior [ RunTime:-0.035920s ]
INFO: Run WriteHtmlCache Behavior [ RunTime:-0.036499s ]
INFO: Run ShowRuntime Behavior [ RunTime:-0.036905s ]
INFO: [ view_filter ] --END-- [ RunTime:0.001943s ]
INFO: [ view_end ] --START--
INFO: Run ShowPageTrace Behavior [ RunTime:-0.037502s ]
INFO: [ view_end ] --END-- [ RunTime:0.000619s ]

[ 2014-03-13T02:14:56+08:00 ] 101.226.64.139 /index.php?g=Home&m=Index&a=login
INFO: [ app_begin ] --START--
INFO: Run ReadHtmlCache Behavior [ RunTime:0.000526s ]
INFO: [ app_begin ] --END-- [ RunTime:0.000618s ]
INFO: [ view_template ] --START--
INFO: Run LocationTemplate Behavior [ RunTime:-0.003559s ]
INFO: [ view_template ] --END-- [ RunTime:0.000721s ]
INFO: [ view_parse ] --START--
NOTIC: [8] Use of undefined constant uid - assumed 'uid' D:\Easy2PHP5 build 2\WebSite\data\logs\Cache\Home\47f3eb7a4a5c9661138d7d37e96fcc81.php 第 28 行.
NOTIC: [8] Undefined index:  uid D:\Easy2PHP5 build 2\WebSite\data\logs\Cache\Home\47f3eb7a4a5c9661138d7d37e96fcc81.php 第 28 行.
INFO: Run ParseTemplate Behavior [ RunTime:-0.004337s ]
INFO: [ view_parse ] --END-- [ RunTime:0.016784s ]
INFO: [ view_filter ] --START--
INFO: Run ContentReplace Behavior [ RunTime:-0.021174s ]
INFO: Run TokenBuild Behavior [ RunTime:-0.021572s ]
INFO: Run WriteHtmlCache Behavior [ RunTime:-0.022054s ]
INFO: Run ShowRuntime Behavior [ RunTime:-0.022464s ]
INFO: [ view_filter ] --END-- [ RunTime:0.001788s ]
INFO: [ view_end ] --START--
INFO: Run ShowPageTrace Behavior [ RunTime:-0.023040s ]
INFO: [ view_end ] --END-- [ RunTime:0.000614s ]

[ 2014-03-13T02:14:57+08:00 ] 101.226.64.139 /index.php?g=Home&m=Index&a=help
INFO: [ app_begin ] --START--
INFO: Run ReadHtmlCache Behavior [ RunTime:0.000536s ]
INFO: [ app_begin ] --END-- [ RunTime:0.000633s ]
INFO: [ view_template ] --START--
INFO: Run LocationTemplate Behavior [ RunTime:-0.003636s ]
INFO: [ view_template ] --END-- [ RunTime:0.000716s ]
INFO: [ view_parse ] --START--
NOTIC: [8] Use of undefined constant uid - assumed 'uid' D:\Easy2PHP5 build 2\WebSite\data\logs\Cache\Home\1923ca92b2cbd35b9267c9fc28129f20.php 第 31 行.
NOTIC: [8] Undefined index:  uid D:\Easy2PHP5 build 2\WebSite\data\logs\Cache\Home\1923ca92b2cbd35b9267c9fc28129f20.php 第 31 行.
NOTIC: [8] Undefined index:  token D:\Easy2PHP5 build 2\WebSite\data\logs\Cache\Home\1923ca92b2cbd35b9267c9fc28129f20.php 第 147 行.
NOTIC: [8] Undefined index:  token D:\Easy2PHP5 build 2\WebSite\data\logs\Cache\Home\1923ca92b2cbd35b9267c9fc28129f20.php 第 174 行.
NOTIC: [8] Undefined index:  token D:\Easy2PHP5 build 2\WebSite\data\logs\Cache\Home\1923ca92b2cbd35b9267c9fc28129f20.php 第 178 行.
INFO: Run ParseTemplate Behavior [ RunTime:-0.004411s ]
INFO: [ view_parse ] --END-- [ RunTime:0.017536s ]
INFO: [ view_filter ] --START--
INFO: Run ContentReplace Behavior [ RunTime:-0.021998s ]
INFO: Run TokenBuild Behavior [ RunTime:-0.022386s ]
INFO: Run WriteHtmlCache Behavior [ RunTime:-0.022816s ]
INFO: Run ShowRuntime Behavior [ RunTime:-0.023219s ]
INFO: [ view_filter ] --END-- [ RunTime:0.001730s ]
INFO: [ view_end ] --START--
INFO: Run ShowPageTrace Behavior [ RunTime:-0.023803s ]
INFO: [ view_end ] --END-- [ RunTime:0.000618s ]

[ 2014-03-13T02:14:59+08:00 ] 101.226.64.139 /index.php?g=Home&m=Index&a=login
INFO: [ app_begin ] --START--
INFO: Run ReadHtmlCache Behavior [ RunTime:0.000527s ]
INFO: [ app_begin ] --END-- [ RunTime:0.000618s ]
INFO: [ view_template ] --START--
INFO: Run LocationTemplate Behavior [ RunTime:-0.003526s ]
INFO: [ view_template ] --END-- [ RunTime:0.000713s ]
INFO: [ view_parse ] --START--
NOTIC: [8] Use of undefined constant uid - assumed 'uid' D:\Easy2PHP5 build 2\WebSite\data\logs\Cache\Home\47f3eb7a4a5c9661138d7d37e96fcc81.php 第 28 行.
NOTIC: [8] Undefined index:  uid D:\Easy2PHP5 build 2\WebSite\data\logs\Cache\Home\47f3eb7a4a5c9661138d7d37e96fcc81.php 第 28 行.
INFO: Run ParseTemplate Behavior [ RunTime:-0.004300s ]
INFO: [ view_parse ] --END-- [ RunTime:0.016682s ]
INFO: [ view_filter ] --START--
INFO: Run ContentReplace Behavior [ RunTime:-0.021030s ]
INFO: Run TokenBuild Behavior [ RunTime:-0.021414s ]
INFO: Run WriteHtmlCache Behavior [ RunTime:-0.021863s ]
INFO: Run ShowRuntime Behavior [ RunTime:-0.022267s ]
INFO: [ view_filter ] --END-- [ RunTime:0.001737s ]
INFO: [ view_end ] --START--
INFO: Run ShowPageTrace Behavior [ RunTime:-0.022844s ]
INFO: [ view_end ] --END-- [ RunTime:0.000611s ]

[ 2014-03-13T02:15:00+08:00 ] 101.226.64.139 /index.php?g=Home&m=Index&a=login
INFO: [ app_begin ] --START--
INFO: Run ReadHtmlCache Behavior [ RunTime:0.000532s ]
INFO: [ app_begin ] --END-- [ RunTime:0.000622s ]
INFO: [ view_template ] --START--
INFO: Run LocationTemplate Behavior [ RunTime:-0.003523s ]
INFO: [ view_template ] --END-- [ RunTime:0.000722s ]
INFO: [ view_parse ] --START--
NOTIC: [8] Use of undefined constant uid - assumed 'uid' D:\Easy2PHP5 build 2\WebSite\data\logs\Cache\Home\47f3eb7a4a5c9661138d7d37e96fcc81.php 第 28 行.
NOTIC: [8] Undefined index:  uid D:\Easy2PHP5 build 2\WebSite\data\logs\Cache\Home\47f3eb7a4a5c9661138d7d37e96fcc81.php 第 28 行.
INFO: Run ParseTemplate Behavior [ RunTime:-0.004303s ]
INFO: [ view_parse ] --END-- [ RunTime:0.016632s ]
INFO: [ view_filter ] --START--
INFO: Run ContentReplace Behavior [ RunTime:-0.020989s ]
INFO: Run TokenBuild Behavior [ RunTime:-0.021371s ]
INFO: Run WriteHtmlCache Behavior [ RunTime:-0.021819s ]
INFO: Run ShowRuntime Behavior [ RunTime:-0.022223s ]
INFO: [ view_filter ] --END-- [ RunTime:0.001736s ]
INFO: [ view_end ] --START--
INFO: Run ShowPageTrace Behavior [ RunTime:-0.022801s ]
INFO: [ view_end ] --END-- [ RunTime:0.000610s ]

[ 2014-03-13T02:15:01+08:00 ] 101.226.64.139 /index.php?g=Home&m=Index&a=login
INFO: [ app_begin ] --START--
INFO: Run ReadHtmlCache Behavior [ RunTime:0.000527s ]
INFO: [ app_begin ] --END-- [ RunTime:0.000618s ]
INFO: [ view_template ] --START--
INFO: Run LocationTemplate Behavior [ RunTime:-0.003556s ]
INFO: [ view_template ] --END-- [ RunTime:0.000723s ]
INFO: [ view_parse ] --START--
NOTIC: [8] Use of undefined constant uid - assumed 'uid' D:\Easy2PHP5 build 2\WebSite\data\logs\Cache\Home\47f3eb7a4a5c9661138d7d37e96fcc81.php 第 28 行.
NOTIC: [8] Undefined index:  uid D:\Easy2PHP5 build 2\WebSite\data\logs\Cache\Home\47f3eb7a4a5c9661138d7d37e96fcc81.php 第 28 行.
INFO: Run ParseTemplate Behavior [ RunTime:-0.004338s ]
INFO: [ view_parse ] --END-- [ RunTime:0.017489s ]
INFO: [ view_filter ] --START--
INFO: Run ContentReplace Behavior [ RunTime:-0.021888s ]
INFO: Run TokenBuild Behavior [ RunTime:-0.022280s ]
INFO: Run WriteHtmlCache Behavior [ RunTime:-0.022742s ]
INFO: Run ShowRuntime Behavior [ RunTime:-0.023153s ]
INFO: [ view_filter ] --END-- [ RunTime:0.001796s ]
INFO: [ view_end ] --START--
INFO: Run ShowPageTrace Behavior [ RunTime:-0.023757s ]
INFO: [ view_end ] --END-- [ RunTime:0.000615s ]

[ 2014-03-13T02:15:01+08:00 ] 101.226.64.139 /index.php?g=Home&m=Index&a=login
INFO: [ app_begin ] --START--
INFO: Run ReadHtmlCache Behavior [ RunTime:0.000532s ]
INFO: [ app_begin ] --END-- [ RunTime:0.000627s ]
INFO: [ view_template ] --START--
INFO: Run LocationTemplate Behavior [ RunTime:-0.003575s ]
INFO: [ view_template ] --END-- [ RunTime:0.000716s ]
INFO: [ view_parse ] --START--
NOTIC: [8] Use of undefined constant uid - assumed 'uid' D:\Easy2PHP5 build 2\WebSite\data\logs\Cache\Home\47f3eb7a4a5c9661138d7d37e96fcc81.php 第 28 行.
NOTIC: [8] Undefined index:  uid D:\Easy2PHP5 build 2\WebSite\data\logs\Cache\Home\47f3eb7a4a5c9661138d7d37e96fcc81.php 第 28 行.
INFO: Run ParseTemplate Behavior [ RunTime:-0.004348s ]
INFO: [ view_parse ] --END-- [ RunTime:0.016458s ]
INFO: [ view_filter ] --START--
INFO: Run ContentReplace Behavior [ RunTime:-0.020860s ]
INFO: Run TokenBuild Behavior [ RunTime:-0.021246s ]
INFO: Run WriteHtmlCache Behavior [ RunTime:-0.021695s ]
INFO: Run ShowRuntime Behavior [ RunTime:-0.022100s ]
INFO: [ view_filter ] --END-- [ RunTime:0.001746s ]
INFO: [ view_end ] --START--
INFO: Run ShowPageTrace Behavior [ RunTime:-0.022685s ]
INFO: [ view_end ] --END-- [ RunTime:0.000612s ]

[ 2014-03-13T02:15:02+08:00 ] 101.226.64.139 /index.php?g=Home&m=Index&a=login
INFO: [ app_begin ] --START--
INFO: Run ReadHtmlCache Behavior [ RunTime:0.000545s ]
INFO: [ app_begin ] --END-- [ RunTime:0.000640s ]
INFO: [ view_template ] --START--
INFO: Run LocationTemplate Behavior [ RunTime:-0.003601s ]
INFO: [ view_template ] --END-- [ RunTime:0.000727s ]
INFO: [ view_parse ] --START--
NOTIC: [8] Use of undefined constant uid - assumed 'uid' D:\Easy2PHP5 build 2\WebSite\data\logs\Cache\Home\47f3eb7a4a5c9661138d7d37e96fcc81.php 第 28 行.
NOTIC: [8] Undefined index:  uid D:\Easy2PHP5 build 2\WebSite\data\logs\Cache\Home\47f3eb7a4a5c9661138d7d37e96fcc81.php 第 28 行.
INFO: Run ParseTemplate Behavior [ RunTime:-0.004385s ]
INFO: [ view_parse ] --END-- [ RunTime:0.017426s ]
INFO: [ view_filter ] --START--
INFO: Run ContentReplace Behavior [ RunTime:-0.021869s ]
INFO: Run TokenBuild Behavior [ RunTime:-0.022260s ]
INFO: Run WriteHtmlCache Behavior [ RunTime:-0.022716s ]
INFO: Run ShowRuntime Behavior [ RunTime:-0.023125s ]
INFO: [ view_filter ] --END-- [ RunTime:0.001775s ]
INFO: [ view_end ] --START--
INFO: Run ShowPageTrace Behavior [ RunTime:-0.023733s ]
INFO: [ view_end ] --END-- [ RunTime:0.000621s ]

[ 2014-03-13T02:15:02+08:00 ] 101.226.64.139 /index.php?g=Home&m=Index&a=login
INFO: [ app_begin ] --START--
INFO: Run ReadHtmlCache Behavior [ RunTime:0.000537s ]
INFO: [ app_begin ] --END-- [ RunTime:0.000634s ]
INFO: [ view_template ] --START--
INFO: Run LocationTemplate Behavior [ RunTime:-0.003607s ]
INFO: [ view_template ] --END-- [ RunTime:0.000752s ]
INFO: [ view_parse ] --START--
NOTIC: [8] Use of undefined constant uid - assumed 'uid' D:\Easy2PHP5 build 2\WebSite\data\logs\Cache\Home\47f3eb7a4a5c9661138d7d37e96fcc81.php 第 28 行.
NOTIC: [8] Undefined index:  uid D:\Easy2PHP5 build 2\WebSite\data\logs\Cache\Home\47f3eb7a4a5c9661138d7d37e96fcc81.php 第 28 行.
INFO: Run ParseTemplate Behavior [ RunTime:-0.004417s ]
INFO: [ view_parse ] --END-- [ RunTime:0.016413s ]
INFO: [ view_filter ] --START--
INFO: Run ContentReplace Behavior [ RunTime:-0.020882s ]
INFO: Run TokenBuild Behavior [ RunTime:-0.021266s ]
INFO: Run WriteHtmlCache Behavior [ RunTime:-0.021717s ]
INFO: Run ShowRuntime Behavior [ RunTime:-0.022127s ]
INFO: [ view_filter ] --END-- [ RunTime:0.001748s ]
INFO: [ view_end ] --START--
INFO: Run ShowPageTrace Behavior [ RunTime:-0.022707s ]
INFO: [ view_end ] --END-- [ RunTime:0.000612s ]

[ 2014-03-13T02:15:03+08:00 ] 101.226.64.139 /index.php?g=Home&m=Index&a=login
INFO: [ app_begin ] --START--
INFO: Run ReadHtmlCache Behavior [ RunTime:0.000534s ]
INFO: [ app_begin ] --END-- [ RunTime:0.000626s ]
INFO: [ view_template ] --START--
INFO: Run LocationTemplate Behavior [ RunTime:-0.003713s ]
INFO: [ view_template ] --END-- [ RunTime:0.000718s ]
INFO: [ view_parse ] --START--
NOTIC: [8] Use of undefined constant uid - assumed 'uid' D:\Easy2PHP5 build 2\WebSite\data\logs\Cache\Home\47f3eb7a4a5c9661138d7d37e96fcc81.php 第 28 行.
NOTIC: [8] Undefined index:  uid D:\Easy2PHP5 build 2\WebSite\data\logs\Cache\Home\47f3eb7a4a5c9661138d7d37e96fcc81.php 第 28 行.
INFO: Run ParseTemplate Behavior [ RunTime:-0.004488s ]
INFO: [ view_parse ] --END-- [ RunTime:0.016467s ]
INFO: [ view_filter ] --START--
INFO: Run ContentReplace Behavior [ RunTime:-0.021010s ]
INFO: Run TokenBuild Behavior [ RunTime:-0.021394s ]
INFO: Run WriteHtmlCache Behavior [ RunTime:-0.021845s ]
INFO: Run ShowRuntime Behavior [ RunTime:-0.022250s ]
INFO: [ view_filter ] --END-- [ RunTime:0.001761s ]
INFO: [ view_end ] --START--
INFO: Run ShowPageTrace Behavior [ RunTime:-0.022849s ]
INFO: [ view_end ] --END-- [ RunTime:0.000611s ]

[ 2014-03-13T02:15:04+08:00 ] 101.226.64.139 /index.php?g=Home&m=Index&a=login
INFO: [ app_begin ] --START--
INFO: Run ReadHtmlCache Behavior [ RunTime:0.000605s ]
INFO: [ app_begin ] --END-- [ RunTime:0.000721s ]
INFO: [ view_template ] --START--
INFO: Run LocationTemplate Behavior [ RunTime:-0.003954s ]
INFO: [ view_template ] --END-- [ RunTime:0.000773s ]
INFO: [ view_parse ] --START--
NOTIC: [8] Use of undefined constant uid - assumed 'uid' D:\Easy2PHP5 build 2\WebSite\data\logs\Cache\Home\47f3eb7a4a5c9661138d7d37e96fcc81.php 第 28 行.
NOTIC: [8] Undefined index:  uid D:\Easy2PHP5 build 2\WebSite\data\logs\Cache\Home\47f3eb7a4a5c9661138d7d37e96fcc81.php 第 28 行.
INFO: Run ParseTemplate Behavior [ RunTime:-0.004788s ]
INFO: [ view_parse ] --END-- [ RunTime:0.019661s ]
INFO: [ view_filter ] --START--
INFO: Run ContentReplace Behavior [ RunTime:-0.024517s ]
INFO: Run TokenBuild Behavior [ RunTime:-0.024959s ]
INFO: Run WriteHtmlCache Behavior [ RunTime:-0.025461s ]
INFO: Run ShowRuntime Behavior [ RunTime:-0.025891s ]
INFO: [ view_filter ] --END-- [ RunTime:0.001904s ]
INFO: [ view_end ] --START--
INFO: Run ShowPageTrace Behavior [ RunTime:-0.026496s ]
INFO: [ view_end ] --END-- [ RunTime:0.000700s ]

[ 2014-03-13T02:15:05+08:00 ] 101.226.64.139 /index.php?g=Home&m=Index&a=common
INFO: [ app_begin ] --START--
INFO: Run ReadHtmlCache Behavior [ RunTime:0.000543s ]
INFO: [ app_begin ] --END-- [ RunTime:0.000634s ]
INFO: [ view_template ] --START--
INFO: Run LocationTemplate Behavior [ RunTime:-0.003642s ]
INFO: [ view_template ] --END-- [ RunTime:0.000733s ]
INFO: [ view_parse ] --START--
NOTIC: [8] Use of undefined constant uid - assumed 'uid' D:\Easy2PHP5 build 2\WebSite\data\logs\Cache\Home\ecd2f15f89cb0a4c66318a264045f6be.php 第 28 行.
NOTIC: [8] Undefined index:  uid D:\Easy2PHP5 build 2\WebSite\data\logs\Cache\Home\ecd2f15f89cb0a4c66318a264045f6be.php 第 28 行.
INFO: Run ParseTemplate Behavior [ RunTime:-0.004436s ]
INFO: [ view_parse ] --END-- [ RunTime:0.013776s ]
INFO: [ view_filter ] --START--
INFO: Run ContentReplace Behavior [ RunTime:-0.018267s ]
INFO: Run TokenBuild Behavior [ RunTime:-0.018632s ]
INFO: Run WriteHtmlCache Behavior [ RunTime:-0.019070s ]
INFO: Run ShowRuntime Behavior [ RunTime:-0.019474s ]
INFO: [ view_filter ] --END-- [ RunTime:0.001699s ]
INFO: [ view_end ] --START--
INFO: Run ShowPageTrace Behavior [ RunTime:-0.020041s ]
INFO: [ view_end ] --END-- [ RunTime:0.000621s ]

[ 2014-03-13T02:15:07+08:00 ] 101.226.64.139 /
INFO: [ app_begin ] --START--
INFO: Run ReadHtmlCache Behavior [ RunTime:0.000770s ]
INFO: [ app_begin ] --END-- [ RunTime:0.000865s ]
INFO: [ view_template ] --START--
INFO: Run LocationTemplate Behavior [ RunTime:-0.004370s ]
INFO: [ view_template ] --END-- [ RunTime:0.000883s ]
INFO: [ view_parse ] --START--
NOTIC: [8] Use of undefined constant uid - assumed 'uid' D:\Easy2PHP5 build 2\WebSite\data\logs\Cache\Home\377f56f2e5ecfd9a39dba2c0f96d64d6.php 第 29 行.
NOTIC: [8] Undefined index:  uid D:\Easy2PHP5 build 2\WebSite\data\logs\Cache\Home\377f56f2e5ecfd9a39dba2c0f96d64d6.php 第 29 行.
INFO: Run ParseTemplate Behavior [ RunTime:-0.005309s ]
INFO: [ view_parse ] --END-- [ RunTime:0.019667s ]
INFO: [ view_filter ] --START--
INFO: Run ContentReplace Behavior [ RunTime:-0.025029s ]
INFO: Run TokenBuild Behavior [ RunTime:-0.025688s ]
INFO: Run WriteHtmlCache Behavior [ RunTime:-0.026380s ]
INFO: Run ShowRuntime Behavior [ RunTime:-0.026882s ]
INFO: [ view_filter ] --END-- [ RunTime:0.002591s ]
INFO: [ view_end ] --START--
INFO: Run ShowPageTrace Behavior [ RunTime:-0.027699s ]
INFO: [ view_end ] --END-- [ RunTime:0.000857s ]

[ 2014-03-13T02:15:22+08:00 ] 101.226.64.139 /index.php?m=Index&a=login
INFO: [ app_begin ] --START--
INFO: Run ReadHtmlCache Behavior [ RunTime:0.000784s ]
INFO: [ app_begin ] --END-- [ RunTime:0.000887s ]
INFO: [ view_template ] --START--
INFO: Run LocationTemplate Behavior [ RunTime:-0.004680s ]
INFO: [ view_template ] --END-- [ RunTime:0.000685s ]
INFO: [ view_parse ] --START--
NOTIC: [8] Use of undefined constant uid - assumed 'uid' D:\Easy2PHP5 build 2\WebSite\data\logs\Cache\Home\47f3eb7a4a5c9661138d7d37e96fcc81.php 第 28 行.
NOTIC: [8] Undefined index:  uid D:\Easy2PHP5 build 2\WebSite\data\logs\Cache\Home\47f3eb7a4a5c9661138d7d37e96fcc81.php 第 28 行.
INFO: Run ParseTemplate Behavior [ RunTime:-0.005423s ]
INFO: [ view_parse ] --END-- [ RunTime:0.017529s ]
INFO: [ view_filter ] --START--
INFO: Run ContentReplace Behavior [ RunTime:-0.023007s ]
INFO: Run TokenBuild Behavior [ RunTime:-0.023656s ]
INFO: Run WriteHtmlCache Behavior [ RunTime:-0.024382s ]
INFO: Run ShowRuntime Behavior [ RunTime:-0.024892s ]
INFO: [ view_filter ] --END-- [ RunTime:0.002626s ]
INFO: [ view_end ] --START--
INFO: Run ShowPageTrace Behavior [ RunTime:-0.025713s ]
INFO: [ view_end ] --END-- [ RunTime:0.000876s ]

[ 2014-03-13T02:15:23+08:00 ] 101.226.64.139 /index.php?m=Index&a=reg
INFO: [ app_begin ] --START--
INFO: Run ReadHtmlCache Behavior [ RunTime:0.000534s ]
INFO: [ app_begin ] --END-- [ RunTime:0.000633s ]
INFO: [ view_template ] --START--
INFO: Run LocationTemplate Behavior [ RunTime:-0.003614s ]
INFO: [ view_template ] --END-- [ RunTime:0.000747s ]
INFO: [ view_parse ] --START--
NOTIC: [8] Use of undefined constant uid - assumed 'uid' D:\Easy2PHP5 build 2\WebSite\data\logs\Cache\Home\6a86ef8323149770a1dbccc8067f70d5.php 第 28 行.
NOTIC: [8] Undefined index:  uid D:\Easy2PHP5 build 2\WebSite\data\logs\Cache\Home\6a86ef8323149770a1dbccc8067f70d5.php 第 28 行.
INFO: Run ParseTemplate Behavior [ RunTime:-0.004435s ]
INFO: [ view_parse ] --END-- [ RunTime:0.016665s ]
INFO: [ view_filter ] --START--
INFO: Run ContentReplace Behavior [ RunTime:-0.021135s ]
INFO: Run TokenBuild Behavior [ RunTime:-0.021526s ]
INFO: Run WriteHtmlCache Behavior [ RunTime:-0.022007s ]
INFO: Run ShowRuntime Behavior [ RunTime:-0.022272s ]
INFO: [ view_filter ] --END-- [ RunTime:0.001635s ]
INFO: [ view_end ] --START--
INFO: Run ShowPageTrace Behavior [ RunTime:-0.022849s ]
INFO: [ view_end ] --END-- [ RunTime:0.000610s ]

[ 2014-03-13T02:15:24+08:00 ] 101.226.64.139 /index.php?g=Home&m=Index&a=fc
INFO: [ app_begin ] --START--
INFO: Run ReadHtmlCache Behavior [ RunTime:0.000531s ]
INFO: [ app_begin ] --END-- [ RunTime:0.000628s ]
INFO: [ view_template ] --START--
INFO: Run LocationTemplate Behavior [ RunTime:-0.003617s ]
INFO: [ view_template ] --END-- [ RunTime:0.000414s ]
INFO: [ view_parse ] --START--
NOTIC: [8] Use of undefined constant uid - assumed 'uid' D:\Easy2PHP5 build 2\WebSite\data\logs\Cache\Home\9f72c086e7fd28394605e09011795541.php 第 28 行.
NOTIC: [8] Undefined index:  uid D:\Easy2PHP5 build 2\WebSite\data\logs\Cache\Home\9f72c086e7fd28394605e09011795541.php 第 28 行.
INFO: Run ParseTemplate Behavior [ RunTime:-0.004088s ]
INFO: [ view_parse ] --END-- [ RunTime:0.035855s ]
INFO: [ view_filter ] --START--
INFO: Run ContentReplace Behavior [ RunTime:-0.040006s ]
INFO: Run TokenBuild Behavior [ RunTime:-0.040545s ]
INFO: Run WriteHtmlCache Behavior [ RunTime:-0.041102s ]
INFO: Run ShowRuntime Behavior [ RunTime:-0.041366s ]
INFO: [ view_filter ] --END-- [ RunTime:0.001879s ]
INFO: [ view_end ] --START--
INFO: Run ShowPageTrace Behavior [ RunTime:-0.041979s ]
INFO: [ view_end ] --END-- [ RunTime:0.000614s ]

[ 2014-03-13T02:15:35+08:00 ] 101.226.64.139 /index.php?g=Home&m=Index&a=about
INFO: [ app_begin ] --START--
INFO: Run ReadHtmlCache Behavior [ RunTime:0.000576s ]
INFO: [ app_begin ] --END-- [ RunTime:0.000682s ]
INFO: [ view_template ] --START--
INFO: Run LocationTemplate Behavior [ RunTime:-0.003792s ]
INFO: [ view_template ] --END-- [ RunTime:0.000436s ]
INFO: [ view_parse ] --START--
NOTIC: [8] Use of undefined constant uid - assumed 'uid' D:\Easy2PHP5 build 2\WebSite\data\logs\Cache\Home\62da13d6a4a39bfa726bf0328a3d140c.php 第 28 行.
NOTIC: [8] Undefined index:  uid D:\Easy2PHP5 build 2\WebSite\data\logs\Cache\Home\62da13d6a4a39bfa726bf0328a3d140c.php 第 28 行.
INFO: Run ParseTemplate Behavior [ RunTime:-0.004286s ]
INFO: [ view_parse ] --END-- [ RunTime:0.015072s ]
INFO: [ view_filter ] --START--
INFO: Run ContentReplace Behavior [ RunTime:-0.019411s ]
INFO: Run TokenBuild Behavior [ RunTime:-0.019780s ]
INFO: Run WriteHtmlCache Behavior [ RunTime:-0.020194s ]
INFO: Run ShowRuntime Behavior [ RunTime:-0.020455s ]
INFO: [ view_filter ] --END-- [ RunTime:0.001551s ]
INFO: [ view_end ] --START--
INFO: Run ShowPageTrace Behavior [ RunTime:-0.021040s ]
INFO: [ view_end ] --END-- [ RunTime:0.000619s ]

[ 2014-03-13T02:15:36+08:00 ] 101.226.64.139 /index.php?g=Home&m=Index&a=price
INFO: [ app_begin ] --START--
INFO: Run ReadHtmlCache Behavior [ RunTime:0.000535s ]
INFO: [ app_begin ] --END-- [ RunTime:0.000630s ]
INFO: [ view_template ] --START--
INFO: Run LocationTemplate Behavior [ RunTime:-0.003516s ]
INFO: [ view_template ] --END-- [ RunTime:0.000414s ]
INFO: [ view_parse ] --START--
NOTIC: [8] Use of undefined constant uid - assumed 'uid' D:\Easy2PHP5 build 2\WebSite\data\logs\Cache\Home\47ff555cbc6903f06f2ce37c70ce0ec6.php 第 28 行.
NOTIC: [8] Undefined index:  uid D:\Easy2PHP5 build 2\WebSite\data\logs\Cache\Home\47ff555cbc6903f06f2ce37c70ce0ec6.php 第 28 行.
INFO: Run ParseTemplate Behavior [ RunTime:-0.003988s ]
INFO: [ view_parse ] --END-- [ RunTime:0.030613s ]
INFO: [ view_filter ] --START--
INFO: Run ContentReplace Behavior [ RunTime:-0.034656s ]
INFO: Run TokenBuild Behavior [ RunTime:-0.035102s ]
INFO: Run WriteHtmlCache Behavior [ RunTime:-0.035700s ]
INFO: Run ShowRuntime Behavior [ RunTime:-0.035963s ]
INFO: [ view_filter ] --END-- [ RunTime:0.001810s ]
INFO: [ view_end ] --START--
INFO: Run ShowPageTrace Behavior [ RunTime:-0.036551s ]
INFO: [ view_end ] --END-- [ RunTime:0.000634s ]

[ 2014-03-13T02:15:37+08:00 ] 101.226.64.139 /index.php?g=Home&m=Index&a=login
INFO: [ app_begin ] --START--
INFO: Run ReadHtmlCache Behavior [ RunTime:0.000532s ]
INFO: [ app_begin ] --END-- [ RunTime:0.000622s ]
INFO: [ view_template ] --START--
INFO: Run LocationTemplate Behavior [ RunTime:-0.003514s ]
INFO: [ view_template ] --END-- [ RunTime:0.000728s ]
INFO: [ view_parse ] --START--
NOTIC: [8] Use of undefined constant uid - assumed 'uid' D:\Easy2PHP5 build 2\WebSite\data\logs\Cache\Home\47f3eb7a4a5c9661138d7d37e96fcc81.php 第 28 行.
NOTIC: [8] Undefined index:  uid D:\Easy2PHP5 build 2\WebSite\data\logs\Cache\Home\47f3eb7a4a5c9661138d7d37e96fcc81.php 第 28 行.
INFO: Run ParseTemplate Behavior [ RunTime:-0.004300s ]
INFO: [ view_parse ] --END-- [ RunTime:0.016271s ]
INFO: [ view_filter ] --START--
INFO: Run ContentReplace Behavior [ RunTime:-0.020623s ]
INFO: Run TokenBuild Behavior [ RunTime:-0.021008s ]
INFO: Run WriteHtmlCache Behavior [ RunTime:-0.021487s ]
INFO: Run ShowRuntime Behavior [ RunTime:-0.021745s ]
INFO: [ view_filter ] --END-- [ RunTime:0.001617s ]
INFO: [ view_end ] --START--
INFO: Run ShowPageTrace Behavior [ RunTime:-0.022313s ]
INFO: [ view_end ] --END-- [ RunTime:0.000609s ]

[ 2014-03-13T02:15:37+08:00 ] 101.226.64.139 /index.php?g=Home&m=Index&a=help
INFO: [ app_begin ] --START--
INFO: Run ReadHtmlCache Behavior [ RunTime:0.000543s ]
INFO: [ app_begin ] --END-- [ RunTime:0.000640s ]
INFO: [ view_template ] --START--
INFO: Run LocationTemplate Behavior [ RunTime:-0.003572s ]
INFO: [ view_template ] --END-- [ RunTime:0.000825s ]
INFO: [ view_parse ] --START--
NOTIC: [8] Use of undefined constant uid - assumed 'uid' D:\Easy2PHP5 build 2\WebSite\data\logs\Cache\Home\1923ca92b2cbd35b9267c9fc28129f20.php 第 31 行.
NOTIC: [8] Undefined index:  uid D:\Easy2PHP5 build 2\WebSite\data\logs\Cache\Home\1923ca92b2cbd35b9267c9fc28129f20.php 第 31 行.
NOTIC: [8] Undefined index:  token D:\Easy2PHP5 build 2\WebSite\data\logs\Cache\Home\1923ca92b2cbd35b9267c9fc28129f20.php 第 147 行.
NOTIC: [8] Undefined index:  token D:\Easy2PHP5 build 2\WebSite\data\logs\Cache\Home\1923ca92b2cbd35b9267c9fc28129f20.php 第 174 行.
NOTIC: [8] Undefined index:  token D:\Easy2PHP5 build 2\WebSite\data\logs\Cache\Home\1923ca92b2cbd35b9267c9fc28129f20.php 第 178 行.
INFO: Run ParseTemplate Behavior [ RunTime:-0.004455s ]
INFO: [ view_parse ] --END-- [ RunTime:0.017512s ]
INFO: [ view_filter ] --START--
INFO: Run ContentReplace Behavior [ RunTime:-0.022020s ]
INFO: Run TokenBuild Behavior [ RunTime:-0.022399s ]
INFO: Run WriteHtmlCache Behavior [ RunTime:-0.022828s ]
INFO: Run ShowRuntime Behavior [ RunTime:-0.023084s ]
INFO: [ view_filter ] --END-- [ RunTime:0.001554s ]
INFO: [ view_end ] --START--
INFO: Run ShowPageTrace Behavior [ RunTime:-0.023650s ]
INFO: [ view_end ] --END-- [ RunTime:0.000604s ]

[ 2014-03-13T02:15:44+08:00 ] 101.226.64.139 /index.php?g=Home&m=Index&a=login
INFO: [ app_begin ] --START--
INFO: Run ReadHtmlCache Behavior [ RunTime:0.000523s ]
INFO: [ app_begin ] --END-- [ RunTime:0.000613s ]
INFO: [ view_template ] --START--
INFO: Run LocationTemplate Behavior [ RunTime:-0.003522s ]
INFO: [ view_template ] --END-- [ RunTime:0.000724s ]
INFO: [ view_parse ] --START--
NOTIC: [8] Use of undefined constant uid - assumed 'uid' D:\Easy2PHP5 build 2\WebSite\data\logs\Cache\Home\47f3eb7a4a5c9661138d7d37e96fcc81.php 第 28 行.
NOTIC: [8] Undefined index:  uid D:\Easy2PHP5 build 2\WebSite\data\logs\Cache\Home\47f3eb7a4a5c9661138d7d37e96fcc81.php 第 28 行.
INFO: Run ParseTemplate Behavior [ RunTime:-0.004302s ]
INFO: [ view_parse ] --END-- [ RunTime:0.016370s ]
INFO: [ view_filter ] --START--
INFO: Run ContentReplace Behavior [ RunTime:-0.020725s ]
INFO: Run TokenBuild Behavior [ RunTime:-0.021113s ]
INFO: Run WriteHtmlCache Behavior [ RunTime:-0.021562s ]
INFO: Run ShowRuntime Behavior [ RunTime:-0.021821s ]
INFO: [ view_filter ] --END-- [ RunTime:0.001601s ]
INFO: [ view_end ] --START--
INFO: Run ShowPageTrace Behavior [ RunTime:-0.022402s ]
INFO: [ view_end ] --END-- [ RunTime:0.000605s ]

[ 2014-03-13T02:15:45+08:00 ] 101.226.64.139 /index.php?g=Home&m=Index&a=login
INFO: [ app_begin ] --START--
INFO: Run ReadHtmlCache Behavior [ RunTime:0.000525s ]
INFO: [ app_begin ] --END-- [ RunTime:0.000617s ]
INFO: [ view_template ] --START--
INFO: Run LocationTemplate Behavior [ RunTime:-0.003636s ]
INFO: [ view_template ] --END-- [ RunTime:0.000724s ]
INFO: [ view_parse ] --START--
NOTIC: [8] Use of undefined constant uid - assumed 'uid' D:\Easy2PHP5 build 2\WebSite\data\logs\Cache\Home\47f3eb7a4a5c9661138d7d37e96fcc81.php 第 28 行.
NOTIC: [8] Undefined index:  uid D:\Easy2PHP5 build 2\WebSite\data\logs\Cache\Home\47f3eb7a4a5c9661138d7d37e96fcc81.php 第 28 行.
INFO: Run ParseTemplate Behavior [ RunTime:-0.004418s ]
INFO: [ view_parse ] --END-- [ RunTime:0.016446s ]
INFO: [ view_filter ] --START--
INFO: Run ContentReplace Behavior [ RunTime:-0.020917s ]
INFO: Run TokenBuild Behavior [ RunTime:-0.021305s ]
INFO: Run WriteHtmlCache Behavior [ RunTime:-0.021757s ]
INFO: Run ShowRuntime Behavior [ RunTime:-0.022021s ]
INFO: [ view_filter ] --END-- [ RunTime:0.001604s ]
INFO: [ view_end ] --START--
INFO: Run ShowPageTrace Behavior [ RunTime:-0.022596s ]
INFO: [ view_end ] --END-- [ RunTime:0.000610s ]

[ 2014-03-13T02:15:45+08:00 ] 101.226.64.139 /index.php?g=Home&m=Index&a=login
INFO: [ app_begin ] --START--
INFO: Run ReadHtmlCache Behavior [ RunTime:0.000536s ]
INFO: [ app_begin ] --END-- [ RunTime:0.000632s ]
INFO: [ view_template ] --START--
INFO: Run LocationTemplate Behavior [ RunTime:-0.003598s ]
INFO: [ view_template ] --END-- [ RunTime:0.000719s ]
INFO: [ view_parse ] --START--
NOTIC: [8] Use of undefined constant uid - assumed 'uid' D:\Easy2PHP5 build 2\WebSite\data\logs\Cache\Home\47f3eb7a4a5c9661138d7d37e96fcc81.php 第 28 行.
NOTIC: [8] Undefined index:  uid D:\Easy2PHP5 build 2\WebSite\data\logs\Cache\Home\47f3eb7a4a5c9661138d7d37e96fcc81.php 第 28 行.
INFO: Run ParseTemplate Behavior [ RunTime:-0.004375s ]
INFO: [ view_parse ] --END-- [ RunTime:0.016372s ]
INFO: [ view_filter ] --START--
INFO: Run ContentReplace Behavior [ RunTime:-0.020800s ]
INFO: Run TokenBuild Behavior [ RunTime:-0.021183s ]
INFO: Run WriteHtmlCache Behavior [ RunTime:-0.021636s ]
INFO: Run ShowRuntime Behavior [ RunTime:-0.021899s ]
INFO: [ view_filter ] --END-- [ RunTime:0.001606s ]
INFO: [ view_end ] --START--
INFO: Run ShowPageTrace Behavior [ RunTime:-0.022483s ]
INFO: [ view_end ] --END-- [ RunTime:0.000617s ]

[ 2014-03-13T02:15:46+08:00 ] 101.226.64.139 /index.php?g=Home&m=Index&a=login
INFO: [ app_begin ] --START--
INFO: Run ReadHtmlCache Behavior [ RunTime:0.000528s ]
INFO: [ app_begin ] --END-- [ RunTime:0.000620s ]
INFO: [ view_template ] --START--
INFO: Run LocationTemplate Behavior [ RunTime:-0.003534s ]
INFO: [ view_template ] --END-- [ RunTime:0.000718s ]
INFO: [ view_parse ] --START--
NOTIC: [8] Use of undefined constant uid - assumed 'uid' D:\Easy2PHP5 build 2\WebSite\data\logs\Cache\Home\47f3eb7a4a5c9661138d7d37e96fcc81.php 第 28 行.
NOTIC: [8] Undefined index:  uid D:\Easy2PHP5 build 2\WebSite\data\logs\Cache\Home\47f3eb7a4a5c9661138d7d37e96fcc81.php 第 28 行.
INFO: Run ParseTemplate Behavior [ RunTime:-0.004309s ]
INFO: [ view_parse ] --END-- [ RunTime:0.016289s ]
INFO: [ view_filter ] --START--
INFO: Run ContentReplace Behavior [ RunTime:-0.020652s ]
INFO: Run TokenBuild Behavior [ RunTime:-0.021037s ]
INFO: Run WriteHtmlCache Behavior [ RunTime:-0.021489s ]
INFO: Run ShowRuntime Behavior [ RunTime:-0.021749s ]
INFO: [ view_filter ] --END-- [ RunTime:0.001596s ]
INFO: [ view_end ] --START--
INFO: Run ShowPageTrace Behavior [ RunTime:-0.022324s ]
INFO: [ view_end ] --END-- [ RunTime:0.000614s ]

[ 2014-03-13T02:15:47+08:00 ] 101.226.64.139 /index.php?g=Home&m=Index&a=login
INFO: [ app_begin ] --START--
INFO: Run ReadHtmlCache Behavior [ RunTime:0.000523s ]
INFO: [ app_begin ] --END-- [ RunTime:0.000613s ]
INFO: [ view_template ] --START--
INFO: Run LocationTemplate Behavior [ RunTime:-0.003516s ]
INFO: [ view_template ] --END-- [ RunTime:0.000718s ]
INFO: [ view_parse ] --START--
NOTIC: [8] Use of undefined constant uid - assumed 'uid' D:\Easy2PHP5 build 2\WebSite\data\logs\Cache\Home\47f3eb7a4a5c9661138d7d37e96fcc81.php 第 28 行.
NOTIC: [8] Undefined index:  uid D:\Easy2PHP5 build 2\WebSite\data\logs\Cache\Home\47f3eb7a4a5c9661138d7d37e96fcc81.php 第 28 行.
INFO: Run ParseTemplate Behavior [ RunTime:-0.004296s ]
INFO: [ view_parse ] --END-- [ RunTime:0.016283s ]
INFO: [ view_filter ] --START--
INFO: Run ContentReplace Behavior [ RunTime:-0.020631s ]
INFO: Run TokenBuild Behavior [ RunTime:-0.021013s ]
INFO: Run WriteHtmlCache Behavior [ RunTime:-0.021471s ]
INFO: Run ShowRuntime Behavior [ RunTime:-0.021731s ]
INFO: [ view_filter ] --END-- [ RunTime:0.001607s ]
INFO: [ view_end ] --START--
INFO: Run ShowPageTrace Behavior [ RunTime:-0.022313s ]
INFO: [ view_end ] --END-- [ RunTime:0.000639s ]

[ 2014-03-13T02:15:47+08:00 ] 101.226.64.139 /index.php?g=Home&m=Index&a=login
INFO: [ app_begin ] --START--
INFO: Run ReadHtmlCache Behavior [ RunTime:0.000531s ]
INFO: [ app_begin ] --END-- [ RunTime:0.000627s ]
INFO: [ view_template ] --START--
INFO: Run LocationTemplate Behavior [ RunTime:-0.003595s ]
INFO: [ view_template ] --END-- [ RunTime:0.000723s ]
INFO: [ view_parse ] --START--
NOTIC: [8] Use of undefined constant uid - assumed 'uid' D:\Easy2PHP5 build 2\WebSite\data\logs\Cache\Home\47f3eb7a4a5c9661138d7d37e96fcc81.php 第 28 行.
NOTIC: [8] Undefined index:  uid D:\Easy2PHP5 build 2\WebSite\data\logs\Cache\Home\47f3eb7a4a5c9661138d7d37e96fcc81.php 第 28 行.
INFO: Run ParseTemplate Behavior [ RunTime:-0.004376s ]
INFO: [ view_parse ] --END-- [ RunTime:0.017554s ]
INFO: [ view_filter ] --START--
INFO: Run ContentReplace Behavior [ RunTime:-0.021995s ]
INFO: Run TokenBuild Behavior [ RunTime:-0.022395s ]
INFO: Run WriteHtmlCache Behavior [ RunTime:-0.022850s ]
INFO: Run ShowRuntime Behavior [ RunTime:-0.023119s ]
INFO: [ view_filter ] --END-- [ RunTime:0.001639s ]
INFO: [ view_end ] --START--
INFO: Run ShowPageTrace Behavior [ RunTime:-0.023709s ]
INFO: [ view_end ] --END-- [ RunTime:0.000631s ]

[ 2014-03-13T02:15:48+08:00 ] 101.226.64.139 /index.php?g=Home&m=Index&a=login
INFO: [ app_begin ] --START--
INFO: Run ReadHtmlCache Behavior [ RunTime:0.000676s ]
INFO: [ app_begin ] --END-- [ RunTime:0.000771s ]
INFO: [ view_template ] --START--
INFO: Run LocationTemplate Behavior [ RunTime:-0.003603s ]
INFO: [ view_template ] --END-- [ RunTime:0.000715s ]
INFO: [ view_parse ] --START--
NOTIC: [8] Use of undefined constant uid - assumed 'uid' D:\Easy2PHP5 build 2\WebSite\data\logs\Cache\Home\47f3eb7a4a5c9661138d7d37e96fcc81.php 第 28 行.
NOTIC: [8] Undefined index:  uid D:\Easy2PHP5 build 2\WebSite\data\logs\Cache\Home\47f3eb7a4a5c9661138d7d37e96fcc81.php 第 28 行.
INFO: Run ParseTemplate Behavior [ RunTime:-0.004376s ]
INFO: [ view_parse ] --END-- [ RunTime:0.016286s ]
INFO: [ view_filter ] --START--
INFO: Run ContentReplace Behavior [ RunTime:-0.020717s ]
INFO: Run TokenBuild Behavior [ RunTime:-0.021102s ]
INFO: Run WriteHtmlCache Behavior [ RunTime:-0.021554s ]
INFO: Run ShowRuntime Behavior [ RunTime:-0.021812s ]
INFO: [ view_filter ] --END-- [ RunTime:0.001592s ]
INFO: [ view_end ] --START--
INFO: Run ShowPageTrace Behavior [ RunTime:-0.022385s ]
INFO: [ view_end ] --END-- [ RunTime:0.000604s ]

[ 2014-03-13T02:15:49+08:00 ] 101.226.64.139 /index.php?g=Home&m=Index&a=login
INFO: [ app_begin ] --START--
INFO: Run ReadHtmlCache Behavior [ RunTime:0.000533s ]
INFO: [ app_begin ] --END-- [ RunTime:0.000629s ]
INFO: [ view_template ] --START--
INFO: Run LocationTemplate Behavior [ RunTime:-0.003599s ]
INFO: [ view_template ] --END-- [ RunTime:0.000727s ]
INFO: [ view_parse ] --START--
NOTIC: [8] Use of undefined constant uid - assumed 'uid' D:\Easy2PHP5 build 2\WebSite\data\logs\Cache\Home\47f3eb7a4a5c9661138d7d37e96fcc81.php 第 28 行.
NOTIC: [8] Undefined index:  uid D:\Easy2PHP5 build 2\WebSite\data\logs\Cache\Home\47f3eb7a4a5c9661138d7d37e96fcc81.php 第 28 行.
INFO: Run ParseTemplate Behavior [ RunTime:-0.004384s ]
INFO: [ view_parse ] --END-- [ RunTime:0.016288s ]
INFO: [ view_filter ] --START--
INFO: Run ContentReplace Behavior [ RunTime:-0.020726s ]
INFO: Run TokenBuild Behavior [ RunTime:-0.021108s ]
INFO: Run WriteHtmlCache Behavior [ RunTime:-0.021560s ]
INFO: Run ShowRuntime Behavior [ RunTime:-0.021821s ]
INFO: [ view_filter ] --END-- [ RunTime:0.001593s ]
INFO: [ view_end ] --START--
INFO: Run ShowPageTrace Behavior [ RunTime:-0.022395s ]
INFO: [ view_end ] --END-- [ RunTime:0.000864s ]

[ 2014-03-13T02:15:50+08:00 ] 101.226.64.139 /index.php?g=Home&m=Index&a=common
INFO: [ app_begin ] --START--
INFO: Run ReadHtmlCache Behavior [ RunTime:0.000521s ]
INFO: [ app_begin ] --END-- [ RunTime:0.000611s ]
INFO: [ view_template ] --START--
INFO: Run LocationTemplate Behavior [ RunTime:-0.003525s ]
INFO: [ view_template ] --END-- [ RunTime:0.000709s ]
INFO: [ view_parse ] --START--
NOTIC: [8] Use of undefined constant uid - assumed 'uid' D:\Easy2PHP5 build 2\WebSite\data\logs\Cache\Home\ecd2f15f89cb0a4c66318a264045f6be.php 第 28 行.
NOTIC: [8] Undefined index:  uid D:\Easy2PHP5 build 2\WebSite\data\logs\Cache\Home\ecd2f15f89cb0a4c66318a264045f6be.php 第 28 行.
INFO: Run ParseTemplate Behavior [ RunTime:-0.004292s ]
INFO: [ view_parse ] --END-- [ RunTime:0.014085s ]
INFO: [ view_filter ] --START--
INFO: Run ContentReplace Behavior [ RunTime:-0.018430s ]
INFO: Run TokenBuild Behavior [ RunTime:-0.018787s ]
INFO: Run WriteHtmlCache Behavior [ RunTime:-0.019229s ]
INFO: Run ShowRuntime Behavior [ RunTime:-0.019489s ]
INFO: [ view_filter ] --END-- [ RunTime:0.001544s ]
INFO: [ view_end ] --START--
INFO: Run ShowPageTrace Behavior [ RunTime:-0.020049s ]
INFO: [ view_end ] --END-- [ RunTime:0.000619s ]

[ 2014-03-13T07:29:07+08:00 ] 222.124.145.92 /
INFO: [ app_begin ] --START--
INFO: Run ReadHtmlCache Behavior [ RunTime:0.000971s ]
INFO: [ app_begin ] --END-- [ RunTime:0.001070s ]
NOTIC: [8] Undefined index:  HTTP_HOST D:\Easy2PHP5 build 2\WebSite\Core\_Core\Lib\Core\Action.class.php 第 344 行.
NOTIC: [8] Undefined index:  1 D:\Easy2PHP5 build 2\WebSite\Core\_Core\Lib\Core\Action.class.php 第 57 行.
NOTIC: [8] Undefined index:  HTTP_HOST D:\Easy2PHP5 build 2\WebSite\Core\_Core\Common\common.php 第 261 行.
NOTIC: [8] Undefined index:  1 D:\Easy2PHP5 build 2\WebSite\Core\_Core\Lib\Core\View.class.php 第 70 行.
INFO: [ view_template ] --START--
INFO: Run LocationTemplate Behavior [ RunTime:-0.005310s ]
INFO: [ view_template ] --END-- [ RunTime:0.000878s ]
INFO: [ view_parse ] --START--
NOTIC: [8] Use of undefined constant uid - assumed 'uid' D:\Easy2PHP5 build 2\WebSite\data\logs\Cache\Home\377f56f2e5ecfd9a39dba2c0f96d64d6.php 第 29 行.
NOTIC: [8] Undefined index:  uid D:\Easy2PHP5 build 2\WebSite\data\logs\Cache\Home\377f56f2e5ecfd9a39dba2c0f96d64d6.php 第 29 行.
INFO: Run ParseTemplate Behavior [ RunTime:-0.006251s ]
INFO: [ view_parse ] --END-- [ RunTime:0.019109s ]
INFO: [ view_filter ] --START--
INFO: Run ContentReplace Behavior [ RunTime:-0.025414s ]
INFO: Run TokenBuild Behavior [ RunTime:-0.026058s ]
INFO: Run WriteHtmlCache Behavior [ RunTime:-0.026751s ]
INFO: Run ShowRuntime Behavior [ RunTime:-0.027267s ]
INFO: [ view_filter ] --END-- [ RunTime:0.002584s ]
INFO: [ view_end ] --START--
INFO: Run ShowPageTrace Behavior [ RunTime:-0.028075s ]
INFO: [ view_end ] --END-- [ RunTime:0.000854s ]

[ 2014-03-13T09:44:20+08:00 ] 46.209.219.39 /
INFO: [ app_begin ] --START--
INFO: Run ReadHtmlCache Behavior [ RunTime:0.000799s ]
INFO: [ app_begin ] --END-- [ RunTime:0.000898s ]
NOTIC: [8] Undefined index:  HTTP_HOST D:\Easy2PHP5 build 2\WebSite\Core\_Core\Lib\Core\Action.class.php 第 344 行.
NOTIC: [8] Undefined index:  1 D:\Easy2PHP5 build 2\WebSite\Core\_Core\Lib\Core\Action.class.php 第 57 行.
NOTIC: [8] Undefined index:  HTTP_HOST D:\Easy2PHP5 build 2\WebSite\Core\_Core\Common\common.php 第 261 行.
NOTIC: [8] Undefined index:  1 D:\Easy2PHP5 build 2\WebSite\Core\_Core\Lib\Core\View.class.php 第 70 行.
INFO: [ view_template ] --START--
INFO: Run LocationTemplate Behavior [ RunTime:-0.004492s ]
INFO: [ view_template ] --END-- [ RunTime:0.000884s ]
INFO: [ view_parse ] --START--
NOTIC: [8] Use of undefined constant uid - assumed 'uid' D:\Easy2PHP5 build 2\WebSite\data\logs\Cache\Home\377f56f2e5ecfd9a39dba2c0f96d64d6.php 第 29 行.
NOTIC: [8] Undefined index:  uid D:\Easy2PHP5 build 2\WebSite\data\logs\Cache\Home\377f56f2e5ecfd9a39dba2c0f96d64d6.php 第 29 行.
INFO: Run ParseTemplate Behavior [ RunTime:-0.005437s ]
INFO: [ view_parse ] --END-- [ RunTime:0.019751s ]
INFO: [ view_filter ] --START--
INFO: Run ContentReplace Behavior [ RunTime:-0.025255s ]
INFO: Run TokenBuild Behavior [ RunTime:-0.025939s ]
INFO: Run WriteHtmlCache Behavior [ RunTime:-0.026639s ]
INFO: Run ShowRuntime Behavior [ RunTime:-0.027163s ]
INFO: [ view_filter ] --END-- [ RunTime:0.002644s ]
INFO: [ view_end ] --START--
INFO: Run ShowPageTrace Behavior [ RunTime:-0.027984s ]
INFO: [ view_end ] --END-- [ RunTime:0.000863s ]

[ 2014-03-13T12:27:11+08:00 ] 218.6.198.251 /index.php?g=Wap&m=Index&a=index&token=coslsg1394338022&wecha_id=o_93gjonu6O-Acn9gbztYf5JivR4
INFO: [ app_begin ] --START--
INFO: Run ReadHtmlCache Behavior [ RunTime:0.000534s ]
INFO: [ app_begin ] --END-- [ RunTime:0.000630s ]
SQL: SHOW COLUMNS FROM `wx_wxuser` [ RunTime:0.001195s ]
SQL: SELECT * FROM `wx_wxuser` WHERE ( `token` = 'coslsg1394338022' ) LIMIT 1   [ RunTime:0.000164s ]
SQL: SHOW COLUMNS FROM `wx_classify` [ RunTime:0.000854s ]
SQL: SELECT * FROM `wx_classify` WHERE ( `token` = 'coslsg1394338022' ) AND ( `status` = 1 ) ORDER BY sorts desc  [ RunTime:0.000135s ]
SQL: SHOW COLUMNS FROM `wx_users` [ RunTime:0.000765s ]
SQL: SELECT `gid` FROM `wx_users` WHERE ( `id` = 21 ) LIMIT 1   [ RunTime:0.000225s ]
SQL: SHOW COLUMNS FROM `wx_user_group` [ RunTime:0.000697s ]
SQL: SELECT `iscopyright` FROM `wx_user_group` WHERE ( `id` = 7 ) LIMIT 1   [ RunTime:0.000137s ]
SQL: SHOW COLUMNS FROM `wx_company` [ RunTime:0.000921s ]
SQL: SELECT * FROM `wx_company` WHERE ( `token` = 'coslsg1394338022' ) AND ( `isbranch` = 0 ) LIMIT 1   [ RunTime:0.000150s ]
SQL: SHOW COLUMNS FROM `wx_home` [ RunTime:0.000630s ]
SQL: SELECT * FROM `wx_home` WHERE ( `token` = 'coslsg1394338022' )  [ RunTime:0.000136s ]
SQL: SHOW COLUMNS FROM `wx_menuplus` [ RunTime:0.001410s ]
SQL: SELECT * FROM `wx_menuplus` WHERE ( `token` = 'coslsg1394338022' )  [ RunTime:0.000177s ]
SQL: SHOW COLUMNS FROM `wx_user_group` [ RunTime:0.000686s ]
SQL: SELECT * FROM `wx_user_group` WHERE ( `id` = null ) LIMIT 1   [ RunTime:0.000135s ]
SQL: SHOW COLUMNS FROM `wx_flash` [ RunTime:0.000800s ]
SQL: SELECT * FROM `wx_flash` WHERE ( `token` = 'coslsg1394338022' )  [ RunTime:0.000130s ]
INFO: [ view_template ] --START--
INFO: Run LocationTemplate Behavior [ RunTime:-0.029895s ]
INFO: [ view_template ] --END-- [ RunTime:0.001140s ]
INFO: [ view_parse ] --START--
NOTIC: [8] Undefined variable: siteCopyright D:\Easy2PHP5 build 2\WebSite\data\logs\Cache\Wap\72f6ffc8ea4fc8b8103f470579c9374c.php 第 150 行.
INFO: Run ParseTemplate Behavior [ RunTime:-0.031096s ]
INFO: [ view_parse ] --END-- [ RunTime:0.015668s ]
INFO: [ view_filter ] --START--
INFO: Run ContentReplace Behavior [ RunTime:-0.046818s ]
INFO: Run TokenBuild Behavior [ RunTime:-0.047434s ]
INFO: Run WriteHtmlCache Behavior [ RunTime:-0.048080s ]
INFO: Run ShowRuntime Behavior [ RunTime:-0.048613s ]
INFO: [ view_filter ] --END-- [ RunTime:0.002533s ]
INFO: [ view_end ] --START--
INFO: Run ShowPageTrace Behavior [ RunTime:-0.049430s ]
INFO: [ view_end ] --END-- [ RunTime:0.000859s ]

[ 2014-03-13T12:37:44+08:00 ] 218.6.198.251 /
INFO: [ app_begin ] --START--
INFO: Run ReadHtmlCache Behavior [ RunTime:0.000773s ]
INFO: [ app_begin ] --END-- [ RunTime:0.000870s ]
INFO: [ view_template ] --START--
INFO: Run LocationTemplate Behavior [ RunTime:-0.004620s ]
INFO: [ view_template ] --END-- [ RunTime:0.000877s ]
INFO: [ view_parse ] --START--
NOTIC: [8] Use of undefined constant uid - assumed 'uid' D:\Easy2PHP5 build 2\WebSite\data\logs\Cache\Home\377f56f2e5ecfd9a39dba2c0f96d64d6.php 第 29 行.
NOTIC: [8] Undefined index:  uid D:\Easy2PHP5 build 2\WebSite\data\logs\Cache\Home\377f56f2e5ecfd9a39dba2c0f96d64d6.php 第 29 行.
INFO: Run ParseTemplate Behavior [ RunTime:-0.005555s ]
INFO: [ view_parse ] --END-- [ RunTime:0.019051s ]
INFO: [ view_filter ] --START--
INFO: Run ContentReplace Behavior [ RunTime:-0.024659s ]
INFO: Run TokenBuild Behavior [ RunTime:-0.025296s ]
INFO: Run WriteHtmlCache Behavior [ RunTime:-0.026200s ]
INFO: Run ShowRuntime Behavior [ RunTime:-0.026706s ]
INFO: [ view_filter ] --END-- [ RunTime:0.002774s ]
INFO: [ view_end ] --START--
INFO: Run ShowPageTrace Behavior [ RunTime:-0.027511s ]
INFO: [ view_end ] --END-- [ RunTime:0.000851s ]

[ 2014-03-13T12:38:11+08:00 ] 218.6.198.251 /
INFO: [ app_begin ] --START--
INFO: Run ReadHtmlCache Behavior [ RunTime:0.000780s ]
INFO: [ app_begin ] --END-- [ RunTime:0.000883s ]
INFO: [ view_template ] --START--
INFO: Run LocationTemplate Behavior [ RunTime:-0.004724s ]
INFO: [ view_template ] --END-- [ RunTime:0.000885s ]
INFO: [ view_parse ] --START--
NOTIC: [8] Use of undefined constant uid - assumed 'uid' D:\Easy2PHP5 build 2\WebSite\data\logs\Cache\Home\377f56f2e5ecfd9a39dba2c0f96d64d6.php 第 29 行.
NOTIC: [8] Undefined index:  uid D:\Easy2PHP5 build 2\WebSite\data\logs\Cache\Home\377f56f2e5ecfd9a39dba2c0f96d64d6.php 第 29 行.
INFO: Run ParseTemplate Behavior [ RunTime:-0.005669s ]
INFO: [ view_parse ] --END-- [ RunTime:0.024778s ]
INFO: [ view_filter ] --START--
INFO: Run ContentReplace Behavior [ RunTime:-0.030507s ]
INFO: Run TokenBuild Behavior [ RunTime:-0.031173s ]
INFO: Run WriteHtmlCache Behavior [ RunTime:-0.031986s ]
INFO: Run ShowRuntime Behavior [ RunTime:-0.032494s ]
INFO: [ view_filter ] --END-- [ RunTime:0.002722s ]
INFO: [ view_end ] --START--
INFO: Run ShowPageTrace Behavior [ RunTime:-0.033312s ]
INFO: [ view_end ] --END-- [ RunTime:0.000865s ]

[ 2014-03-13T12:38:20+08:00 ] 218.6.198.251 /index.php?g=Home&m=Index&a=fc
INFO: [ app_begin ] --START--
INFO: Run ReadHtmlCache Behavior [ RunTime:0.000842s ]
INFO: [ app_begin ] --END-- [ RunTime:0.000940s ]
INFO: [ view_template ] --START--
INFO: Run LocationTemplate Behavior [ RunTime:-0.004909s ]
INFO: [ view_template ] --END-- [ RunTime:0.000717s ]
INFO: [ view_parse ] --START--
NOTIC: [8] Use of undefined constant uid - assumed 'uid' D:\Easy2PHP5 build 2\WebSite\data\logs\Cache\Home\9f72c086e7fd28394605e09011795541.php 第 28 行.
NOTIC: [8] Undefined index:  uid D:\Easy2PHP5 build 2\WebSite\data\logs\Cache\Home\9f72c086e7fd28394605e09011795541.php 第 28 行.
INFO: Run ParseTemplate Behavior [ RunTime:-0.005685s ]
INFO: [ view_parse ] --END-- [ RunTime:0.038247s ]
INFO: [ view_filter ] --START--
INFO: Run ContentReplace Behavior [ RunTime:-0.044012s ]
INFO: Run TokenBuild Behavior [ RunTime:-0.044808s ]
INFO: Run WriteHtmlCache Behavior [ RunTime:-0.045734s ]
INFO: Run ShowRuntime Behavior [ RunTime:-0.046250s ]
INFO: [ view_filter ] --END-- [ RunTime:0.003021s ]
INFO: [ view_end ] --START--
INFO: Run ShowPageTrace Behavior [ RunTime:-0.047131s ]
INFO: [ view_end ] --END-- [ RunTime:0.000865s ]

[ 2014-03-13T12:38:27+08:00 ] 218.6.198.251 /index.php?g=Home&m=Index&a=about
INFO: [ app_begin ] --START--
INFO: Run ReadHtmlCache Behavior [ RunTime:0.000815s ]
INFO: [ app_begin ] --END-- [ RunTime:0.000918s ]
INFO: [ view_template ] --START--
INFO: Run LocationTemplate Behavior [ RunTime:-0.005121s ]
INFO: [ view_template ] --END-- [ RunTime:0.000681s ]
INFO: [ view_parse ] --START--
NOTIC: [8] Use of undefined constant uid - assumed 'uid' D:\Easy2PHP5 build 2\WebSite\data\logs\Cache\Home\62da13d6a4a39bfa726bf0328a3d140c.php 第 28 行.
NOTIC: [8] Undefined index:  uid D:\Easy2PHP5 build 2\WebSite\data\logs\Cache\Home\62da13d6a4a39bfa726bf0328a3d140c.php 第 28 行.
INFO: Run ParseTemplate Behavior [ RunTime:-0.005863s ]
INFO: [ view_parse ] --END-- [ RunTime:0.025561s ]
INFO: [ view_filter ] --START--
INFO: Run ContentReplace Behavior [ RunTime:-0.031475s ]
INFO: Run TokenBuild Behavior [ RunTime:-0.032117s ]
INFO: Run WriteHtmlCache Behavior [ RunTime:-0.032927s ]
INFO: Run ShowRuntime Behavior [ RunTime:-0.033445s ]
INFO: [ view_filter ] --END-- [ RunTime:0.002717s ]
INFO: [ view_end ] --START--
INFO: Run ShowPageTrace Behavior [ RunTime:-0.034268s ]
INFO: [ view_end ] --END-- [ RunTime:0.000868s ]

[ 2014-03-13T12:38:32+08:00 ] 218.6.198.251 /index.php?g=Home&m=Index&a=price
INFO: [ app_begin ] --START--
INFO: Run ReadHtmlCache Behavior [ RunTime:0.000785s ]
INFO: [ app_begin ] --END-- [ RunTime:0.000892s ]
INFO: [ view_template ] --START--
INFO: Run LocationTemplate Behavior [ RunTime:-0.004895s ]
INFO: [ view_template ] --END-- [ RunTime:0.000674s ]
INFO: [ view_parse ] --START--
NOTIC: [8] Use of undefined constant uid - assumed 'uid' D:\Easy2PHP5 build 2\WebSite\data\logs\Cache\Home\47ff555cbc6903f06f2ce37c70ce0ec6.php 第 28 行.
NOTIC: [8] Undefined index:  uid D:\Easy2PHP5 build 2\WebSite\data\logs\Cache\Home\47ff555cbc6903f06f2ce37c70ce0ec6.php 第 28 行.
INFO: Run ParseTemplate Behavior [ RunTime:-0.005627s ]
INFO: [ view_parse ] --END-- [ RunTime:0.053401s ]
INFO: [ view_filter ] --START--
INFO: Run ContentReplace Behavior [ RunTime:-0.059097s ]
INFO: Run TokenBuild Behavior [ RunTime:-0.059873s ]
INFO: Run WriteHtmlCache Behavior [ RunTime:-0.060963s ]
INFO: Run ShowRuntime Behavior [ RunTime:-0.061487s ]
INFO: [ view_filter ] --END-- [ RunTime:0.003157s ]
INFO: [ view_end ] --START--
INFO: Run ShowPageTrace Behavior [ RunTime:-0.062352s ]
INFO: [ view_end ] --END-- [ RunTime:0.000877s ]

[ 2014-03-13T12:38:34+08:00 ] 218.6.198.251 /index.php?g=Home&m=Index&a=login
INFO: [ app_begin ] --START--
INFO: Run ReadHtmlCache Behavior [ RunTime:0.000530s ]
INFO: [ app_begin ] --END-- [ RunTime:0.000619s ]
INFO: [ view_template ] --START--
INFO: Run LocationTemplate Behavior [ RunTime:-0.003691s ]
INFO: [ view_template ] --END-- [ RunTime:0.000677s ]
INFO: [ view_parse ] --START--
NOTIC: [8] Use of undefined constant uid - assumed 'uid' D:\Easy2PHP5 build 2\WebSite\data\logs\Cache\Home\47f3eb7a4a5c9661138d7d37e96fcc81.php 第 28 行.
NOTIC: [8] Undefined index:  uid D:\Easy2PHP5 build 2\WebSite\data\logs\Cache\Home\47f3eb7a4a5c9661138d7d37e96fcc81.php 第 28 行.
INFO: Run ParseTemplate Behavior [ RunTime:-0.004430s ]
INFO: [ view_parse ] --END-- [ RunTime:0.026944s ]
INFO: [ view_filter ] --START--
INFO: Run ContentReplace Behavior [ RunTime:-0.031426s ]
INFO: Run TokenBuild Behavior [ RunTime:-0.032089s ]
INFO: Run WriteHtmlCache Behavior [ RunTime:-0.032968s ]
INFO: Run ShowRuntime Behavior [ RunTime:-0.033487s ]
INFO: [ view_filter ] --END-- [ RunTime:0.002815s ]
INFO: [ view_end ] --START--
INFO: Run ShowPageTrace Behavior [ RunTime:-0.034319s ]
INFO: [ view_end ] --END-- [ RunTime:0.000875s ]

[ 2014-03-13T12:38:43+08:00 ] 218.6.198.251 /index.php?g=Home&m=Index&a=help
INFO: [ app_begin ] --START--
INFO: Run ReadHtmlCache Behavior [ RunTime:0.000864s ]
INFO: [ app_begin ] --END-- [ RunTime:0.000963s ]
INFO: [ view_template ] --START--
INFO: Run LocationTemplate Behavior [ RunTime:-0.005348s ]
INFO: [ view_template ] --END-- [ RunTime:0.000733s ]
INFO: [ view_parse ] --START--
NOTIC: [8] Use of undefined constant uid - assumed 'uid' D:\Easy2PHP5 build 2\WebSite\data\logs\Cache\Home\1923ca92b2cbd35b9267c9fc28129f20.php 第 31 行.
NOTIC: [8] Undefined index:  uid D:\Easy2PHP5 build 2\WebSite\data\logs\Cache\Home\1923ca92b2cbd35b9267c9fc28129f20.php 第 31 行.
NOTIC: [8] Undefined index:  token D:\Easy2PHP5 build 2\WebSite\data\logs\Cache\Home\1923ca92b2cbd35b9267c9fc28129f20.php 第 147 行.
NOTIC: [8] Undefined index:  token D:\Easy2PHP5 build 2\WebSite\data\logs\Cache\Home\1923ca92b2cbd35b9267c9fc28129f20.php 第 174 行.
NOTIC: [8] Undefined index:  token D:\Easy2PHP5 build 2\WebSite\data\logs\Cache\Home\1923ca92b2cbd35b9267c9fc28129f20.php 第 178 行.
INFO: Run ParseTemplate Behavior [ RunTime:-0.006139s ]
INFO: [ view_parse ] --END-- [ RunTime:0.029582s ]
INFO: [ view_filter ] --START--
INFO: Run ContentReplace Behavior [ RunTime:-0.035789s ]
INFO: Run TokenBuild Behavior [ RunTime:-0.036473s ]
INFO: Run WriteHtmlCache Behavior [ RunTime:-0.037321s ]
INFO: Run ShowRuntime Behavior [ RunTime:-0.037842s ]
INFO: [ view_filter ] --END-- [ RunTime:0.002817s ]
INFO: [ view_end ] --START--
INFO: Run ShowPageTrace Behavior [ RunTime:-0.038687s ]
INFO: [ view_end ] --END-- [ RunTime:0.000883s ]

[ 2014-03-13T12:38:55+08:00 ] 218.6.198.251 /index.php?g=Home&m=Index&a=login
INFO: [ app_begin ] --START--
INFO: Run ReadHtmlCache Behavior [ RunTime:0.000532s ]
INFO: [ app_begin ] --END-- [ RunTime:0.000627s ]
INFO: [ view_template ] --START--
INFO: Run LocationTemplate Behavior [ RunTime:-0.003741s ]
INFO: [ view_template ] --END-- [ RunTime:0.000692s ]
INFO: [ view_parse ] --START--
NOTIC: [8] Use of undefined constant uid - assumed 'uid' D:\Easy2PHP5 build 2\WebSite\data\logs\Cache\Home\47f3eb7a4a5c9661138d7d37e96fcc81.php 第 28 行.
NOTIC: [8] Undefined index:  uid D:\Easy2PHP5 build 2\WebSite\data\logs\Cache\Home\47f3eb7a4a5c9661138d7d37e96fcc81.php 第 28 行.
INFO: Run ParseTemplate Behavior [ RunTime:-0.004491s ]
INFO: [ view_parse ] --END-- [ RunTime:0.026735s ]
INFO: [ view_filter ] --START--
INFO: Run ContentReplace Behavior [ RunTime:-0.031279s ]
INFO: Run TokenBuild Behavior [ RunTime:-0.031933s ]
INFO: Run WriteHtmlCache Behavior [ RunTime:-0.032762s ]
INFO: Run ShowRuntime Behavior [ RunTime:-0.033278s ]
INFO: [ view_filter ] --END-- [ RunTime:0.002742s ]
INFO: [ view_end ] --START--
INFO: Run ShowPageTrace Behavior [ RunTime:-0.034099s ]
INFO: [ view_end ] --END-- [ RunTime:0.000861s ]

[ 2014-03-13T12:39:08+08:00 ] 218.6.198.251 /index.php?g=Home&m=Index&a=price
INFO: [ app_begin ] --START--
INFO: Run ReadHtmlCache Behavior [ RunTime:0.000532s ]
INFO: [ app_begin ] --END-- [ RunTime:0.000626s ]
INFO: [ view_template ] --START--
INFO: Run LocationTemplate Behavior [ RunTime:-0.003500s ]
INFO: [ view_template ] --END-- [ RunTime:0.000410s ]
INFO: [ view_parse ] --START--
NOTIC: [8] Use of undefined constant uid - assumed 'uid' D:\Easy2PHP5 build 2\WebSite\data\logs\Cache\Home\47ff555cbc6903f06f2ce37c70ce0ec6.php 第 28 行.
NOTIC: [8] Undefined index:  uid D:\Easy2PHP5 build 2\WebSite\data\logs\Cache\Home\47ff555cbc6903f06f2ce37c70ce0ec6.php 第 28 行.
INFO: Run ParseTemplate Behavior [ RunTime:-0.003977s ]
INFO: [ view_parse ] --END-- [ RunTime:0.044514s ]
INFO: [ view_filter ] --START--
INFO: Run ContentReplace Behavior [ RunTime:-0.048539s ]
INFO: Run TokenBuild Behavior [ RunTime:-0.048991s ]
INFO: Run WriteHtmlCache Behavior [ RunTime:-0.049675s ]
INFO: Run ShowRuntime Behavior [ RunTime:-0.049936s ]
INFO: [ view_filter ] --END-- [ RunTime:0.001895s ]
INFO: [ view_end ] --START--
INFO: Run ShowPageTrace Behavior [ RunTime:-0.050521s ]
INFO: [ view_end ] --END-- [ RunTime:0.000606s ]

[ 2014-03-13T12:40:00+08:00 ] 218.6.198.251 /index.php?g=Home&m=Index&a=fc
INFO: [ app_begin ] --START--
INFO: Run ReadHtmlCache Behavior [ RunTime:0.000772s ]
INFO: [ app_begin ] --END-- [ RunTime:0.000870s ]
INFO: [ view_template ] --START--
INFO: Run LocationTemplate Behavior [ RunTime:-0.005175s ]
INFO: [ view_template ] --END-- [ RunTime:0.000661s ]
INFO: [ view_parse ] --START--
NOTIC: [8] Use of undefined constant uid - assumed 'uid' D:\Easy2PHP5 build 2\WebSite\data\logs\Cache\Home\9f72c086e7fd28394605e09011795541.php 第 28 行.
NOTIC: [8] Undefined index:  uid D:\Easy2PHP5 build 2\WebSite\data\logs\Cache\Home\9f72c086e7fd28394605e09011795541.php 第 28 行.
INFO: Run ParseTemplate Behavior [ RunTime:-0.005894s ]
INFO: [ view_parse ] --END-- [ RunTime:0.048312s ]
INFO: [ view_filter ] --START--
INFO: Run ContentReplace Behavior [ RunTime:-0.054263s ]
INFO: Run TokenBuild Behavior [ RunTime:-0.055060s ]
INFO: Run WriteHtmlCache Behavior [ RunTime:-0.056077s ]
INFO: Run ShowRuntime Behavior [ RunTime:-0.056586s ]
INFO: [ view_filter ] --END-- [ RunTime:0.003082s ]
INFO: [ view_end ] --START--
INFO: Run ShowPageTrace Behavior [ RunTime:-0.057438s ]
INFO: [ view_end ] --END-- [ RunTime:0.000863s ]

[ 2014-03-13T12:40:06+08:00 ] 218.6.198.251 /
INFO: [ app_begin ] --START--
INFO: Run ReadHtmlCache Behavior [ RunTime:0.000876s ]
INFO: [ app_begin ] --END-- [ RunTime:0.000977s ]
INFO: [ view_template ] --START--
INFO: Run LocationTemplate Behavior [ RunTime:-0.004740s ]
INFO: [ view_template ] --END-- [ RunTime:0.000907s ]
INFO: [ view_parse ] --START--
NOTIC: [8] Use of undefined constant uid - assumed 'uid' D:\Easy2PHP5 build 2\WebSite\data\logs\Cache\Home\377f56f2e5ecfd9a39dba2c0f96d64d6.php 第 29 行.
NOTIC: [8] Undefined index:  uid D:\Easy2PHP5 build 2\WebSite\data\logs\Cache\Home\377f56f2e5ecfd9a39dba2c0f96d64d6.php 第 29 行.
INFO: Run ParseTemplate Behavior [ RunTime:-0.005950s ]
INFO: [ view_parse ] --END-- [ RunTime:0.032087s ]
INFO: [ view_filter ] --START--
INFO: Run ContentReplace Behavior [ RunTime:-0.038095s ]
INFO: Run TokenBuild Behavior [ RunTime:-0.038769s ]
INFO: Run WriteHtmlCache Behavior [ RunTime:-0.039758s ]
INFO: Run ShowRuntime Behavior [ RunTime:-0.040462s ]
INFO: [ view_filter ] --END-- [ RunTime:0.003367s ]
INFO: [ view_end ] --START--
INFO: Run ShowPageTrace Behavior [ RunTime:-0.041554s ]
INFO: [ view_end ] --END-- [ RunTime:0.000894s ]

[ 2014-03-13T14:58:17+08:00 ] 54.241.115.34 /
INFO: [ app_begin ] --START--
INFO: Run ReadHtmlCache Behavior [ RunTime:0.000780s ]
INFO: [ app_begin ] --END-- [ RunTime:0.000877s ]
NOTIC: [8] Undefined index:  HTTP_HOST D:\Easy2PHP5 build 2\WebSite\Core\_Core\Lib\Core\Action.class.php 第 344 行.
NOTIC: [8] Undefined index:  1 D:\Easy2PHP5 build 2\WebSite\Core\_Core\Lib\Core\Action.class.php 第 57 行.
NOTIC: [8] Undefined index:  HTTP_HOST D:\Easy2PHP5 build 2\WebSite\Core\_Core\Common\common.php 第 261 行.
NOTIC: [8] Undefined index:  1 D:\Easy2PHP5 build 2\WebSite\Core\_Core\Lib\Core\View.class.php 第 70 行.
INFO: [ view_template ] --START--
INFO: Run LocationTemplate Behavior [ RunTime:-0.004802s ]
INFO: [ view_template ] --END-- [ RunTime:0.000884s ]
INFO: [ view_parse ] --START--
NOTIC: [8] Use of undefined constant uid - assumed 'uid' D:\Easy2PHP5 build 2\WebSite\data\logs\Cache\Home\377f56f2e5ecfd9a39dba2c0f96d64d6.php 第 29 行.
NOTIC: [8] Undefined index:  uid D:\Easy2PHP5 build 2\WebSite\data\logs\Cache\Home\377f56f2e5ecfd9a39dba2c0f96d64d6.php 第 29 行.
INFO: Run ParseTemplate Behavior [ RunTime:-0.005749s ]
INFO: [ view_parse ] --END-- [ RunTime:0.029470s ]
INFO: [ view_filter ] --START--
INFO: Run ContentReplace Behavior [ RunTime:-0.035273s ]
INFO: Run TokenBuild Behavior [ RunTime:-0.035988s ]
INFO: Run WriteHtmlCache Behavior [ RunTime:-0.036882s ]
INFO: Run ShowRuntime Behavior [ RunTime:-0.037395s ]
INFO: [ view_filter ] --END-- [ RunTime:0.002929s ]
INFO: [ view_end ] --START--
INFO: Run ShowPageTrace Behavior [ RunTime:-0.038279s ]
INFO: [ view_end ] --END-- [ RunTime:0.000873s ]

[ 2014-03-13T19:19:25+08:00 ] 119.145.8.98 /
INFO: [ app_begin ] --START--
INFO: Run ReadHtmlCache Behavior [ RunTime:0.000850s ]
INFO: [ app_begin ] --END-- [ RunTime:0.000954s ]
INFO: [ view_template ] --START--
INFO: Run LocationTemplate Behavior [ RunTime:-0.005311s ]
INFO: [ view_template ] --END-- [ RunTime:0.000908s ]
INFO: [ view_parse ] --START--
NOTIC: [8] Use of undefined constant uid - assumed 'uid' D:\Easy2PHP5 build 2\WebSite\data\logs\Cache\Home\377f56f2e5ecfd9a39dba2c0f96d64d6.php 第 29 行.
NOTIC: [8] Undefined index:  uid D:\Easy2PHP5 build 2\WebSite\data\logs\Cache\Home\377f56f2e5ecfd9a39dba2c0f96d64d6.php 第 29 行.
INFO: Run ParseTemplate Behavior [ RunTime:-0.006276s ]
INFO: [ view_parse ] --END-- [ RunTime:0.024582s ]
INFO: [ view_filter ] --START--
INFO: Run ContentReplace Behavior [ RunTime:-0.030912s ]
INFO: Run TokenBuild Behavior [ RunTime:-0.031567s ]
INFO: Run WriteHtmlCache Behavior [ RunTime:-0.032525s ]
INFO: Run ShowRuntime Behavior [ RunTime:-0.033034s ]
INFO: [ view_filter ] --END-- [ RunTime:0.002863s ]
INFO: [ view_end ] --START--
INFO: Run ShowPageTrace Behavior [ RunTime:-0.033853s ]
INFO: [ view_end ] --END-- [ RunTime:0.000864s ]

[ 2014-03-13T19:19:36+08:00 ] 119.145.8.98 /
INFO: [ app_begin ] --START--
INFO: Run ReadHtmlCache Behavior [ RunTime:0.000793s ]
INFO: [ app_begin ] --END-- [ RunTime:0.000890s ]
INFO: [ view_template ] --START--
INFO: Run LocationTemplate Behavior [ RunTime:-0.004358s ]
INFO: [ view_template ] --END-- [ RunTime:0.000888s ]
INFO: [ view_parse ] --START--
NOTIC: [8] Use of undefined constant uid - assumed 'uid' D:\Easy2PHP5 build 2\WebSite\data\logs\Cache\Home\377f56f2e5ecfd9a39dba2c0f96d64d6.php 第 29 行.
NOTIC: [8] Undefined index:  uid D:\Easy2PHP5 build 2\WebSite\data\logs\Cache\Home\377f56f2e5ecfd9a39dba2c0f96d64d6.php 第 29 行.
INFO: Run ParseTemplate Behavior [ RunTime:-0.005302s ]
INFO: [ view_parse ] --END-- [ RunTime:0.024643s ]
INFO: [ view_filter ] --START--
INFO: Run ContentReplace Behavior [ RunTime:-0.030008s ]
INFO: Run TokenBuild Behavior [ RunTime:-0.030663s ]
INFO: Run WriteHtmlCache Behavior [ RunTime:-0.031435s ]
INFO: Run ShowRuntime Behavior [ RunTime:-0.031962s ]
INFO: [ view_filter ] --END-- [ RunTime:0.002706s ]
INFO: [ view_end ] --START--
INFO: Run ShowPageTrace Behavior [ RunTime:-0.032792s ]
INFO: [ view_end ] --END-- [ RunTime:0.000895s ]

[ 2014-03-13T19:22:29+08:00 ] 220.181.132.217 /
INFO: [ app_begin ] --START--
INFO: Run ReadHtmlCache Behavior [ RunTime:0.000895s ]
INFO: [ app_begin ] --END-- [ RunTime:0.000996s ]
INFO: [ view_template ] --START--
INFO: Run LocationTemplate Behavior [ RunTime:-0.005636s ]
INFO: [ view_template ] --END-- [ RunTime:0.000957s ]
INFO: [ view_parse ] --START--
NOTIC: [8] Use of undefined constant uid - assumed 'uid' D:\Easy2PHP5 build 2\WebSite\data\logs\Cache\Home\377f56f2e5ecfd9a39dba2c0f96d64d6.php 第 29 行.
NOTIC: [8] Undefined index:  uid D:\Easy2PHP5 build 2\WebSite\data\logs\Cache\Home\377f56f2e5ecfd9a39dba2c0f96d64d6.php 第 29 行.
INFO: Run ParseTemplate Behavior [ RunTime:-0.006646s ]
INFO: [ view_parse ] --END-- [ RunTime:0.030782s ]
INFO: [ view_filter ] --START--
INFO: Run ContentReplace Behavior [ RunTime:-0.037489s ]
INFO: Run TokenBuild Behavior [ RunTime:-0.038150s ]
INFO: Run WriteHtmlCache Behavior [ RunTime:-0.039004s ]
INFO: Run ShowRuntime Behavior [ RunTime:-0.039533s ]
INFO: [ view_filter ] --END-- [ RunTime:0.002775s ]
INFO: [ view_end ] --START--
INFO: Run ShowPageTrace Behavior [ RunTime:-0.040347s ]
INFO: [ view_end ] --END-- [ RunTime:0.000868s ]

[ 2014-03-13T19:25:12+08:00 ] 101.199.112.52 /
INFO: [ app_begin ] --START--
INFO: Run ReadHtmlCache Behavior [ RunTime:0.000950s ]
INFO: [ app_begin ] --END-- [ RunTime:0.001053s ]
INFO: [ view_template ] --START--
INFO: Run LocationTemplate Behavior [ RunTime:-0.005220s ]
INFO: [ view_template ] --END-- [ RunTime:0.001012s ]
INFO: [ view_parse ] --START--
NOTIC: [8] Use of undefined constant uid - assumed 'uid' D:\Easy2PHP5 build 2\WebSite\data\logs\Cache\Home\377f56f2e5ecfd9a39dba2c0f96d64d6.php 第 29 行.
NOTIC: [8] Undefined index:  uid D:\Easy2PHP5 build 2\WebSite\data\logs\Cache\Home\377f56f2e5ecfd9a39dba2c0f96d64d6.php 第 29 行.
INFO: Run ParseTemplate Behavior [ RunTime:-0.006295s ]
INFO: [ view_parse ] --END-- [ RunTime:0.027282s ]
INFO: [ view_filter ] --START--
INFO: Run ContentReplace Behavior [ RunTime:-0.033644s ]
INFO: Run TokenBuild Behavior [ RunTime:-0.034342s ]
INFO: Run WriteHtmlCache Behavior [ RunTime:-0.035272s ]
INFO: Run ShowRuntime Behavior [ RunTime:-0.036158s ]
INFO: [ view_filter ] --END-- [ RunTime:0.003363s ]
INFO: [ view_end ] --START--
INFO: Run ShowPageTrace Behavior [ RunTime:-0.037109s ]
INFO: [ view_end ] --END-- [ RunTime:0.000900s ]

[ 2014-03-13T19:51:18+08:00 ] 183.60.48.110 /
INFO: [ app_begin ] --START--
INFO: Run ReadHtmlCache Behavior [ RunTime:0.000782s ]
INFO: [ app_begin ] --END-- [ RunTime:0.000880s ]
INFO: [ view_template ] --START--
INFO: Run LocationTemplate Behavior [ RunTime:-0.004774s ]
INFO: [ view_template ] --END-- [ RunTime:0.000896s ]
INFO: [ view_parse ] --START--
NOTIC: [8] Use of undefined constant uid - assumed 'uid' D:\Easy2PHP5 build 2\WebSite\data\logs\Cache\Home\377f56f2e5ecfd9a39dba2c0f96d64d6.php 第 29 行.
NOTIC: [8] Undefined index:  uid D:\Easy2PHP5 build 2\WebSite\data\logs\Cache\Home\377f56f2e5ecfd9a39dba2c0f96d64d6.php 第 29 行.
INFO: Run ParseTemplate Behavior [ RunTime:-0.005732s ]
INFO: [ view_parse ] --END-- [ RunTime:0.024402s ]
INFO: [ view_filter ] --START--
INFO: Run ContentReplace Behavior [ RunTime:-0.030188s ]
INFO: Run TokenBuild Behavior [ RunTime:-0.030834s ]
INFO: Run WriteHtmlCache Behavior [ RunTime:-0.031577s ]
INFO: Run ShowRuntime Behavior [ RunTime:-0.032089s ]
INFO: [ view_filter ] --END-- [ RunTime:0.002653s ]
INFO: [ view_end ] --START--
INFO: Run ShowPageTrace Behavior [ RunTime:-0.032919s ]
INFO: [ view_end ] --END-- [ RunTime:0.000861s ]

[ 2014-03-13T23:14:45+08:00 ] 118.103.224.101 /
INFO: [ app_begin ] --START--
INFO: Run ReadHtmlCache Behavior [ RunTime:0.000783s ]
INFO: [ app_begin ] --END-- [ RunTime:0.000880s ]
INFO: [ view_template ] --START--
INFO: Run LocationTemplate Behavior [ RunTime:-0.005020s ]
INFO: [ view_template ] --END-- [ RunTime:0.000926s ]
INFO: [ view_parse ] --START--
NOTIC: [8] Use of undefined constant uid - assumed 'uid' D:\Easy2PHP5 build 2\WebSite\data\logs\Cache\Home\377f56f2e5ecfd9a39dba2c0f96d64d6.php 第 29 行.
NOTIC: [8] Undefined index:  uid D:\Easy2PHP5 build 2\WebSite\data\logs\Cache\Home\377f56f2e5ecfd9a39dba2c0f96d64d6.php 第 29 行.
INFO: Run ParseTemplate Behavior [ RunTime:-0.005985s ]
INFO: [ view_parse ] --END-- [ RunTime:0.024575s ]
INFO: [ view_filter ] --START--
INFO: Run ContentReplace Behavior [ RunTime:-0.030615s ]
INFO: Run TokenBuild Behavior [ RunTime:-0.031271s ]
INFO: Run WriteHtmlCache Behavior [ RunTime:-0.032015s ]
INFO: Run ShowRuntime Behavior [ RunTime:-0.032525s ]
INFO: [ view_filter ] --END-- [ RunTime:0.002653s ]
INFO: [ view_end ] --START--
INFO: Run ShowPageTrace Behavior [ RunTime:-0.033347s ]
INFO: [ view_end ] --END-- [ RunTime:0.000867s ]

